-- Using CATKIN_DEVEL_PREFIX: /home/husarion/catkin_dynamixel/devel/.private/dynamixel_sdk
-- Using CMAKE_PREFIX_PATH: /home/husarion/catkin_dynamixel/devel;/home/husarion/catkin_ws/devel;/opt/ros/melodic
-- This workspace overlays: /home/husarion/catkin_dynamixel/devel;/home/husarion/catkin_ws/devel;/opt/ros/melodic
-- Found PythonInterp: /usr/bin/python2 (found suitable version "2.7.17", minimum required is "2") 
-- Using PYTHON_EXECUTABLE: /usr/bin/python2
-- Using Debian Python package layout
-- Using empy: /usr/bin/empy
-- Using CATKIN_ENABLE_TESTING: ON
-- Call enable_testing()
-- Using CATKIN_TEST_RESULTS_DIR: /home/husarion/catkin_dynamixel/build/dynamixel_sdk/test_results
-- Found gtest sources under '/usr/src/googletest': gtests will be built
-- Found gmock sources under '/usr/src/googletest': gmock will be built
-- Found PythonInterp: /usr/bin/python2 (found version "2.7.17") 
-- Using Python nosetests: /usr/bin/nosetests-2.7
-- catkin 0.7.26
-- BUILD_SHARED_LIBS is on
-- Configuring done
-- Generating done
-- Build files have been written to: /home/husarion/catkin_dynamixel/build/dynamixel_sdk
make[2]: Warning: File 'CMakeFiles/rosgraph_msgs_generate_messages_py.dir/build.make' has modification time 274 s in the future
make[2]: Warning: File 'CMakeFiles/std_msgs_generate_messages_cpp.dir/build.make' has modification time 274 s in the future
make[2]: Warning: File 'CMakeFiles/roscpp_generate_messages_eus.dir/build.make' has modification time 274 s in the future
make[2]: warning:  Clock skew detected.  Your build may be incomplete.
make[2]: warning:  Clock skew detected.  Your build may be incomplete.
make[2]: Warning: File 'CMakeFiles/rosgraph_msgs_generate_messages_py.dir/build.make' has modification time 274 s in the future
make[2]: Warning: File 'CMakeFiles/std_msgs_generate_messages_cpp.dir/build.make' has modification time 274 s in the future
make[2]: warning:  Clock skew detected.  Your build may be incomplete.
make[2]: warning:  Clock skew detected.  Your build may be incomplete.
make[2]: warning:  Clock skew detected.  Your build may be incomplete.
make[2]: Warning: File 'CMakeFiles/roscpp_generate_messages_eus.dir/build.make' has modification time 274 s in the future
make[2]: warning:  Clock skew detected.  Your build may be incomplete.
[  0%] Built target rosgraph_msgs_generate_messages_py
[  0%] Built target roscpp_generate_messages_eus
[  0%] Built target std_msgs_generate_messages_cpp
make[2]: Warning: File 'CMakeFiles/roscpp_generate_messages_cpp.dir/build.make' has modification time 274 s in the future
make[2]: warning:  Clock skew detected.  Your build may be incomplete.
make[2]: Warning: File 'CMakeFiles/roscpp_generate_messages_cpp.dir/build.make' has modification time 274 s in the future
make[2]: warning:  Clock skew detected.  Your build may be incomplete.
[  0%] Built target roscpp_generate_messages_cpp
make[2]: Warning: File 'CMakeFiles/roscpp_generate_messages_lisp.dir/build.make' has modification time 274 s in the future
make[2]: Warning: File 'CMakeFiles/std_msgs_generate_messages_eus.dir/build.make' has modification time 274 s in the future
make[2]: warning:  Clock skew detected.  Your build may be incomplete.
make[2]: Warning: File 'CMakeFiles/roscpp_generate_messages_lisp.dir/build.make' has modification time 274 s in the future
make[2]: warning:  Clock skew detected.  Your build may be incomplete.
make[2]: warning:  Clock skew detected.  Your build may be incomplete.
make[2]: Warning: File 'CMakeFiles/std_msgs_generate_messages_eus.dir/build.make' has modification time 274 s in the future
make[2]: warning:  Clock skew detected.  Your build may be incomplete.
[  0%] Built target roscpp_generate_messages_lisp
[  0%] Built target std_msgs_generate_messages_eus
make[2]: Warning: File 'CMakeFiles/rosgraph_msgs_generate_messages_nodejs.dir/build.make' has modification time 274 s in the future
make[2]: Warning: File 'CMakeFiles/std_msgs_generate_messages_lisp.dir/build.make' has modification time 274 s in the future
make[2]: Warning: File 'CMakeFiles/roscpp_generate_messages_nodejs.dir/build.make' has modification time 274 s in the future
make[2]: warning:  Clock skew detected.  Your build may be incomplete.
make[2]: Warning: File 'CMakeFiles/rosgraph_msgs_generate_messages_nodejs.dir/build.make' has modification time 274 s in the future
make[2]: warning:  Clock skew detected.  Your build may be incomplete.
make[2]: warning:  Clock skew detected.  Your build may be incomplete.
make[2]: Warning: File 'CMakeFiles/std_msgs_generate_messages_lisp.dir/build.make' has modification time 274 s in the future
make[2]: warning:  Clock skew detected.  Your build may be incomplete.
make[2]: warning:  Clock skew detected.  Your build may be incomplete.
make[2]: Warning: File 'CMakeFiles/roscpp_generate_messages_nodejs.dir/build.make' has modification time 274 s in the future
make[2]: warning:  Clock skew detected.  Your build may be incomplete.
[  0%] Built target rosgraph_msgs_generate_messages_nodejs
[  0%] Built target std_msgs_generate_messages_lisp
[  0%] Built target roscpp_generate_messages_nodejs
make[2]: Warning: File 'CMakeFiles/roscpp_generate_messages_py.dir/build.make' has modification time 274 s in the future
make[2]: warning:  Clock skew detected.  Your build may be incomplete.
make[2]: Warning: File 'CMakeFiles/roscpp_generate_messages_py.dir/build.make' has modification time 274 s in the future
make[2]: warning:  Clock skew detected.  Your build may be incomplete.
make[2]: Warning: File 'CMakeFiles/rosgraph_msgs_generate_messages_cpp.dir/build.make' has modification time 274 s in the future
make[2]: Warning: File 'CMakeFiles/rosgraph_msgs_generate_messages_lisp.dir/build.make' has modification time 274 s in the future
[  0%] Built target roscpp_generate_messages_py
make[2]: warning:  Clock skew detected.  Your build may be incomplete.
make[2]: Warning: File 'CMakeFiles/rosgraph_msgs_generate_messages_cpp.dir/build.make' has modification time 274 s in the future
make[2]: warning:  Clock skew detected.  Your build may be incomplete.
make[2]: warning:  Clock skew detected.  Your build may be incomplete.
make[2]: Warning: File 'CMakeFiles/rosgraph_msgs_generate_messages_lisp.dir/build.make' has modification time 274 s in the future
make[2]: warning:  Clock skew detected.  Your build may be incomplete.
[  0%] Built target rosgraph_msgs_generate_messages_cpp
[  0%] Built target rosgraph_msgs_generate_messages_lisp
make[2]: Warning: File 'CMakeFiles/rosgraph_msgs_generate_messages_eus.dir/build.make' has modification time 274 s in the future
make[2]: Warning: File 'CMakeFiles/std_msgs_generate_messages_py.dir/build.make' has modification time 274 s in the future
make[2]: warning:  Clock skew detected.  Your build may be incomplete.
make[2]: Warning: File 'CMakeFiles/rosgraph_msgs_generate_messages_eus.dir/build.make' has modification time 274 s in the future
make[2]: warning:  Clock skew detected.  Your build may be incomplete.
make[2]: warning:  Clock skew detected.  Your build may be incomplete.
make[2]: Warning: File 'CMakeFiles/std_msgs_generate_messages_py.dir/build.make' has modification time 274 s in the future
make[2]: warning:  Clock skew detected.  Your build may be incomplete.
[  0%] Built target rosgraph_msgs_generate_messages_eus
[  0%] Built target std_msgs_generate_messages_py
make[2]: Warning: File 'CMakeFiles/std_msgs_generate_messages_nodejs.dir/build.make' has modification time 274 s in the future
make[2]: warning:  Clock skew detected.  Your build may be incomplete.
make[2]: Warning: File 'CMakeFiles/std_msgs_generate_messages_nodejs.dir/build.make' has modification time 274 s in the future
make[2]: warning:  Clock skew detected.  Your build may be incomplete.
[  0%] Built target std_msgs_generate_messages_nodejs
make[2]: Warning: File 'CMakeFiles/dynamixel_sdk.dir/flags.make' has modification time 274 s in the future
make[2]: warning:  Clock skew detected.  Your build may be incomplete.
make[2]: Warning: File 'CMakeFiles/dynamixel_sdk.dir/flags.make' has modification time 273 s in the future
[ 10%] [32m[1mLinking CXX shared library /home/husarion/catkin_dynamixel/devel/.private/dynamixel_sdk/lib/libdynamixel_sdk.so[0m
make[2]: warning:  Clock skew detected.  Your build may be incomplete.
[100%] Built target dynamixel_sdk
