make: Warning: File 'Makefile' has modification time 132740145 s in the future
make[1]: Warning: File 'CMakeFiles/Makefile2' has modification time 132740145 s in the future
make[2]: Warning: File 'CMakeFiles/std_msgs_generate_messages_nodejs.dir/progress.make' has modification time 132740145 s in the future
make[2]: warning:  Clock skew detected.  Your build may be incomplete.
make[2]: Warning: File 'CMakeFiles/std_msgs_generate_messages_nodejs.dir/progress.make' has modification time 132740145 s in the future
make[2]: warning:  Clock skew detected.  Your build may be incomplete.
make[2]: Warning: File 'CMakeFiles/_topic_tools_generate_messages_check_deps_MuxSelect.dir/progress.make' has modification time 132740145 s in the future
[  0%] Built target std_msgs_generate_messages_nodejs
make[2]: warning:  Clock skew detected.  Your build may be incomplete.
make[2]: Warning: File 'CMakeFiles/_topic_tools_generate_messages_check_deps_MuxSelect.dir/progress.make' has modification time 132740145 s in the future
make[2]: Warning: File 'CMakeFiles/_topic_tools_generate_messages_check_deps_MuxAdd.dir/progress.make' has modification time 132740145 s in the future
make[2]: warning:  Clock skew detected.  Your build may be incomplete.
make[2]: Warning: File 'CMakeFiles/_topic_tools_generate_messages_check_deps_MuxAdd.dir/progress.make' has modification time 132740145 s in the future
make[2]: warning:  Clock skew detected.  Your build may be incomplete.
[  0%] Built target _topic_tools_generate_messages_check_deps_MuxSelect
make[2]: Warning: File 'CMakeFiles/_topic_tools_generate_messages_check_deps_DemuxAdd.dir/progress.make' has modification time 132740145 s in the future
make[2]: Warning: File 'CMakeFiles/_topic_tools_generate_messages_check_deps_MuxList.dir/progress.make' has modification time 132740145 s in the future
make[2]: warning:  Clock skew detected.  Your build may be incomplete.
make[2]: warning:  Clock skew detected.  Your build may be incomplete.
make[2]: Warning: File 'CMakeFiles/_topic_tools_generate_messages_check_deps_DemuxAdd.dir/progress.make' has modification time 132740145 s in the future
make[2]: warning:  Clock skew detected.  Your build may be incomplete.
make[2]: Warning: File 'CMakeFiles/_topic_tools_generate_messages_check_deps_MuxList.dir/progress.make' has modification time 132740145 s in the future
[  0%] Built target _topic_tools_generate_messages_check_deps_MuxAdd
make[2]: warning:  Clock skew detected.  Your build may be incomplete.
make[2]: warning:  Clock skew detected.  Your build may be incomplete.
make[2]: Warning: File 'CMakeFiles/_topic_tools_generate_messages_check_deps_DemuxList.dir/progress.make' has modification time 132740144 s in the future
[  0%] Built target _topic_tools_generate_messages_check_deps_MuxList
[  0%] Built target _topic_tools_generate_messages_check_deps_DemuxAdd
make[2]: warning:  Clock skew detected.  Your build may be incomplete.
make[2]: Warning: File 'CMakeFiles/_topic_tools_generate_messages_check_deps_DemuxList.dir/progress.make' has modification time 132740144 s in the future
make[2]: warning:  Clock skew detected.  Your build may be incomplete.
[  0%] Built target _topic_tools_generate_messages_check_deps_DemuxList
make[2]: Warning: File 'CMakeFiles/_topic_tools_generate_messages_check_deps_DemuxSelect.dir/progress.make' has modification time 132740144 s in the future
make[2]: warning:  Clock skew detected.  Your build may be incomplete.
make[2]: Warning: File 'CMakeFiles/_topic_tools_generate_messages_check_deps_DemuxSelect.dir/progress.make' has modification time 132740144 s in the future
make[2]: warning:  Clock skew detected.  Your build may be incomplete.
[  0%] Built target _topic_tools_generate_messages_check_deps_DemuxSelect
make[2]: Warning: File 'CMakeFiles/_topic_tools_generate_messages_check_deps_MuxDelete.dir/progress.make' has modification time 132740144 s in the future
make[2]: warning:  Clock skew detected.  Your build may be incomplete.
make[2]: Warning: File 'CMakeFiles/_topic_tools_generate_messages_check_deps_MuxDelete.dir/progress.make' has modification time 132740144 s in the future
make[2]: Warning: File 'CMakeFiles/_topic_tools_generate_messages_check_deps_DemuxDelete.dir/progress.make' has modification time 132740144 s in the future
make[2]: warning:  Clock skew detected.  Your build may be incomplete.
make[2]: Warning: File 'CMakeFiles/_topic_tools_generate_messages_check_deps_DemuxDelete.dir/progress.make' has modification time 132740144 s in the future
make[2]: warning:  Clock skew detected.  Your build may be incomplete.
[  0%] Built target _topic_tools_generate_messages_check_deps_MuxDelete
make[2]: warning:  Clock skew detected.  Your build may be incomplete.
make[2]: Warning: File 'CMakeFiles/std_msgs_generate_messages_lisp.dir/progress.make' has modification time 132740143 s in the future
make[2]: warning:  Clock skew detected.  Your build may be incomplete.
[  0%] Built target _topic_tools_generate_messages_check_deps_DemuxDelete
make[2]: Warning: File 'CMakeFiles/std_msgs_generate_messages_lisp.dir/progress.make' has modification time 132740143 s in the future
make[2]: warning:  Clock skew detected.  Your build may be incomplete.
[  0%] Built target std_msgs_generate_messages_lisp
make[2]: Warning: File 'CMakeFiles/std_msgs_generate_messages_eus.dir/progress.make' has modification time 132740143 s in the future
make[2]: warning:  Clock skew detected.  Your build may be incomplete.
make[2]: Warning: File 'CMakeFiles/std_msgs_generate_messages_eus.dir/progress.make' has modification time 132740143 s in the future
make[2]: warning:  Clock skew detected.  Your build may be incomplete.
make[2]: Warning: File 'CMakeFiles/std_msgs_generate_messages_cpp.dir/progress.make' has modification time 132740143 s in the future
[  0%] Built target std_msgs_generate_messages_eus
make[2]: warning:  Clock skew detected.  Your build may be incomplete.
make[2]: Warning: File 'CMakeFiles/std_msgs_generate_messages_cpp.dir/progress.make' has modification time 132740143 s in the future
make[2]: warning:  Clock skew detected.  Your build may be incomplete.
make[2]: Warning: File 'CMakeFiles/std_msgs_generate_messages_py.dir/progress.make' has modification time 132740143 s in the future
[  0%] Built target std_msgs_generate_messages_cpp
make[2]: warning:  Clock skew detected.  Your build may be incomplete.
make[2]: Warning: File 'CMakeFiles/std_msgs_generate_messages_py.dir/progress.make' has modification time 132740143 s in the future
make[2]: warning:  Clock skew detected.  Your build may be incomplete.
[  0%] Built target std_msgs_generate_messages_py
make[2]: Warning: File 'CMakeFiles/topic_tools_generate_messages_nodejs.dir/progress.make' has modification time 132740143 s in the future
make[2]: warning:  Clock skew detected.  Your build may be incomplete.
make[2]: Warning: File 'CMakeFiles/topic_tools_generate_messages_nodejs.dir/progress.make' has modification time 132740143 s in the future
make[2]: warning:  Clock skew detected.  Your build may be incomplete.
make[2]: Warning: File 'CMakeFiles/topic_tools_generate_messages_lisp.dir/progress.make' has modification time 132740143 s in the future
[ 14%] Built target topic_tools_generate_messages_nodejs
make[2]: warning:  Clock skew detected.  Your build may be incomplete.
make[2]: Warning: File 'CMakeFiles/topic_tools_generate_messages_lisp.dir/progress.make' has modification time 132740143 s in the future
make[2]: warning:  Clock skew detected.  Your build may be incomplete.
[ 28%] Built target topic_tools_generate_messages_lisp
make[2]: Warning: File 'CMakeFiles/topic_tools_generate_messages_eus.dir/progress.make' has modification time 132740143 s in the future
make[2]: warning:  Clock skew detected.  Your build may be incomplete.
make[2]: Warning: File 'CMakeFiles/topic_tools_generate_messages_eus.dir/progress.make' has modification time 132740143 s in the future
make[2]: warning:  Clock skew detected.  Your build may be incomplete.
make[2]: Warning: File 'CMakeFiles/topic_tools_generate_messages_cpp.dir/progress.make' has modification time 132740143 s in the future
[ 43%] Built target topic_tools_generate_messages_eus
make[2]: warning:  Clock skew detected.  Your build may be incomplete.
make[2]: Warning: File 'CMakeFiles/topic_tools_generate_messages_cpp.dir/progress.make' has modification time 132740143 s in the future
make[2]: warning:  Clock skew detected.  Your build may be incomplete.
make[2]: Warning: File 'CMakeFiles/topic_tools_generate_messages_py.dir/progress.make' has modification time 132740142 s in the future
[ 57%] Built target topic_tools_generate_messages_cpp
make[2]: warning:  Clock skew detected.  Your build may be incomplete.
make[2]: Warning: File 'CMakeFiles/topic_tools_generate_messages_py.dir/progress.make' has modification time 132740142 s in the future
make[2]: warning:  Clock skew detected.  Your build may be incomplete.
[ 73%] Built target topic_tools_generate_messages_py
make[2]: Warning: File 'CMakeFiles/topic_tools.dir/flags.make' has modification time 132740142 s in the future
make[2]: Warning: File 'CMakeFiles/topic_tools_generate_messages.dir/progress.make' has modification time 132740142 s in the future
make[2]: warning:  Clock skew detected.  Your build may be incomplete.
make[2]: Warning: File 'CMakeFiles/topic_tools.dir/flags.make' has modification time 132740142 s in the future
make[2]: warning:  Clock skew detected.  Your build may be incomplete.
make[2]: warning:  Clock skew detected.  Your build may be incomplete.
[ 78%] Built target topic_tools
make[2]: Warning: File 'CMakeFiles/topic_tools_generate_messages.dir/progress.make' has modification time 132740142 s in the future
make[2]: warning:  Clock skew detected.  Your build may be incomplete.
make[2]: Warning: File 'CMakeFiles/drop.dir/flags.make' has modification time 132740142 s in the future
[ 78%] Built target topic_tools_generate_messages
make[2]: Warning: File 'CMakeFiles/demux.dir/flags.make' has modification time 132740142 s in the future
make[2]: warning:  Clock skew detected.  Your build may be incomplete.
make[2]: Warning: File 'CMakeFiles/drop.dir/flags.make' has modification time 132740142 s in the future
make[2]: warning:  Clock skew detected.  Your build may be incomplete.
make[2]: warning:  Clock skew detected.  Your build may be incomplete.
make[2]: Warning: File 'CMakeFiles/demux.dir/flags.make' has modification time 132740142 s in the future
make[2]: warning:  Clock skew detected.  Your build may be incomplete.
[ 82%] Built target drop
make[2]: Warning: File 'CMakeFiles/switch_mux.dir/flags.make' has modification time 132740142 s in the future
[ 85%] Built target demux
make[2]: Warning: File 'CMakeFiles/mux.dir/flags.make' has modification time 132740142 s in the future
make[2]: warning:  Clock skew detected.  Your build may be incomplete.
make[2]: Warning: File 'CMakeFiles/mux.dir/flags.make' has modification time 132740142 s in the future
make[2]: warning:  Clock skew detected.  Your build may be incomplete.
make[2]: Warning: File 'CMakeFiles/switch_mux.dir/flags.make' has modification time 132740141 s in the future
make[2]: warning:  Clock skew detected.  Your build may be incomplete.
make[2]: warning:  Clock skew detected.  Your build may be incomplete.
[ 89%] Built target switch_mux
[ 92%] Built target mux
make[2]: Warning: File 'CMakeFiles/relay.dir/flags.make' has modification time 132740142 s in the future
make[2]: Warning: File 'CMakeFiles/throttle.dir/flags.make' has modification time 132740142 s in the future
make[2]: warning:  Clock skew detected.  Your build may be incomplete.
make[2]: warning:  Clock skew detected.  Your build may be incomplete.
make[2]: Warning: File 'CMakeFiles/relay.dir/flags.make' has modification time 132740141 s in the future
make[2]: Warning: File 'CMakeFiles/throttle.dir/flags.make' has modification time 132740141 s in the future
make[2]: warning:  Clock skew detected.  Your build may be incomplete.
make[2]: warning:  Clock skew detected.  Your build may be incomplete.
[ 96%] Built target throttle
[100%] Built target relay
make[1]: warning:  Clock skew detected.  Your build may be incomplete.
make: warning:  Clock skew detected.  Your build may be incomplete.
