Symlinking /home/husarion/catkin_ws/devel/lib/libroscpp.so
Symlinking /home/husarion/catkin_ws/devel/lib/pkgconfig/roscpp.pc
Symlinking /home/husarion/catkin_ws/devel/lib/python2.7/dist-packages/roscpp/__init__.py
Symlinking /home/husarion/catkin_ws/devel/lib/python2.7/dist-packages/roscpp/msg/_Logger.py
Symlinking /home/husarion/catkin_ws/devel/lib/python2.7/dist-packages/roscpp/msg/__init__.py
Symlinking /home/husarion/catkin_ws/devel/lib/python2.7/dist-packages/roscpp/srv/_SetLoggerLevel.py
Symlinking /home/husarion/catkin_ws/devel/lib/python2.7/dist-packages/roscpp/srv/_Empty.py
Symlinking /home/husarion/catkin_ws/devel/lib/python2.7/dist-packages/roscpp/srv/_GetLoggers.py
Symlinking /home/husarion/catkin_ws/devel/lib/python2.7/dist-packages/roscpp/srv/__init__.py
Symlinking /home/husarion/catkin_ws/devel/share/roscpp/cmake/roscpp-msg-paths.cmake
Symlinking /home/husarion/catkin_ws/devel/share/roscpp/cmake/roscpp-msg-extras.cmake
Symlinking /home/husarion/catkin_ws/devel/share/roscpp/cmake/roscppConfig-version.cmake
Symlinking /home/husarion/catkin_ws/devel/share/roscpp/cmake/roscppConfig.cmake
Symlinking /home/husarion/catkin_ws/devel/share/gennodejs/ros/roscpp/_index.js
Symlinking /home/husarion/catkin_ws/devel/share/gennodejs/ros/roscpp/msg/Logger.js
Symlinking /home/husarion/catkin_ws/devel/share/gennodejs/ros/roscpp/msg/_index.js
Symlinking /home/husarion/catkin_ws/devel/share/gennodejs/ros/roscpp/srv/SetLoggerLevel.js
Symlinking /home/husarion/catkin_ws/devel/share/gennodejs/ros/roscpp/srv/GetLoggers.js
Symlinking /home/husarion/catkin_ws/devel/share/gennodejs/ros/roscpp/srv/_index.js
Symlinking /home/husarion/catkin_ws/devel/share/gennodejs/ros/roscpp/srv/Empty.js
Symlinking /home/husarion/catkin_ws/devel/share/common-lisp/ros/roscpp/msg/_package_Logger.lisp
Symlinking /home/husarion/catkin_ws/devel/share/common-lisp/ros/roscpp/msg/roscpp-msg.asd
Symlinking /home/husarion/catkin_ws/devel/share/common-lisp/ros/roscpp/msg/_package.lisp
Symlinking /home/husarion/catkin_ws/devel/share/common-lisp/ros/roscpp/msg/Logger.lisp
Symlinking /home/husarion/catkin_ws/devel/share/common-lisp/ros/roscpp/srv/SetLoggerLevel.lisp
Symlinking /home/husarion/catkin_ws/devel/share/common-lisp/ros/roscpp/srv/roscpp-srv.asd
Symlinking /home/husarion/catkin_ws/devel/share/common-lisp/ros/roscpp/srv/_package_GetLoggers.lisp
Symlinking /home/husarion/catkin_ws/devel/share/common-lisp/ros/roscpp/srv/_package_SetLoggerLevel.lisp
Symlinking /home/husarion/catkin_ws/devel/share/common-lisp/ros/roscpp/srv/_package.lisp
Symlinking /home/husarion/catkin_ws/devel/share/common-lisp/ros/roscpp/srv/Empty.lisp
Symlinking /home/husarion/catkin_ws/devel/share/common-lisp/ros/roscpp/srv/GetLoggers.lisp
Symlinking /home/husarion/catkin_ws/devel/share/common-lisp/ros/roscpp/srv/_package_Empty.lisp
Symlinking /home/husarion/catkin_ws/devel/share/roseus/ros/roscpp/manifest.l
Symlinking /home/husarion/catkin_ws/devel/share/roseus/ros/roscpp/msg/Logger.l
Symlinking /home/husarion/catkin_ws/devel/share/roseus/ros/roscpp/srv/SetLoggerLevel.l
Symlinking /home/husarion/catkin_ws/devel/share/roseus/ros/roscpp/srv/GetLoggers.l
Symlinking /home/husarion/catkin_ws/devel/share/roseus/ros/roscpp/srv/Empty.l
Symlinking /home/husarion/catkin_ws/devel/include/roscpp/EmptyRequest.h
Symlinking /home/husarion/catkin_ws/devel/include/roscpp/SetLoggerLevel.h
Symlinking /home/husarion/catkin_ws/devel/include/roscpp/EmptyResponse.h
Symlinking /home/husarion/catkin_ws/devel/include/roscpp/GetLoggers.h
Symlinking /home/husarion/catkin_ws/devel/include/roscpp/SetLoggerLevelRequest.h
Symlinking /home/husarion/catkin_ws/devel/include/roscpp/GetLoggersResponse.h
Symlinking /home/husarion/catkin_ws/devel/include/roscpp/GetLoggersRequest.h
Symlinking /home/husarion/catkin_ws/devel/include/roscpp/Empty.h
Symlinking /home/husarion/catkin_ws/devel/include/roscpp/SetLoggerLevelResponse.h
Symlinking /home/husarion/catkin_ws/devel/include/roscpp/Logger.h
Symlinking /home/husarion/catkin_ws/devel/include/ros/common.h
