Determining if the pthread_create exist failed with the following output:
Change Dir: /home/husarion/catkin_traj/build/catkin_tools_prebuild/CMakeFiles/CMakeTmp

Run Build Command:"/usr/bin/make" "cmTC_4277f/fast"
/usr/bin/make -f CMakeFiles/cmTC_4277f.dir/build.make CMakeFiles/cmTC_4277f.dir/build
make[1]: Entering directory '/home/husarion/catkin_traj/build/catkin_tools_prebuild/CMakeFiles/CMakeTmp'
Building C object CMakeFiles/cmTC_4277f.dir/CheckSymbolExists.c.o
/usr/bin/cc    -o CMakeFiles/cmTC_4277f.dir/CheckSymbolExists.c.o   -c /home/husarion/catkin_traj/build/catkin_tools_prebuild/CMakeFiles/CMakeTmp/CheckSymbolExists.c
Linking C executable cmTC_4277f
/usr/bin/cmake -E cmake_link_script CMakeFiles/cmTC_4277f.dir/link.txt --verbose=1
/usr/bin/cc      -rdynamic CMakeFiles/cmTC_4277f.dir/CheckSymbolExists.c.o  -o cmTC_4277f 
CMakeFiles/cmTC_4277f.dir/CheckSymbolExists.c.o: In function `main':
CheckSymbolExists.c:(.text+0x2c): undefined reference to `pthread_create'
collect2: error: ld returned 1 exit status
CMakeFiles/cmTC_4277f.dir/build.make:97: recipe for target 'cmTC_4277f' failed
make[1]: *** [cmTC_4277f] Error 1
make[1]: Leaving directory '/home/husarion/catkin_traj/build/catkin_tools_prebuild/CMakeFiles/CMakeTmp'
Makefile:126: recipe for target 'cmTC_4277f/fast' failed
make: *** [cmTC_4277f/fast] Error 2

File /home/husarion/catkin_traj/build/catkin_tools_prebuild/CMakeFiles/CMakeTmp/CheckSymbolExists.c:
/* */
#include <pthread.h>

int main(int argc, char** argv)
{
  (void)argv;
#ifndef pthread_create
  return ((int*)(&pthread_create))[argc];
#else
  (void)argc;
  return 0;
#endif
}

Determining if the function pthread_create exists in the pthreads failed with the following output:
Change Dir: /home/husarion/catkin_traj/build/catkin_tools_prebuild/CMakeFiles/CMakeTmp

Run Build Command:"/usr/bin/make" "cmTC_9b6cf/fast"
/usr/bin/make -f CMakeFiles/cmTC_9b6cf.dir/build.make CMakeFiles/cmTC_9b6cf.dir/build
make[1]: Entering directory '/home/husarion/catkin_traj/build/catkin_tools_prebuild/CMakeFiles/CMakeTmp'
Building C object CMakeFiles/cmTC_9b6cf.dir/CheckFunctionExists.c.o
/usr/bin/cc   -DCHECK_FUNCTION_EXISTS=pthread_create   -o CMakeFiles/cmTC_9b6cf.dir/CheckFunctionExists.c.o   -c /usr/share/cmake-3.10/Modules/CheckFunctionExists.c
Linking C executable cmTC_9b6cf
/usr/bin/cmake -E cmake_link_script CMakeFiles/cmTC_9b6cf.dir/link.txt --verbose=1
/usr/bin/cc  -DCHECK_FUNCTION_EXISTS=pthread_create    -rdynamic CMakeFiles/cmTC_9b6cf.dir/CheckFunctionExists.c.o  -o cmTC_9b6cf -lpthreads 
/usr/bin/ld: cannot find -lpthreads
collect2: error: ld returned 1 exit status
CMakeFiles/cmTC_9b6cf.dir/build.make:97: recipe for target 'cmTC_9b6cf' failed
make[1]: *** [cmTC_9b6cf] Error 1
make[1]: Leaving directory '/home/husarion/catkin_traj/build/catkin_tools_prebuild/CMakeFiles/CMakeTmp'
Makefile:126: recipe for target 'cmTC_9b6cf/fast' failed
make: *** [cmTC_9b6cf/fast] Error 2


