make: Warning: File 'Makefile' has modification time 132739344 s in the future
make[1]: Warning: File 'CMakeFiles/Makefile2' has modification time 132739344 s in the future
make[2]: Warning: File 'CMakeFiles/_tf2_msgs_generate_messages_check_deps_LookupTransformActionGoal.dir/progress.make' has modification time 132739344 s in the future
make[2]: warning:  Clock skew detected.  Your build may be incomplete.
make[2]: Warning: File 'CMakeFiles/_tf2_msgs_generate_messages_check_deps_LookupTransformActionGoal.dir/progress.make' has modification time 132739343 s in the future
make[2]: warning:  Clock skew detected.  Your build may be incomplete.
make[2]: Warning: File 'CMakeFiles/_tf2_msgs_generate_messages_check_deps_LookupTransformAction.dir/progress.make' has modification time 132739343 s in the future
[  0%] Built target _tf2_msgs_generate_messages_check_deps_LookupTransformActionGoal
make[2]: warning:  Clock skew detected.  Your build may be incomplete.
make[2]: Warning: File 'CMakeFiles/_tf2_msgs_generate_messages_check_deps_LookupTransformAction.dir/progress.make' has modification time 132739343 s in the future
make[2]: Warning: File 'CMakeFiles/actionlib_msgs_generate_messages_lisp.dir/progress.make' has modification time 132739343 s in the future
make[2]: Warning: File 'CMakeFiles/geometry_msgs_generate_messages_lisp.dir/progress.make' has modification time 132739343 s in the future
make[2]: warning:  Clock skew detected.  Your build may be incomplete.
make[2]: Warning: File 'CMakeFiles/actionlib_msgs_generate_messages_lisp.dir/progress.make' has modification time 132739343 s in the future
make[2]: warning:  Clock skew detected.  Your build may be incomplete.
make[2]: warning:  Clock skew detected.  Your build may be incomplete.
make[2]: warning:  Clock skew detected.  Your build may be incomplete.
make[2]: Warning: File 'CMakeFiles/geometry_msgs_generate_messages_lisp.dir/progress.make' has modification time 132739343 s in the future
make[2]: warning:  Clock skew detected.  Your build may be incomplete.
[  0%] Built target actionlib_msgs_generate_messages_lisp
[  0%] Built target _tf2_msgs_generate_messages_check_deps_LookupTransformAction
make[2]: Warning: File 'CMakeFiles/_tf2_msgs_generate_messages_check_deps_FrameGraph.dir/progress.make' has modification time 132739343 s in the future
[  0%] Built target geometry_msgs_generate_messages_lisp
make[2]: Warning: File 'CMakeFiles/_tf2_msgs_generate_messages_check_deps_LookupTransformActionFeedback.dir/progress.make' has modification time 132739343 s in the future
make[2]: Warning: File 'CMakeFiles/_tf2_msgs_generate_messages_check_deps_LookupTransformGoal.dir/progress.make' has modification time 132739343 s in the future
make[2]: warning:  Clock skew detected.  Your build may be incomplete.
make[2]: warning:  Clock skew detected.  Your build may be incomplete.
make[2]: Warning: File 'CMakeFiles/_tf2_msgs_generate_messages_check_deps_FrameGraph.dir/progress.make' has modification time 132739343 s in the future
make[2]: Warning: File 'CMakeFiles/_tf2_msgs_generate_messages_check_deps_LookupTransformActionFeedback.dir/progress.make' has modification time 132739343 s in the future
make[2]: warning:  Clock skew detected.  Your build may be incomplete.
make[2]: Warning: File 'CMakeFiles/_tf2_msgs_generate_messages_check_deps_LookupTransformGoal.dir/progress.make' has modification time 132739343 s in the future
make[2]: warning:  Clock skew detected.  Your build may be incomplete.
make[2]: warning:  Clock skew detected.  Your build may be incomplete.
make[2]: warning:  Clock skew detected.  Your build may be incomplete.
[  0%] Built target _tf2_msgs_generate_messages_check_deps_FrameGraph
[  0%] Built target _tf2_msgs_generate_messages_check_deps_LookupTransformActionFeedback
make[2]: Warning: File 'CMakeFiles/_tf2_msgs_generate_messages_check_deps_TFMessage.dir/progress.make' has modification time 132739343 s in the future
[  0%] Built target _tf2_msgs_generate_messages_check_deps_LookupTransformGoal
make[2]: warning:  Clock skew detected.  Your build may be incomplete.
make[2]: Warning: File 'CMakeFiles/_tf2_msgs_generate_messages_check_deps_TFMessage.dir/progress.make' has modification time 132739343 s in the future
make[2]: Warning: File 'CMakeFiles/_tf2_msgs_generate_messages_check_deps_LookupTransformResult.dir/progress.make' has modification time 132739343 s in the future
make[2]: Warning: File 'CMakeFiles/_tf2_msgs_generate_messages_check_deps_LookupTransformActionResult.dir/progress.make' has modification time 132739343 s in the future
make[2]: warning:  Clock skew detected.  Your build may be incomplete.
make[2]: Warning: File 'CMakeFiles/_tf2_msgs_generate_messages_check_deps_LookupTransformResult.dir/progress.make' has modification time 132739342 s in the future
make[2]: warning:  Clock skew detected.  Your build may be incomplete.
make[2]: Warning: File 'CMakeFiles/_tf2_msgs_generate_messages_check_deps_LookupTransformActionResult.dir/progress.make' has modification time 132739342 s in the future
make[2]: warning:  Clock skew detected.  Your build may be incomplete.
[  0%] Built target _tf2_msgs_generate_messages_check_deps_TFMessage
make[2]: warning:  Clock skew detected.  Your build may be incomplete.
make[2]: warning:  Clock skew detected.  Your build may be incomplete.
[  0%] Built target _tf2_msgs_generate_messages_check_deps_LookupTransformResult
make[2]: Warning: File 'CMakeFiles/_tf2_msgs_generate_messages_check_deps_TF2Error.dir/progress.make' has modification time 132739342 s in the future
[  0%] Built target _tf2_msgs_generate_messages_check_deps_LookupTransformActionResult
make[2]: Warning: File 'CMakeFiles/_tf2_msgs_generate_messages_check_deps_LookupTransformFeedback.dir/progress.make' has modification time 132739342 s in the future
make[2]: warning:  Clock skew detected.  Your build may be incomplete.
make[2]: Warning: File 'CMakeFiles/_tf2_msgs_generate_messages_check_deps_TF2Error.dir/progress.make' has modification time 132739342 s in the future
make[2]: warning:  Clock skew detected.  Your build may be incomplete.
make[2]: Warning: File 'CMakeFiles/_tf2_msgs_generate_messages_check_deps_LookupTransformFeedback.dir/progress.make' has modification time 132739342 s in the future
make[2]: Warning: File 'CMakeFiles/std_msgs_generate_messages_lisp.dir/progress.make' has modification time 132739342 s in the future
make[2]: warning:  Clock skew detected.  Your build may be incomplete.
make[2]: warning:  Clock skew detected.  Your build may be incomplete.
[  0%] Built target _tf2_msgs_generate_messages_check_deps_LookupTransformFeedback
[  0%] Built target _tf2_msgs_generate_messages_check_deps_TF2Error
make[2]: Warning: File 'CMakeFiles/geometry_msgs_generate_messages_nodejs.dir/progress.make' has modification time 132739342 s in the future
make[2]: warning:  Clock skew detected.  Your build may be incomplete.
make[2]: Warning: File 'CMakeFiles/std_msgs_generate_messages_lisp.dir/progress.make' has modification time 132739342 s in the future
make[2]: warning:  Clock skew detected.  Your build may be incomplete.
make[2]: Warning: File 'CMakeFiles/actionlib_msgs_generate_messages_nodejs.dir/progress.make' has modification time 132739342 s in the future
make[2]: warning:  Clock skew detected.  Your build may be incomplete.
[  0%] Built target std_msgs_generate_messages_lisp
make[2]: Warning: File 'CMakeFiles/geometry_msgs_generate_messages_nodejs.dir/progress.make' has modification time 132739342 s in the future
make[2]: warning:  Clock skew detected.  Your build may be incomplete.
make[2]: Warning: File 'CMakeFiles/std_msgs_generate_messages_nodejs.dir/progress.make' has modification time 132739342 s in the future
make[2]: warning:  Clock skew detected.  Your build may be incomplete.
make[2]: Warning: File 'CMakeFiles/actionlib_msgs_generate_messages_nodejs.dir/progress.make' has modification time 132739342 s in the future
make[2]: warning:  Clock skew detected.  Your build may be incomplete.
[  0%] Built target geometry_msgs_generate_messages_nodejs
make[2]: Warning: File 'CMakeFiles/geometry_msgs_generate_messages_eus.dir/progress.make' has modification time 132739342 s in the future
make[2]: warning:  Clock skew detected.  Your build may be incomplete.
[  0%] Built target actionlib_msgs_generate_messages_nodejs
make[2]: Warning: File 'CMakeFiles/std_msgs_generate_messages_nodejs.dir/progress.make' has modification time 132739342 s in the future
make[2]: warning:  Clock skew detected.  Your build may be incomplete.
make[2]: Warning: File 'CMakeFiles/actionlib_msgs_generate_messages_eus.dir/progress.make' has modification time 132739342 s in the future
[  0%] Built target std_msgs_generate_messages_nodejs
make[2]: warning:  Clock skew detected.  Your build may be incomplete.
make[2]: Warning: File 'CMakeFiles/geometry_msgs_generate_messages_eus.dir/progress.make' has modification time 132739342 s in the future
make[2]: warning:  Clock skew detected.  Your build may be incomplete.
make[2]: Warning: File 'CMakeFiles/std_msgs_generate_messages_eus.dir/progress.make' has modification time 132739342 s in the future
make[2]: warning:  Clock skew detected.  Your build may be incomplete.
make[2]: Warning: File 'CMakeFiles/actionlib_msgs_generate_messages_eus.dir/progress.make' has modification time 132739342 s in the future
make[2]: warning:  Clock skew detected.  Your build may be incomplete.
[  0%] Built target geometry_msgs_generate_messages_eus
make[2]: warning:  Clock skew detected.  Your build may be incomplete.
make[2]: Warning: File 'CMakeFiles/std_msgs_generate_messages_eus.dir/progress.make' has modification time 132739342 s in the future
make[2]: warning:  Clock skew detected.  Your build may be incomplete.
[  0%] Built target actionlib_msgs_generate_messages_eus
make[2]: Warning: File 'CMakeFiles/std_msgs_generate_messages_cpp.dir/progress.make' has modification time 132739342 s in the future
make[2]: Warning: File 'CMakeFiles/actionlib_msgs_generate_messages_cpp.dir/progress.make' has modification time 132739342 s in the future
[  0%] Built target std_msgs_generate_messages_eus
make[2]: Warning: File 'CMakeFiles/geometry_msgs_generate_messages_cpp.dir/progress.make' has modification time 132739342 s in the future
make[2]: warning:  Clock skew detected.  Your build may be incomplete.
make[2]: Warning: File 'CMakeFiles/std_msgs_generate_messages_cpp.dir/progress.make' has modification time 132739342 s in the future
make[2]: warning:  Clock skew detected.  Your build may be incomplete.
make[2]: warning:  Clock skew detected.  Your build may be incomplete.
make[2]: Warning: File 'CMakeFiles/actionlib_msgs_generate_messages_cpp.dir/progress.make' has modification time 132739342 s in the future
make[2]: warning:  Clock skew detected.  Your build may be incomplete.
make[2]: warning:  Clock skew detected.  Your build may be incomplete.
[  0%] Built target actionlib_msgs_generate_messages_cpp
make[2]: Warning: File 'CMakeFiles/geometry_msgs_generate_messages_cpp.dir/progress.make' has modification time 132739341 s in the future
make[2]: warning:  Clock skew detected.  Your build may be incomplete.
[  0%] Built target std_msgs_generate_messages_cpp
make[2]: Warning: File 'CMakeFiles/std_msgs_generate_messages_py.dir/progress.make' has modification time 132739341 s in the future
make[2]: Warning: File 'CMakeFiles/actionlib_msgs_generate_messages_py.dir/progress.make' has modification time 132739341 s in the future
[  0%] Built target geometry_msgs_generate_messages_cpp
make[2]: warning:  Clock skew detected.  Your build may be incomplete.
make[2]: warning:  Clock skew detected.  Your build may be incomplete.
make[2]: Warning: File 'CMakeFiles/actionlib_msgs_generate_messages_py.dir/progress.make' has modification time 132739341 s in the future
make[2]: warning:  Clock skew detected.  Your build may be incomplete.
make[2]: Warning: File 'CMakeFiles/std_msgs_generate_messages_py.dir/progress.make' has modification time 132739341 s in the future
make[2]: warning:  Clock skew detected.  Your build may be incomplete.
make[2]: Warning: File 'CMakeFiles/geometry_msgs_generate_messages_py.dir/progress.make' has modification time 132739341 s in the future
[  0%] Built target actionlib_msgs_generate_messages_py
[  0%] Built target std_msgs_generate_messages_py
make[2]: warning:  Clock skew detected.  Your build may be incomplete.
make[2]: Warning: File 'CMakeFiles/geometry_msgs_generate_messages_py.dir/progress.make' has modification time 132739341 s in the future
make[2]: warning:  Clock skew detected.  Your build may be incomplete.
make[2]: Warning: File 'CMakeFiles/tf2_msgs_generate_messages_lisp.dir/progress.make' has modification time 132739341 s in the future
make[2]: Warning: File 'CMakeFiles/tf2_msgs_generate_messages_nodejs.dir/progress.make' has modification time 132739341 s in the future
make[2]: Warning: File 'CMakeFiles/tf2_msgs_generate_messages_eus.dir/progress.make' has modification time 132739341 s in the future
[  0%] Built target geometry_msgs_generate_messages_py
make[2]: warning:  Clock skew detected.  Your build may be incomplete.
make[2]: warning:  Clock skew detected.  Your build may be incomplete.
make[2]: Warning: File 'CMakeFiles/tf2_msgs_generate_messages_nodejs.dir/progress.make' has modification time 132739341 s in the future
make[2]: Warning: File 'CMakeFiles/tf2_msgs_generate_messages_cpp.dir/progress.make' has modification time 132739341 s in the future
make[2]: Warning: File 'CMakeFiles/tf2_msgs_generate_messages_lisp.dir/progress.make' has modification time 132739341 s in the future
make[2]: warning:  Clock skew detected.  Your build may be incomplete.
make[2]: warning:  Clock skew detected.  Your build may be incomplete.
make[2]: warning:  Clock skew detected.  Your build may be incomplete.
make[2]: Warning: File 'CMakeFiles/tf2_msgs_generate_messages_eus.dir/progress.make' has modification time 132739341 s in the future
make[2]: warning:  Clock skew detected.  Your build may be incomplete.
make[2]: warning:  Clock skew detected.  Your build may be incomplete.
[ 20%] Built target tf2_msgs_generate_messages_nodejs
[ 37%] Built target tf2_msgs_generate_messages_lisp
make[2]: Warning: File 'CMakeFiles/tf2_msgs_generate_messages_cpp.dir/progress.make' has modification time 132739341 s in the future
make[2]: warning:  Clock skew detected.  Your build may be incomplete.
make[2]: Warning: File 'CMakeFiles/tf2_msgs_generate_messages_py.dir/progress.make' has modification time 132739341 s in the future
[ 58%] Built target tf2_msgs_generate_messages_eus
[ 77%] Built target tf2_msgs_generate_messages_cpp
make[2]: warning:  Clock skew detected.  Your build may be incomplete.
make[2]: Warning: File 'CMakeFiles/tf2_msgs_generate_messages_py.dir/progress.make' has modification time 132739341 s in the future
make[2]: warning:  Clock skew detected.  Your build may be incomplete.
[100%] Built target tf2_msgs_generate_messages_py
make[2]: Warning: File 'CMakeFiles/tf2_msgs_generate_messages.dir/progress.make' has modification time 132739341 s in the future
make[2]: warning:  Clock skew detected.  Your build may be incomplete.
make[2]: Warning: File 'CMakeFiles/tf2_msgs_generate_messages.dir/progress.make' has modification time 132739341 s in the future
make[2]: warning:  Clock skew detected.  Your build may be incomplete.
[100%] Built target tf2_msgs_generate_messages
make[1]: warning:  Clock skew detected.  Your build may be incomplete.
make: warning:  Clock skew detected.  Your build may be incomplete.
