In file included from [01m[K/home/husarion/catkin_ws/src/ros_comm/clients/roscpp/include/ros/ros.h:40:0[m[K,
                 from [01m[K/home/husarion/catkin_ws/src/mav_comm/mav_msgs/include/mav_msgs/conversions.h:32[m[K,
                 from [01m[K/home/husarion/catkin_ws/src/msg_check/include/msg_check/msg_check.h:4[m[K,
                 from [01m[K/home/husarion/catkin_ws/src/msg_check/src/library/msg_check.cpp:17[m[K:
[01m[K/home/husarion/catkin_ws/src/mav_comm/mav_msgs/include/mav_msgs/conversions.h:[m[K In function '[01m[Kvoid mav_msgs::eigenTrajectoryPointFromMsg(const MultiDOFJointTrajectoryPoint&, mav_msgs::EigenTrajectoryPoint*)[m[K':
[01m[K/opt/ros/melodic/include/ros/console.h:348:176:[m[K [01;35m[Kwarning: [m[Kformat '[01m[K%lu[m[K' expects argument of type '[01m[Klong unsigned int[m[K', but argument 8 has type '[01m[Kstd::vector<geometry_msgs::Transform_<std::allocator<void> >, std::allocator<geometry_msgs::Transform_<std::allocator<void> > > >::size_type {aka unsigned int}[m[K' [[01;35m[K-Wformat=[m[K]
     ::ros::console::print(filter, __rosconsole_define_location__loc.logger_, __rosconsole_define_location__loc.level_, __FILE__, __LINE__, __ROSCONSOLE_FUNCTION__, __VA_ARGS__[01;35m[K)[m[K
                                                                                                                                                                                [01;35m[K^[m[K
[01m[K/opt/ros/melodic/include/ros/console.h:351:5:[m[K [01;36m[Knote: [m[Kin expansion of macro '[01m[KROSCONSOLE_PRINT_AT_LOCATION_WITH_FILTER[m[K'
     [01;36m[KROSCONSOLE_PRINT_AT_LOCATION_WITH_FILTER[m[K(NULL, __VA_ARGS__)
     [01;36m[K^~~~~~~~~~~~~~~~~~~~~~~~~~~~~~~~~~~~~~~~[m[K
[01m[K/opt/ros/melodic/include/ros/console.h:387:7:[m[K [01;36m[Knote: [m[Kin expansion of macro '[01m[KROSCONSOLE_PRINT_AT_LOCATION[m[K'
       [01;36m[KROSCONSOLE_PRINT_AT_LOCATION[m[K(__VA_ARGS__); \
       [01;36m[K^~~~~~~~~~~~~~~~~~~~~~~~~~~~[m[K
[01m[K/opt/ros/melodic/include/ros/console.h:572:35:[m[K [01;36m[Knote: [m[Kin expansion of macro '[01m[KROS_LOG_COND[m[K'
 #define ROS_LOG(level, name, ...) [01;36m[KROS_LOG_COND[m[K(true, level, name, __VA_ARGS__)
                                   [01;36m[K^~~~~~~~~~~~[m[K
[01m[K/opt/ros/melodic/include/rosconsole/macros_generated.h:162:23:[m[K [01;36m[Knote: [m[Kin expansion of macro '[01m[KROS_LOG[m[K'
 #define ROS_WARN(...) [01;36m[KROS_LOG[m[K(::ros::console::levels::Warn, ROSCONSOLE_DEFAULT_NAME, __VA_ARGS__)
                       [01;36m[K^~~~~~~[m[K
[01m[K/home/husarion/catkin_ws/src/mav_comm/mav_msgs/include/mav_msgs/conversions.h:337:5:[m[K [01;36m[Knote: [m[Kin expansion of macro '[01m[KROS_WARN[m[K'
     [01;36m[KR[m[KOS_WARN(
     [01;36m[K^[m[K
In file included from [01m[K/home/husarion/catkin_ws/src/ros_comm/clients/roscpp/include/ros/ros.h:40:0[m[K,
                 from [01m[K/home/husarion/catkin_ws/src/msg_check/src/nodes/msg_check_node.cpp:1[m[K:
[01m[K/home/husarion/catkin_ws/src/mav_comm/mav_msgs/include/mav_msgs/conversions.h:[m[K In function '[01m[Kvoid mav_msgs::eigenTrajectoryPointFromMsg(const MultiDOFJointTrajectoryPoint&, mav_msgs::EigenTrajectoryPoint*)[m[K':
[01m[K/opt/ros/melodic/include/ros/console.h:348:176:[m[K [01;35m[Kwarning: [m[Kformat '[01m[K%lu[m[K' expects argument of type '[01m[Klong unsigned int[m[K', but argument 8 has type '[01m[Kstd::vector<geometry_msgs::Transform_<std::allocator<void> >, std::allocator<geometry_msgs::Transform_<std::allocator<void> > > >::size_type {aka unsigned int}[m[K' [[01;35m[K-Wformat=[m[K]
     ::ros::console::print(filter, __rosconsole_define_location__loc.logger_, __rosconsole_define_location__loc.level_, __FILE__, __LINE__, __ROSCONSOLE_FUNCTION__, __VA_ARGS__[01;35m[K)[m[K
                                                                                                                                                                                [01;35m[K^[m[K
[01m[K/opt/ros/melodic/include/ros/console.h:351:5:[m[K [01;36m[Knote: [m[Kin expansion of macro '[01m[KROSCONSOLE_PRINT_AT_LOCATION_WITH_FILTER[m[K'
     [01;36m[KROSCONSOLE_PRINT_AT_LOCATION_WITH_FILTER[m[K(NULL, __VA_ARGS__)
     [01;36m[K^~~~~~~~~~~~~~~~~~~~~~~~~~~~~~~~~~~~~~~~[m[K
[01m[K/opt/ros/melodic/include/ros/console.h:387:7:[m[K [01;36m[Knote: [m[Kin expansion of macro '[01m[KROSCONSOLE_PRINT_AT_LOCATION[m[K'
       [01;36m[KROSCONSOLE_PRINT_AT_LOCATION[m[K(__VA_ARGS__); \
       [01;36m[K^~~~~~~~~~~~~~~~~~~~~~~~~~~~[m[K
[01m[K/opt/ros/melodic/include/ros/console.h:572:35:[m[K [01;36m[Knote: [m[Kin expansion of macro '[01m[KROS_LOG_COND[m[K'
 #define ROS_LOG(level, name, ...) [01;36m[KROS_LOG_COND[m[K(true, level, name, __VA_ARGS__)
                                   [01;36m[K^~~~~~~~~~~~[m[K
[01m[K/opt/ros/melodic/include/rosconsole/macros_generated.h:162:23:[m[K [01;36m[Knote: [m[Kin expansion of macro '[01m[KROS_LOG[m[K'
 #define ROS_WARN(...) [01;36m[KROS_LOG[m[K(::ros::console::levels::Warn, ROSCONSOLE_DEFAULT_NAME, __VA_ARGS__)
                       [01;36m[K^~~~~~~[m[K
[01m[K/home/husarion/catkin_ws/src/mav_comm/mav_msgs/include/mav_msgs/conversions.h:337:5:[m[K [01;36m[Knote: [m[Kin expansion of macro '[01m[KROS_WARN[m[K'
     [01;36m[KR[m[KOS_WARN(
     [01;36m[K^[m[K
In file included from [01m[K/usr/include/boost/bind.hpp:22:0[m[K,
                 from [01m[K/home/husarion/catkin_ws/src/ros_comm/clients/roscpp/include/ros/publisher.h:35[m[K,
                 from [01m[K/home/husarion/catkin_ws/src/ros_comm/clients/roscpp/include/ros/node_handle.h:32[m[K,
                 from [01m[K/home/husarion/catkin_ws/src/ros_comm/clients/roscpp/include/ros/ros.h:45[m[K,
                 from [01m[K/home/husarion/catkin_ws/src/msg_check/src/nodes/msg_check_node.cpp:1[m[K:
[01m[K/usr/include/boost/bind/bind_cc.hpp:[m[K In function '[01m[Kboost::_bi::bind_t<R, R (*)(B1), typename boost::_bi::list_av_1<A1>::type> boost::bind(R (*)(B1), A1) [with R = ros::SerializedMessage; B1 = const msg_check::PlotDataMsg_<std::allocator<void> >&; A1 = boost::reference_wrapper<const msg_check::PlotDataMsg_<std::allocator<void> > >][m[K':
[01m[K/usr/include/boost/bind/bind_cc.hpp:26:5:[m[K [01;36m[Knote: [m[Kparameter passing for argument of type '[01m[Kboost::reference_wrapper<const msg_check::PlotDataMsg_<std::allocator<void> > >[m[K' changed in GCC 7.1
     [01;36m[KB[m[KOOST_BIND(BOOST_BIND_ST R (BOOST_BIND_CC *f) (B1), A1 a1)
     [01;36m[K^[m[K
In file included from [01m[K/usr/include/boost/bind/bind.hpp:2126:0[m[K,
                 from [01m[K/usr/include/boost/bind.hpp:22[m[K,
                 from [01m[K/home/husarion/catkin_ws/src/ros_comm/clients/roscpp/include/ros/publisher.h:35[m[K,
                 from [01m[K/home/husarion/catkin_ws/src/ros_comm/clients/roscpp/include/ros/node_handle.h:32[m[K,
                 from [01m[K/home/husarion/catkin_ws/src/ros_comm/clients/roscpp/include/ros/ros.h:45[m[K,
                 from [01m[K/home/husarion/catkin_ws/src/msg_check/src/nodes/msg_check_node.cpp:1[m[K:
[01m[K/usr/include/boost/bind/bind_cc.hpp:30:58:[m[K [01;36m[Knote: [m[Kparameter passing for argument of type '[01m[Kboost::reference_wrapper<const msg_check::PlotDataMsg_<std::allocator<void> > >[m[K' changed in GCC 7.1
     return _bi::bind_t<R, F, list_type> (f, list_type(a1)[01;36m[K)[m[K;
                                                          [01;36m[K^[m[K
In file included from [01m[K/usr/include/boost/bind.hpp:22:0[m[K,
                 from [01m[K/home/husarion/catkin_ws/src/ros_comm/clients/roscpp/include/ros/publisher.h:35[m[K,
                 from [01m[K/home/husarion/catkin_ws/src/ros_comm/clients/roscpp/include/ros/node_handle.h:32[m[K,
                 from [01m[K/home/husarion/catkin_ws/src/ros_comm/clients/roscpp/include/ros/ros.h:45[m[K,
                 from [01m[K/home/husarion/catkin_ws/src/msg_check/src/nodes/msg_check_node.cpp:1[m[K:
[01m[K/usr/include/boost/bind/bind.hpp:[m[K In constructor '[01m[Kboost::_bi::list1<A1>::list1(A1) [with A1 = boost::reference_wrapper<const msg_check::PlotDataMsg_<std::allocator<void> > >][m[K':
[01m[K/usr/include/boost/bind/bind.hpp:231:14:[m[K [01;36m[Knote: [m[Kparameter passing for argument of type '[01m[Kboost::reference_wrapper<const msg_check::PlotDataMsg_<std::allocator<void> > >[m[K' changed in GCC 7.1
     explicit [01;36m[Klist1[m[K( A1 a1 ): base_type( a1 ) {}
              [01;36m[K^~~~~[m[K
[01m[K/usr/include/boost/bind/bind.hpp:231:44:[m[K [01;36m[Knote: [m[Kparameter passing for argument of type '[01m[Kboost::reference_wrapper<const msg_check::PlotDataMsg_<std::allocator<void> > >[m[K' changed in GCC 7.1
     explicit list1( A1 a1 ): base_type( a1 [01;36m[K)[m[K {}
                                            [01;36m[K^[m[K
In file included from [01m[K/usr/include/boost/bind/bind.hpp:47:0[m[K,
                 from [01m[K/usr/include/boost/bind.hpp:22[m[K,
                 from [01m[K/home/husarion/catkin_ws/src/ros_comm/clients/roscpp/include/ros/publisher.h:35[m[K,
                 from [01m[K/home/husarion/catkin_ws/src/ros_comm/clients/roscpp/include/ros/node_handle.h:32[m[K,
                 from [01m[K/home/husarion/catkin_ws/src/ros_comm/clients/roscpp/include/ros/ros.h:45[m[K,
                 from [01m[K/home/husarion/catkin_ws/src/msg_check/src/nodes/msg_check_node.cpp:1[m[K:
[01m[K/usr/include/boost/bind/storage.hpp:[m[K In constructor '[01m[Kboost::_bi::storage1<A1>::storage1(A1) [with A1 = boost::reference_wrapper<const msg_check::PlotDataMsg_<std::allocator<void> > >][m[K':
[01m[K/usr/include/boost/bind/storage.hpp:42:14:[m[K [01;36m[Knote: [m[Kparameter passing for argument of type '[01m[Kboost::reference_wrapper<const msg_check::PlotDataMsg_<std::allocator<void> > >[m[K' changed in GCC 7.1
     explicit [01;36m[Kstorage1[m[K( A1 a1 ): a1_( a1 ) {}
              [01;36m[K^~~~~~~~[m[K
