Linked: (/home/husarion/catkin_ws/devel/.private/msg_check/lib/libmsg_check.so, /home/husarion/catkin_ws/devel/lib/libmsg_check.so)
Linked: (/home/husarion/catkin_ws/devel/.private/msg_check/lib/pkgconfig/msg_check.pc, /home/husarion/catkin_ws/devel/lib/pkgconfig/msg_check.pc)
Linked: (/home/husarion/catkin_ws/devel/.private/msg_check/lib/msg_check/msg_check_node, /home/husarion/catkin_ws/devel/lib/msg_check/msg_check_node)
Linked: (/home/husarion/catkin_ws/devel/.private/msg_check/lib/python2.7/dist-packages/msg_check/__init__.py, /home/husarion/catkin_ws/devel/lib/python2.7/dist-packages/msg_check/__init__.py)
Linked: (/home/husarion/catkin_ws/devel/.private/msg_check/lib/python2.7/dist-packages/msg_check/msg/_PlotDataMsg.py, /home/husarion/catkin_ws/devel/lib/python2.7/dist-packages/msg_check/msg/_PlotDataMsg.py)
Linked: (/home/husarion/catkin_ws/devel/.private/msg_check/lib/python2.7/dist-packages/msg_check/msg/_SwDataMsg.py, /home/husarion/catkin_ws/devel/lib/python2.7/dist-packages/msg_check/msg/_SwDataMsg.py)
Linked: (/home/husarion/catkin_ws/devel/.private/msg_check/lib/python2.7/dist-packages/msg_check/msg/__init__.py, /home/husarion/catkin_ws/devel/lib/python2.7/dist-packages/msg_check/msg/__init__.py)
Linked: (/home/husarion/catkin_ws/devel/.private/msg_check/share/gennodejs/ros/msg_check/_index.js, /home/husarion/catkin_ws/devel/share/gennodejs/ros/msg_check/_index.js)
Linked: (/home/husarion/catkin_ws/devel/.private/msg_check/share/gennodejs/ros/msg_check/msg/PlotDataMsg.js, /home/husarion/catkin_ws/devel/share/gennodejs/ros/msg_check/msg/PlotDataMsg.js)
Linked: (/home/husarion/catkin_ws/devel/.private/msg_check/share/gennodejs/ros/msg_check/msg/SwDataMsg.js, /home/husarion/catkin_ws/devel/share/gennodejs/ros/msg_check/msg/SwDataMsg.js)
Linked: (/home/husarion/catkin_ws/devel/.private/msg_check/share/gennodejs/ros/msg_check/msg/_index.js, /home/husarion/catkin_ws/devel/share/gennodejs/ros/msg_check/msg/_index.js)
Linked: (/home/husarion/catkin_ws/devel/.private/msg_check/share/common-lisp/ros/msg_check/msg/_package_SwDataMsg.lisp, /home/husarion/catkin_ws/devel/share/common-lisp/ros/msg_check/msg/_package_SwDataMsg.lisp)
Linked: (/home/husarion/catkin_ws/devel/.private/msg_check/share/common-lisp/ros/msg_check/msg/SwDataMsg.lisp, /home/husarion/catkin_ws/devel/share/common-lisp/ros/msg_check/msg/SwDataMsg.lisp)
Linked: (/home/husarion/catkin_ws/devel/.private/msg_check/share/common-lisp/ros/msg_check/msg/_package_PlotDataMsg.lisp, /home/husarion/catkin_ws/devel/share/common-lisp/ros/msg_check/msg/_package_PlotDataMsg.lisp)
Linked: (/home/husarion/catkin_ws/devel/.private/msg_check/share/common-lisp/ros/msg_check/msg/_package.lisp, /home/husarion/catkin_ws/devel/share/common-lisp/ros/msg_check/msg/_package.lisp)
Linked: (/home/husarion/catkin_ws/devel/.private/msg_check/share/common-lisp/ros/msg_check/msg/PlotDataMsg.lisp, /home/husarion/catkin_ws/devel/share/common-lisp/ros/msg_check/msg/PlotDataMsg.lisp)
Linked: (/home/husarion/catkin_ws/devel/.private/msg_check/share/common-lisp/ros/msg_check/msg/msg_check-msg.asd, /home/husarion/catkin_ws/devel/share/common-lisp/ros/msg_check/msg/msg_check-msg.asd)
Linked: (/home/husarion/catkin_ws/devel/.private/msg_check/share/roseus/ros/msg_check/manifest.l, /home/husarion/catkin_ws/devel/share/roseus/ros/msg_check/manifest.l)
Linked: (/home/husarion/catkin_ws/devel/.private/msg_check/share/roseus/ros/msg_check/msg/SwDataMsg.l, /home/husarion/catkin_ws/devel/share/roseus/ros/msg_check/msg/SwDataMsg.l)
Linked: (/home/husarion/catkin_ws/devel/.private/msg_check/share/roseus/ros/msg_check/msg/PlotDataMsg.l, /home/husarion/catkin_ws/devel/share/roseus/ros/msg_check/msg/PlotDataMsg.l)
Linked: (/home/husarion/catkin_ws/devel/.private/msg_check/share/msg_check/cmake/msg_check-msg-extras.cmake, /home/husarion/catkin_ws/devel/share/msg_check/cmake/msg_check-msg-extras.cmake)
Linked: (/home/husarion/catkin_ws/devel/.private/msg_check/share/msg_check/cmake/msg_checkConfig.cmake, /home/husarion/catkin_ws/devel/share/msg_check/cmake/msg_checkConfig.cmake)
Linked: (/home/husarion/catkin_ws/devel/.private/msg_check/share/msg_check/cmake/msg_check-msg-paths.cmake, /home/husarion/catkin_ws/devel/share/msg_check/cmake/msg_check-msg-paths.cmake)
Linked: (/home/husarion/catkin_ws/devel/.private/msg_check/share/msg_check/cmake/msg_checkConfig-version.cmake, /home/husarion/catkin_ws/devel/share/msg_check/cmake/msg_checkConfig-version.cmake)
Linked: (/home/husarion/catkin_ws/devel/.private/msg_check/include/msg_check/PlotDataMsg.h, /home/husarion/catkin_ws/devel/include/msg_check/PlotDataMsg.h)
Linked: (/home/husarion/catkin_ws/devel/.private/msg_check/include/msg_check/SwDataMsg.h, /home/husarion/catkin_ws/devel/include/msg_check/SwDataMsg.h)
