make: Warning: File 'Makefile' has modification time 132739808 s in the future
make[1]: Warning: File 'CMakeFiles/Makefile2' has modification time 132739808 s in the future
make[2]: Warning: File 'CMakeFiles/actionlib_msgs_generate_messages_py.dir/progress.make' has modification time 132739808 s in the future
make[2]: warning:  Clock skew detected.  Your build may be incomplete.
make[2]: Warning: File 'CMakeFiles/sensor_msgs_generate_messages_py.dir/progress.make' has modification time 132739807 s in the future
make[2]: Warning: File 'CMakeFiles/actionlib_msgs_generate_messages_py.dir/progress.make' has modification time 132739807 s in the future
make[2]: warning:  Clock skew detected.  Your build may be incomplete.
make[2]: Warning: File 'CMakeFiles/sensor_msgs_generate_messages_nodejs.dir/progress.make' has modification time 132739807 s in the future
make[2]: warning:  Clock skew detected.  Your build may be incomplete.
[  0%] Built target actionlib_msgs_generate_messages_py
make[2]: Warning: File 'CMakeFiles/sensor_msgs_generate_messages_py.dir/progress.make' has modification time 132739807 s in the future
make[2]: warning:  Clock skew detected.  Your build may be incomplete.
make[2]: warning:  Clock skew detected.  Your build may be incomplete.
make[2]: Warning: File 'CMakeFiles/sensor_msgs_generate_messages_nodejs.dir/progress.make' has modification time 132739807 s in the future
make[2]: warning:  Clock skew detected.  Your build may be incomplete.
[  0%] Built target sensor_msgs_generate_messages_py
make[2]: Warning: File 'CMakeFiles/sensor_msgs_generate_messages_lisp.dir/progress.make' has modification time 132739807 s in the future
[  0%] Built target sensor_msgs_generate_messages_nodejs
make[2]: Warning: File 'CMakeFiles/rosgraph_msgs_generate_messages_nodejs.dir/progress.make' has modification time 132739807 s in the future
make[2]: warning:  Clock skew detected.  Your build may be incomplete.
make[2]: warning:  Clock skew detected.  Your build may be incomplete.
make[2]: Warning: File 'CMakeFiles/rosgraph_msgs_generate_messages_nodejs.dir/progress.make' has modification time 132739807 s in the future
make[2]: Warning: File 'CMakeFiles/sensor_msgs_generate_messages_lisp.dir/progress.make' has modification time 132739807 s in the future
make[2]: warning:  Clock skew detected.  Your build may be incomplete.
make[2]: warning:  Clock skew detected.  Your build may be incomplete.
[  0%] Built target sensor_msgs_generate_messages_lisp
[  0%] Built target rosgraph_msgs_generate_messages_nodejs
make[2]: Warning: File 'CMakeFiles/rosgraph_msgs_generate_messages_lisp.dir/progress.make' has modification time 132739807 s in the future
make[2]: warning:  Clock skew detected.  Your build may be incomplete.
make[2]: Warning: File 'CMakeFiles/rosgraph_msgs_generate_messages_lisp.dir/progress.make' has modification time 132739807 s in the future
make[2]: warning:  Clock skew detected.  Your build may be incomplete.
make[2]: Warning: File 'CMakeFiles/rosgraph_msgs_generate_messages_eus.dir/progress.make' has modification time 132739807 s in the future
make[2]: Warning: File 'CMakeFiles/rosgraph_msgs_generate_messages_cpp.dir/progress.make' has modification time 132739807 s in the future
[  0%] Built target rosgraph_msgs_generate_messages_lisp
make[2]: Warning: File 'CMakeFiles/roscpp_generate_messages_py.dir/progress.make' has modification time 132739807 s in the future
make[2]: warning:  Clock skew detected.  Your build may be incomplete.
make[2]: Warning: File 'CMakeFiles/rosgraph_msgs_generate_messages_eus.dir/progress.make' has modification time 132739807 s in the future
make[2]: warning:  Clock skew detected.  Your build may be incomplete.
make[2]: warning:  Clock skew detected.  Your build may be incomplete.
make[2]: Warning: File 'CMakeFiles/rosgraph_msgs_generate_messages_cpp.dir/progress.make' has modification time 132739807 s in the future
make[2]: warning:  Clock skew detected.  Your build may be incomplete.
make[2]: warning:  Clock skew detected.  Your build may be incomplete.
[  0%] Built target rosgraph_msgs_generate_messages_eus
make[2]: Warning: File 'CMakeFiles/roscpp_generate_messages_py.dir/progress.make' has modification time 132739807 s in the future
make[2]: warning:  Clock skew detected.  Your build may be incomplete.
make[2]: Warning: File 'CMakeFiles/roscpp_generate_messages_nodejs.dir/progress.make' has modification time 132739807 s in the future
[  0%] Built target rosgraph_msgs_generate_messages_cpp
[  0%] Built target roscpp_generate_messages_py
make[2]: Warning: File 'CMakeFiles/roscpp_generate_messages_lisp.dir/progress.make' has modification time 132739807 s in the future
make[2]: Warning: File 'CMakeFiles/roscpp_generate_messages_eus.dir/progress.make' has modification time 132739807 s in the future
make[2]: warning:  Clock skew detected.  Your build may be incomplete.
make[2]: Warning: File 'CMakeFiles/roscpp_generate_messages_nodejs.dir/progress.make' has modification time 132739807 s in the future
make[2]: warning:  Clock skew detected.  Your build may be incomplete.
make[2]: warning:  Clock skew detected.  Your build may be incomplete.
make[2]: warning:  Clock skew detected.  Your build may be incomplete.
make[2]: Warning: File 'CMakeFiles/roscpp_generate_messages_eus.dir/progress.make' has modification time 132739807 s in the future
make[2]: warning:  Clock skew detected.  Your build may be incomplete.
make[2]: Warning: File 'CMakeFiles/roscpp_generate_messages_lisp.dir/progress.make' has modification time 132739807 s in the future
make[2]: warning:  Clock skew detected.  Your build may be incomplete.
[  0%] Built target roscpp_generate_messages_nodejs
make[2]: Warning: File 'CMakeFiles/mav_msgs_generate_messages_cpp.dir/progress.make' has modification time 132739807 s in the future
[  0%] Built target roscpp_generate_messages_eus
[  0%] Built target roscpp_generate_messages_lisp
make[2]: Warning: File 'CMakeFiles/std_msgs_generate_messages_nodejs.dir/progress.make' has modification time 132739807 s in the future
make[2]: Warning: File 'CMakeFiles/geometry_msgs_generate_messages_py.dir/progress.make' has modification time 132739807 s in the future
make[2]: warning:  Clock skew detected.  Your build may be incomplete.
make[2]: Warning: File 'CMakeFiles/mav_msgs_generate_messages_cpp.dir/progress.make' has modification time 132739807 s in the future
make[2]: warning:  Clock skew detected.  Your build may be incomplete.
make[2]: warning:  Clock skew detected.  Your build may be incomplete.
make[2]: Warning: File 'CMakeFiles/geometry_msgs_generate_messages_py.dir/progress.make' has modification time 132739807 s in the future
make[2]: warning:  Clock skew detected.  Your build may be incomplete.
make[2]: warning:  Clock skew detected.  Your build may be incomplete.
make[2]: Warning: File 'CMakeFiles/std_msgs_generate_messages_nodejs.dir/progress.make' has modification time 132739807 s in the future
make[2]: warning:  Clock skew detected.  Your build may be incomplete.
[  0%] Built target mav_msgs_generate_messages_cpp
[  0%] Built target geometry_msgs_generate_messages_py
[  0%] Built target std_msgs_generate_messages_nodejs
make[2]: Warning: File 'CMakeFiles/sensor_msgs_generate_messages_cpp.dir/progress.make' has modification time 132739807 s in the future
make[2]: Warning: File 'CMakeFiles/geometry_msgs_generate_messages_cpp.dir/progress.make' has modification time 132739807 s in the future
make[2]: warning:  Clock skew detected.  Your build may be incomplete.
make[2]: Warning: File 'CMakeFiles/sensor_msgs_generate_messages_cpp.dir/progress.make' has modification time 132739807 s in the future
make[2]: warning:  Clock skew detected.  Your build may be incomplete.
make[2]: warning:  Clock skew detected.  Your build may be incomplete.
make[2]: Warning: File 'CMakeFiles/geometry_msgs_generate_messages_cpp.dir/progress.make' has modification time 132739807 s in the future
make[2]: warning:  Clock skew detected.  Your build may be incomplete.
make[2]: Warning: File 'CMakeFiles/std_msgs_generate_messages_eus.dir/progress.make' has modification time 132739807 s in the future
[  0%] Built target sensor_msgs_generate_messages_cpp
[  0%] Built target geometry_msgs_generate_messages_cpp
make[2]: Warning: File 'CMakeFiles/std_msgs_generate_messages_lisp.dir/progress.make' has modification time 132739806 s in the future
make[2]: warning:  Clock skew detected.  Your build may be incomplete.
make[2]: Warning: File 'CMakeFiles/std_msgs_generate_messages_eus.dir/progress.make' has modification time 132739806 s in the future
make[2]: warning:  Clock skew detected.  Your build may be incomplete.
make[2]: warning:  Clock skew detected.  Your build may be incomplete.
make[2]: Warning: File 'CMakeFiles/std_msgs_generate_messages_lisp.dir/progress.make' has modification time 132739806 s in the future
make[2]: warning:  Clock skew detected.  Your build may be incomplete.
[  0%] Built target std_msgs_generate_messages_eus
[  0%] Built target std_msgs_generate_messages_lisp
make[2]: Warning: File 'CMakeFiles/std_msgs_generate_messages_cpp.dir/progress.make' has modification time 132739806 s in the future
make[2]: Warning: File 'CMakeFiles/geometry_msgs_generate_messages_nodejs.dir/progress.make' has modification time 132739806 s in the future
make[2]: Warning: File 'CMakeFiles/mav_msgs_generate_messages_nodejs.dir/progress.make' has modification time 132739806 s in the future
make[2]: warning:  Clock skew detected.  Your build may be incomplete.
make[2]: warning:  Clock skew detected.  Your build may be incomplete.
make[2]: Warning: File 'CMakeFiles/std_msgs_generate_messages_cpp.dir/progress.make' has modification time 132739806 s in the future
make[2]: warning:  Clock skew detected.  Your build may be incomplete.
make[2]: Warning: File 'CMakeFiles/geometry_msgs_generate_messages_nodejs.dir/progress.make' has modification time 132739806 s in the future
make[2]: warning:  Clock skew detected.  Your build may be incomplete.
make[2]: warning:  Clock skew detected.  Your build may be incomplete.
make[2]: Warning: File 'CMakeFiles/mav_msgs_generate_messages_nodejs.dir/progress.make' has modification time 132739806 s in the future
make[2]: warning:  Clock skew detected.  Your build may be incomplete.
[  0%] Built target std_msgs_generate_messages_cpp
[  0%] Built target geometry_msgs_generate_messages_nodejs
make[2]: Warning: File 'CMakeFiles/nav_msgs_generate_messages_lisp.dir/progress.make' has modification time 132739806 s in the future
make[2]: Warning: File 'CMakeFiles/mav_msgs_generate_messages_py.dir/progress.make' has modification time 132739806 s in the future
[  0%] Built target mav_msgs_generate_messages_nodejs
make[2]: Warning: File 'CMakeFiles/mav_msgs_generate_messages_eus.dir/progress.make' has modification time 132739806 s in the future
make[2]: warning:  Clock skew detected.  Your build may be incomplete.
make[2]: warning:  Clock skew detected.  Your build may be incomplete.
make[2]: Warning: File 'CMakeFiles/mav_msgs_generate_messages_py.dir/progress.make' has modification time 132739806 s in the future
make[2]: warning:  Clock skew detected.  Your build may be incomplete.
make[2]: Warning: File 'CMakeFiles/nav_msgs_generate_messages_lisp.dir/progress.make' has modification time 132739806 s in the future
make[2]: warning:  Clock skew detected.  Your build may be incomplete.
make[2]: warning:  Clock skew detected.  Your build may be incomplete.
make[2]: Warning: File 'CMakeFiles/mav_msgs_generate_messages_eus.dir/progress.make' has modification time 132739806 s in the future
[  0%] Built target nav_msgs_generate_messages_lisp
make[2]: warning:  Clock skew detected.  Your build may be incomplete.
[  0%] Built target mav_msgs_generate_messages_py
make[2]: Warning: File 'CMakeFiles/std_msgs_generate_messages_py.dir/progress.make' has modification time 132739806 s in the future
make[2]: Warning: File 'CMakeFiles/geometry_msgs_generate_messages_eus.dir/progress.make' has modification time 132739806 s in the future
[  0%] Built target mav_msgs_generate_messages_eus
make[2]: warning:  Clock skew detected.  Your build may be incomplete.
make[2]: warning:  Clock skew detected.  Your build may be incomplete.
make[2]: Warning: File 'CMakeFiles/std_msgs_generate_messages_py.dir/progress.make' has modification time 132739806 s in the future
make[2]: warning:  Clock skew detected.  Your build may be incomplete.
make[2]: Warning: File 'CMakeFiles/geometry_msgs_generate_messages_eus.dir/progress.make' has modification time 132739806 s in the future
make[2]: warning:  Clock skew detected.  Your build may be incomplete.
[  0%] Built target geometry_msgs_generate_messages_eus
make[2]: Warning: File 'CMakeFiles/trajectory_msgs_generate_messages_cpp.dir/progress.make' has modification time 132739806 s in the future
[  0%] Built target std_msgs_generate_messages_py
make[2]: Warning: File 'CMakeFiles/trajectory_msgs_generate_messages_eus.dir/progress.make' has modification time 132739806 s in the future
make[2]: warning:  Clock skew detected.  Your build may be incomplete.
make[2]: Warning: File 'CMakeFiles/trajectory_msgs_generate_messages_cpp.dir/progress.make' has modification time 132739806 s in the future
make[2]: warning:  Clock skew detected.  Your build may be incomplete.
make[2]: Warning: File 'CMakeFiles/trajectory_msgs_generate_messages_py.dir/progress.make' has modification time 132739806 s in the future
make[2]: warning:  Clock skew detected.  Your build may be incomplete.
make[2]: Warning: File 'CMakeFiles/trajectory_msgs_generate_messages_eus.dir/progress.make' has modification time 132739806 s in the future
make[2]: warning:  Clock skew detected.  Your build may be incomplete.
[  0%] Built target trajectory_msgs_generate_messages_cpp
make[2]: warning:  Clock skew detected.  Your build may be incomplete.
[  0%] Built target trajectory_msgs_generate_messages_eus
make[2]: Warning: File 'CMakeFiles/trajectory_msgs_generate_messages_py.dir/progress.make' has modification time 132739806 s in the future
make[2]: warning:  Clock skew detected.  Your build may be incomplete.
make[2]: Warning: File 'CMakeFiles/trajectory_msgs_generate_messages_lisp.dir/progress.make' has modification time 132739806 s in the future
make[2]: Warning: File 'CMakeFiles/actionlib_msgs_generate_messages_nodejs.dir/progress.make' has modification time 132739806 s in the future
make[2]: Warning: File 'CMakeFiles/trajectory_msgs_generate_messages_nodejs.dir/progress.make' has modification time 132739806 s in the future
[  0%] Built target trajectory_msgs_generate_messages_py
make[2]: warning:  Clock skew detected.  Your build may be incomplete.
make[2]: warning:  Clock skew detected.  Your build may be incomplete.
make[2]: Warning: File 'CMakeFiles/nav_msgs_generate_messages_eus.dir/progress.make' has modification time 132739806 s in the future
make[2]: Warning: File 'CMakeFiles/actionlib_msgs_generate_messages_nodejs.dir/progress.make' has modification time 132739806 s in the future
make[2]: Warning: File 'CMakeFiles/trajectory_msgs_generate_messages_lisp.dir/progress.make' has modification time 132739806 s in the future
make[2]: warning:  Clock skew detected.  Your build may be incomplete.
make[2]: warning:  Clock skew detected.  Your build may be incomplete.
make[2]: warning:  Clock skew detected.  Your build may be incomplete.
make[2]: Warning: File 'CMakeFiles/trajectory_msgs_generate_messages_nodejs.dir/progress.make' has modification time 132739806 s in the future
make[2]: warning:  Clock skew detected.  Your build may be incomplete.
[  0%] Built target actionlib_msgs_generate_messages_nodejs
make[2]: Warning: File 'CMakeFiles/rosgraph_msgs_generate_messages_py.dir/progress.make' has modification time 132739806 s in the future
make[2]: warning:  Clock skew detected.  Your build may be incomplete.
make[2]: Warning: File 'CMakeFiles/nav_msgs_generate_messages_eus.dir/progress.make' has modification time 132739806 s in the future
make[2]: warning:  Clock skew detected.  Your build may be incomplete.
[  0%] Built target trajectory_msgs_generate_messages_lisp
make[2]: Warning: File 'CMakeFiles/nav_msgs_generate_messages_nodejs.dir/progress.make' has modification time 132739806 s in the future
[  0%] Built target trajectory_msgs_generate_messages_nodejs
make[2]: Warning: File 'CMakeFiles/nav_msgs_generate_messages_cpp.dir/progress.make' has modification time 132739806 s in the future
[  0%] Built target nav_msgs_generate_messages_eus
make[2]: warning:  Clock skew detected.  Your build may be incomplete.
make[2]: Warning: File 'CMakeFiles/nav_msgs_generate_messages_py.dir/progress.make' has modification time 132739806 s in the future
make[2]: Warning: File 'CMakeFiles/rosgraph_msgs_generate_messages_py.dir/progress.make' has modification time 132739806 s in the future
make[2]: warning:  Clock skew detected.  Your build may be incomplete.
make[2]: warning:  Clock skew detected.  Your build may be incomplete.
make[2]: Warning: File 'CMakeFiles/nav_msgs_generate_messages_nodejs.dir/progress.make' has modification time 132739806 s in the future
make[2]: warning:  Clock skew detected.  Your build may be incomplete.
make[2]: warning:  Clock skew detected.  Your build may be incomplete.
make[2]: Warning: File 'CMakeFiles/nav_msgs_generate_messages_cpp.dir/progress.make' has modification time 132739805 s in the future
make[2]: warning:  Clock skew detected.  Your build may be incomplete.
[  0%] Built target rosgraph_msgs_generate_messages_py
[  0%] Built target nav_msgs_generate_messages_nodejs
make[2]: warning:  Clock skew detected.  Your build may be incomplete.
make[2]: Warning: File 'CMakeFiles/nav_msgs_generate_messages_py.dir/progress.make' has modification time 132739805 s in the future
make[2]: warning:  Clock skew detected.  Your build may be incomplete.
make[2]: Warning: File 'CMakeFiles/actionlib_msgs_generate_messages_lisp.dir/progress.make' has modification time 132739805 s in the future
make[2]: Warning: File 'CMakeFiles/mav_msgs_generate_messages_lisp.dir/progress.make' has modification time 132739805 s in the future
[  0%] Built target nav_msgs_generate_messages_cpp
make[2]: Warning: File 'CMakeFiles/roscpp_generate_messages_cpp.dir/progress.make' has modification time 132739805 s in the future
[  0%] Built target nav_msgs_generate_messages_py
make[2]: Warning: File 'CMakeFiles/sensor_msgs_generate_messages_eus.dir/progress.make' has modification time 132739805 s in the future
make[2]: warning:  Clock skew detected.  Your build may be incomplete.
make[2]: Warning: File 'CMakeFiles/mav_msgs_generate_messages_lisp.dir/progress.make' has modification time 132739805 s in the future
make[2]: warning:  Clock skew detected.  Your build may be incomplete.
make[2]: warning:  Clock skew detected.  Your build may be incomplete.
make[2]: Warning: File 'CMakeFiles/actionlib_msgs_generate_messages_lisp.dir/progress.make' has modification time 132739805 s in the future
make[2]: warning:  Clock skew detected.  Your build may be incomplete.
make[2]: warning:  Clock skew detected.  Your build may be incomplete.
make[2]: Warning: File 'CMakeFiles/sensor_msgs_generate_messages_eus.dir/progress.make' has modification time 132739805 s in the future
make[2]: warning:  Clock skew detected.  Your build may be incomplete.
make[2]: warning:  Clock skew detected.  Your build may be incomplete.
[  0%] Built target mav_msgs_generate_messages_lisp
make[2]: Warning: File 'CMakeFiles/roscpp_generate_messages_cpp.dir/progress.make' has modification time 132739805 s in the future
make[2]: warning:  Clock skew detected.  Your build may be incomplete.
make[2]: Warning: File 'CMakeFiles/actionlib_msgs_generate_messages_cpp.dir/progress.make' has modification time 132739805 s in the future
[  0%] Built target actionlib_msgs_generate_messages_lisp
make[2]: Warning: File 'CMakeFiles/actionlib_msgs_generate_messages_eus.dir/progress.make' has modification time 132739805 s in the future
[  0%] Built target sensor_msgs_generate_messages_eus
[  0%] Built target roscpp_generate_messages_cpp
make[2]: Warning: File 'CMakeFiles/geometry_msgs_generate_messages_lisp.dir/progress.make' has modification time 132739805 s in the future
make[2]: Warning: File 'CMakeFiles/_msg_check_generate_messages_check_deps_SwDataMsg.dir/progress.make' has modification time 132739805 s in the future
make[2]: warning:  Clock skew detected.  Your build may be incomplete.
make[2]: Warning: File 'CMakeFiles/actionlib_msgs_generate_messages_cpp.dir/progress.make' has modification time 132739805 s in the future
make[2]: warning:  Clock skew detected.  Your build may be incomplete.
make[2]: warning:  Clock skew detected.  Your build may be incomplete.
make[2]: Warning: File 'CMakeFiles/actionlib_msgs_generate_messages_eus.dir/progress.make' has modification time 132739805 s in the future
make[2]: warning:  Clock skew detected.  Your build may be incomplete.
[  0%] Built target actionlib_msgs_generate_messages_cpp
make[2]: warning:  Clock skew detected.  Your build may be incomplete.
make[2]: warning:  Clock skew detected.  Your build may be incomplete.
make[2]: Warning: File 'CMakeFiles/geometry_msgs_generate_messages_lisp.dir/progress.make' has modification time 132739805 s in the future
make[2]: warning:  Clock skew detected.  Your build may be incomplete.
make[2]: Warning: File 'CMakeFiles/_msg_check_generate_messages_check_deps_SwDataMsg.dir/progress.make' has modification time 132739805 s in the future
make[2]: Warning: File 'CMakeFiles/_msg_check_generate_messages_check_deps_PlotDataMsg.dir/progress.make' has modification time 132739805 s in the future
[  0%] Built target actionlib_msgs_generate_messages_eus
[  0%] Built target geometry_msgs_generate_messages_lisp
make[2]: warning:  Clock skew detected.  Your build may be incomplete.
make[2]: Warning: File 'CMakeFiles/_msg_check_generate_messages_check_deps_PlotDataMsg.dir/progress.make' has modification time 132739805 s in the future
make[2]: Warning: File 'CMakeFiles/msg_check.dir/flags.make' has modification time 132739805 s in the future
make[2]: warning:  Clock skew detected.  Your build may be incomplete.
make[2]: warning:  Clock skew detected.  Your build may be incomplete.
make[2]: Warning: File 'CMakeFiles/msg_check.dir/flags.make' has modification time 132739805 s in the future
make[2]: warning:  Clock skew detected.  Your build may be incomplete.
[  0%] Built target _msg_check_generate_messages_check_deps_SwDataMsg
make[2]: warning:  Clock skew detected.  Your build may be incomplete.
[  0%] Built target _msg_check_generate_messages_check_deps_PlotDataMsg
make[2]: Warning: File 'CMakeFiles/msg_check_generate_messages_nodejs.dir/progress.make' has modification time 132739805 s in the future
make[2]: Warning: File 'CMakeFiles/msg_check_generate_messages_eus.dir/progress.make' has modification time 132739805 s in the future
[ 12%] Built target msg_check
make[2]: Warning: File 'CMakeFiles/msg_check_generate_messages_py.dir/progress.make' has modification time 132739805 s in the future
make[2]: warning:  Clock skew detected.  Your build may be incomplete.
make[2]: warning:  Clock skew detected.  Your build may be incomplete.
make[2]: Warning: File 'CMakeFiles/msg_check_generate_messages_nodejs.dir/progress.make' has modification time 132739805 s in the future
make[2]: Warning: File 'CMakeFiles/msg_check_generate_messages_eus.dir/progress.make' has modification time 132739805 s in the future
make[2]: warning:  Clock skew detected.  Your build may be incomplete.
make[2]: warning:  Clock skew detected.  Your build may be incomplete.
make[2]: warning:  Clock skew detected.  Your build may be incomplete.
make[2]: Warning: File 'CMakeFiles/msg_check_generate_messages_py.dir/progress.make' has modification time 132739805 s in the future
make[2]: warning:  Clock skew detected.  Your build may be incomplete.
[ 25%] Built target msg_check_generate_messages_nodejs
make[2]: Warning: File 'CMakeFiles/msg_check_generate_messages_cpp.dir/progress.make' has modification time 132739805 s in the future
[ 62%] Built target msg_check_generate_messages_py
[ 62%] Built target msg_check_generate_messages_eus
make[2]: Warning: File 'CMakeFiles/msg_check_generate_messages_lisp.dir/progress.make' has modification time 132739805 s in the future
make[2]: warning:  Clock skew detected.  Your build may be incomplete.
make[2]: Warning: File 'CMakeFiles/msg_check_generate_messages_cpp.dir/progress.make' has modification time 132739805 s in the future
make[2]: warning:  Clock skew detected.  Your build may be incomplete.
make[2]: warning:  Clock skew detected.  Your build may be incomplete.
make[2]: Warning: File 'CMakeFiles/msg_check_generate_messages_lisp.dir/progress.make' has modification time 132739805 s in the future
make[2]: warning:  Clock skew detected.  Your build may be incomplete.
[ 75%] Built target msg_check_generate_messages_cpp
make[2]: Warning: File 'CMakeFiles/msg_check_node.dir/flags.make' has modification time 132739804 s in the future
[ 87%] Built target msg_check_generate_messages_lisp
make[2]: Warning: File 'CMakeFiles/msg_check_generate_messages.dir/progress.make' has modification time 132739805 s in the future
make[2]: warning:  Clock skew detected.  Your build may be incomplete.
make[2]: Warning: File 'CMakeFiles/msg_check_generate_messages.dir/progress.make' has modification time 132739804 s in the future
make[2]: warning:  Clock skew detected.  Your build may be incomplete.
make[2]: warning:  Clock skew detected.  Your build may be incomplete.
make[2]: Warning: File 'CMakeFiles/msg_check_node.dir/flags.make' has modification time 132739804 s in the future
make[2]: warning:  Clock skew detected.  Your build may be incomplete.
[ 87%] Built target msg_check_generate_messages
[100%] Built target msg_check_node
make[1]: warning:  Clock skew detected.  Your build may be incomplete.
make: warning:  Clock skew detected.  Your build may be incomplete.
