make: Warning: File 'Makefile' has modification time 132739154 s in the future
make[1]: Warning: File 'CMakeFiles/Makefile2' has modification time 132739154 s in the future
make[2]: Warning: File 'CMakeFiles/paparazzi.xml-v2.0.dir/progress.make' has modification time 132739154 s in the future
make[2]: warning:  Clock skew detected.  Your build may be incomplete.
make[2]: Warning: File 'CMakeFiles/paparazzi.xml-v2.0.dir/progress.make' has modification time 132739153 s in the future
make[2]: warning:  Clock skew detected.  Your build may be incomplete.
[  4%] Built target paparazzi.xml-v2.0
make[2]: Warning: File 'CMakeFiles/ardupilotmega.xml-v2.0.dir/progress.make' has modification time 132739153 s in the future
make[2]: warning:  Clock skew detected.  Your build may be incomplete.
make[2]: Warning: File 'CMakeFiles/ardupilotmega.xml-v2.0.dir/progress.make' has modification time 132739153 s in the future
make[2]: warning:  Clock skew detected.  Your build may be incomplete.
[  9%] Built target ardupilotmega.xml-v2.0
make[2]: Warning: File 'CMakeFiles/ardupilotmega.xml-v1.0.dir/progress.make' has modification time 132739153 s in the future
make[2]: warning:  Clock skew detected.  Your build may be incomplete.
make[2]: Warning: File 'CMakeFiles/ardupilotmega.xml-v1.0.dir/progress.make' has modification time 132739153 s in the future
make[2]: warning:  Clock skew detected.  Your build may be incomplete.
[ 13%] Built target ardupilotmega.xml-v1.0
make[2]: Warning: File 'CMakeFiles/icarous.xml-v1.0.dir/progress.make' has modification time 132739153 s in the future
make[2]: warning:  Clock skew detected.  Your build may be incomplete.
make[2]: Warning: File 'CMakeFiles/icarous.xml-v1.0.dir/progress.make' has modification time 132739153 s in the future
make[2]: warning:  Clock skew detected.  Your build may be incomplete.
make[2]: Warning: File 'CMakeFiles/ualberta.xml-v2.0.dir/progress.make' has modification time 132739153 s in the future
[ 18%] Built target icarous.xml-v1.0
make[2]: Warning: File 'CMakeFiles/ASLUAV.xml-v1.0.dir/progress.make' has modification time 132739153 s in the future
make[2]: warning:  Clock skew detected.  Your build may be incomplete.
make[2]: Warning: File 'CMakeFiles/ualberta.xml-v2.0.dir/progress.make' has modification time 132739153 s in the future
make[2]: warning:  Clock skew detected.  Your build may be incomplete.
make[2]: warning:  Clock skew detected.  Your build may be incomplete.
make[2]: Warning: File 'CMakeFiles/ASLUAV.xml-v1.0.dir/progress.make' has modification time 132739153 s in the future
make[2]: warning:  Clock skew detected.  Your build may be incomplete.
[ 27%] Built target ualberta.xml-v2.0
[ 27%] Built target ASLUAV.xml-v1.0
make[2]: Warning: File 'CMakeFiles/common.xml-v1.0.dir/progress.make' has modification time 132739153 s in the future
make[2]: warning:  Clock skew detected.  Your build may be incomplete.
make[2]: Warning: File 'CMakeFiles/common.xml-v1.0.dir/progress.make' has modification time 132739153 s in the future
make[2]: warning:  Clock skew detected.  Your build may be incomplete.
[ 31%] Built target common.xml-v1.0
make[2]: Warning: File 'CMakeFiles/development.xml-v2.0.dir/progress.make' has modification time 132739153 s in the future
make[2]: warning:  Clock skew detected.  Your build may be incomplete.
make[2]: Warning: File 'CMakeFiles/development.xml-v2.0.dir/progress.make' has modification time 132739153 s in the future
make[2]: warning:  Clock skew detected.  Your build may be incomplete.
make[2]: Warning: File 'CMakeFiles/uAvionix.xml-v2.0.dir/progress.make' has modification time 132739152 s in the future
[ 36%] Built target development.xml-v2.0
make[2]: Warning: File 'CMakeFiles/ASLUAV.xml-v2.0.dir/progress.make' has modification time 132739152 s in the future
make[2]: warning:  Clock skew detected.  Your build may be incomplete.
make[2]: Warning: File 'CMakeFiles/uAvionix.xml-v2.0.dir/progress.make' has modification time 132739152 s in the future
make[2]: warning:  Clock skew detected.  Your build may be incomplete.
make[2]: Warning: File 'CMakeFiles/standard.xml-v2.0.dir/progress.make' has modification time 132739152 s in the future
make[2]: warning:  Clock skew detected.  Your build may be incomplete.
make[2]: Warning: File 'CMakeFiles/ASLUAV.xml-v2.0.dir/progress.make' has modification time 132739152 s in the future
make[2]: warning:  Clock skew detected.  Your build may be incomplete.
[ 40%] Built target uAvionix.xml-v2.0
make[2]: warning:  Clock skew detected.  Your build may be incomplete.
make[2]: Warning: File 'CMakeFiles/standard.xml-v2.0.dir/progress.make' has modification time 132739152 s in the future
make[2]: warning:  Clock skew detected.  Your build may be incomplete.
make[2]: Warning: File 'CMakeFiles/icarous.xml-v2.0.dir/progress.make' has modification time 132739152 s in the future
[ 45%] Built target ASLUAV.xml-v2.0
make[2]: Warning: File 'CMakeFiles/all.xml-v2.0.dir/progress.make' has modification time 132739152 s in the future
[ 50%] Built target standard.xml-v2.0
make[2]: warning:  Clock skew detected.  Your build may be incomplete.
make[2]: Warning: File 'CMakeFiles/icarous.xml-v2.0.dir/progress.make' has modification time 132739152 s in the future
make[2]: warning:  Clock skew detected.  Your build may be incomplete.
make[2]: Warning: File 'CMakeFiles/matrixpilot.xml-v2.0.dir/progress.make' has modification time 132739152 s in the future
make[2]: warning:  Clock skew detected.  Your build may be incomplete.
make[2]: Warning: File 'CMakeFiles/all.xml-v2.0.dir/progress.make' has modification time 132739152 s in the future
make[2]: warning:  Clock skew detected.  Your build may be incomplete.
[ 54%] Built target icarous.xml-v2.0
make[2]: warning:  Clock skew detected.  Your build may be incomplete.
make[2]: Warning: File 'CMakeFiles/matrixpilot.xml-v2.0.dir/progress.make' has modification time 132739152 s in the future
make[2]: warning:  Clock skew detected.  Your build may be incomplete.
make[2]: Warning: File 'CMakeFiles/all.xml-v1.0.dir/progress.make' has modification time 132739152 s in the future
[ 59%] Built target all.xml-v2.0
make[2]: Warning: File 'CMakeFiles/development.xml-v1.0.dir/progress.make' has modification time 132739152 s in the future
[ 63%] Built target matrixpilot.xml-v2.0
make[2]: warning:  Clock skew detected.  Your build may be incomplete.
make[2]: Warning: File 'CMakeFiles/matrixpilot.xml-v1.0.dir/progress.make' has modification time 132739152 s in the future
make[2]: Warning: File 'CMakeFiles/all.xml-v1.0.dir/progress.make' has modification time 132739152 s in the future
make[2]: warning:  Clock skew detected.  Your build may be incomplete.
make[2]: warning:  Clock skew detected.  Your build may be incomplete.
make[2]: Warning: File 'CMakeFiles/development.xml-v1.0.dir/progress.make' has modification time 132739152 s in the future
make[2]: warning:  Clock skew detected.  Your build may be incomplete.
[ 68%] Built target all.xml-v1.0
make[2]: warning:  Clock skew detected.  Your build may be incomplete.
make[2]: Warning: File 'CMakeFiles/matrixpilot.xml-v1.0.dir/progress.make' has modification time 132739152 s in the future
make[2]: Warning: File 'CMakeFiles/uAvionix.xml-v1.0.dir/progress.make' has modification time 132739152 s in the future
make[2]: warning:  Clock skew detected.  Your build may be incomplete.
[ 72%] Built target development.xml-v1.0
make[2]: Warning: File 'CMakeFiles/paparazzi.xml-v1.0.dir/progress.make' has modification time 132739152 s in the future
make[2]: warning:  Clock skew detected.  Your build may be incomplete.
make[2]: Warning: File 'CMakeFiles/ualberta.xml-v1.0.dir/progress.make' has modification time 132739152 s in the future
[ 77%] Built target matrixpilot.xml-v1.0
make[2]: Warning: File 'CMakeFiles/uAvionix.xml-v1.0.dir/progress.make' has modification time 132739152 s in the future
make[2]: warning:  Clock skew detected.  Your build may be incomplete.
make[2]: Warning: File 'CMakeFiles/standard.xml-v1.0.dir/progress.make' has modification time 132739152 s in the future
[ 81%] Built target uAvionix.xml-v1.0
make[2]: warning:  Clock skew detected.  Your build may be incomplete.
make[2]: Warning: File 'CMakeFiles/paparazzi.xml-v1.0.dir/progress.make' has modification time 132739152 s in the future
make[2]: warning:  Clock skew detected.  Your build may be incomplete.
make[2]: Warning: File 'CMakeFiles/common.xml-v2.0.dir/progress.make' has modification time 132739152 s in the future
make[2]: warning:  Clock skew detected.  Your build may be incomplete.
make[2]: Warning: File 'CMakeFiles/ualberta.xml-v1.0.dir/progress.make' has modification time 132739152 s in the future
make[2]: warning:  Clock skew detected.  Your build may be incomplete.
make[2]: warning:  Clock skew detected.  Your build may be incomplete.
make[2]: Warning: File 'CMakeFiles/standard.xml-v1.0.dir/progress.make' has modification time 132739152 s in the future
make[2]: warning:  Clock skew detected.  Your build may be incomplete.
[ 86%] Built target paparazzi.xml-v1.0
make[2]: warning:  Clock skew detected.  Your build may be incomplete.
make[2]: Warning: File 'CMakeFiles/common.xml-v2.0.dir/progress.make' has modification time 132739152 s in the future
make[2]: warning:  Clock skew detected.  Your build may be incomplete.
[ 90%] Built target ualberta.xml-v1.0
[ 95%] Built target standard.xml-v1.0
[100%] Built target common.xml-v2.0
make[1]: warning:  Clock skew detected.  Your build may be incomplete.
make: warning:  Clock skew detected.  Your build may be incomplete.
