make: Warning: File 'Makefile' has modification time 132739142 s in the future
make[1]: Warning: File 'CMakeFiles/Makefile2' has modification time 132739141 s in the future
make[2]: Warning: File 'CMakeFiles/_mav_state_machine_msgs_generate_messages_check_deps_StartStopTask.dir/progress.make' has modification time 132739141 s in the future
make[2]: warning:  Clock skew detected.  Your build may be incomplete.
make[2]: Warning: File 'CMakeFiles/_mav_state_machine_msgs_generate_messages_check_deps_StartStopTask.dir/progress.make' has modification time 132739141 s in the future
make[2]: warning:  Clock skew detected.  Your build may be incomplete.
make[2]: Warning: File 'CMakeFiles/std_msgs_generate_messages_cpp.dir/progress.make' has modification time 132739141 s in the future
make[2]: warning:  Clock skew detected.  Your build may be incomplete.
make[2]: Warning: File 'CMakeFiles/std_msgs_generate_messages_cpp.dir/progress.make' has modification time 132739141 s in the future
make[2]: warning:  Clock skew detected.  Your build may be incomplete.
make[2]: Warning: File 'CMakeFiles/_mav_state_machine_msgs_generate_messages_check_deps_RunTaskService.dir/progress.make' has modification time 132739141 s in the future
make[2]: warning:  Clock skew detected.  Your build may be incomplete.
make[2]: Warning: File 'CMakeFiles/std_msgs_generate_messages_nodejs.dir/progress.make' has modification time 132739141 s in the future
make[2]: Warning: File 'CMakeFiles/_mav_state_machine_msgs_generate_messages_check_deps_RunTaskService.dir/progress.make' has modification time 132739141 s in the future
make[2]: warning:  Clock skew detected.  Your build may be incomplete.
make[2]: Warning: File 'CMakeFiles/std_msgs_generate_messages_nodejs.dir/progress.make' has modification time 132739141 s in the future
make[2]: warning:  Clock skew detected.  Your build may be incomplete.
make[2]: warning:  Clock skew detected.  Your build may be incomplete.
make[2]: Warning: File 'CMakeFiles/std_msgs_generate_messages_lisp.dir/progress.make' has modification time 132739141 s in the future
make[2]: warning:  Clock skew detected.  Your build may be incomplete.
make[2]: Warning: File 'CMakeFiles/std_msgs_generate_messages_lisp.dir/progress.make' has modification time 132739141 s in the future
make[2]: warning:  Clock skew detected.  Your build may be incomplete.
make[2]: Warning: File 'CMakeFiles/std_msgs_generate_messages_eus.dir/progress.make' has modification time 132739141 s in the future
make[2]: warning:  Clock skew detected.  Your build may be incomplete.
make[2]: Warning: File 'CMakeFiles/std_msgs_generate_messages_eus.dir/progress.make' has modification time 132739141 s in the future
make[2]: warning:  Clock skew detected.  Your build may be incomplete.
make[2]: Warning: File 'CMakeFiles/std_msgs_generate_messages_py.dir/progress.make' has modification time 132739140 s in the future
make[2]: warning:  Clock skew detected.  Your build may be incomplete.
make[2]: Warning: File 'CMakeFiles/std_msgs_generate_messages_py.dir/progress.make' has modification time 132739140 s in the future
make[2]: warning:  Clock skew detected.  Your build may be incomplete.
make[2]: Warning: File 'CMakeFiles/mav_state_machine_msgs_generate_messages_cpp.dir/progress.make' has modification time 132739140 s in the future
make[2]: Warning: File 'CMakeFiles/mav_state_machine_msgs_generate_messages_nodejs.dir/progress.make' has modification time 132739140 s in the future
make[2]: warning:  Clock skew detected.  Your build may be incomplete.
make[2]: Warning: File 'CMakeFiles/mav_state_machine_msgs_generate_messages_cpp.dir/progress.make' has modification time 132739140 s in the future
make[2]: warning:  Clock skew detected.  Your build may be incomplete.
make[2]: warning:  Clock skew detected.  Your build may be incomplete.
make[2]: Warning: File 'CMakeFiles/mav_state_machine_msgs_generate_messages_nodejs.dir/progress.make' has modification time 132739140 s in the future
make[2]: warning:  Clock skew detected.  Your build may be incomplete.
make[2]: Warning: File 'CMakeFiles/mav_state_machine_msgs_generate_messages_lisp.dir/progress.make' has modification time 132739140 s in the future
make[2]: Warning: File 'CMakeFiles/mav_state_machine_msgs_generate_messages_eus.dir/progress.make' has modification time 132739140 s in the future
make[2]: warning:  Clock skew detected.  Your build may be incomplete.
make[2]: Warning: File 'CMakeFiles/mav_state_machine_msgs_generate_messages_lisp.dir/progress.make' has modification time 132739140 s in the future
make[2]: warning:  Clock skew detected.  Your build may be incomplete.
make[2]: warning:  Clock skew detected.  Your build may be incomplete.
make[2]: Warning: File 'CMakeFiles/mav_state_machine_msgs_generate_messages_eus.dir/progress.make' has modification time 132739140 s in the future
make[2]: warning:  Clock skew detected.  Your build may be incomplete.
make[2]: Warning: File 'CMakeFiles/mav_state_machine_msgs_generate_messages_py.dir/progress.make' has modification time 132739140 s in the future
make[2]: warning:  Clock skew detected.  Your build may be incomplete.
make[2]: Warning: File 'CMakeFiles/mav_state_machine_msgs_generate_messages_py.dir/progress.make' has modification time 132739140 s in the future
make[2]: warning:  Clock skew detected.  Your build may be incomplete.
make[2]: Warning: File 'CMakeFiles/mav_state_machine_msgs_generate_messages.dir/progress.make' has modification time 132739140 s in the future
make[2]: warning:  Clock skew detected.  Your build may be incomplete.
make[2]: Warning: File 'CMakeFiles/mav_state_machine_msgs_generate_messages.dir/progress.make' has modification time 132739140 s in the future
make[2]: warning:  Clock skew detected.  Your build may be incomplete.
make[1]: warning:  Clock skew detected.  Your build may be incomplete.
make: warning:  Clock skew detected.  Your build may be incomplete.
