make: Warning: File 'Makefile' has modification time 132736724 s in the future
make[1]: Warning: File 'CMakeFiles/Makefile2' has modification time 132736724 s in the future
make[2]: Warning: File 'CMakeFiles/_mav_msgs_generate_messages_check_deps_Actuators.dir/progress.make' has modification time 132736724 s in the future
make[2]: warning:  Clock skew detected.  Your build may be incomplete.
make[2]: Warning: File 'CMakeFiles/_mav_msgs_generate_messages_check_deps_Actuators.dir/progress.make' has modification time 132736724 s in the future
make[2]: warning:  Clock skew detected.  Your build may be incomplete.
make[2]: Warning: File 'CMakeFiles/std_msgs_generate_messages_eus.dir/progress.make' has modification time 132736724 s in the future
make[2]: warning:  Clock skew detected.  Your build may be incomplete.
make[2]: Warning: File 'CMakeFiles/std_msgs_generate_messages_eus.dir/progress.make' has modification time 132736724 s in the future
make[2]: warning:  Clock skew detected.  Your build may be incomplete.
make[2]: Warning: File 'CMakeFiles/_mav_msgs_generate_messages_check_deps_FilteredSensorData.dir/progress.make' has modification time 132736724 s in the future
make[2]: warning:  Clock skew detected.  Your build may be incomplete.
make[2]: Warning: File 'CMakeFiles/_mav_msgs_generate_messages_check_deps_FilteredSensorData.dir/progress.make' has modification time 132736724 s in the future
make[2]: warning:  Clock skew detected.  Your build may be incomplete.
make[2]: Warning: File 'CMakeFiles/_mav_msgs_generate_messages_check_deps_GpsWaypoint.dir/progress.make' has modification time 132736723 s in the future
make[2]: warning:  Clock skew detected.  Your build may be incomplete.
make[2]: Warning: File 'CMakeFiles/_mav_msgs_generate_messages_check_deps_GpsWaypoint.dir/progress.make' has modification time 132736723 s in the future
make[2]: warning:  Clock skew detected.  Your build may be incomplete.
make[2]: Warning: File 'CMakeFiles/_mav_msgs_generate_messages_check_deps_Status.dir/progress.make' has modification time 132736723 s in the future
make[2]: warning:  Clock skew detected.  Your build may be incomplete.
make[2]: Warning: File 'CMakeFiles/_mav_msgs_generate_messages_check_deps_Status.dir/progress.make' has modification time 132736723 s in the future
make[2]: warning:  Clock skew detected.  Your build may be incomplete.
make[2]: Warning: File 'CMakeFiles/geometry_msgs_generate_messages_eus.dir/progress.make' has modification time 132736723 s in the future
make[2]: warning:  Clock skew detected.  Your build may be incomplete.
make[2]: Warning: File 'CMakeFiles/geometry_msgs_generate_messages_eus.dir/progress.make' has modification time 132736723 s in the future
make[2]: warning:  Clock skew detected.  Your build may be incomplete.
make[2]: Warning: File 'CMakeFiles/_mav_msgs_generate_messages_check_deps_AttitudeThrust.dir/progress.make' has modification time 132736723 s in the future
make[2]: warning:  Clock skew detected.  Your build may be incomplete.
make[2]: Warning: File 'CMakeFiles/_mav_msgs_generate_messages_check_deps_AttitudeThrust.dir/progress.make' has modification time 132736723 s in the future
make[2]: warning:  Clock skew detected.  Your build may be incomplete.
make[2]: Warning: File 'CMakeFiles/_mav_msgs_generate_messages_check_deps_RollPitchYawrateThrust.dir/progress.make' has modification time 132736723 s in the future
make[2]: warning:  Clock skew detected.  Your build may be incomplete.
make[2]: Warning: File 'CMakeFiles/_mav_msgs_generate_messages_check_deps_RollPitchYawrateThrust.dir/progress.make' has modification time 132736723 s in the future
make[2]: warning:  Clock skew detected.  Your build may be incomplete.
make[2]: Warning: File 'CMakeFiles/_mav_msgs_generate_messages_check_deps_RateThrust.dir/progress.make' has modification time 132736723 s in the future
make[2]: warning:  Clock skew detected.  Your build may be incomplete.
make[2]: Warning: File 'CMakeFiles/_mav_msgs_generate_messages_check_deps_RateThrust.dir/progress.make' has modification time 132736723 s in the future
make[2]: warning:  Clock skew detected.  Your build may be incomplete.
make[2]: Warning: File 'CMakeFiles/_mav_msgs_generate_messages_check_deps_TorqueThrust.dir/progress.make' has modification time 132736722 s in the future
make[2]: warning:  Clock skew detected.  Your build may be incomplete.
make[2]: Warning: File 'CMakeFiles/_mav_msgs_generate_messages_check_deps_TorqueThrust.dir/progress.make' has modification time 132736722 s in the future
make[2]: warning:  Clock skew detected.  Your build may be incomplete.
make[2]: Warning: File 'CMakeFiles/geometry_msgs_generate_messages_py.dir/progress.make' has modification time 132736722 s in the future
make[2]: warning:  Clock skew detected.  Your build may be incomplete.
make[2]: Warning: File 'CMakeFiles/geometry_msgs_generate_messages_py.dir/progress.make' has modification time 132736722 s in the future
make[2]: warning:  Clock skew detected.  Your build may be incomplete.
make[2]: Warning: File 'CMakeFiles/std_msgs_generate_messages_py.dir/progress.make' has modification time 132736722 s in the future
make[2]: warning:  Clock skew detected.  Your build may be incomplete.
make[2]: Warning: File 'CMakeFiles/std_msgs_generate_messages_py.dir/progress.make' has modification time 132736722 s in the future
make[2]: warning:  Clock skew detected.  Your build may be incomplete.
make[2]: Warning: File 'CMakeFiles/std_msgs_generate_messages_nodejs.dir/progress.make' has modification time 132736722 s in the future
make[2]: warning:  Clock skew detected.  Your build may be incomplete.
make[2]: Warning: File 'CMakeFiles/std_msgs_generate_messages_nodejs.dir/progress.make' has modification time 132736722 s in the future
make[2]: warning:  Clock skew detected.  Your build may be incomplete.
make[2]: Warning: File 'CMakeFiles/geometry_msgs_generate_messages_nodejs.dir/progress.make' has modification time 132736722 s in the future
make[2]: warning:  Clock skew detected.  Your build may be incomplete.
make[2]: Warning: File 'CMakeFiles/geometry_msgs_generate_messages_nodejs.dir/progress.make' has modification time 132736722 s in the future
make[2]: warning:  Clock skew detected.  Your build may be incomplete.
make[2]: Warning: File 'CMakeFiles/geometry_msgs_generate_messages_cpp.dir/progress.make' has modification time 132736722 s in the future
make[2]: warning:  Clock skew detected.  Your build may be incomplete.
make[2]: Warning: File 'CMakeFiles/geometry_msgs_generate_messages_cpp.dir/progress.make' has modification time 132736722 s in the future
make[2]: warning:  Clock skew detected.  Your build may be incomplete.
make[2]: Warning: File 'CMakeFiles/std_msgs_generate_messages_cpp.dir/progress.make' has modification time 132736722 s in the future
make[2]: warning:  Clock skew detected.  Your build may be incomplete.
make[2]: Warning: File 'CMakeFiles/std_msgs_generate_messages_cpp.dir/progress.make' has modification time 132736722 s in the future
make[2]: warning:  Clock skew detected.  Your build may be incomplete.
make[2]: Warning: File 'CMakeFiles/std_msgs_generate_messages_lisp.dir/progress.make' has modification time 132736722 s in the future
make[2]: warning:  Clock skew detected.  Your build may be incomplete.
make[2]: Warning: File 'CMakeFiles/std_msgs_generate_messages_lisp.dir/progress.make' has modification time 132736722 s in the future
make[2]: warning:  Clock skew detected.  Your build may be incomplete.
make[2]: Warning: File 'CMakeFiles/geometry_msgs_generate_messages_lisp.dir/progress.make' has modification time 132736722 s in the future
make[2]: warning:  Clock skew detected.  Your build may be incomplete.
make[2]: Warning: File 'CMakeFiles/geometry_msgs_generate_messages_lisp.dir/progress.make' has modification time 132736721 s in the future
make[2]: warning:  Clock skew detected.  Your build may be incomplete.
make[2]: Warning: File 'CMakeFiles/mav_msgs_generate_messages_eus.dir/progress.make' has modification time 132736721 s in the future
make[2]: warning:  Clock skew detected.  Your build may be incomplete.
make[2]: Warning: File 'CMakeFiles/mav_msgs_generate_messages_eus.dir/progress.make' has modification time 132736721 s in the future
make[2]: warning:  Clock skew detected.  Your build may be incomplete.
make[2]: Warning: File 'CMakeFiles/mav_msgs_generate_messages_py.dir/progress.make' has modification time 132736721 s in the future
make[2]: warning:  Clock skew detected.  Your build may be incomplete.
make[2]: Warning: File 'CMakeFiles/mav_msgs_generate_messages_py.dir/progress.make' has modification time 132736721 s in the future
make[2]: warning:  Clock skew detected.  Your build may be incomplete.
make[2]: Warning: File 'CMakeFiles/mav_msgs_generate_messages_nodejs.dir/progress.make' has modification time 132736721 s in the future
make[2]: warning:  Clock skew detected.  Your build may be incomplete.
make[2]: Warning: File 'CMakeFiles/mav_msgs_generate_messages_nodejs.dir/progress.make' has modification time 132736721 s in the future
make[2]: warning:  Clock skew detected.  Your build may be incomplete.
make[2]: Warning: File 'CMakeFiles/mav_msgs_generate_messages_cpp.dir/progress.make' has modification time 132736721 s in the future
make[2]: warning:  Clock skew detected.  Your build may be incomplete.
make[2]: Warning: File 'CMakeFiles/mav_msgs_generate_messages_cpp.dir/progress.make' has modification time 132736721 s in the future
make[2]: warning:  Clock skew detected.  Your build may be incomplete.
make[2]: Warning: File 'CMakeFiles/mav_msgs_generate_messages_lisp.dir/progress.make' has modification time 132736721 s in the future
make[2]: warning:  Clock skew detected.  Your build may be incomplete.
make[2]: Warning: File 'CMakeFiles/mav_msgs_generate_messages_lisp.dir/progress.make' has modification time 132736721 s in the future
make[2]: warning:  Clock skew detected.  Your build may be incomplete.
make[2]: Warning: File 'CMakeFiles/mav_msgs_generate_messages.dir/progress.make' has modification time 132736721 s in the future
make[2]: warning:  Clock skew detected.  Your build may be incomplete.
make[2]: Warning: File 'CMakeFiles/mav_msgs_generate_messages.dir/progress.make' has modification time 132736721 s in the future
make[2]: warning:  Clock skew detected.  Your build may be incomplete.
make[1]: warning:  Clock skew detected.  Your build may be incomplete.
make: warning:  Clock skew detected.  Your build may be incomplete.
