make: Warning: File 'Makefile' has modification time 132736705 s in the future
make[1]: Warning: File 'CMakeFiles/Makefile2' has modification time 132736705 s in the future
make[2]: Warning: File 'CMakeFiles/_mav_msgs_generate_messages_check_deps_Actuators.dir/progress.make' has modification time 132736705 s in the future
make[2]: warning:  Clock skew detected.  Your build may be incomplete.
make[2]: Warning: File 'CMakeFiles/_mav_msgs_generate_messages_check_deps_Actuators.dir/progress.make' has modification time 132736705 s in the future
make[2]: warning:  Clock skew detected.  Your build may be incomplete.
[  0%] Built target _mav_msgs_generate_messages_check_deps_Actuators
make[2]: Warning: File 'CMakeFiles/std_msgs_generate_messages_eus.dir/progress.make' has modification time 132736705 s in the future
make[2]: warning:  Clock skew detected.  Your build may be incomplete.
make[2]: Warning: File 'CMakeFiles/std_msgs_generate_messages_eus.dir/progress.make' has modification time 132736705 s in the future
make[2]: warning:  Clock skew detected.  Your build may be incomplete.
[  0%] Built target std_msgs_generate_messages_eus
make[2]: Warning: File 'CMakeFiles/_mav_msgs_generate_messages_check_deps_FilteredSensorData.dir/progress.make' has modification time 132736705 s in the future
make[2]: warning:  Clock skew detected.  Your build may be incomplete.
make[2]: Warning: File 'CMakeFiles/_mav_msgs_generate_messages_check_deps_FilteredSensorData.dir/progress.make' has modification time 132736705 s in the future
make[2]: warning:  Clock skew detected.  Your build may be incomplete.
[  0%] Built target _mav_msgs_generate_messages_check_deps_FilteredSensorData
make[2]: Warning: File 'CMakeFiles/_mav_msgs_generate_messages_check_deps_GpsWaypoint.dir/progress.make' has modification time 132736705 s in the future
make[2]: warning:  Clock skew detected.  Your build may be incomplete.
make[2]: Warning: File 'CMakeFiles/_mav_msgs_generate_messages_check_deps_GpsWaypoint.dir/progress.make' has modification time 132736705 s in the future
make[2]: warning:  Clock skew detected.  Your build may be incomplete.
[  0%] Built target _mav_msgs_generate_messages_check_deps_GpsWaypoint
make[2]: Warning: File 'CMakeFiles/_mav_msgs_generate_messages_check_deps_Status.dir/progress.make' has modification time 132736705 s in the future
make[2]: warning:  Clock skew detected.  Your build may be incomplete.
make[2]: Warning: File 'CMakeFiles/_mav_msgs_generate_messages_check_deps_Status.dir/progress.make' has modification time 132736705 s in the future
make[2]: warning:  Clock skew detected.  Your build may be incomplete.
[  0%] Built target _mav_msgs_generate_messages_check_deps_Status
make[2]: Warning: File 'CMakeFiles/geometry_msgs_generate_messages_eus.dir/progress.make' has modification time 132736704 s in the future
make[2]: Warning: File 'CMakeFiles/_mav_msgs_generate_messages_check_deps_AttitudeThrust.dir/progress.make' has modification time 132736704 s in the future
make[2]: warning:  Clock skew detected.  Your build may be incomplete.
make[2]: Warning: File 'CMakeFiles/geometry_msgs_generate_messages_eus.dir/progress.make' has modification time 132736704 s in the future
make[2]: warning:  Clock skew detected.  Your build may be incomplete.
make[2]: warning:  Clock skew detected.  Your build may be incomplete.
[  0%] Built target geometry_msgs_generate_messages_eus
make[2]: Warning: File 'CMakeFiles/_mav_msgs_generate_messages_check_deps_AttitudeThrust.dir/progress.make' has modification time 132736704 s in the future
make[2]: Warning: File 'CMakeFiles/_mav_msgs_generate_messages_check_deps_RollPitchYawrateThrust.dir/progress.make' has modification time 132736704 s in the future
make[2]: warning:  Clock skew detected.  Your build may be incomplete.
make[2]: Warning: File 'CMakeFiles/_mav_msgs_generate_messages_check_deps_RollPitchYawrateThrust.dir/progress.make' has modification time 132736704 s in the future
make[2]: warning:  Clock skew detected.  Your build may be incomplete.
[  0%] Built target _mav_msgs_generate_messages_check_deps_AttitudeThrust
make[2]: Warning: File 'CMakeFiles/_mav_msgs_generate_messages_check_deps_RateThrust.dir/progress.make' has modification time 132736704 s in the future
make[2]: warning:  Clock skew detected.  Your build may be incomplete.
[  0%] Built target _mav_msgs_generate_messages_check_deps_RollPitchYawrateThrust
make[2]: warning:  Clock skew detected.  Your build may be incomplete.
make[2]: Warning: File 'CMakeFiles/_mav_msgs_generate_messages_check_deps_RateThrust.dir/progress.make' has modification time 132736704 s in the future
make[2]: Warning: File 'CMakeFiles/_mav_msgs_generate_messages_check_deps_TorqueThrust.dir/progress.make' has modification time 132736704 s in the future
make[2]: warning:  Clock skew detected.  Your build may be incomplete.
make[2]: Warning: File 'CMakeFiles/_mav_msgs_generate_messages_check_deps_TorqueThrust.dir/progress.make' has modification time 132736704 s in the future
make[2]: warning:  Clock skew detected.  Your build may be incomplete.
[  0%] Built target _mav_msgs_generate_messages_check_deps_RateThrust
make[2]: Warning: File 'CMakeFiles/geometry_msgs_generate_messages_py.dir/progress.make' has modification time 132736704 s in the future
make[2]: warning:  Clock skew detected.  Your build may be incomplete.
make[2]: warning:  Clock skew detected.  Your build may be incomplete.
make[2]: Warning: File 'CMakeFiles/geometry_msgs_generate_messages_py.dir/progress.make' has modification time 132736704 s in the future
make[2]: warning:  Clock skew detected.  Your build may be incomplete.
[  0%] Built target _mav_msgs_generate_messages_check_deps_TorqueThrust
make[2]: Warning: File 'CMakeFiles/std_msgs_generate_messages_py.dir/progress.make' has modification time 132736704 s in the future
[  0%] Built target geometry_msgs_generate_messages_py
make[2]: Warning: File 'CMakeFiles/std_msgs_generate_messages_nodejs.dir/progress.make' has modification time 132736704 s in the future
make[2]: warning:  Clock skew detected.  Your build may be incomplete.
make[2]: Warning: File 'CMakeFiles/std_msgs_generate_messages_py.dir/progress.make' has modification time 132736704 s in the future
make[2]: warning:  Clock skew detected.  Your build may be incomplete.
make[2]: warning:  Clock skew detected.  Your build may be incomplete.
make[2]: Warning: File 'CMakeFiles/std_msgs_generate_messages_nodejs.dir/progress.make' has modification time 132736704 s in the future
make[2]: warning:  Clock skew detected.  Your build may be incomplete.
[  0%] Built target std_msgs_generate_messages_py
make[2]: Warning: File 'CMakeFiles/geometry_msgs_generate_messages_nodejs.dir/progress.make' has modification time 132736704 s in the future
[  0%] Built target std_msgs_generate_messages_nodejs
make[2]: Warning: File 'CMakeFiles/geometry_msgs_generate_messages_cpp.dir/progress.make' has modification time 132736704 s in the future
make[2]: warning:  Clock skew detected.  Your build may be incomplete.
make[2]: Warning: File 'CMakeFiles/geometry_msgs_generate_messages_nodejs.dir/progress.make' has modification time 132736704 s in the future
make[2]: warning:  Clock skew detected.  Your build may be incomplete.
make[2]: warning:  Clock skew detected.  Your build may be incomplete.
[  0%] Built target geometry_msgs_generate_messages_nodejs
make[2]: Warning: File 'CMakeFiles/geometry_msgs_generate_messages_cpp.dir/progress.make' has modification time 132736704 s in the future
make[2]: warning:  Clock skew detected.  Your build may be incomplete.
make[2]: Warning: File 'CMakeFiles/std_msgs_generate_messages_cpp.dir/progress.make' has modification time 132736704 s in the future
[  0%] Built target geometry_msgs_generate_messages_cpp
make[2]: Warning: File 'CMakeFiles/std_msgs_generate_messages_lisp.dir/progress.make' has modification time 132736704 s in the future
make[2]: warning:  Clock skew detected.  Your build may be incomplete.
make[2]: Warning: File 'CMakeFiles/std_msgs_generate_messages_cpp.dir/progress.make' has modification time 132736704 s in the future
make[2]: warning:  Clock skew detected.  Your build may be incomplete.
make[2]: warning:  Clock skew detected.  Your build may be incomplete.
[  0%] Built target std_msgs_generate_messages_cpp
make[2]: Warning: File 'CMakeFiles/std_msgs_generate_messages_lisp.dir/progress.make' has modification time 132736704 s in the future
make[2]: warning:  Clock skew detected.  Your build may be incomplete.
make[2]: Warning: File 'CMakeFiles/geometry_msgs_generate_messages_lisp.dir/progress.make' has modification time 132736704 s in the future
[  0%] Built target std_msgs_generate_messages_lisp
make[2]: Warning: File 'CMakeFiles/mav_msgs_generate_messages_eus.dir/progress.make' has modification time 132736704 s in the future
make[2]: warning:  Clock skew detected.  Your build may be incomplete.
make[2]: Warning: File 'CMakeFiles/geometry_msgs_generate_messages_lisp.dir/progress.make' has modification time 132736704 s in the future
make[2]: warning:  Clock skew detected.  Your build may be incomplete.
make[2]: warning:  Clock skew detected.  Your build may be incomplete.
[  0%] Built target geometry_msgs_generate_messages_lisp
make[2]: Warning: File 'CMakeFiles/mav_msgs_generate_messages_eus.dir/progress.make' has modification time 132736704 s in the future
make[2]: warning:  Clock skew detected.  Your build may be incomplete.
make[2]: Warning: File 'CMakeFiles/mav_msgs_generate_messages_py.dir/progress.make' has modification time 132736704 s in the future
[ 21%] Built target mav_msgs_generate_messages_eus
make[2]: warning:  Clock skew detected.  Your build may be incomplete.
make[2]: Warning: File 'CMakeFiles/mav_msgs_generate_messages_nodejs.dir/progress.make' has modification time 132736704 s in the future
make[2]: Warning: File 'CMakeFiles/mav_msgs_generate_messages_py.dir/progress.make' has modification time 132736704 s in the future
make[2]: warning:  Clock skew detected.  Your build may be incomplete.
[ 42%] Built target mav_msgs_generate_messages_py
make[2]: warning:  Clock skew detected.  Your build may be incomplete.
make[2]: Warning: File 'CMakeFiles/mav_msgs_generate_messages_nodejs.dir/progress.make' has modification time 132736703 s in the future
make[2]: warning:  Clock skew detected.  Your build may be incomplete.
make[2]: Warning: File 'CMakeFiles/mav_msgs_generate_messages_cpp.dir/progress.make' has modification time 132736703 s in the future
[ 61%] Built target mav_msgs_generate_messages_nodejs
make[2]: warning:  Clock skew detected.  Your build may be incomplete.
make[2]: Warning: File 'CMakeFiles/mav_msgs_generate_messages_cpp.dir/progress.make' has modification time 132736703 s in the future
make[2]: Warning: File 'CMakeFiles/mav_msgs_generate_messages_lisp.dir/progress.make' has modification time 132736703 s in the future
make[2]: warning:  Clock skew detected.  Your build may be incomplete.
[ 80%] Built target mav_msgs_generate_messages_cpp
make[2]: warning:  Clock skew detected.  Your build may be incomplete.
make[2]: Warning: File 'CMakeFiles/mav_msgs_generate_messages_lisp.dir/progress.make' has modification time 132736703 s in the future
make[2]: warning:  Clock skew detected.  Your build may be incomplete.
[100%] Built target mav_msgs_generate_messages_lisp
make[2]: Warning: File 'CMakeFiles/mav_msgs_generate_messages.dir/progress.make' has modification time 132736703 s in the future
make[2]: warning:  Clock skew detected.  Your build may be incomplete.
make[2]: Warning: File 'CMakeFiles/mav_msgs_generate_messages.dir/progress.make' has modification time 132736703 s in the future
make[2]: warning:  Clock skew detected.  Your build may be incomplete.
[100%] Built target mav_msgs_generate_messages
make[1]: warning:  Clock skew detected.  Your build may be incomplete.
make: warning:  Clock skew detected.  Your build may be incomplete.
