Determining if the pthread_create exist failed with the following output:
Change Dir: /home/husarion/catkin_ws/build/tf2_tools/CMakeFiles/CMakeTmp

Run Build Command:"/usr/bin/make" "cmTC_8831a/fast"
/usr/bin/make -f CMakeFiles/cmTC_8831a.dir/build.make CMakeFiles/cmTC_8831a.dir/build
make[1]: Entering directory '/home/husarion/catkin_ws/build/tf2_tools/CMakeFiles/CMakeTmp'
Building C object CMakeFiles/cmTC_8831a.dir/CheckSymbolExists.c.o
/usr/bin/cc    -o CMakeFiles/cmTC_8831a.dir/CheckSymbolExists.c.o   -c /home/husarion/catkin_ws/build/tf2_tools/CMakeFiles/CMakeTmp/CheckSymbolExists.c
Linking C executable cmTC_8831a
/usr/bin/cmake -E cmake_link_script CMakeFiles/cmTC_8831a.dir/link.txt --verbose=1
/usr/bin/cc      -rdynamic CMakeFiles/cmTC_8831a.dir/CheckSymbolExists.c.o  -o cmTC_8831a 
CMakeFiles/cmTC_8831a.dir/CheckSymbolExists.c.o: In function `main':
CheckSymbolExists.c:(.text+0x2c): undefined reference to `pthread_create'
collect2: error: ld returned 1 exit status
CMakeFiles/cmTC_8831a.dir/build.make:97: recipe for target 'cmTC_8831a' failed
make[1]: *** [cmTC_8831a] Error 1
make[1]: Leaving directory '/home/husarion/catkin_ws/build/tf2_tools/CMakeFiles/CMakeTmp'
Makefile:126: recipe for target 'cmTC_8831a/fast' failed
make: *** [cmTC_8831a/fast] Error 2

File /home/husarion/catkin_ws/build/tf2_tools/CMakeFiles/CMakeTmp/CheckSymbolExists.c:
/* */
#include <pthread.h>

int main(int argc, char** argv)
{
  (void)argv;
#ifndef pthread_create
  return ((int*)(&pthread_create))[argc];
#else
  (void)argc;
  return 0;
#endif
}

Determining if the function pthread_create exists in the pthreads failed with the following output:
Change Dir: /home/husarion/catkin_ws/build/tf2_tools/CMakeFiles/CMakeTmp

Run Build Command:"/usr/bin/make" "cmTC_07c5e/fast"
/usr/bin/make -f CMakeFiles/cmTC_07c5e.dir/build.make CMakeFiles/cmTC_07c5e.dir/build
make[1]: Entering directory '/home/husarion/catkin_ws/build/tf2_tools/CMakeFiles/CMakeTmp'
Building C object CMakeFiles/cmTC_07c5e.dir/CheckFunctionExists.c.o
/usr/bin/cc   -DCHECK_FUNCTION_EXISTS=pthread_create   -o CMakeFiles/cmTC_07c5e.dir/CheckFunctionExists.c.o   -c /usr/share/cmake-3.10/Modules/CheckFunctionExists.c
Linking C executable cmTC_07c5e
/usr/bin/cmake -E cmake_link_script CMakeFiles/cmTC_07c5e.dir/link.txt --verbose=1
/usr/bin/cc  -DCHECK_FUNCTION_EXISTS=pthread_create    -rdynamic CMakeFiles/cmTC_07c5e.dir/CheckFunctionExists.c.o  -o cmTC_07c5e -lpthreads 
/usr/bin/ld: cannot find -lpthreads
collect2: error: ld returned 1 exit status
CMakeFiles/cmTC_07c5e.dir/build.make:97: recipe for target 'cmTC_07c5e' failed
make[1]: *** [cmTC_07c5e] Error 1
make[1]: Leaving directory '/home/husarion/catkin_ws/build/tf2_tools/CMakeFiles/CMakeTmp'
Makefile:126: recipe for target 'cmTC_07c5e/fast' failed
make: *** [cmTC_07c5e/fast] Error 2


