make[2]: Warning: File 'CMakeFiles/_dynamixel_sdk_examples_generate_messages_check_deps_SyncGetPosition.dir/build.make' has modification time 293 s in the future
make[2]: Warning: File 'CMakeFiles/std_msgs_generate_messages_py.dir/build.make' has modification time 293 s in the future
make[2]: warning:  Clock skew detected.  Your build may be incomplete.
make[2]: Warning: File 'CMakeFiles/_dynamixel_sdk_examples_generate_messages_check_deps_SyncGetPosition.dir/build.make' has modification time 293 s in the future
make[2]: Warning: File 'CMakeFiles/_dynamixel_sdk_examples_generate_messages_check_deps_SyncSetPosition.dir/build.make' has modification time 293 s in the future
make[2]: warning:  Clock skew detected.  Your build may be incomplete.
make[2]: Warning: File 'CMakeFiles/std_msgs_generate_messages_py.dir/build.make' has modification time 293 s in the future
make[2]: warning:  Clock skew detected.  Your build may be incomplete.
make[2]: warning:  Clock skew detected.  Your build may be incomplete.
make[2]: Warning: File 'CMakeFiles/_dynamixel_sdk_examples_generate_messages_check_deps_SyncSetPosition.dir/build.make' has modification time 292 s in the future
make[2]: warning:  Clock skew detected.  Your build may be incomplete.
make[2]: Warning: File 'CMakeFiles/_dynamixel_sdk_examples_generate_messages_check_deps_SetPosition.dir/build.make' has modification time 292 s in the future
make[2]: warning:  Clock skew detected.  Your build may be incomplete.
make[2]: Warning: File 'CMakeFiles/_dynamixel_sdk_examples_generate_messages_check_deps_SetPosition.dir/build.make' has modification time 292 s in the future
make[2]: warning:  Clock skew detected.  Your build may be incomplete.
make[2]: Warning: File 'CMakeFiles/_dynamixel_sdk_examples_generate_messages_check_deps_BulkSetItem.dir/build.make' has modification time 292 s in the future
make[2]: warning:  Clock skew detected.  Your build may be incomplete.
make[2]: Warning: File 'CMakeFiles/_dynamixel_sdk_examples_generate_messages_check_deps_BulkSetItem.dir/build.make' has modification time 292 s in the future
make[2]: Warning: File 'CMakeFiles/_dynamixel_sdk_examples_generate_messages_check_deps_GetPosition.dir/build.make' has modification time 292 s in the future
make[2]: warning:  Clock skew detected.  Your build may be incomplete.
make[2]: warning:  Clock skew detected.  Your build may be incomplete.
make[2]: Warning: File 'CMakeFiles/_dynamixel_sdk_examples_generate_messages_check_deps_GetPosition.dir/build.make' has modification time 292 s in the future
make[2]: Warning: File 'CMakeFiles/_dynamixel_sdk_examples_generate_messages_check_deps_BulkGetItem.dir/build.make' has modification time 292 s in the future
make[2]: warning:  Clock skew detected.  Your build may be incomplete.
make[2]: warning:  Clock skew detected.  Your build may be incomplete.
make[2]: Warning: File 'CMakeFiles/_dynamixel_sdk_examples_generate_messages_check_deps_BulkGetItem.dir/build.make' has modification time 292 s in the future
make[2]: Warning: File 'CMakeFiles/std_msgs_generate_messages_nodejs.dir/build.make' has modification time 292 s in the future
make[2]: warning:  Clock skew detected.  Your build may be incomplete.
make[2]: warning:  Clock skew detected.  Your build may be incomplete.
make[2]: Warning: File 'CMakeFiles/std_msgs_generate_messages_nodejs.dir/build.make' has modification time 292 s in the future
make[2]: warning:  Clock skew detected.  Your build may be incomplete.
make[2]: Warning: File 'CMakeFiles/rosgraph_msgs_generate_messages_eus.dir/build.make' has modification time 292 s in the future
make[2]: warning:  Clock skew detected.  Your build may be incomplete.
make[2]: warning:  Clock skew detected.  Your build may be incomplete.
make[2]: Warning: File 'CMakeFiles/rosgraph_msgs_generate_messages_eus.dir/build.make' has modification time 292 s in the future
make[2]: warning:  Clock skew detected.  Your build may be incomplete.
make[2]: Warning: File 'CMakeFiles/rosgraph_msgs_generate_messages_lisp.dir/build.make' has modification time 292 s in the future
make[2]: Warning: File 'CMakeFiles/rosgraph_msgs_generate_messages_cpp.dir/build.make' has modification time 292 s in the future
make[2]: Warning: File 'CMakeFiles/roscpp_generate_messages_py.dir/build.make' has modification time 292 s in the future
make[2]: warning:  Clock skew detected.  Your build may be incomplete.
make[2]: Warning: File 'CMakeFiles/rosgraph_msgs_generate_messages_lisp.dir/build.make' has modification time 292 s in the future
make[2]: warning:  Clock skew detected.  Your build may be incomplete.
make[2]: warning:  Clock skew detected.  Your build may be incomplete.
make[2]: Warning: File 'CMakeFiles/rosgraph_msgs_generate_messages_cpp.dir/build.make' has modification time 292 s in the future
make[2]: warning:  Clock skew detected.  Your build may be incomplete.
make[2]: warning:  Clock skew detected.  Your build may be incomplete.
make[2]: Warning: File 'CMakeFiles/roscpp_generate_messages_py.dir/build.make' has modification time 292 s in the future
make[2]: warning:  Clock skew detected.  Your build may be incomplete.
make[2]: Warning: File 'CMakeFiles/roscpp_generate_messages_nodejs.dir/build.make' has modification time 292 s in the future
make[2]: Warning: File 'CMakeFiles/std_msgs_generate_messages_lisp.dir/build.make' has modification time 292 s in the future
make[2]: warning:  Clock skew detected.  Your build may be incomplete.
make[2]: Warning: File 'CMakeFiles/roscpp_generate_messages_nodejs.dir/build.make' has modification time 292 s in the future
make[2]: warning:  Clock skew detected.  Your build may be incomplete.
make[2]: warning:  Clock skew detected.  Your build may be incomplete.
make[2]: Warning: File 'CMakeFiles/std_msgs_generate_messages_lisp.dir/build.make' has modification time 292 s in the future
make[2]: warning:  Clock skew detected.  Your build may be incomplete.
make[2]: Warning: File 'CMakeFiles/rosgraph_msgs_generate_messages_nodejs.dir/build.make' has modification time 292 s in the future
make[2]: Warning: File 'CMakeFiles/std_msgs_generate_messages_eus.dir/build.make' has modification time 292 s in the future
make[2]: warning:  Clock skew detected.  Your build may be incomplete.
make[2]: Warning: File 'CMakeFiles/rosgraph_msgs_generate_messages_nodejs.dir/build.make' has modification time 292 s in the future
make[2]: warning:  Clock skew detected.  Your build may be incomplete.
make[2]: warning:  Clock skew detected.  Your build may be incomplete.
make[2]: Warning: File 'CMakeFiles/std_msgs_generate_messages_eus.dir/build.make' has modification time 292 s in the future
make[2]: warning:  Clock skew detected.  Your build may be incomplete.
make[2]: Warning: File 'CMakeFiles/roscpp_generate_messages_lisp.dir/build.make' has modification time 292 s in the future
make[2]: Warning: File 'CMakeFiles/roscpp_generate_messages_eus.dir/build.make' has modification time 292 s in the future
make[2]: warning:  Clock skew detected.  Your build may be incomplete.
make[2]: Warning: File 'CMakeFiles/roscpp_generate_messages_lisp.dir/build.make' has modification time 292 s in the future
make[2]: warning:  Clock skew detected.  Your build may be incomplete.
make[2]: warning:  Clock skew detected.  Your build may be incomplete.
make[2]: Warning: File 'CMakeFiles/roscpp_generate_messages_eus.dir/build.make' has modification time 292 s in the future
make[2]: warning:  Clock skew detected.  Your build may be incomplete.
make[2]: Warning: File 'CMakeFiles/dynamixel_sdk_examples_generate_messages_nodejs.dir/build.make' has modification time 292 s in the future
make[2]: Warning: File 'CMakeFiles/std_msgs_generate_messages_cpp.dir/build.make' has modification time 292 s in the future
make[2]: warning:  Clock skew detected.  Your build may be incomplete.
make[2]: Warning: File 'CMakeFiles/dynamixel_sdk_examples_generate_messages_nodejs.dir/build.make' has modification time 292 s in the future
make[2]: warning:  Clock skew detected.  Your build may be incomplete.
make[2]: Warning: File 'CMakeFiles/std_msgs_generate_messages_cpp.dir/build.make' has modification time 291 s in the future
make[2]: warning:  Clock skew detected.  Your build may be incomplete.
make[2]: Warning: File 'CMakeFiles/rosgraph_msgs_generate_messages_py.dir/build.make' has modification time 291 s in the future
make[2]: warning:  Clock skew detected.  Your build may be incomplete.
make[2]: Warning: File 'CMakeFiles/rosgraph_msgs_generate_messages_py.dir/build.make' has modification time 291 s in the future
make[2]: warning:  Clock skew detected.  Your build may be incomplete.
make[2]: Warning: File 'CMakeFiles/dynamixel_sdk_examples_generate_messages_eus.dir/build.make' has modification time 291 s in the future
make[2]: warning:  Clock skew detected.  Your build may be incomplete.
make[2]: Warning: File 'CMakeFiles/dynamixel_sdk_examples_generate_messages_eus.dir/build.make' has modification time 291 s in the future
make[2]: warning:  Clock skew detected.  Your build may be incomplete.
make[2]: Warning: File 'CMakeFiles/dynamixel_sdk_examples_generate_messages_cpp.dir/build.make' has modification time 290 s in the future
make[2]: warning:  Clock skew detected.  Your build may be incomplete.
make[2]: Warning: File 'CMakeFiles/dynamixel_sdk_examples_generate_messages_cpp.dir/build.make' has modification time 290 s in the future
make[2]: warning:  Clock skew detected.  Your build may be incomplete.
make[2]: Warning: File 'CMakeFiles/roscpp_generate_messages_cpp.dir/build.make' has modification time 286 s in the future
make[2]: warning:  Clock skew detected.  Your build may be incomplete.
make[2]: Warning: File 'CMakeFiles/roscpp_generate_messages_cpp.dir/build.make' has modification time 286 s in the future
make[2]: warning:  Clock skew detected.  Your build may be incomplete.
make[2]: Warning: File 'CMakeFiles/dynamixel_sdk_examples_generate_messages_lisp.dir/build.make' has modification time 286 s in the future
make[2]: warning:  Clock skew detected.  Your build may be incomplete.
make[2]: Warning: File 'CMakeFiles/dynamixel_sdk_examples_generate_messages_lisp.dir/build.make' has modification time 286 s in the future
make[2]: warning:  Clock skew detected.  Your build may be incomplete.
make[2]: Warning: File 'CMakeFiles/dynamixel_sdk_examples_generate_messages_py.dir/build.make' has modification time 285 s in the future
make[2]: warning:  Clock skew detected.  Your build may be incomplete.
make[2]: Warning: File 'CMakeFiles/dynamixel_sdk_examples_generate_messages_py.dir/build.make' has modification time 285 s in the future
make[2]: warning:  Clock skew detected.  Your build may be incomplete.
make[2]: warning:  Clock skew detected.  Your build may be incomplete.
make[2]: Warning: File 'CMakeFiles/indirect_address_node.dir/flags.make' has modification time 282 s in the future
make[2]: Warning: File 'CMakeFiles/sync_read_write_node.dir/flags.make' has modification time 282 s in the future
make[2]: warning:  Clock skew detected.  Your build may be incomplete.
make[2]: Warning: File 'CMakeFiles/indirect_address_node.dir/flags.make' has modification time 282 s in the future
make[2]: warning:  Clock skew detected.  Your build may be incomplete.
make[2]: Warning: File 'CMakeFiles/sync_read_write_node.dir/flags.make' has modification time 282 s in the future
make[2]: Warning: File 'CMakeFiles/read_write_node.dir/flags.make' has modification time 282 s in the future
make[2]: warning:  Clock skew detected.  Your build may be incomplete.
make[2]: Warning: File 'CMakeFiles/read_write_node.dir/flags.make' has modification time 282 s in the future
make[2]: warning:  Clock skew detected.  Your build may be incomplete.
make[2]: warning:  Clock skew detected.  Your build may be incomplete.
make[2]: Warning: File 'CMakeFiles/dynamixel_sdk_examples_generate_messages.dir/build.make' has modification time 273 s in the future
make[2]: warning:  Clock skew detected.  Your build may be incomplete.
make[2]: warning:  Clock skew detected.  Your build may be incomplete.
make[2]: Warning: File 'CMakeFiles/dynamixel_sdk_examples_generate_messages.dir/build.make' has modification time 273 s in the future
make[2]: warning:  Clock skew detected.  Your build may be incomplete.
make[2]: Warning: File 'CMakeFiles/bulk_read_write_node.dir/flags.make' has modification time 273 s in the future
make[2]: warning:  Clock skew detected.  Your build may be incomplete.
make[2]: Warning: File 'CMakeFiles/bulk_read_write_node.dir/flags.make' has modification time 273 s in the future
make[2]: warning:  Clock skew detected.  Your build may be incomplete.
