-- Using CATKIN_DEVEL_PREFIX: /home/husarion/catkin_dynamixel/devel/.private/dynamixel_sdk_examples
-- Using CMAKE_PREFIX_PATH: /home/husarion/catkin_dynamixel/devel;/home/husarion/catkin_ws/devel;/opt/ros/melodic
-- This workspace overlays: /home/husarion/catkin_dynamixel/devel;/home/husarion/catkin_ws/devel;/opt/ros/melodic
-- Found PythonInterp: /usr/bin/python2 (found suitable version "2.7.17", minimum required is "2") 
-- Using PYTHON_EXECUTABLE: /usr/bin/python2
-- Using Debian Python package layout
-- Using empy: /usr/bin/empy
-- Using CATKIN_ENABLE_TESTING: ON
-- Call enable_testing()
-- Using CATKIN_TEST_RESULTS_DIR: /home/husarion/catkin_dynamixel/build/dynamixel_sdk_examples/test_results
-- Found gtest sources under '/usr/src/googletest': gtests will be built
-- Found gmock sources under '/usr/src/googletest': gmock will be built
-- Found PythonInterp: /usr/bin/python2 (found version "2.7.17") 
-- Using Python nosetests: /usr/bin/nosetests-2.7
-- catkin 0.7.26
-- BUILD_SHARED_LIBS is on
-- Using these message generators: gencpp;geneus;genlisp;gennodejs;genpy
-- dynamixel_sdk_examples: 3 messages, 3 services
-- Configuring done
-- Generating done
-- Build files have been written to: /home/husarion/catkin_dynamixel/build/dynamixel_sdk_examples
[35m[1mScanning dependencies of target _dynamixel_sdk_examples_generate_messages_check_deps_SyncGetPosition[0m
[  0%] Built target _dynamixel_sdk_examples_generate_messages_check_deps_SyncGetPosition
[35m[1mScanning dependencies of target std_msgs_generate_messages_py[0m
[  0%] Built target std_msgs_generate_messages_py
[35m[1mScanning dependencies of target _dynamixel_sdk_examples_generate_messages_check_deps_SyncSetPosition[0m
[  0%] Built target _dynamixel_sdk_examples_generate_messages_check_deps_SyncSetPosition
[35m[1mScanning dependencies of target _dynamixel_sdk_examples_generate_messages_check_deps_SetPosition[0m
[  0%] Built target _dynamixel_sdk_examples_generate_messages_check_deps_SetPosition
[35m[1mScanning dependencies of target _dynamixel_sdk_examples_generate_messages_check_deps_BulkSetItem[0m
[  0%] Built target _dynamixel_sdk_examples_generate_messages_check_deps_BulkSetItem
[35m[1mScanning dependencies of target _dynamixel_sdk_examples_generate_messages_check_deps_GetPosition[0m
[  0%] Built target _dynamixel_sdk_examples_generate_messages_check_deps_GetPosition
[35m[1mScanning dependencies of target _dynamixel_sdk_examples_generate_messages_check_deps_BulkGetItem[0m
[  0%] Built target _dynamixel_sdk_examples_generate_messages_check_deps_BulkGetItem
[35m[1mScanning dependencies of target std_msgs_generate_messages_nodejs[0m
[  0%] Built target std_msgs_generate_messages_nodejs
[35m[1mScanning dependencies of target rosgraph_msgs_generate_messages_eus[0m
[  0%] Built target rosgraph_msgs_generate_messages_eus
[35m[1mScanning dependencies of target rosgraph_msgs_generate_messages_lisp[0m
[  0%] Built target rosgraph_msgs_generate_messages_lisp
[35m[1mScanning dependencies of target rosgraph_msgs_generate_messages_cpp[0m
[  0%] Built target rosgraph_msgs_generate_messages_cpp
[35m[1mScanning dependencies of target roscpp_generate_messages_py[0m
[  0%] Built target roscpp_generate_messages_py
[35m[1mScanning dependencies of target roscpp_generate_messages_nodejs[0m
[  0%] Built target roscpp_generate_messages_nodejs
[35m[1mScanning dependencies of target std_msgs_generate_messages_lisp[0m
[  0%] Built target std_msgs_generate_messages_lisp
[35m[1mScanning dependencies of target rosgraph_msgs_generate_messages_nodejs[0m
[  0%] Built target rosgraph_msgs_generate_messages_nodejs
[35m[1mScanning dependencies of target std_msgs_generate_messages_eus[0m
[  0%] Built target std_msgs_generate_messages_eus
[35m[1mScanning dependencies of target roscpp_generate_messages_lisp[0m
[  0%] Built target roscpp_generate_messages_lisp
[35m[1mScanning dependencies of target roscpp_generate_messages_eus[0m
[  0%] Built target roscpp_generate_messages_eus
[35m[1mScanning dependencies of target dynamixel_sdk_examples_generate_messages_nodejs[0m
make[2]: Warning: File '/opt/ros/melodic/lib/gennodejs/gen_nodejs.py' has modification time 73713678 s in the future
[  2%] [34m[1mGenerating Javascript code from dynamixel_sdk_examples/BulkSetItem.msg[0m
[  4%] [34m[1mGenerating Javascript code from dynamixel_sdk_examples/SyncSetPosition.msg[0m
[  7%] [34m[1mGenerating Javascript code from dynamixel_sdk_examples/SetPosition.msg[0m
[  9%] [34m[1mGenerating Javascript code from dynamixel_sdk_examples/BulkGetItem.srv[0m
[ 12%] [34m[1mGenerating Javascript code from dynamixel_sdk_examples/SyncGetPosition.srv[0m
[ 14%] [34m[1mGenerating Javascript code from dynamixel_sdk_examples/GetPosition.srv[0m
make[2]: warning:  Clock skew detected.  Your build may be incomplete.
[ 14%] Built target dynamixel_sdk_examples_generate_messages_nodejs
[35m[1mScanning dependencies of target std_msgs_generate_messages_cpp[0m
[35m[1mScanning dependencies of target rosgraph_msgs_generate_messages_py[0m
[ 14%] Built target std_msgs_generate_messages_cpp
[ 14%] Built target rosgraph_msgs_generate_messages_py
[35m[1mScanning dependencies of target dynamixel_sdk_examples_generate_messages_eus[0m
[35m[1mScanning dependencies of target dynamixel_sdk_examples_generate_messages_cpp[0m
make[2]: Warning: File '/opt/ros/melodic/share/gencpp/msg.h.template' has modification time 66120248 s in the future
make[2]: Warning: File '/opt/ros/melodic/lib/geneus/gen_eus.py' has modification time 73713619 s in the future
[ 19%] [34m[1mGenerating C++ code from dynamixel_sdk_examples/BulkSetItem.msg[0m
[ 19%] [34m[1mGenerating EusLisp code from dynamixel_sdk_examples/BulkSetItem.msg[0m
[ 21%] [34m[1mGenerating EusLisp code from dynamixel_sdk_examples/SyncSetPosition.msg[0m
[ 24%] [34m[1mGenerating EusLisp code from dynamixel_sdk_examples/SetPosition.msg[0m
[ 26%] [34m[1mGenerating C++ code from dynamixel_sdk_examples/SyncSetPosition.msg[0m
[ 29%] [34m[1mGenerating EusLisp code from dynamixel_sdk_examples/BulkGetItem.srv[0m
[ 31%] [34m[1mGenerating EusLisp code from dynamixel_sdk_examples/SyncGetPosition.srv[0m
[ 34%] [34m[1mGenerating C++ code from dynamixel_sdk_examples/SetPosition.msg[0m
[ 36%] [34m[1mGenerating EusLisp code from dynamixel_sdk_examples/GetPosition.srv[0m
[ 39%] [34m[1mGenerating EusLisp manifest code for dynamixel_sdk_examples[0m
[ 41%] [34m[1mGenerating C++ code from dynamixel_sdk_examples/BulkGetItem.srv[0m
[ 43%] [34m[1mGenerating C++ code from dynamixel_sdk_examples/SyncGetPosition.srv[0m
[ 46%] [34m[1mGenerating C++ code from dynamixel_sdk_examples/GetPosition.srv[0m
make[2]: warning:  Clock skew detected.  Your build may be incomplete.
[ 46%] Built target dynamixel_sdk_examples_generate_messages_eus
[35m[1mScanning dependencies of target roscpp_generate_messages_cpp[0m
[ 46%] Built target roscpp_generate_messages_cpp
[35m[1mScanning dependencies of target dynamixel_sdk_examples_generate_messages_lisp[0m
make[2]: Warning: File '/opt/ros/melodic/lib/genlisp/gen_lisp.py' has modification time 73713620 s in the future
[ 48%] [34m[1mGenerating Lisp code from dynamixel_sdk_examples/BulkSetItem.msg[0m
[ 51%] [34m[1mGenerating Lisp code from dynamixel_sdk_examples/SyncSetPosition.msg[0m
make[2]: warning:  Clock skew detected.  Your build may be incomplete.
[ 53%] [34m[1mGenerating Lisp code from dynamixel_sdk_examples/SetPosition.msg[0m
[ 53%] Built target dynamixel_sdk_examples_generate_messages_cpp
[ 56%] [34m[1mGenerating Lisp code from dynamixel_sdk_examples/BulkGetItem.srv[0m
[35m[1mScanning dependencies of target dynamixel_sdk_examples_generate_messages_py[0m
make[2]: Warning: File '/opt/ros/melodic/lib/genpy/genmsg_py.py' has modification time 73713751 s in the future
[ 58%] [34m[1mGenerating Python from MSG dynamixel_sdk_examples/BulkSetItem[0m
[ 60%] [34m[1mGenerating Lisp code from dynamixel_sdk_examples/SyncGetPosition.srv[0m
[ 63%] [34m[1mGenerating Lisp code from dynamixel_sdk_examples/GetPosition.srv[0m
make[2]: warning:  Clock skew detected.  Your build may be incomplete.
[ 63%] Built target dynamixel_sdk_examples_generate_messages_lisp
[ 65%] [34m[1mGenerating Python from MSG dynamixel_sdk_examples/SyncSetPosition[0m
[ 68%] [34m[1mGenerating Python from MSG dynamixel_sdk_examples/SetPosition[0m
[ 70%] [34m[1mGenerating Python code from SRV dynamixel_sdk_examples/BulkGetItem[0m
[ 73%] [34m[1mGenerating Python code from SRV dynamixel_sdk_examples/SyncGetPosition[0m
[ 75%] [34m[1mGenerating Python code from SRV dynamixel_sdk_examples/GetPosition[0m
[ 78%] [34m[1mGenerating Python msg __init__.py for dynamixel_sdk_examples[0m
[ 80%] [34m[1mGenerating Python srv __init__.py for dynamixel_sdk_examples[0m
make[2]: warning:  Clock skew detected.  Your build may be incomplete.
[ 80%] Built target dynamixel_sdk_examples_generate_messages_py
[35m[1mScanning dependencies of target indirect_address_node[0m
make[2]: Warning: File '/home/husarion/catkin_ws/devel/.private/roscpp/include/ros/common.h' has modification time 123729036 s in the future
[ 82%] [32mBuilding CXX object CMakeFiles/indirect_address_node.dir/src/indirect_address_node.cpp.o[0m
[ 85%] [32m[1mLinking CXX executable /home/husarion/catkin_dynamixel/devel/.private/dynamixel_sdk_examples/lib/dynamixel_sdk_examples/indirect_address_node[0m
make[2]: warning:  Clock skew detected.  Your build may be incomplete.
[ 85%] Built target indirect_address_node
[35m[1mScanning dependencies of target sync_read_write_node[0m
make[2]: Warning: File '/home/husarion/catkin_ws/devel/.private/roscpp/include/ros/common.h' has modification time 123729028 s in the future
[ 87%] [32mBuilding CXX object CMakeFiles/sync_read_write_node.dir/src/sync_read_write_node.cpp.o[0m
[ 90%] [32m[1mLinking CXX executable /home/husarion/catkin_dynamixel/devel/.private/dynamixel_sdk_examples/lib/dynamixel_sdk_examples/sync_read_write_node[0m
make[2]: warning:  Clock skew detected.  Your build may be incomplete.
[ 90%] Built target sync_read_write_node
[35m[1mScanning dependencies of target read_write_node[0m
make[2]: Warning: File '/home/husarion/catkin_ws/devel/.private/roscpp/include/ros/common.h' has modification time 123729020 s in the future
[ 92%] [32mBuilding CXX object CMakeFiles/read_write_node.dir/src/read_write_node.cpp.o[0m
[ 95%] [32m[1mLinking CXX executable /home/husarion/catkin_dynamixel/devel/.private/dynamixel_sdk_examples/lib/dynamixel_sdk_examples/read_write_node[0m
[35m[1mScanning dependencies of target dynamixel_sdk_examples_generate_messages[0m
[ 95%] Built target dynamixel_sdk_examples_generate_messages
[35m[1mScanning dependencies of target bulk_read_write_node[0m
make[2]: Warning: File '/home/husarion/catkin_ws/devel/.private/roscpp/include/ros/common.h' has modification time 123729013 s in the future
[ 97%] [32mBuilding CXX object CMakeFiles/bulk_read_write_node.dir/src/bulk_read_write_node.cpp.o[0m
make[2]: warning:  Clock skew detected.  Your build may be incomplete.
[ 97%] Built target read_write_node
[100%] [32m[1mLinking CXX executable /home/husarion/catkin_dynamixel/devel/.private/dynamixel_sdk_examples/lib/dynamixel_sdk_examples/bulk_read_write_node[0m
make[2]: warning:  Clock skew detected.  Your build may be incomplete.
[100%] Built target bulk_read_write_node
