Determining if the pthread_create exist failed with the following output:
Change Dir: /home/husarion/catkin_ws/build/rosbag_storage/CMakeFiles/CMakeTmp

Run Build Command:"/usr/bin/make" "cmTC_7ca50/fast"
/usr/bin/make -f CMakeFiles/cmTC_7ca50.dir/build.make CMakeFiles/cmTC_7ca50.dir/build
make[1]: Entering directory '/home/husarion/catkin_ws/build/rosbag_storage/CMakeFiles/CMakeTmp'
Building C object CMakeFiles/cmTC_7ca50.dir/CheckSymbolExists.c.o
/usr/bin/cc    -o CMakeFiles/cmTC_7ca50.dir/CheckSymbolExists.c.o   -c /home/husarion/catkin_ws/build/rosbag_storage/CMakeFiles/CMakeTmp/CheckSymbolExists.c
Linking C executable cmTC_7ca50
/usr/bin/cmake -E cmake_link_script CMakeFiles/cmTC_7ca50.dir/link.txt --verbose=1
/usr/bin/cc      -rdynamic CMakeFiles/cmTC_7ca50.dir/CheckSymbolExists.c.o  -o cmTC_7ca50 
CMakeFiles/cmTC_7ca50.dir/CheckSymbolExists.c.o: In function `main':
CheckSymbolExists.c:(.text+0x2c): undefined reference to `pthread_create'
collect2: error: ld returned 1 exit status
CMakeFiles/cmTC_7ca50.dir/build.make:97: recipe for target 'cmTC_7ca50' failed
make[1]: *** [cmTC_7ca50] Error 1
make[1]: Leaving directory '/home/husarion/catkin_ws/build/rosbag_storage/CMakeFiles/CMakeTmp'
Makefile:126: recipe for target 'cmTC_7ca50/fast' failed
make: *** [cmTC_7ca50/fast] Error 2

File /home/husarion/catkin_ws/build/rosbag_storage/CMakeFiles/CMakeTmp/CheckSymbolExists.c:
/* */
#include <pthread.h>

int main(int argc, char** argv)
{
  (void)argv;
#ifndef pthread_create
  return ((int*)(&pthread_create))[argc];
#else
  (void)argc;
  return 0;
#endif
}

Determining if the function pthread_create exists in the pthreads failed with the following output:
Change Dir: /home/husarion/catkin_ws/build/rosbag_storage/CMakeFiles/CMakeTmp

Run Build Command:"/usr/bin/make" "cmTC_e7a9a/fast"
/usr/bin/make -f CMakeFiles/cmTC_e7a9a.dir/build.make CMakeFiles/cmTC_e7a9a.dir/build
make[1]: Entering directory '/home/husarion/catkin_ws/build/rosbag_storage/CMakeFiles/CMakeTmp'
Building C object CMakeFiles/cmTC_e7a9a.dir/CheckFunctionExists.c.o
/usr/bin/cc   -DCHECK_FUNCTION_EXISTS=pthread_create   -o CMakeFiles/cmTC_e7a9a.dir/CheckFunctionExists.c.o   -c /usr/share/cmake-3.10/Modules/CheckFunctionExists.c
Linking C executable cmTC_e7a9a
/usr/bin/cmake -E cmake_link_script CMakeFiles/cmTC_e7a9a.dir/link.txt --verbose=1
/usr/bin/cc  -DCHECK_FUNCTION_EXISTS=pthread_create    -rdynamic CMakeFiles/cmTC_e7a9a.dir/CheckFunctionExists.c.o  -o cmTC_e7a9a -lpthreads 
/usr/bin/ld: cannot find -lpthreads
collect2: error: ld returned 1 exit status
CMakeFiles/cmTC_e7a9a.dir/build.make:97: recipe for target 'cmTC_e7a9a' failed
make[1]: *** [cmTC_e7a9a] Error 1
make[1]: Leaving directory '/home/husarion/catkin_ws/build/rosbag_storage/CMakeFiles/CMakeTmp'
Makefile:126: recipe for target 'cmTC_e7a9a/fast' failed
make: *** [cmTC_e7a9a/fast] Error 2


