[01m[K/home/husarion/catkin_ws/src/mavros_controllers/geometric_controller/src/geometric_controller.cpp:[m[K In member function '[01m[Kvoid geometricCtrl::appendPoseHistory()[m[K':
[01m[K/home/husarion/catkin_ws/src/mavros_controllers/geometric_controller/src/geometric_controller.cpp:352:29:[m[K [01;36m[Knote: [m[Kparameter passing for argument of type '[01m[Kstd::vector<geometry_msgs::PoseStamped_<std::allocator<void> > >::const_iterator {aka __gnu_cxx::__normal_iterator<const geometry_msgs::PoseStamped_<std::allocator<void> >*, std::vector<geometry_msgs::PoseStamped_<std::allocator<void> > > >}[m[K' changed in GCC 7.1
   [01;36m[Kposehistory_vector_.insert(posehistory_vector_.begin(), vector3d2PoseStampedMsg(mavPos_, mavAtt_))[m[K;
   [01;36m[K~~~~~~~~~~~~~~~~~~~~~~~~~~^~~~~~~~~~~~~~~~~~~~~~~~~~~~~~~~~~~~~~~~~~~~~~~~~~~~~~~~~~~~~~~~~~~~~~~~[m[K
In file included from [01m[K/usr/include/c++/7/vector:64:0[m[K,
                 from [01m[K/usr/include/boost/math/special_functions/math_fwd.hpp:26[m[K,
                 from [01m[K/usr/include/boost/math/special_functions/round.hpp:15[m[K,
                 from [01m[K/opt/ros/melodic/include/ros/time.h:58[m[K,
                 from [01m[K/home/husarion/catkin_ws/src/ros_comm/clients/roscpp/include/ros/ros.h:38[m[K,
                 from [01m[K/home/husarion/catkin_ws/src/mavros_controllers/geometric_controller/include/geometric_controller/geometric_controller.h:44[m[K,
                 from [01m[K/home/husarion/catkin_ws/src/mavros_controllers/geometric_controller/src/geometric_controller.cpp:41[m[K:
[01m[K/usr/include/c++/7/bits/stl_vector.h:[m[K In copy constructor '[01m[Kstd::vector<_Tp, _Alloc>::vector(const std::vector<_Tp, _Alloc>&) [with _Tp = geometry_msgs::Transform_<std::allocator<void> >; _Alloc = std::allocator<geometry_msgs::Transform_<std::allocator<void> > >][m[K':
[01m[K/usr/include/c++/7/bits/stl_vector.h:331:31:[m[K [01;36m[Knote: [m[Kparameter passing for argument of type '[01m[K__gnu_cxx::__normal_iterator<const geometry_msgs::Transform_<std::allocator<void> >*, std::vector<geometry_msgs::Transform_<std::allocator<void> >, std::allocator<geometry_msgs::Transform_<std::allocator<void> > > > >[m[K' changed in GCC 7.1
    [01;36m[Kstd::__uninitialized_copy_a(__x.begin(), __x.end(),[m[K
    [01;36m[K~~~~~~~~~~~~~~~~~~~~~~~~~~~^~~~~~~~~~~~~~~~~~~~~~~~[m[K
 [01;36m[K          this->_M_impl._M_start,[m[K
           [01;36m[K~~~~~~~~~~~~~~~~~~~~~~~[m[K
 [01;36m[K          _M_get_Tp_allocator())[m[K;
           [01;36m[K~~~~~~~~~~~~~~~~~~~~~~[m[K
[01m[K/usr/include/c++/7/bits/stl_vector.h:[m[K In copy constructor '[01m[Kstd::vector<_Tp, _Alloc>::vector(const std::vector<_Tp, _Alloc>&) [with _Tp = geometry_msgs::Twist_<std::allocator<void> >; _Alloc = std::allocator<geometry_msgs::Twist_<std::allocator<void> > >][m[K':
[01m[K/usr/include/c++/7/bits/stl_vector.h:331:31:[m[K [01;36m[Knote: [m[Kparameter passing for argument of type '[01m[K__gnu_cxx::__normal_iterator<const geometry_msgs::Twist_<std::allocator<void> >*, std::vector<geometry_msgs::Twist_<std::allocator<void> >, std::allocator<geometry_msgs::Twist_<std::allocator<void> > > > >[m[K' changed in GCC 7.1
    [01;36m[Kstd::__uninitialized_copy_a(__x.begin(), __x.end(),[m[K
    [01;36m[K~~~~~~~~~~~~~~~~~~~~~~~~~~~^~~~~~~~~~~~~~~~~~~~~~~~[m[K
 [01;36m[K          this->_M_impl._M_start,[m[K
           [01;36m[K~~~~~~~~~~~~~~~~~~~~~~~[m[K
 [01;36m[K          _M_get_Tp_allocator())[m[K;
           [01;36m[K~~~~~~~~~~~~~~~~~~~~~~[m[K
In file included from [01m[K/usr/include/c++/7/vector:69:0[m[K,
                 from [01m[K/usr/include/boost/math/special_functions/math_fwd.hpp:26[m[K,
                 from [01m[K/usr/include/boost/math/special_functions/round.hpp:15[m[K,
                 from [01m[K/opt/ros/melodic/include/ros/time.h:58[m[K,
                 from [01m[K/home/husarion/catkin_ws/src/ros_comm/clients/roscpp/include/ros/ros.h:38[m[K,
                 from [01m[K/home/husarion/catkin_ws/src/mavros_controllers/geometric_controller/include/geometric_controller/geometric_controller.h:44[m[K,
                 from [01m[K/home/husarion/catkin_ws/src/mavros_controllers/geometric_controller/src/geometric_controller.cpp:41[m[K:
[01m[K/usr/include/c++/7/bits/vector.tcc:[m[K In member function '[01m[Kstd::vector<_Tp, _Alloc>& std::vector<_Tp, _Alloc>::operator=(const std::vector<_Tp, _Alloc>&) [with _Tp = geometry_msgs::PoseStamped_<std::allocator<void> >; _Alloc = std::allocator<geometry_msgs::PoseStamped_<std::allocator<void> > >][m[K':
[01m[K/usr/include/c++/7/bits/vector.tcc:206:16:[m[K [01;36m[Knote: [m[Kparameter passing for argument of type '[01m[K__gnu_cxx::__normal_iterator<const geometry_msgs::PoseStamped_<std::allocator<void> >*, std::vector<geometry_msgs::PoseStamped_<std::allocator<void> > > >[m[K' changed in GCC 7.1
        pointer [01;36m[K__tmp[m[K = _M_allocate_and_copy(__xlen, __x.begin(),
                [01;36m[K^~~~~[m[K
[01m[K/usr/include/c++/7/bits/vector.tcc:218:21:[m[K [01;36m[Knote: [m[Kparameter passing for argument of type '[01m[K__gnu_cxx::__normal_iterator<const geometry_msgs::PoseStamped_<std::allocator<void> >*, std::vector<geometry_msgs::PoseStamped_<std::allocator<void> > > >[m[K' changed in GCC 7.1
        [01;36m[Kstd::_Destroy(std::copy(__x.begin(), __x.end(), begin()),[m[K
        [01;36m[K~~~~~~~~~~~~~^~~~~~~~~~~~~~~~~~~~~~~~~~~~~~~~~~~~~~~~~~~~[m[K
 [01;36m[K       end(), _M_get_Tp_allocator())[m[K;
        [01;36m[K~~~~~~~~~~~~~~~~~~~~~~~~~~~~~[m[K
[01m[K/usr/include/c++/7/bits/vector.tcc:218:21:[m[K [01;36m[Knote: [m[Kparameter passing for argument of type '[01m[K__gnu_cxx::__normal_iterator<geometry_msgs::PoseStamped_<std::allocator<void> >*, std::vector<geometry_msgs::PoseStamped_<std::allocator<void> > > >[m[K' changed in GCC 7.1
In file included from [01m[K/usr/include/c++/7/vector:64:0[m[K,
                 from [01m[K/usr/include/boost/math/special_functions/math_fwd.hpp:26[m[K,
                 from [01m[K/usr/include/boost/math/special_functions/round.hpp:15[m[K,
                 from [01m[K/opt/ros/melodic/include/ros/time.h:58[m[K,
                 from [01m[K/home/husarion/catkin_ws/src/ros_comm/clients/roscpp/include/ros/ros.h:38[m[K,
                 from [01m[K/home/husarion/catkin_ws/src/mavros_controllers/geometric_controller/include/geometric_controller/geometric_controller.h:44[m[K,
                 from [01m[K/home/husarion/catkin_ws/src/mavros_controllers/geometric_controller/src/geometric_controller.cpp:41[m[K:
[01m[K/usr/include/c++/7/bits/stl_vector.h:[m[K In member function '[01m[Kstd::vector<_Tp, _Alloc>::iterator std::vector<_Tp, _Alloc>::insert(std::vector<_Tp, _Alloc>::const_iterator, std::vector<_Tp, _Alloc>::value_type&&) [with _Tp = geometry_msgs::PoseStamped_<std::allocator<void> >; _Alloc = std::allocator<geometry_msgs::PoseStamped_<std::allocator<void> > >][m[K':
[01m[K/usr/include/c++/7/bits/stl_vector.h:1042:7:[m[K [01;36m[Knote: [m[Kparameter passing for argument of type '[01m[Kstd::vector<geometry_msgs::PoseStamped_<std::allocator<void> > >::const_iterator {aka __gnu_cxx::__normal_iterator<const geometry_msgs::PoseStamped_<std::allocator<void> >*, std::vector<geometry_msgs::PoseStamped_<std::allocator<void> > > >}[m[K' changed in GCC 7.1
       [01;36m[Kinsert[m[K(const_iterator __position, value_type&& __x)
       [01;36m[K^~~~~~[m[K
[01m[K/usr/include/c++/7/bits/stl_vector.h:1043:57:[m[K [01;36m[Knote: [m[Kparameter passing for argument of type '[01m[Kstd::vector<geometry_msgs::PoseStamped_<std::allocator<void> > >::const_iterator {aka __gnu_cxx::__normal_iterator<const geometry_msgs::PoseStamped_<std::allocator<void> >*, std::vector<geometry_msgs::PoseStamped_<std::allocator<void> > > >}[m[K' changed in GCC 7.1
       { return _M_insert_rval(__position, std::move(__x)[01;36m[K)[m[K; }
                                                         [01;36m[K^[m[K
In file included from [01m[K/usr/include/c++/7/vector:63:0[m[K,
                 from [01m[K/usr/include/boost/math/special_functions/math_fwd.hpp:26[m[K,
                 from [01m[K/usr/include/boost/math/special_functions/round.hpp:15[m[K,
                 from [01m[K/opt/ros/melodic/include/ros/time.h:58[m[K,
                 from [01m[K/home/husarion/catkin_ws/src/ros_comm/clients/roscpp/include/ros/ros.h:38[m[K,
                 from [01m[K/home/husarion/catkin_ws/src/mavros_controllers/geometric_controller/include/geometric_controller/geometric_controller.h:44[m[K,
                 from [01m[K/home/husarion/catkin_ws/src/mavros_controllers/geometric_controller/src/geometric_controller.cpp:41[m[K:
[01m[K/usr/include/c++/7/bits/stl_uninitialized.h:[m[K In function '[01m[K_ForwardIterator std::__uninitialized_copy_a(_InputIterator, _InputIterator, _ForwardIterator, std::allocator<_Tp>&) [with _InputIterator = __gnu_cxx::__normal_iterator<const geometry_msgs::Transform_<std::allocator<void> >*, std::vector<geometry_msgs::Transform_<std::allocator<void> >, std::allocator<geometry_msgs::Transform_<std::allocator<void> > > > >; _ForwardIterator = geometry_msgs::Transform_<std::allocator<void> >*; _Tp = geometry_msgs::Transform_<std::allocator<void> >][m[K':
[01m[K/usr/include/c++/7/bits/stl_uninitialized.h:287:5:[m[K [01;36m[Knote: [m[Kparameter passing for argument of type '[01m[K__gnu_cxx::__normal_iterator<const geometry_msgs::Transform_<std::allocator<void> >*, std::vector<geometry_msgs::Transform_<std::allocator<void> >, std::allocator<geometry_msgs::Transform_<std::allocator<void> > > > >[m[K' changed in GCC 7.1
     [01;36m[K__uninitialized_copy_a[m[K(_InputIterator __first, _InputIterator __last,
     [01;36m[K^~~~~~~~~~~~~~~~~~~~~~[m[K
[01m[K/usr/include/c++/7/bits/stl_uninitialized.h:287:5:[m[K [01;36m[Knote: [m[Kparameter passing for argument of type '[01m[K__gnu_cxx::__normal_iterator<const geometry_msgs::Transform_<std::allocator<void> >*, std::vector<geometry_msgs::Transform_<std::allocator<void> >, std::allocator<geometry_msgs::Transform_<std::allocator<void> > > > >[m[K' changed in GCC 7.1
[01m[K/usr/include/c++/7/bits/stl_uninitialized.h:289:63:[m[K [01;36m[Knote: [m[Kparameter passing for argument of type '[01m[K__gnu_cxx::__normal_iterator<const geometry_msgs::Transform_<std::allocator<void> >*, std::vector<geometry_msgs::Transform_<std::allocator<void> >, std::allocator<geometry_msgs::Transform_<std::allocator<void> > > > >[m[K' changed in GCC 7.1
     { return std::uninitialized_copy(__first, __last, __result[01;36m[K)[m[K; }
                                                               [01;36m[K^[m[K
[01m[K/usr/include/c++/7/bits/stl_uninitialized.h:[m[K In function '[01m[K_ForwardIterator std::__uninitialized_copy_a(_InputIterator, _InputIterator, _ForwardIterator, std::allocator<_Tp>&) [with _InputIterator = __gnu_cxx::__normal_iterator<const geometry_msgs::Twist_<std::allocator<void> >*, std::vector<geometry_msgs::Twist_<std::allocator<void> >, std::allocator<geometry_msgs::Twist_<std::allocator<void> > > > >; _ForwardIterator = geometry_msgs::Twist_<std::allocator<void> >*; _Tp = geometry_msgs::Twist_<std::allocator<void> >][m[K':
[01m[K/usr/include/c++/7/bits/stl_uninitialized.h:287:5:[m[K [01;36m[Knote: [m[Kparameter passing for argument of type '[01m[K__gnu_cxx::__normal_iterator<const geometry_msgs::Twist_<std::allocator<void> >*, std::vector<geometry_msgs::Twist_<std::allocator<void> >, std::allocator<geometry_msgs::Twist_<std::allocator<void> > > > >[m[K' changed in GCC 7.1
     [01;36m[K__uninitialized_copy_a[m[K(_InputIterator __first, _InputIterator __last,
     [01;36m[K^~~~~~~~~~~~~~~~~~~~~~[m[K
[01m[K/usr/include/c++/7/bits/stl_uninitialized.h:287:5:[m[K [01;36m[Knote: [m[Kparameter passing for argument of type '[01m[K__gnu_cxx::__normal_iterator<const geometry_msgs::Twist_<std::allocator<void> >*, std::vector<geometry_msgs::Twist_<std::allocator<void> >, std::allocator<geometry_msgs::Twist_<std::allocator<void> > > > >[m[K' changed in GCC 7.1
[01m[K/usr/include/c++/7/bits/stl_uninitialized.h:289:63:[m[K [01;36m[Knote: [m[Kparameter passing for argument of type '[01m[K__gnu_cxx::__normal_iterator<const geometry_msgs::Twist_<std::allocator<void> >*, std::vector<geometry_msgs::Twist_<std::allocator<void> >, std::allocator<geometry_msgs::Twist_<std::allocator<void> > > > >[m[K' changed in GCC 7.1
     { return std::uninitialized_copy(__first, __last, __result[01;36m[K)[m[K; }
                                                               [01;36m[K^[m[K
In file included from [01m[K/usr/include/boost/bind.hpp:22:0[m[K,
                 from [01m[K/home/husarion/catkin_ws/src/ros_comm/clients/roscpp/include/ros/publisher.h:35[m[K,
                 from [01m[K/home/husarion/catkin_ws/src/ros_comm/clients/roscpp/include/ros/node_handle.h:32[m[K,
                 from [01m[K/home/husarion/catkin_ws/src/ros_comm/clients/roscpp/include/ros/ros.h:45[m[K,
                 from [01m[K/home/husarion/catkin_ws/src/mavros_controllers/geometric_controller/include/geometric_controller/geometric_controller.h:44[m[K,
                 from [01m[K/home/husarion/catkin_ws/src/mavros_controllers/geometric_controller/src/geometric_controller.cpp:41[m[K:
[01m[K/usr/include/boost/bind/bind_cc.hpp:[m[K In function '[01m[Kboost::_bi::bind_t<R, R (*)(B1), typename boost::_bi::list_av_1<A1>::type> boost::bind(R (*)(B1), A1) [with R = ros::SerializedMessage; B1 = const geometry_msgs::PoseStamped_<std::allocator<void> >&; A1 = boost::reference_wrapper<const geometry_msgs::PoseStamped_<std::allocator<void> > >][m[K':
[01m[K/usr/include/boost/bind/bind_cc.hpp:26:5:[m[K [01;36m[Knote: [m[Kparameter passing for argument of type '[01m[Kboost::reference_wrapper<const geometry_msgs::PoseStamped_<std::allocator<void> > >[m[K' changed in GCC 7.1
     [01;36m[KB[m[KOOST_BIND(BOOST_BIND_ST R (BOOST_BIND_CC *f) (B1), A1 a1)
     [01;36m[K^[m[K
In file included from [01m[K/usr/include/boost/bind/bind.hpp:2126:0[m[K,
                 from [01m[K/usr/include/boost/bind.hpp:22[m[K,
                 from [01m[K/home/husarion/catkin_ws/src/ros_comm/clients/roscpp/include/ros/publisher.h:35[m[K,
                 from [01m[K/home/husarion/catkin_ws/src/ros_comm/clients/roscpp/include/ros/node_handle.h:32[m[K,
                 from [01m[K/home/husarion/catkin_ws/src/ros_comm/clients/roscpp/include/ros/ros.h:45[m[K,
                 from [01m[K/home/husarion/catkin_ws/src/mavros_controllers/geometric_controller/include/geometric_controller/geometric_controller.h:44[m[K,
                 from [01m[K/home/husarion/catkin_ws/src/mavros_controllers/geometric_controller/src/geometric_controller.cpp:41[m[K:
[01m[K/usr/include/boost/bind/bind_cc.hpp:30:58:[m[K [01;36m[Knote: [m[Kparameter passing for argument of type '[01m[Kboost::reference_wrapper<const geometry_msgs::PoseStamped_<std::allocator<void> > >[m[K' changed in GCC 7.1
     return _bi::bind_t<R, F, list_type> (f, list_type(a1)[01;36m[K)[m[K;
                                                          [01;36m[K^[m[K
In file included from [01m[K/usr/include/boost/bind.hpp:22:0[m[K,
                 from [01m[K/home/husarion/catkin_ws/src/ros_comm/clients/roscpp/include/ros/publisher.h:35[m[K,
                 from [01m[K/home/husarion/catkin_ws/src/ros_comm/clients/roscpp/include/ros/node_handle.h:32[m[K,
                 from [01m[K/home/husarion/catkin_ws/src/ros_comm/clients/roscpp/include/ros/ros.h:45[m[K,
                 from [01m[K/home/husarion/catkin_ws/src/mavros_controllers/geometric_controller/include/geometric_controller/geometric_controller.h:44[m[K,
                 from [01m[K/home/husarion/catkin_ws/src/mavros_controllers/geometric_controller/src/geometric_controller.cpp:41[m[K:
[01m[K/usr/include/boost/bind/bind_cc.hpp:[m[K In function '[01m[Kboost::_bi::bind_t<R, R (*)(B1), typename boost::_bi::list_av_1<A1>::type> boost::bind(R (*)(B1), A1) [with R = ros::SerializedMessage; B1 = const mavros_msgs::AttitudeTarget_<std::allocator<void> >&; A1 = boost::reference_wrapper<const mavros_msgs::AttitudeTarget_<std::allocator<void> > >][m[K':
[01m[K/usr/include/boost/bind/bind_cc.hpp:26:5:[m[K [01;36m[Knote: [m[Kparameter passing for argument of type '[01m[Kboost::reference_wrapper<const mavros_msgs::AttitudeTarget_<std::allocator<void> > >[m[K' changed in GCC 7.1
     [01;36m[KB[m[KOOST_BIND(BOOST_BIND_ST R (BOOST_BIND_CC *f) (B1), A1 a1)
     [01;36m[K^[m[K
In file included from [01m[K/usr/include/boost/bind/bind.hpp:2126:0[m[K,
                 from [01m[K/usr/include/boost/bind.hpp:22[m[K,
                 from [01m[K/home/husarion/catkin_ws/src/ros_comm/clients/roscpp/include/ros/publisher.h:35[m[K,
                 from [01m[K/home/husarion/catkin_ws/src/ros_comm/clients/roscpp/include/ros/node_handle.h:32[m[K,
                 from [01m[K/home/husarion/catkin_ws/src/ros_comm/clients/roscpp/include/ros/ros.h:45[m[K,
                 from [01m[K/home/husarion/catkin_ws/src/mavros_controllers/geometric_controller/include/geometric_controller/geometric_controller.h:44[m[K,
                 from [01m[K/home/husarion/catkin_ws/src/mavros_controllers/geometric_controller/src/geometric_controller.cpp:41[m[K:
[01m[K/usr/include/boost/bind/bind_cc.hpp:30:58:[m[K [01;36m[Knote: [m[Kparameter passing for argument of type '[01m[Kboost::reference_wrapper<const mavros_msgs::AttitudeTarget_<std::allocator<void> > >[m[K' changed in GCC 7.1
     return _bi::bind_t<R, F, list_type> (f, list_type(a1)[01;36m[K)[m[K;
                                                          [01;36m[K^[m[K
In file included from [01m[K/usr/include/c++/7/vector:64:0[m[K,
                 from [01m[K/usr/include/boost/math/special_functions/math_fwd.hpp:26[m[K,
                 from [01m[K/usr/include/boost/math/special_functions/round.hpp:15[m[K,
                 from [01m[K/opt/ros/melodic/include/ros/time.h:58[m[K,
                 from [01m[K/home/husarion/catkin_ws/src/ros_comm/clients/roscpp/include/ros/ros.h:38[m[K,
                 from [01m[K/home/husarion/catkin_ws/src/mavros_controllers/geometric_controller/include/geometric_controller/geometric_controller.h:44[m[K,
                 from [01m[K/home/husarion/catkin_ws/src/mavros_controllers/geometric_controller/src/geometric_controller.cpp:41[m[K:
[01m[K/usr/include/c++/7/bits/stl_vector.h:[m[K In member function '[01m[Kstd::vector<_Tp, _Alloc>::pointer std::vector<_Tp, _Alloc>::_M_allocate_and_copy(std::vector<_Tp, _Alloc>::size_type, _ForwardIterator, _ForwardIterator) [with _ForwardIterator = __gnu_cxx::__normal_iterator<const geometry_msgs::PoseStamped_<std::allocator<void> >*, std::vector<geometry_msgs::PoseStamped_<std::allocator<void> > > >; _Tp = geometry_msgs::PoseStamped_<std::allocator<void> >; _Alloc = std::allocator<geometry_msgs::PoseStamped_<std::allocator<void> > >][m[K':
[01m[K/usr/include/c++/7/bits/stl_vector.h:1257:2:[m[K [01;36m[Knote: [m[Kparameter passing for argument of type '[01m[K__gnu_cxx::__normal_iterator<const geometry_msgs::PoseStamped_<std::allocator<void> >*, std::vector<geometry_msgs::PoseStamped_<std::allocator<void> > > >[m[K' changed in GCC 7.1
  [01;36m[K_M_allocate_and_copy[m[K(size_type __n,
  [01;36m[K^~~~~~~~~~~~~~~~~~~~[m[K
[01m[K/usr/include/c++/7/bits/stl_vector.h:1257:2:[m[K [01;36m[Knote: [m[Kparameter passing for argument of type '[01m[K__gnu_cxx::__normal_iterator<const geometry_msgs::PoseStamped_<std::allocator<void> >*, std::vector<geometry_msgs::PoseStamped_<std::allocator<void> > > >[m[K' changed in GCC 7.1
[01m[K/usr/include/c++/7/bits/stl_vector.h:1263:35:[m[K [01;36m[Knote: [m[Kparameter passing for argument of type '[01m[K__gnu_cxx::__normal_iterator<const geometry_msgs::PoseStamped_<std::allocator<void> >*, std::vector<geometry_msgs::PoseStamped_<std::allocator<void> > > >[m[K' changed in GCC 7.1
        [01;36m[Kstd::__uninitialized_copy_a(__first, __last, __result,[m[K
        [01;36m[K~~~~~~~~~~~~~~~~~~~~~~~~~~~^~~~~~~~~~~~~~~~~~~~~~~~~~~[m[K
 [01;36m[K       _M_get_Tp_allocator())[m[K;
        [01;36m[K~~~~~~~~~~~~~~~~~~~~~~[m[K      
In file included from [01m[K/usr/include/c++/7/bits/char_traits.h:39:0[m[K,
                 from [01m[K/usr/include/c++/7/string:40[m[K,
                 from [01m[K/opt/ros/melodic/include/ros/platform.h:38[m[K,
                 from [01m[K/opt/ros/melodic/include/ros/time.h:53[m[K,
                 from [01m[K/home/husarion/catkin_ws/src/ros_comm/clients/roscpp/include/ros/ros.h:38[m[K,
                 from [01m[K/home/husarion/catkin_ws/src/mavros_controllers/geometric_controller/include/geometric_controller/geometric_controller.h:44[m[K,
                 from [01m[K/home/husarion/catkin_ws/src/mavros_controllers/geometric_controller/src/geometric_controller.cpp:41[m[K:
[01m[K/usr/include/c++/7/bits/stl_algobase.h:[m[K In function '[01m[K_OI std::copy(_II, _II, _OI) [with _II = __gnu_cxx::__normal_iterator<const geometry_msgs::PoseStamped_<std::allocator<void> >*, std::vector<geometry_msgs::PoseStamped_<std::allocator<void> > > >; _OI = __gnu_cxx::__normal_iterator<geometry_msgs::PoseStamped_<std::allocator<void> >*, std::vector<geometry_msgs::PoseStamped_<std::allocator<void> > > >][m[K':
[01m[K/usr/include/c++/7/bits/stl_algobase.h:446:5:[m[K [01;36m[Knote: [m[Kparameter passing for argument of type '[01m[K__gnu_cxx::__normal_iterator<const geometry_msgs::PoseStamped_<std::allocator<void> >*, std::vector<geometry_msgs::PoseStamped_<std::allocator<void> > > >[m[K' changed in GCC 7.1
     [01;36m[Kcopy[m[K(_II __first, _II __last, _OI __result)
     [01;36m[K^~~~[m[K
[01m[K/usr/include/c++/7/bits/stl_algobase.h:446:5:[m[K [01;36m[Knote: [m[Kparameter passing for argument of type '[01m[K__gnu_cxx::__normal_iterator<const geometry_msgs::PoseStamped_<std::allocator<void> >*, std::vector<geometry_msgs::PoseStamped_<std::allocator<void> > > >[m[K' changed in GCC 7.1
[01m[K/usr/include/c++/7/bits/stl_algobase.h:446:5:[m[K [01;36m[Knote: [m[Kparameter passing for argument of type '[01m[K__gnu_cxx::__normal_iterator<geometry_msgs::PoseStamped_<std::allocator<void> >*, std::vector<geometry_msgs::PoseStamped_<std::allocator<void> > > >[m[K' changed in GCC 7.1
[01m[K/usr/include/c++/7/bits/stl_algobase.h:456:18:[m[K [01;36m[Knote: [m[Kparameter passing for argument of type '[01m[K__gnu_cxx::__normal_iterator<const geometry_msgs::PoseStamped_<std::allocator<void> >*, std::vector<geometry_msgs::PoseStamped_<std::allocator<void> > > >[m[K' changed in GCC 7.1
         __result)[01;36m[K)[m[K;
                  [01;36m[K^[m[K
In file included from [01m[K/usr/include/c++/7/bits/stl_tempbuf.h:60:0[m[K,
                 from [01m[K/usr/include/c++/7/bits/stl_algo.h:62[m[K,
                 from [01m[K/usr/include/c++/7/algorithm:62[m[K,
                 from [01m[K/usr/include/boost/math/tools/config.hpp:18[m[K,
                 from [01m[K/usr/include/boost/math/special_functions/round.hpp:13[m[K,
                 from [01m[K/opt/ros/melodic/include/ros/time.h:58[m[K,
                 from [01m[K/home/husarion/catkin_ws/src/ros_comm/clients/roscpp/include/ros/ros.h:38[m[K,
                 from [01m[K/home/husarion/catkin_ws/src/mavros_controllers/geometric_controller/include/geometric_controller/geometric_controller.h:44[m[K,
                 from [01m[K/home/husarion/catkin_ws/src/mavros_controllers/geometric_controller/src/geometric_controller.cpp:41[m[K:
[01m[K/usr/include/c++/7/bits/stl_construct.h:[m[K In function '[01m[Kvoid std::_Destroy(_ForwardIterator, _ForwardIterator, std::allocator<_T2>&) [with _ForwardIterator = __gnu_cxx::__normal_iterator<geometry_msgs::PoseStamped_<std::allocator<void> >*, std::vector<geometry_msgs::PoseStamped_<std::allocator<void> > > >; _Tp = geometry_msgs::PoseStamped_<std::allocator<void> >][m[K':
[01m[K/usr/include/c++/7/bits/stl_construct.h:203:5:[m[K [01;36m[Knote: [m[Kparameter passing for argument of type '[01m[K__gnu_cxx::__normal_iterator<geometry_msgs::PoseStamped_<std::allocator<void> >*, std::vector<geometry_msgs::PoseStamped_<std::allocator<void> > > >[m[K' changed in GCC 7.1
     [01;36m[K_Destroy[m[K(_ForwardIterator __first, _ForwardIterator __last,
     [01;36m[K^~~~~~~~[m[K
[01m[K/usr/include/c++/7/bits/stl_construct.h:203:5:[m[K [01;36m[Knote: [m[Kparameter passing for argument of type '[01m[K__gnu_cxx::__normal_iterator<geometry_msgs::PoseStamped_<std::allocator<void> >*, std::vector<geometry_msgs::PoseStamped_<std::allocator<void> > > >[m[K' changed in GCC 7.1
[01m[K/usr/include/c++/7/bits/stl_construct.h:206:15:[m[K [01;36m[Knote: [m[Kparameter passing for argument of type '[01m[K__gnu_cxx::__normal_iterator<geometry_msgs::PoseStamped_<std::allocator<void> >*, std::vector<geometry_msgs::PoseStamped_<std::allocator<void> > > >[m[K' changed in GCC 7.1
       [01;36m[K_Destroy(__first, __last)[m[K;
       [01;36m[K~~~~~~~~^~~~~~~~~~~~~~~~~[m[K
In file included from [01m[K/usr/include/c++/7/vector:69:0[m[K,
                 from [01m[K/usr/include/boost/math/special_functions/math_fwd.hpp:26[m[K,
                 from [01m[K/usr/include/boost/math/special_functions/round.hpp:15[m[K,
                 from [01m[K/opt/ros/melodic/include/ros/time.h:58[m[K,
                 from [01m[K/home/husarion/catkin_ws/src/ros_comm/clients/roscpp/include/ros/ros.h:38[m[K,
                 from [01m[K/home/husarion/catkin_ws/src/mavros_controllers/geometric_controller/include/geometric_controller/geometric_controller.h:44[m[K,
                 from [01m[K/home/husarion/catkin_ws/src/mavros_controllers/geometric_controller/src/geometric_controller.cpp:41[m[K:
[01m[K/usr/include/c++/7/bits/vector.tcc:[m[K In member function '[01m[Kstd::vector<_Tp, _Alloc>::iterator std::vector<_Tp, _Alloc>::_M_insert_rval(std::vector<_Tp, _Alloc>::const_iterator, std::vector<_Tp, _Alloc>::value_type&&) [with _Tp = geometry_msgs::PoseStamped_<std::allocator<void> >; _Alloc = std::allocator<geometry_msgs::PoseStamped_<std::allocator<void> > >][m[K':
[01m[K/usr/include/c++/7/bits/vector.tcc:313:5:[m[K [01;36m[Knote: [m[Kparameter passing for argument of type '[01m[Kstd::vector<geometry_msgs::PoseStamped_<std::allocator<void> > >::const_iterator {aka __gnu_cxx::__normal_iterator<const geometry_msgs::PoseStamped_<std::allocator<void> >*, std::vector<geometry_msgs::PoseStamped_<std::allocator<void> > > >}[m[K' changed in GCC 7.1
     [01;36m[Kvector<_Tp, _Alloc>[m[K::
     [01;36m[K^~~~~~~~~~~~~~~~~~~[m[K
[01m[K/usr/include/c++/7/bits/vector.tcc:325:17:[m[K [01;36m[Knote: [m[Kparameter passing for argument of type '[01m[K__gnu_cxx::__normal_iterator<geometry_msgs::PoseStamped_<std::allocator<void> >*, std::vector<geometry_msgs::PoseStamped_<std::allocator<void> > > >[m[K' changed in GCC 7.1
    [01;36m[K_M_insert_aux(begin() + __n, std::move(__v))[m[K;
    [01;36m[K~~~~~~~~~~~~~^~~~~~~~~~~~~~~~~~~~~~~~~~~~~~~[m[K
[01m[K/usr/include/c++/7/bits/vector.tcc:327:19:[m[K [01;36m[Knote: [m[Kparameter passing for argument of type '[01m[K__gnu_cxx::__normal_iterator<geometry_msgs::PoseStamped_<std::allocator<void> >*, std::vector<geometry_msgs::PoseStamped_<std::allocator<void> > > >[m[K' changed in GCC 7.1
  [01;36m[K_M_realloc_insert(begin() + __n, std::move(__v))[m[K;
  [01;36m[K~~~~~~~~~~~~~~~~~^~~~~~~~~~~~~~~~~~~~~~~~~~~~~~~[m[K
In file included from [01m[K/usr/include/c++/7/vector:63:0[m[K,
                 from [01m[K/usr/include/boost/math/special_functions/math_fwd.hpp:26[m[K,
                 from [01m[K/usr/include/boost/math/special_functions/round.hpp:15[m[K,
                 from [01m[K/opt/ros/melodic/include/ros/time.h:58[m[K,
                 from [01m[K/home/husarion/catkin_ws/src/ros_comm/clients/roscpp/include/ros/ros.h:38[m[K,
                 from [01m[K/home/husarion/catkin_ws/src/mavros_controllers/geometric_controller/include/geometric_controller/geometric_controller.h:44[m[K,
                 from [01m[K/home/husarion/catkin_ws/src/mavros_controllers/geometric_controller/src/geometric_controller.cpp:41[m[K:
[01m[K/usr/include/c++/7/bits/stl_uninitialized.h:[m[K In function '[01m[K_ForwardIterator std::uninitialized_copy(_InputIterator, _InputIterator, _ForwardIterator) [with _InputIterator = __gnu_cxx::__normal_iterator<const geometry_msgs::Transform_<std::allocator<void> >*, std::vector<geometry_msgs::Transform_<std::allocator<void> >, std::allocator<geometry_msgs::Transform_<std::allocator<void> > > > >; _ForwardIterator = geometry_msgs::Transform_<std::allocator<void> >*][m[K':
[01m[K/usr/include/c++/7/bits/stl_uninitialized.h:115:5:[m[K [01;36m[Knote: [m[Kparameter passing for argument of type '[01m[K__gnu_cxx::__normal_iterator<const geometry_msgs::Transform_<std::allocator<void> >*, std::vector<geometry_msgs::Transform_<std::allocator<void> >, std::allocator<geometry_msgs::Transform_<std::allocator<void> > > > >[m[K' changed in GCC 7.1
     [01;36m[Kuninitialized_copy[m[K(_InputIterator __first, _InputIterator __last,
     [01;36m[K^~~~~~~~~~~~~~~~~~[m[K
[01m[K/usr/include/c++/7/bits/stl_uninitialized.h:115:5:[m[K [01;36m[Knote: [m[Kparameter passing for argument of type '[01m[K__gnu_cxx::__normal_iterator<const geometry_msgs::Transform_<std::allocator<void> >*, std::vector<geometry_msgs::Transform_<std::allocator<void> >, std::allocator<geometry_msgs::Transform_<std::allocator<void> > > > >[m[K' changed in GCC 7.1
[01m[K/usr/include/c++/7/bits/stl_uninitialized.h:134:41:[m[K [01;36m[Knote: [m[Kparameter passing for argument of type '[01m[K__gnu_cxx::__normal_iterator<const geometry_msgs::Transform_<std::allocator<void> >*, std::vector<geometry_msgs::Transform_<std::allocator<void> >, std::allocator<geometry_msgs::Transform_<std::allocator<void> > > > >[m[K' changed in GCC 7.1
  __uninit_copy(__first, __last, __result[01;36m[K)[m[K;
                                         [01;36m[K^[m[K
[01m[K/usr/include/c++/7/bits/stl_uninitialized.h:[m[K In function '[01m[K_ForwardIterator std::uninitialized_copy(_InputIterator, _InputIterator, _ForwardIterator) [with _InputIterator = __gnu_cxx::__normal_iterator<const geometry_msgs::Twist_<std::allocator<void> >*, std::vector<geometry_msgs::Twist_<std::allocator<void> >, std::allocator<geometry_msgs::Twist_<std::allocator<void> > > > >; _ForwardIterator = geometry_msgs::Twist_<std::allocator<void> >*][m[K':
[01m[K/usr/include/c++/7/bits/stl_uninitialized.h:115:5:[m[K [01;36m[Knote: [m[Kparameter passing for argument of type '[01m[K__gnu_cxx::__normal_iterator<const geometry_msgs::Twist_<std::allocator<void> >*, std::vector<geometry_msgs::Twist_<std::allocator<void> >, std::allocator<geometry_msgs::Twist_<std::allocator<void> > > > >[m[K' changed in GCC 7.1
     [01;36m[Kuninitialized_copy[m[K(_InputIterator __first, _InputIterator __last,
     [01;36m[K^~~~~~~~~~~~~~~~~~[m[K
[01m[K/usr/include/c++/7/bits/stl_uninitialized.h:115:5:[m[K [01;36m[Knote: [m[Kparameter passing for argument of type '[01m[K__gnu_cxx::__normal_iterator<const geometry_msgs::Twist_<std::allocator<void> >*, std::vector<geometry_msgs::Twist_<std::allocator<void> >, std::allocator<geometry_msgs::Twist_<std::allocator<void> > > > >[m[K' changed in GCC 7.1
[01m[K/usr/include/c++/7/bits/stl_uninitialized.h:134:41:[m[K [01;36m[Knote: [m[Kparameter passing for argument of type '[01m[K__gnu_cxx::__normal_iterator<const geometry_msgs::Twist_<std::allocator<void> >*, std::vector<geometry_msgs::Twist_<std::allocator<void> >, std::allocator<geometry_msgs::Twist_<std::allocator<void> > > > >[m[K' changed in GCC 7.1
  __uninit_copy(__first, __last, __result[01;36m[K)[m[K;
                                         [01;36m[K^[m[K
In file included from [01m[K/usr/include/boost/bind.hpp:22:0[m[K,
                 from [01m[K/home/husarion/catkin_ws/src/ros_comm/clients/roscpp/include/ros/publisher.h:35[m[K,
                 from [01m[K/home/husarion/catkin_ws/src/ros_comm/clients/roscpp/include/ros/node_handle.h:32[m[K,
                 from [01m[K/home/husarion/catkin_ws/src/ros_comm/clients/roscpp/include/ros/ros.h:45[m[K,
                 from [01m[K/home/husarion/catkin_ws/src/mavros_controllers/geometric_controller/include/geometric_controller/geometric_controller.h:44[m[K,
                 from [01m[K/home/husarion/catkin_ws/src/mavros_controllers/geometric_controller/src/geometric_controller.cpp:41[m[K:
[01m[K/usr/include/boost/bind/bind.hpp:[m[K In constructor '[01m[Kboost::_bi::list1<A1>::list1(A1) [with A1 = boost::reference_wrapper<const geometry_msgs::PoseStamped_<std::allocator<void> > >][m[K':
[01m[K/usr/include/boost/bind/bind.hpp:231:14:[m[K [01;36m[Knote: [m[Kparameter passing for argument of type '[01m[Kboost::reference_wrapper<const geometry_msgs::PoseStamped_<std::allocator<void> > >[m[K' changed in GCC 7.1
     explicit [01;36m[Klist1[m[K( A1 a1 ): base_type( a1 ) {}
              [01;36m[K^~~~~[m[K
[01m[K/usr/include/boost/bind/bind.hpp:231:44:[m[K [01;36m[Knote: [m[Kparameter passing for argument of type '[01m[Kboost::reference_wrapper<const geometry_msgs::PoseStamped_<std::allocator<void> > >[m[K' changed in GCC 7.1
     explicit list1( A1 a1 ): base_type( a1 [01;36m[K)[m[K {}
                                            [01;36m[K^[m[K
[01m[K/usr/include/boost/bind/bind.hpp:[m[K In constructor '[01m[Kboost::_bi::list1<A1>::list1(A1) [with A1 = boost::reference_wrapper<const mavros_msgs::AttitudeTarget_<std::allocator<void> > >][m[K':
[01m[K/usr/include/boost/bind/bind.hpp:231:14:[m[K [01;36m[Knote: [m[Kparameter passing for argument of type '[01m[Kboost::reference_wrapper<const mavros_msgs::AttitudeTarget_<std::allocator<void> > >[m[K' changed in GCC 7.1
     explicit [01;36m[Klist1[m[K( A1 a1 ): base_type( a1 ) {}
              [01;36m[K^~~~~[m[K
[01m[K/usr/include/boost/bind/bind.hpp:231:44:[m[K [01;36m[Knote: [m[Kparameter passing for argument of type '[01m[Kboost::reference_wrapper<const mavros_msgs::AttitudeTarget_<std::allocator<void> > >[m[K' changed in GCC 7.1
     explicit list1( A1 a1 ): base_type( a1 [01;36m[K)[m[K {}
                                            [01;36m[K^[m[K
In file included from [01m[K/usr/include/c++/7/vector:63:0[m[K,
                 from [01m[K/usr/include/boost/math/special_functions/math_fwd.hpp:26[m[K,
                 from [01m[K/usr/include/boost/math/special_functions/round.hpp:15[m[K,
                 from [01m[K/opt/ros/melodic/include/ros/time.h:58[m[K,
                 from [01m[K/home/husarion/catkin_ws/src/ros_comm/clients/roscpp/include/ros/ros.h:38[m[K,
                 from [01m[K/home/husarion/catkin_ws/src/mavros_controllers/geometric_controller/include/geometric_controller/geometric_controller.h:44[m[K,
                 from [01m[K/home/husarion/catkin_ws/src/mavros_controllers/geometric_controller/src/geometric_controller.cpp:41[m[K:
[01m[K/usr/include/c++/7/bits/stl_uninitialized.h:[m[K In function '[01m[K_ForwardIterator std::__uninitialized_copy_a(_InputIterator, _InputIterator, _ForwardIterator, std::allocator<_Tp>&) [with _InputIterator = __gnu_cxx::__normal_iterator<const geometry_msgs::PoseStamped_<std::allocator<void> >*, std::vector<geometry_msgs::PoseStamped_<std::allocator<void> > > >; _ForwardIterator = geometry_msgs::PoseStamped_<std::allocator<void> >*; _Tp = geometry_msgs::PoseStamped_<std::allocator<void> >][m[K':
[01m[K/usr/include/c++/7/bits/stl_uninitialized.h:287:5:[m[K [01;36m[Knote: [m[Kparameter passing for argument of type '[01m[K__gnu_cxx::__normal_iterator<const geometry_msgs::PoseStamped_<std::allocator<void> >*, std::vector<geometry_msgs::PoseStamped_<std::allocator<void> > > >[m[K' changed in GCC 7.1
     [01;36m[K__uninitialized_copy_a[m[K(_InputIterator __first, _InputIterator __last,
     [01;36m[K^~~~~~~~~~~~~~~~~~~~~~[m[K
[01m[K/usr/include/c++/7/bits/stl_uninitialized.h:287:5:[m[K [01;36m[Knote: [m[Kparameter passing for argument of type '[01m[K__gnu_cxx::__normal_iterator<const geometry_msgs::PoseStamped_<std::allocator<void> >*, std::vector<geometry_msgs::PoseStamped_<std::allocator<void> > > >[m[K' changed in GCC 7.1
[01m[K/usr/include/c++/7/bits/stl_uninitialized.h:289:63:[m[K [01;36m[Knote: [m[Kparameter passing for argument of type '[01m[K__gnu_cxx::__normal_iterator<const geometry_msgs::PoseStamped_<std::allocator<void> >*, std::vector<geometry_msgs::PoseStamped_<std::allocator<void> > > >[m[K' changed in GCC 7.1
     { return std::uninitialized_copy(__first, __last, __result[01;36m[K)[m[K; }
                                                               [01;36m[K^[m[K
In file included from [01m[K/usr/include/c++/7/bits/stl_algobase.h:61:0[m[K,
                 from [01m[K/usr/include/c++/7/bits/char_traits.h:39[m[K,
                 from [01m[K/usr/include/c++/7/string:40[m[K,
                 from [01m[K/opt/ros/melodic/include/ros/platform.h:38[m[K,
                 from [01m[K/opt/ros/melodic/include/ros/time.h:53[m[K,
                 from [01m[K/home/husarion/catkin_ws/src/ros_comm/clients/roscpp/include/ros/ros.h:38[m[K,
                 from [01m[K/home/husarion/catkin_ws/src/mavros_controllers/geometric_controller/include/geometric_controller/geometric_controller.h:44[m[K,
                 from [01m[K/home/husarion/catkin_ws/src/mavros_controllers/geometric_controller/src/geometric_controller.cpp:41[m[K:
[01m[K/usr/include/c++/7/bits/cpp_type_traits.h:[m[K In function '[01m[K_Iterator std::__miter_base(_Iterator) [with _Iterator = __gnu_cxx::__normal_iterator<const geometry_msgs::PoseStamped_<std::allocator<void> >*, std::vector<geometry_msgs::PoseStamped_<std::allocator<void> > > >][m[K':
[01m[K/usr/include/c++/7/bits/cpp_type_traits.h:408:5:[m[K [01;36m[Knote: [m[Kparameter passing for argument of type '[01m[K__gnu_cxx::__normal_iterator<const geometry_msgs::PoseStamped_<std::allocator<void> >*, std::vector<geometry_msgs::PoseStamped_<std::allocator<void> > > >[m[K' changed in GCC 7.1
     [01;36m[K__miter_base[m[K(_Iterator __it)
     [01;36m[K^~~~~~~~~~~~[m[K
In file included from [01m[K/usr/include/c++/7/bits/char_traits.h:39:0[m[K,
                 from [01m[K/usr/include/c++/7/string:40[m[K,
                 from [01m[K/opt/ros/melodic/include/ros/platform.h:38[m[K,
                 from [01m[K/opt/ros/melodic/include/ros/time.h:53[m[K,
                 from [01m[K/home/husarion/catkin_ws/src/ros_comm/clients/roscpp/include/ros/ros.h:38[m[K,
                 from [01m[K/home/husarion/catkin_ws/src/mavros_controllers/geometric_controller/include/geometric_controller/geometric_controller.h:44[m[K,
                 from [01m[K/home/husarion/catkin_ws/src/mavros_controllers/geometric_controller/src/geometric_controller.cpp:41[m[K:
[01m[K/usr/include/c++/7/bits/stl_algobase.h:[m[K In function '[01m[K_OI std::__copy_move_a2(_II, _II, _OI) [with bool _IsMove = false; _II = __gnu_cxx::__normal_iterator<const geometry_msgs::PoseStamped_<std::allocator<void> >*, std::vector<geometry_msgs::PoseStamped_<std::allocator<void> > > >; _OI = __gnu_cxx::__normal_iterator<geometry_msgs::PoseStamped_<std::allocator<void> >*, std::vector<geometry_msgs::PoseStamped_<std::allocator<void> > > >][m[K':
[01m[K/usr/include/c++/7/bits/stl_algobase.h:420:5:[m[K [01;36m[Knote: [m[Kparameter passing for argument of type '[01m[K__gnu_cxx::__normal_iterator<const geometry_msgs::PoseStamped_<std::allocator<void> >*, std::vector<geometry_msgs::PoseStamped_<std::allocator<void> > > >[m[K' changed in GCC 7.1
     [01;36m[K__copy_move_a2[m[K(_II __first, _II __last, _OI __result)
     [01;36m[K^~~~~~~~~~~~~~[m[K
[01m[K/usr/include/c++/7/bits/stl_algobase.h:420:5:[m[K [01;36m[Knote: [m[Kparameter passing for argument of type '[01m[K__gnu_cxx::__normal_iterator<const geometry_msgs::PoseStamped_<std::allocator<void> >*, std::vector<geometry_msgs::PoseStamped_<std::allocator<void> > > >[m[K' changed in GCC 7.1
[01m[K/usr/include/c++/7/bits/stl_algobase.h:420:5:[m[K [01;36m[Knote: [m[Kparameter passing for argument of type '[01m[K__gnu_cxx::__normal_iterator<geometry_msgs::PoseStamped_<std::allocator<void> >*, std::vector<geometry_msgs::PoseStamped_<std::allocator<void> > > >[m[K' changed in GCC 7.1
In file included from [01m[K/usr/include/c++/7/bits/stl_tempbuf.h:60:0[m[K,
                 from [01m[K/usr/include/c++/7/bits/stl_algo.h:62[m[K,
                 from [01m[K/usr/include/c++/7/algorithm:62[m[K,
                 from [01m[K/usr/include/boost/math/tools/config.hpp:18[m[K,
                 from [01m[K/usr/include/boost/math/special_functions/round.hpp:13[m[K,
                 from [01m[K/opt/ros/melodic/include/ros/time.h:58[m[K,
                 from [01m[K/home/husarion/catkin_ws/src/ros_comm/clients/roscpp/include/ros/ros.h:38[m[K,
                 from [01m[K/home/husarion/catkin_ws/src/mavros_controllers/geometric_controller/include/geometric_controller/geometric_controller.h:44[m[K,
                 from [01m[K/home/husarion/catkin_ws/src/mavros_controllers/geometric_controller/src/geometric_controller.cpp:41[m[K:
[01m[K/usr/include/c++/7/bits/stl_construct.h:[m[K In function '[01m[Kvoid std::_Destroy(_ForwardIterator, _ForwardIterator) [with _ForwardIterator = __gnu_cxx::__normal_iterator<geometry_msgs::PoseStamped_<std::allocator<void> >*, std::vector<geometry_msgs::PoseStamped_<std::allocator<void> > > >][m[K':
[01m[K/usr/include/c++/7/bits/stl_construct.h:127:5:[m[K [01;36m[Knote: [m[Kparameter passing for argument of type '[01m[K__gnu_cxx::__normal_iterator<geometry_msgs::PoseStamped_<std::allocator<void> >*, std::vector<geometry_msgs::PoseStamped_<std::allocator<void> > > >[m[K' changed in GCC 7.1
     [01;36m[K_Destroy[m[K(_ForwardIterator __first, _ForwardIterator __last)
     [01;36m[K^~~~~~~~[m[K
[01m[K/usr/include/c++/7/bits/stl_construct.h:127:5:[m[K [01;36m[Knote: [m[Kparameter passing for argument of type '[01m[K__gnu_cxx::__normal_iterator<geometry_msgs::PoseStamped_<std::allocator<void> >*, std::vector<geometry_msgs::PoseStamped_<std::allocator<void> > > >[m[K' changed in GCC 7.1
[01m[K/usr/include/c++/7/bits/stl_construct.h:137:11:[m[K [01;36m[Knote: [m[Kparameter passing for argument of type '[01m[K__gnu_cxx::__normal_iterator<geometry_msgs::PoseStamped_<std::allocator<void> >*, std::vector<geometry_msgs::PoseStamped_<std::allocator<void> > > >[m[K' changed in GCC 7.1
       [01;36m[Kstd::_Destroy_aux<__has_trivial_destructor(_Value_type)>::[m[K
       [01;36m[K~~~~~~~~~~~~~~~~~~~~~~~~~~~~~~~~~~~~~~~~~~~~~~~~~~~~~~~~~~[m[K
 [01;36m[K __destroy(__first, __last)[m[K;
  [01;36m[K~~~~~~~~~^~~~~~~~~~~~~~~~~[m[K
In file included from [01m[K/usr/include/c++/7/vector:69:0[m[K,
                 from [01m[K/usr/include/boost/math/special_functions/math_fwd.hpp:26[m[K,
                 from [01m[K/usr/include/boost/math/special_functions/round.hpp:15[m[K,
                 from [01m[K/opt/ros/melodic/include/ros/time.h:58[m[K,
                 from [01m[K/home/husarion/catkin_ws/src/ros_comm/clients/roscpp/include/ros/ros.h:38[m[K,
                 from [01m[K/home/husarion/catkin_ws/src/mavros_controllers/geometric_controller/include/geometric_controller/geometric_controller.h:44[m[K,
                 from [01m[K/home/husarion/catkin_ws/src/mavros_controllers/geometric_controller/src/geometric_controller.cpp:41[m[K:
[01m[K/usr/include/c++/7/bits/vector.tcc:[m[K In member function '[01m[Kvoid std::vector<_Tp, _Alloc>::_M_insert_aux(std::vector<_Tp, _Alloc>::iterator, _Arg&&) [with _Arg = geometry_msgs::PoseStamped_<std::allocator<void> >; _Tp = geometry_msgs::PoseStamped_<std::allocator<void> >; _Alloc = std::allocator<geometry_msgs::PoseStamped_<std::allocator<void> > >][m[K':
[01m[K/usr/include/c++/7/bits/vector.tcc:364:7:[m[K [01;36m[Knote: [m[Kparameter passing for argument of type '[01m[Kstd::vector<geometry_msgs::PoseStamped_<std::allocator<void> > >::iterator {aka __gnu_cxx::__normal_iterator<geometry_msgs::PoseStamped_<std::allocator<void> >*, std::vector<geometry_msgs::PoseStamped_<std::allocator<void> > > >}[m[K' changed in GCC 7.1
       [01;36m[Kvector<_Tp, _Alloc>[m[K::
       [01;36m[K^~~~~~~~~~~~~~~~~~~[m[K
[01m[K/usr/include/c++/7/bits/vector.tcc:[m[K In member function '[01m[Kvoid std::vector<_Tp, _Alloc>::_M_realloc_insert(std::vector<_Tp, _Alloc>::iterator, _Args&& ...) [with _Args = {geometry_msgs::PoseStamped_<std::allocator<void> >}; _Tp = geometry_msgs::PoseStamped_<std::allocator<void> >; _Alloc = std::allocator<geometry_msgs::PoseStamped_<std::allocator<void> > >][m[K':
[01m[K/usr/include/c++/7/bits/vector.tcc:394:7:[m[K [01;36m[Knote: [m[Kparameter passing for argument of type '[01m[Kstd::vector<geometry_msgs::PoseStamped_<std::allocator<void> > >::iterator {aka __gnu_cxx::__normal_iterator<geometry_msgs::PoseStamped_<std::allocator<void> >*, std::vector<geometry_msgs::PoseStamped_<std::allocator<void> > > >}[m[K' changed in GCC 7.1
       [01;36m[Kvector<_Tp, _Alloc>[m[K::
       [01;36m[K^~~~~~~~~~~~~~~~~~~[m[K
In file included from [01m[K/usr/include/c++/7/vector:63:0[m[K,
                 from [01m[K/usr/include/boost/math/special_functions/math_fwd.hpp:26[m[K,
                 from [01m[K/usr/include/boost/math/special_functions/round.hpp:15[m[K,
                 from [01m[K/opt/ros/melodic/include/ros/time.h:58[m[K,
                 from [01m[K/home/husarion/catkin_ws/src/ros_comm/clients/roscpp/include/ros/ros.h:38[m[K,
                 from [01m[K/home/husarion/catkin_ws/src/mavros_controllers/geometric_controller/include/geometric_controller/geometric_controller.h:44[m[K,
                 from [01m[K/home/husarion/catkin_ws/src/mavros_controllers/geometric_controller/src/geometric_controller.cpp:41[m[K:
[01m[K/usr/include/c++/7/bits/stl_uninitialized.h:[m[K In static member function '[01m[Kstatic _ForwardIterator std::__uninitialized_copy<_TrivialValueTypes>::__uninit_copy(_InputIterator, _InputIterator, _ForwardIterator) [with _InputIterator = __gnu_cxx::__normal_iterator<const geometry_msgs::Transform_<std::allocator<void> >*, std::vector<geometry_msgs::Transform_<std::allocator<void> >, std::allocator<geometry_msgs::Transform_<std::allocator<void> > > > >; _ForwardIterator = geometry_msgs::Transform_<std::allocator<void> >*; bool _TrivialValueTypes = false][m[K':
[01m[K/usr/include/c++/7/bits/stl_uninitialized.h:76:9:[m[K [01;36m[Knote: [m[Kparameter passing for argument of type '[01m[K__gnu_cxx::__normal_iterator<const geometry_msgs::Transform_<std::allocator<void> >*, std::vector<geometry_msgs::Transform_<std::allocator<void> >, std::allocator<geometry_msgs::Transform_<std::allocator<void> > > > >[m[K' changed in GCC 7.1
         [01;36m[K__uninit_copy[m[K(_InputIterator __first, _InputIterator __last,
         [01;36m[K^~~~~~~~~~~~~[m[K
[01m[K/usr/include/c++/7/bits/stl_uninitialized.h:76:9:[m[K [01;36m[Knote: [m[Kparameter passing for argument of type '[01m[K__gnu_cxx::__normal_iterator<const geometry_msgs::Transform_<std::allocator<void> >*, std::vector<geometry_msgs::Transform_<std::allocator<void> >, std::allocator<geometry_msgs::Transform_<std::allocator<void> > > > >[m[K' changed in GCC 7.1
[01m[K/usr/include/c++/7/bits/stl_uninitialized.h:[m[K In static member function '[01m[Kstatic _ForwardIterator std::__uninitialized_copy<_TrivialValueTypes>::__uninit_copy(_InputIterator, _InputIterator, _ForwardIterator) [with _InputIterator = __gnu_cxx::__normal_iterator<const geometry_msgs::Twist_<std::allocator<void> >*, std::vector<geometry_msgs::Twist_<std::allocator<void> >, std::allocator<geometry_msgs::Twist_<std::allocator<void> > > > >; _ForwardIterator = geometry_msgs::Twist_<std::allocator<void> >*; bool _TrivialValueTypes = false][m[K':
[01m[K/usr/include/c++/7/bits/stl_uninitialized.h:76:9:[m[K [01;36m[Knote: [m[Kparameter passing for argument of type '[01m[K__gnu_cxx::__normal_iterator<const geometry_msgs::Twist_<std::allocator<void> >*, std::vector<geometry_msgs::Twist_<std::allocator<void> >, std::allocator<geometry_msgs::Twist_<std::allocator<void> > > > >[m[K' changed in GCC 7.1
[01m[K/usr/include/c++/7/bits/stl_uninitialized.h:76:9:[m[K [01;36m[Knote: [m[Kparameter passing for argument of type '[01m[K__gnu_cxx::__normal_iterator<const geometry_msgs::Twist_<std::allocator<void> >*, std::vector<geometry_msgs::Twist_<std::allocator<void> >, std::allocator<geometry_msgs::Twist_<std::allocator<void> > > > >[m[K' changed in GCC 7.1
In file included from [01m[K/usr/include/boost/bind/bind.hpp:47:0[m[K,
                 from [01m[K/usr/include/boost/bind.hpp:22[m[K,
                 from [01m[K/home/husarion/catkin_ws/src/ros_comm/clients/roscpp/include/ros/publisher.h:35[m[K,
                 from [01m[K/home/husarion/catkin_ws/src/ros_comm/clients/roscpp/include/ros/node_handle.h:32[m[K,
                 from [01m[K/home/husarion/catkin_ws/src/ros_comm/clients/roscpp/include/ros/ros.h:45[m[K,
                 from [01m[K/home/husarion/catkin_ws/src/mavros_controllers/geometric_controller/include/geometric_controller/geometric_controller.h:44[m[K,
                 from [01m[K/home/husarion/catkin_ws/src/mavros_controllers/geometric_controller/src/geometric_controller.cpp:41[m[K:
[01m[K/usr/include/boost/bind/storage.hpp:[m[K In constructor '[01m[Kboost::_bi::storage1<A1>::storage1(A1) [with A1 = boost::reference_wrapper<const geometry_msgs::PoseStamped_<std::allocator<void> > >][m[K':
[01m[K/usr/include/boost/bind/storage.hpp:42:14:[m[K [01;36m[Knote: [m[Kparameter passing for argument of type '[01m[Kboost::reference_wrapper<const geometry_msgs::PoseStamped_<std::allocator<void> > >[m[K' changed in GCC 7.1
     explicit [01;36m[Kstorage1[m[K( A1 a1 ): a1_( a1 ) {}
              [01;36m[K^~~~~~~~[m[K
[01m[K/usr/include/boost/bind/storage.hpp:[m[K In constructor '[01m[Kboost::_bi::storage1<A1>::storage1(A1) [with A1 = boost::reference_wrapper<const mavros_msgs::AttitudeTarget_<std::allocator<void> > >][m[K':
[01m[K/usr/include/boost/bind/storage.hpp:42:14:[m[K [01;36m[Knote: [m[Kparameter passing for argument of type '[01m[Kboost::reference_wrapper<const mavros_msgs::AttitudeTarget_<std::allocator<void> > >[m[K' changed in GCC 7.1
In file included from [01m[K/usr/include/c++/7/vector:63:0[m[K,
                 from [01m[K/usr/include/boost/math/special_functions/math_fwd.hpp:26[m[K,
                 from [01m[K/usr/include/boost/math/special_functions/round.hpp:15[m[K,
                 from [01m[K/opt/ros/melodic/include/ros/time.h:58[m[K,
                 from [01m[K/home/husarion/catkin_ws/src/ros_comm/clients/roscpp/include/ros/ros.h:38[m[K,
                 from [01m[K/home/husarion/catkin_ws/src/mavros_controllers/geometric_controller/include/geometric_controller/geometric_controller.h:44[m[K,
                 from [01m[K/home/husarion/catkin_ws/src/mavros_controllers/geometric_controller/src/geometric_controller.cpp:41[m[K:
[01m[K/usr/include/c++/7/bits/stl_uninitialized.h:[m[K In function '[01m[K_ForwardIterator std::uninitialized_copy(_InputIterator, _InputIterator, _ForwardIterator) [with _InputIterator = __gnu_cxx::__normal_iterator<const geometry_msgs::PoseStamped_<std::allocator<void> >*, std::vector<geometry_msgs::PoseStamped_<std::allocator<void> > > >; _ForwardIterator = geometry_msgs::PoseStamped_<std::allocator<void> >*][m[K':
[01m[K/usr/include/c++/7/bits/stl_uninitialized.h:115:5:[m[K [01;36m[Knote: [m[Kparameter passing for argument of type '[01m[K__gnu_cxx::__normal_iterator<const geometry_msgs::PoseStamped_<std::allocator<void> >*, std::vector<geometry_msgs::PoseStamped_<std::allocator<void> > > >[m[K' changed in GCC 7.1
     [01;36m[Kuninitialized_copy[m[K(_InputIterator __first, _InputIterator __last,
     [01;36m[K^~~~~~~~~~~~~~~~~~[m[K
[01m[K/usr/include/c++/7/bits/stl_uninitialized.h:115:5:[m[K [01;36m[Knote: [m[Kparameter passing for argument of type '[01m[K__gnu_cxx::__normal_iterator<const geometry_msgs::PoseStamped_<std::allocator<void> >*, std::vector<geometry_msgs::PoseStamped_<std::allocator<void> > > >[m[K' changed in GCC 7.1
[01m[K/usr/include/c++/7/bits/stl_uninitialized.h:134:41:[m[K [01;36m[Knote: [m[Kparameter passing for argument of type '[01m[K__gnu_cxx::__normal_iterator<const geometry_msgs::PoseStamped_<std::allocator<void> >*, std::vector<geometry_msgs::PoseStamped_<std::allocator<void> > > >[m[K' changed in GCC 7.1
  __uninit_copy(__first, __last, __result[01;36m[K)[m[K;
                                         [01;36m[K^[m[K
In file included from [01m[K/usr/include/c++/7/bits/stl_algobase.h:67:0[m[K,
                 from [01m[K/usr/include/c++/7/bits/char_traits.h:39[m[K,
                 from [01m[K/usr/include/c++/7/string:40[m[K,
                 from [01m[K/opt/ros/melodic/include/ros/platform.h:38[m[K,
                 from [01m[K/opt/ros/melodic/include/ros/time.h:53[m[K,
                 from [01m[K/home/husarion/catkin_ws/src/ros_comm/clients/roscpp/include/ros/ros.h:38[m[K,
                 from [01m[K/home/husarion/catkin_ws/src/mavros_controllers/geometric_controller/include/geometric_controller/geometric_controller.h:44[m[K,
                 from [01m[K/home/husarion/catkin_ws/src/mavros_controllers/geometric_controller/src/geometric_controller.cpp:41[m[K:
[01m[K/usr/include/c++/7/bits/stl_iterator.h:[m[K In function '[01m[K_Iterator std::__niter_base(__gnu_cxx::__normal_iterator<_Iterator, _Container>) [with _Iterator = const geometry_msgs::PoseStamped_<std::allocator<void> >*; _Container = std::vector<geometry_msgs::PoseStamped_<std::allocator<void> > >][m[K':
[01m[K/usr/include/c++/7/bits/stl_iterator.h:986:5:[m[K [01;36m[Knote: [m[Kparameter passing for argument of type '[01m[K__gnu_cxx::__normal_iterator<const geometry_msgs::PoseStamped_<std::allocator<void> >*, std::vector<geometry_msgs::PoseStamped_<std::allocator<void> > > >[m[K' changed in GCC 7.1
     [01;36m[K__niter_base[m[K(__gnu_cxx::__normal_iterator<_Iterator, _Container> __it)
     [01;36m[K^~~~~~~~~~~~[m[K
[01m[K/usr/include/c++/7/bits/stl_iterator.h:[m[K In function '[01m[K_Iterator std::__niter_base(__gnu_cxx::__normal_iterator<_Iterator, _Container>) [with _Iterator = geometry_msgs::PoseStamped_<std::allocator<void> >*; _Container = std::vector<geometry_msgs::PoseStamped_<std::allocator<void> > >][m[K':
[01m[K/usr/include/c++/7/bits/stl_iterator.h:986:5:[m[K [01;36m[Knote: [m[Kparameter passing for argument of type '[01m[K__gnu_cxx::__normal_iterator<geometry_msgs::PoseStamped_<std::allocator<void> >*, std::vector<geometry_msgs::PoseStamped_<std::allocator<void> > > >[m[K' changed in GCC 7.1
In file included from [01m[K/usr/include/c++/7/bits/stl_tempbuf.h:60:0[m[K,
                 from [01m[K/usr/include/c++/7/bits/stl_algo.h:62[m[K,
                 from [01m[K/usr/include/c++/7/algorithm:62[m[K,
                 from [01m[K/usr/include/boost/math/tools/config.hpp:18[m[K,
                 from [01m[K/usr/include/boost/math/special_functions/round.hpp:13[m[K,
                 from [01m[K/opt/ros/melodic/include/ros/time.h:58[m[K,
                 from [01m[K/home/husarion/catkin_ws/src/ros_comm/clients/roscpp/include/ros/ros.h:38[m[K,
                 from [01m[K/home/husarion/catkin_ws/src/mavros_controllers/geometric_controller/include/geometric_controller/geometric_controller.h:44[m[K,
                 from [01m[K/home/husarion/catkin_ws/src/mavros_controllers/geometric_controller/src/geometric_controller.cpp:41[m[K:
[01m[K/usr/include/c++/7/bits/stl_construct.h:[m[K In static member function '[01m[Kstatic void std::_Destroy_aux<<anonymous> >::__destroy(_ForwardIterator, _ForwardIterator) [with _ForwardIterator = __gnu_cxx::__normal_iterator<geometry_msgs::PoseStamped_<std::allocator<void> >*, std::vector<geometry_msgs::PoseStamped_<std::allocator<void> > > >; bool <anonymous> = false][m[K':
[01m[K/usr/include/c++/7/bits/stl_construct.h:105:9:[m[K [01;36m[Knote: [m[Kparameter passing for argument of type '[01m[K__gnu_cxx::__normal_iterator<geometry_msgs::PoseStamped_<std::allocator<void> >*, std::vector<geometry_msgs::PoseStamped_<std::allocator<void> > > >[m[K' changed in GCC 7.1
         [01;36m[K__destroy[m[K(_ForwardIterator __first, _ForwardIterator __last)
         [01;36m[K^~~~~~~~~[m[K
[01m[K/usr/include/c++/7/bits/stl_construct.h:105:9:[m[K [01;36m[Knote: [m[Kparameter passing for argument of type '[01m[K__gnu_cxx::__normal_iterator<geometry_msgs::PoseStamped_<std::allocator<void> >*, std::vector<geometry_msgs::PoseStamped_<std::allocator<void> > > >[m[K' changed in GCC 7.1
In file included from [01m[K/usr/include/c++/7/vector:63:0[m[K,
                 from [01m[K/usr/include/boost/math/special_functions/math_fwd.hpp:26[m[K,
                 from [01m[K/usr/include/boost/math/special_functions/round.hpp:15[m[K,
                 from [01m[K/opt/ros/melodic/include/ros/time.h:58[m[K,
                 from [01m[K/home/husarion/catkin_ws/src/ros_comm/clients/roscpp/include/ros/ros.h:38[m[K,
                 from [01m[K/home/husarion/catkin_ws/src/mavros_controllers/geometric_controller/include/geometric_controller/geometric_controller.h:44[m[K,
                 from [01m[K/home/husarion/catkin_ws/src/mavros_controllers/geometric_controller/src/geometric_controller.cpp:41[m[K:
[01m[K/usr/include/c++/7/bits/stl_uninitialized.h:[m[K In function '[01m[K_ForwardIterator std::__uninitialized_move_if_noexcept_a(_InputIterator, _InputIterator, _ForwardIterator, _Allocator&) [with _InputIterator = geometry_msgs::PoseStamped_<std::allocator<void> >*; _ForwardIterator = geometry_msgs::PoseStamped_<std::allocator<void> >*; _Allocator = std::allocator<geometry_msgs::PoseStamped_<std::allocator<void> > >][m[K':
[01m[K/usr/include/c++/7/bits/stl_uninitialized.h:312:69:[m[K [01;36m[Knote: [m[Kparameter passing for argument of type '[01m[Kstd::move_iterator<geometry_msgs::PoseStamped_<std::allocator<void> >*>[m[K' changed in GCC 7.1
   _GLIBCXX_MAKE_MOVE_IF_NOEXCEPT_ITERATOR(__last), __result, __alloc[01;36m[K)[m[K;
                                                                     [01;36m[K^[m[K
[01m[K/usr/include/c++/7/bits/stl_uninitialized.h:[m[K In static member function '[01m[Kstatic _ForwardIterator std::__uninitialized_copy<_TrivialValueTypes>::__uninit_copy(_InputIterator, _InputIterator, _ForwardIterator) [with _InputIterator = __gnu_cxx::__normal_iterator<const geometry_msgs::PoseStamped_<std::allocator<void> >*, std::vector<geometry_msgs::PoseStamped_<std::allocator<void> > > >; _ForwardIterator = geometry_msgs::PoseStamped_<std::allocator<void> >*; bool _TrivialValueTypes = false][m[K':
[01m[K/usr/include/c++/7/bits/stl_uninitialized.h:76:9:[m[K [01;36m[Knote: [m[Kparameter passing for argument of type '[01m[K__gnu_cxx::__normal_iterator<const geometry_msgs::PoseStamped_<std::allocator<void> >*, std::vector<geometry_msgs::PoseStamped_<std::allocator<void> > > >[m[K' changed in GCC 7.1
         [01;36m[K__uninit_copy[m[K(_InputIterator __first, _InputIterator __last,
         [01;36m[K^~~~~~~~~~~~~[m[K
[01m[K/usr/include/c++/7/bits/stl_uninitialized.h:76:9:[m[K [01;36m[Knote: [m[Kparameter passing for argument of type '[01m[K__gnu_cxx::__normal_iterator<const geometry_msgs::PoseStamped_<std::allocator<void> >*, std::vector<geometry_msgs::PoseStamped_<std::allocator<void> > > >[m[K' changed in GCC 7.1
[01m[K/usr/include/c++/7/bits/stl_uninitialized.h:[m[K In function '[01m[K_ForwardIterator std::__uninitialized_copy_a(_InputIterator, _InputIterator, _ForwardIterator, std::allocator<_Tp>&) [with _InputIterator = std::move_iterator<geometry_msgs::PoseStamped_<std::allocator<void> >*>; _ForwardIterator = geometry_msgs::PoseStamped_<std::allocator<void> >*; _Tp = geometry_msgs::PoseStamped_<std::allocator<void> >][m[K':
[01m[K/usr/include/c++/7/bits/stl_uninitialized.h:287:5:[m[K [01;36m[Knote: [m[Kparameter passing for argument of type '[01m[Kstd::move_iterator<geometry_msgs::PoseStamped_<std::allocator<void> >*>[m[K' changed in GCC 7.1
     [01;36m[K__uninitialized_copy_a[m[K(_InputIterator __first, _InputIterator __last,
     [01;36m[K^~~~~~~~~~~~~~~~~~~~~~[m[K
[01m[K/usr/include/c++/7/bits/stl_uninitialized.h:287:5:[m[K [01;36m[Knote: [m[Kparameter passing for argument of type '[01m[Kstd::move_iterator<geometry_msgs::PoseStamped_<std::allocator<void> >*>[m[K' changed in GCC 7.1
[01m[K/usr/include/c++/7/bits/stl_uninitialized.h:289:63:[m[K [01;36m[Knote: [m[Kparameter passing for argument of type '[01m[Kstd::move_iterator<geometry_msgs::PoseStamped_<std::allocator<void> >*>[m[K' changed in GCC 7.1
     { return std::uninitialized_copy(__first, __last, __result[01;36m[K)[m[K; }
                                                               [01;36m[K^[m[K
[01m[K/usr/include/c++/7/bits/stl_uninitialized.h:[m[K In function '[01m[K_ForwardIterator std::uninitialized_copy(_InputIterator, _InputIterator, _ForwardIterator) [with _InputIterator = std::move_iterator<geometry_msgs::PoseStamped_<std::allocator<void> >*>; _ForwardIterator = geometry_msgs::PoseStamped_<std::allocator<void> >*][m[K':
[01m[K/usr/include/c++/7/bits/stl_uninitialized.h:115:5:[m[K [01;36m[Knote: [m[Kparameter passing for argument of type '[01m[Kstd::move_iterator<geometry_msgs::PoseStamped_<std::allocator<void> >*>[m[K' changed in GCC 7.1
     [01;36m[Kuninitialized_copy[m[K(_InputIterator __first, _InputIterator __last,
     [01;36m[K^~~~~~~~~~~~~~~~~~[m[K
[01m[K/usr/include/c++/7/bits/stl_uninitialized.h:115:5:[m[K [01;36m[Knote: [m[Kparameter passing for argument of type '[01m[Kstd::move_iterator<geometry_msgs::PoseStamped_<std::allocator<void> >*>[m[K' changed in GCC 7.1
[01m[K/usr/include/c++/7/bits/stl_uninitialized.h:134:41:[m[K [01;36m[Knote: [m[Kparameter passing for argument of type '[01m[Kstd::move_iterator<geometry_msgs::PoseStamped_<std::allocator<void> >*>[m[K' changed in GCC 7.1
  __uninit_copy(__first, __last, __result[01;36m[K)[m[K;
                                         [01;36m[K^[m[K
[01m[K/usr/include/c++/7/bits/stl_uninitialized.h:[m[K In static member function '[01m[Kstatic _ForwardIterator std::__uninitialized_copy<_TrivialValueTypes>::__uninit_copy(_InputIterator, _InputIterator, _ForwardIterator) [with _InputIterator = std::move_iterator<geometry_msgs::PoseStamped_<std::allocator<void> >*>; _ForwardIterator = geometry_msgs::PoseStamped_<std::allocator<void> >*; bool _TrivialValueTypes = false][m[K':
[01m[K/usr/include/c++/7/bits/stl_uninitialized.h:76:9:[m[K [01;36m[Knote: [m[Kparameter passing for argument of type '[01m[Kstd::move_iterator<geometry_msgs::PoseStamped_<std::allocator<void> >*>[m[K' changed in GCC 7.1
         [01;36m[K__uninit_copy[m[K(_InputIterator __first, _InputIterator __last,
         [01;36m[K^~~~~~~~~~~~~[m[K
[01m[K/usr/include/c++/7/bits/stl_uninitialized.h:76:9:[m[K [01;36m[Knote: [m[Kparameter passing for argument of type '[01m[Kstd::move_iterator<geometry_msgs::PoseStamped_<std::allocator<void> >*>[m[K' changed in GCC 7.1
[01m[K/usr/include/c++/7/bits/stl_uninitialized.h:[m[K In function '[01m[K_ForwardIterator std::__uninitialized_move_if_noexcept_a(_InputIterator, _InputIterator, _ForwardIterator, _Allocator&) [with _InputIterator = geometry_msgs::Transform_<std::allocator<void> >*; _ForwardIterator = geometry_msgs::Transform_<std::allocator<void> >*; _Allocator = std::allocator<geometry_msgs::Transform_<std::allocator<void> > >][m[K':
[01m[K/usr/include/c++/7/bits/stl_uninitialized.h:312:69:[m[K [01;36m[Knote: [m[Kparameter passing for argument of type '[01m[Kstd::move_iterator<geometry_msgs::Transform_<std::allocator<void> >*>[m[K' changed in GCC 7.1
   _GLIBCXX_MAKE_MOVE_IF_NOEXCEPT_ITERATOR(__last), __result, __alloc[01;36m[K)[m[K;
                                                                     [01;36m[K^[m[K
[01m[K/usr/include/c++/7/bits/stl_uninitialized.h:[m[K In function '[01m[K_ForwardIterator std::__uninitialized_move_if_noexcept_a(_InputIterator, _InputIterator, _ForwardIterator, _Allocator&) [with _InputIterator = geometry_msgs::Twist_<std::allocator<void> >*; _ForwardIterator = geometry_msgs::Twist_<std::allocator<void> >*; _Allocator = std::allocator<geometry_msgs::Twist_<std::allocator<void> > >][m[K':
[01m[K/usr/include/c++/7/bits/stl_uninitialized.h:312:69:[m[K [01;36m[Knote: [m[Kparameter passing for argument of type '[01m[Kstd::move_iterator<geometry_msgs::Twist_<std::allocator<void> >*>[m[K' changed in GCC 7.1
   _GLIBCXX_MAKE_MOVE_IF_NOEXCEPT_ITERATOR(__last), __result, __alloc[01;36m[K)[m[K;
                                                                     [01;36m[K^[m[K
[01m[K/usr/include/c++/7/bits/stl_uninitialized.h:[m[K In function '[01m[K_ForwardIterator std::__uninitialized_copy_a(_InputIterator, _InputIterator, _ForwardIterator, std::allocator<_Tp>&) [with _InputIterator = std::move_iterator<geometry_msgs::Transform_<std::allocator<void> >*>; _ForwardIterator = geometry_msgs::Transform_<std::allocator<void> >*; _Tp = geometry_msgs::Transform_<std::allocator<void> >][m[K':
[01m[K/usr/include/c++/7/bits/stl_uninitialized.h:287:5:[m[K [01;36m[Knote: [m[Kparameter passing for argument of type '[01m[Kstd::move_iterator<geometry_msgs::Transform_<std::allocator<void> >*>[m[K' changed in GCC 7.1
     [01;36m[K__uninitialized_copy_a[m[K(_InputIterator __first, _InputIterator __last,
     [01;36m[K^~~~~~~~~~~~~~~~~~~~~~[m[K
[01m[K/usr/include/c++/7/bits/stl_uninitialized.h:287:5:[m[K [01;36m[Knote: [m[Kparameter passing for argument of type '[01m[Kstd::move_iterator<geometry_msgs::Transform_<std::allocator<void> >*>[m[K' changed in GCC 7.1
[01m[K/usr/include/c++/7/bits/stl_uninitialized.h:289:63:[m[K [01;36m[Knote: [m[Kparameter passing for argument of type '[01m[Kstd::move_iterator<geometry_msgs::Transform_<std::allocator<void> >*>[m[K' changed in GCC 7.1
     { return std::uninitialized_copy(__first, __last, __result[01;36m[K)[m[K; }
                                                               [01;36m[K^[m[K
[01m[K/usr/include/c++/7/bits/stl_uninitialized.h:[m[K In function '[01m[K_ForwardIterator std::__uninitialized_copy_a(_InputIterator, _InputIterator, _ForwardIterator, std::allocator<_Tp>&) [with _InputIterator = std::move_iterator<geometry_msgs::Twist_<std::allocator<void> >*>; _ForwardIterator = geometry_msgs::Twist_<std::allocator<void> >*; _Tp = geometry_msgs::Twist_<std::allocator<void> >][m[K':
[01m[K/usr/include/c++/7/bits/stl_uninitialized.h:287:5:[m[K [01;36m[Knote: [m[Kparameter passing for argument of type '[01m[Kstd::move_iterator<geometry_msgs::Twist_<std::allocator<void> >*>[m[K' changed in GCC 7.1
     [01;36m[K__uninitialized_copy_a[m[K(_InputIterator __first, _InputIterator __last,
     [01;36m[K^~~~~~~~~~~~~~~~~~~~~~[m[K
[01m[K/usr/include/c++/7/bits/stl_uninitialized.h:287:5:[m[K [01;36m[Knote: [m[Kparameter passing for argument of type '[01m[Kstd::move_iterator<geometry_msgs::Twist_<std::allocator<void> >*>[m[K' changed in GCC 7.1
[01m[K/usr/include/c++/7/bits/stl_uninitialized.h:289:63:[m[K [01;36m[Knote: [m[Kparameter passing for argument of type '[01m[Kstd::move_iterator<geometry_msgs::Twist_<std::allocator<void> >*>[m[K' changed in GCC 7.1
     { return std::uninitialized_copy(__first, __last, __result[01;36m[K)[m[K; }
                                                               [01;36m[K^[m[K
[01m[K/usr/include/c++/7/bits/stl_uninitialized.h:[m[K In function '[01m[K_ForwardIterator std::uninitialized_copy(_InputIterator, _InputIterator, _ForwardIterator) [with _InputIterator = std::move_iterator<geometry_msgs::Transform_<std::allocator<void> >*>; _ForwardIterator = geometry_msgs::Transform_<std::allocator<void> >*][m[K':
[01m[K/usr/include/c++/7/bits/stl_uninitialized.h:115:5:[m[K [01;36m[Knote: [m[Kparameter passing for argument of type '[01m[Kstd::move_iterator<geometry_msgs::Transform_<std::allocator<void> >*>[m[K' changed in GCC 7.1
     [01;36m[Kuninitialized_copy[m[K(_InputIterator __first, _InputIterator __last,
     [01;36m[K^~~~~~~~~~~~~~~~~~[m[K
[01m[K/usr/include/c++/7/bits/stl_uninitialized.h:115:5:[m[K [01;36m[Knote: [m[Kparameter passing for argument of type '[01m[Kstd::move_iterator<geometry_msgs::Transform_<std::allocator<void> >*>[m[K' changed in GCC 7.1
[01m[K/usr/include/c++/7/bits/stl_uninitialized.h:134:41:[m[K [01;36m[Knote: [m[Kparameter passing for argument of type '[01m[Kstd::move_iterator<geometry_msgs::Transform_<std::allocator<void> >*>[m[K' changed in GCC 7.1
  __uninit_copy(__first, __last, __result[01;36m[K)[m[K;
                                         [01;36m[K^[m[K
[01m[K/usr/include/c++/7/bits/stl_uninitialized.h:[m[K In function '[01m[K_ForwardIterator std::uninitialized_copy(_InputIterator, _InputIterator, _ForwardIterator) [with _InputIterator = std::move_iterator<geometry_msgs::Twist_<std::allocator<void> >*>; _ForwardIterator = geometry_msgs::Twist_<std::allocator<void> >*][m[K':
[01m[K/usr/include/c++/7/bits/stl_uninitialized.h:115:5:[m[K [01;36m[Knote: [m[Kparameter passing for argument of type '[01m[Kstd::move_iterator<geometry_msgs::Twist_<std::allocator<void> >*>[m[K' changed in GCC 7.1
     [01;36m[Kuninitialized_copy[m[K(_InputIterator __first, _InputIterator __last,
     [01;36m[K^~~~~~~~~~~~~~~~~~[m[K
[01m[K/usr/include/c++/7/bits/stl_uninitialized.h:115:5:[m[K [01;36m[Knote: [m[Kparameter passing for argument of type '[01m[Kstd::move_iterator<geometry_msgs::Twist_<std::allocator<void> >*>[m[K' changed in GCC 7.1
[01m[K/usr/include/c++/7/bits/stl_uninitialized.h:134:41:[m[K [01;36m[Knote: [m[Kparameter passing for argument of type '[01m[Kstd::move_iterator<geometry_msgs::Twist_<std::allocator<void> >*>[m[K' changed in GCC 7.1
  __uninit_copy(__first, __last, __result[01;36m[K)[m[K;
                                         [01;36m[K^[m[K
[01m[K/usr/include/c++/7/bits/stl_uninitialized.h:[m[K In static member function '[01m[Kstatic _ForwardIterator std::__uninitialized_copy<_TrivialValueTypes>::__uninit_copy(_InputIterator, _InputIterator, _ForwardIterator) [with _InputIterator = std::move_iterator<geometry_msgs::Transform_<std::allocator<void> >*>; _ForwardIterator = geometry_msgs::Transform_<std::allocator<void> >*; bool _TrivialValueTypes = false][m[K':
[01m[K/usr/include/c++/7/bits/stl_uninitialized.h:76:9:[m[K [01;36m[Knote: [m[Kparameter passing for argument of type '[01m[Kstd::move_iterator<geometry_msgs::Transform_<std::allocator<void> >*>[m[K' changed in GCC 7.1
         [01;36m[K__uninit_copy[m[K(_InputIterator __first, _InputIterator __last,
         [01;36m[K^~~~~~~~~~~~~[m[K
[01m[K/usr/include/c++/7/bits/stl_uninitialized.h:76:9:[m[K [01;36m[Knote: [m[Kparameter passing for argument of type '[01m[Kstd::move_iterator<geometry_msgs::Transform_<std::allocator<void> >*>[m[K' changed in GCC 7.1
[01m[K/usr/include/c++/7/bits/stl_uninitialized.h:[m[K In static member function '[01m[Kstatic _ForwardIterator std::__uninitialized_copy<_TrivialValueTypes>::__uninit_copy(_InputIterator, _InputIterator, _ForwardIterator) [with _InputIterator = std::move_iterator<geometry_msgs::Twist_<std::allocator<void> >*>; _ForwardIterator = geometry_msgs::Twist_<std::allocator<void> >*; bool _TrivialValueTypes = false][m[K':
[01m[K/usr/include/c++/7/bits/stl_uninitialized.h:76:9:[m[K [01;36m[Knote: [m[Kparameter passing for argument of type '[01m[Kstd::move_iterator<geometry_msgs::Twist_<std::allocator<void> >*>[m[K' changed in GCC 7.1
[01m[K/usr/include/c++/7/bits/stl_uninitialized.h:76:9:[m[K [01;36m[Knote: [m[Kparameter passing for argument of type '[01m[Kstd::move_iterator<geometry_msgs::Twist_<std::allocator<void> >*>[m[K' changed in GCC 7.1
In file included from [01m[K/usr/include/c++/7/vector:69:0[m[K,
                 from [01m[K/usr/include/boost/math/special_functions/math_fwd.hpp:26[m[K,
                 from [01m[K/usr/include/boost/math/special_functions/round.hpp:15[m[K,
                 from [01m[K/opt/ros/melodic/include/ros/time.h:58[m[K,
                 from [01m[K/home/husarion/catkin_ws/src/ros_comm/clients/roscpp/include/ros/ros.h:38[m[K,
                 from [01m[K/home/husarion/catkin_ws/src/mavros_controllers/geometric_controller/include/geometric_controller/geometric_controller.h:44[m[K,
                 from [01m[K/home/husarion/catkin_ws/src/mavros_controllers/geometric_controller/src/geometric_controller_node.cpp:41[m[K:
[01m[K/usr/include/c++/7/bits/vector.tcc:[m[K In member function '[01m[Kvoid std::vector<_Tp, _Alloc>::emplace_back(_Args&& ...) [with _Args = {dynamic_reconfigure::DoubleParameter_<std::allocator<void> >}; _Tp = dynamic_reconfigure::DoubleParameter_<std::allocator<void> >; _Alloc = std::allocator<dynamic_reconfigure::DoubleParameter_<std::allocator<void> > >][m[K':
[01m[K/usr/include/c++/7/bits/vector.tcc:105:21:[m[K [01;36m[Knote: [m[Kparameter passing for argument of type '[01m[K__gnu_cxx::__normal_iterator<dynamic_reconfigure::DoubleParameter_<std::allocator<void> >*, std::vector<dynamic_reconfigure::DoubleParameter_<std::allocator<void> >, std::allocator<dynamic_reconfigure::DoubleParameter_<std::allocator<void> > > > >[m[K' changed in GCC 7.1
    [01;36m[K_M_realloc_insert(end(), std::forward<_Args>(__args)...)[m[K;
    [01;36m[K~~~~~~~~~~~~~~~~~^~~~~~~~~~~~~~~~~~~~~~~~~~~~~~~~~~~~~~~[m[K
[01m[K/usr/include/c++/7/bits/vector.tcc:[m[K In member function '[01m[Kvoid std::vector<_Tp, _Alloc>::_M_realloc_insert(std::vector<_Tp, _Alloc>::iterator, _Args&& ...) [with _Args = {dynamic_reconfigure::DoubleParameter_<std::allocator<void> >}; _Tp = dynamic_reconfigure::DoubleParameter_<std::allocator<void> >; _Alloc = std::allocator<dynamic_reconfigure::DoubleParameter_<std::allocator<void> > >][m[K':
[01m[K/usr/include/c++/7/bits/vector.tcc:394:7:[m[K [01;36m[Knote: [m[Kparameter passing for argument of type '[01m[Kstd::vector<dynamic_reconfigure::DoubleParameter_<std::allocator<void> >, std::allocator<dynamic_reconfigure::DoubleParameter_<std::allocator<void> > > >::iterator {aka __gnu_cxx::__normal_iterator<dynamic_reconfigure::DoubleParameter_<std::allocator<void> >*, std::vector<dynamic_reconfigure::DoubleParameter_<std::allocator<void> >, std::allocator<dynamic_reconfigure::DoubleParameter_<std::allocator<void> > > > >}[m[K' changed in GCC 7.1
       [01;36m[Kvector<_Tp, _Alloc>[m[K::
       [01;36m[K^~~~~~~~~~~~~~~~~~~[m[K
In file included from [01m[K/usr/include/c++/7/vector:63:0[m[K,
                 from [01m[K/usr/include/boost/math/special_functions/math_fwd.hpp:26[m[K,
                 from [01m[K/usr/include/boost/math/special_functions/round.hpp:15[m[K,
                 from [01m[K/opt/ros/melodic/include/ros/time.h:58[m[K,
                 from [01m[K/home/husarion/catkin_ws/src/ros_comm/clients/roscpp/include/ros/ros.h:38[m[K,
                 from [01m[K/home/husarion/catkin_ws/src/mavros_controllers/geometric_controller/include/geometric_controller/geometric_controller.h:44[m[K,
                 from [01m[K/home/husarion/catkin_ws/src/mavros_controllers/geometric_controller/src/geometric_controller_node.cpp:41[m[K:
[01m[K/usr/include/c++/7/bits/stl_uninitialized.h:[m[K In function '[01m[K_ForwardIterator std::__uninitialized_move_if_noexcept_a(_InputIterator, _InputIterator, _ForwardIterator, _Allocator&) [with _InputIterator = dynamic_reconfigure::DoubleParameter_<std::allocator<void> >*; _ForwardIterator = dynamic_reconfigure::DoubleParameter_<std::allocator<void> >*; _Allocator = std::allocator<dynamic_reconfigure::DoubleParameter_<std::allocator<void> > >][m[K':
[01m[K/usr/include/c++/7/bits/stl_uninitialized.h:312:69:[m[K [01;36m[Knote: [m[Kparameter passing for argument of type '[01m[Kstd::move_iterator<dynamic_reconfigure::DoubleParameter_<std::allocator<void> >*>[m[K' changed in GCC 7.1
   _GLIBCXX_MAKE_MOVE_IF_NOEXCEPT_ITERATOR(__last), __result, __alloc[01;36m[K)[m[K;
                                                                     [01;36m[K^[m[K
[01m[K/usr/include/c++/7/bits/stl_uninitialized.h:[m[K In function '[01m[K_ForwardIterator std::__uninitialized_copy_a(_InputIterator, _InputIterator, _ForwardIterator, std::allocator<_Tp>&) [with _InputIterator = std::move_iterator<dynamic_reconfigure::DoubleParameter_<std::allocator<void> >*>; _ForwardIterator = dynamic_reconfigure::DoubleParameter_<std::allocator<void> >*; _Tp = dynamic_reconfigure::DoubleParameter_<std::allocator<void> >][m[K':
[01m[K/usr/include/c++/7/bits/stl_uninitialized.h:287:5:[m[K [01;36m[Knote: [m[Kparameter passing for argument of type '[01m[Kstd::move_iterator<dynamic_reconfigure::DoubleParameter_<std::allocator<void> >*>[m[K' changed in GCC 7.1
     [01;36m[K__uninitialized_copy_a[m[K(_InputIterator __first, _InputIterator __last,
     [01;36m[K^~~~~~~~~~~~~~~~~~~~~~[m[K
[01m[K/usr/include/c++/7/bits/stl_uninitialized.h:287:5:[m[K [01;36m[Knote: [m[Kparameter passing for argument of type '[01m[Kstd::move_iterator<dynamic_reconfigure::DoubleParameter_<std::allocator<void> >*>[m[K' changed in GCC 7.1
[01m[K/usr/include/c++/7/bits/stl_uninitialized.h:289:63:[m[K [01;36m[Knote: [m[Kparameter passing for argument of type '[01m[Kstd::move_iterator<dynamic_reconfigure::DoubleParameter_<std::allocator<void> >*>[m[K' changed in GCC 7.1
     { return std::uninitialized_copy(__first, __last, __result[01;36m[K)[m[K; }
                                                               [01;36m[K^[m[K
[01m[K/usr/include/c++/7/bits/stl_uninitialized.h:[m[K In function '[01m[K_ForwardIterator std::uninitialized_copy(_InputIterator, _InputIterator, _ForwardIterator) [with _InputIterator = std::move_iterator<dynamic_reconfigure::DoubleParameter_<std::allocator<void> >*>; _ForwardIterator = dynamic_reconfigure::DoubleParameter_<std::allocator<void> >*][m[K':
[01m[K/usr/include/c++/7/bits/stl_uninitialized.h:115:5:[m[K [01;36m[Knote: [m[Kparameter passing for argument of type '[01m[Kstd::move_iterator<dynamic_reconfigure::DoubleParameter_<std::allocator<void> >*>[m[K' changed in GCC 7.1
     [01;36m[Kuninitialized_copy[m[K(_InputIterator __first, _InputIterator __last,
     [01;36m[K^~~~~~~~~~~~~~~~~~[m[K
[01m[K/usr/include/c++/7/bits/stl_uninitialized.h:115:5:[m[K [01;36m[Knote: [m[Kparameter passing for argument of type '[01m[Kstd::move_iterator<dynamic_reconfigure::DoubleParameter_<std::allocator<void> >*>[m[K' changed in GCC 7.1
[01m[K/usr/include/c++/7/bits/stl_uninitialized.h:134:41:[m[K [01;36m[Knote: [m[Kparameter passing for argument of type '[01m[Kstd::move_iterator<dynamic_reconfigure::DoubleParameter_<std::allocator<void> >*>[m[K' changed in GCC 7.1
  __uninit_copy(__first, __last, __result[01;36m[K)[m[K;
                                         [01;36m[K^[m[K
[01m[K/usr/include/c++/7/bits/stl_uninitialized.h:[m[K In static member function '[01m[Kstatic _ForwardIterator std::__uninitialized_copy<_TrivialValueTypes>::__uninit_copy(_InputIterator, _InputIterator, _ForwardIterator) [with _InputIterator = std::move_iterator<dynamic_reconfigure::DoubleParameter_<std::allocator<void> >*>; _ForwardIterator = dynamic_reconfigure::DoubleParameter_<std::allocator<void> >*; bool _TrivialValueTypes = false][m[K':
[01m[K/usr/include/c++/7/bits/stl_uninitialized.h:76:9:[m[K [01;36m[Knote: [m[Kparameter passing for argument of type '[01m[Kstd::move_iterator<dynamic_reconfigure::DoubleParameter_<std::allocator<void> >*>[m[K' changed in GCC 7.1
         [01;36m[K__uninit_copy[m[K(_InputIterator __first, _InputIterator __last,
         [01;36m[K^~~~~~~~~~~~~[m[K
[01m[K/usr/include/c++/7/bits/stl_uninitialized.h:76:9:[m[K [01;36m[Knote: [m[Kparameter passing for argument of type '[01m[Kstd::move_iterator<dynamic_reconfigure::DoubleParameter_<std::allocator<void> >*>[m[K' changed in GCC 7.1
