make: Warning: File 'Makefile' has modification time 132741877 s in the future
make[1]: Warning: File 'CMakeFiles/Makefile2' has modification time 132741877 s in the future
make[2]: Warning: File 'CMakeFiles/nav_msgs_generate_messages_eus.dir/progress.make' has modification time 132741877 s in the future
make[2]: Warning: File 'CMakeFiles/controller_msgs_generate_messages_nodejs.dir/progress.make' has modification time 132741877 s in the future
make[2]: Warning: File 'CMakeFiles/controller_msgs_generate_messages_py.dir/progress.make' has modification time 132741877 s in the future
make[2]: warning:  Clock skew detected.  Your build may be incomplete.
make[2]: warning:  Clock skew detected.  Your build may be incomplete.
make[2]: Warning: File 'CMakeFiles/nav_msgs_generate_messages_eus.dir/progress.make' has modification time 132741877 s in the future
make[2]: warning:  Clock skew detected.  Your build may be incomplete.
make[2]: warning:  Clock skew detected.  Your build may be incomplete.
make[2]: Warning: File 'CMakeFiles/controller_msgs_generate_messages_nodejs.dir/progress.make' has modification time 132741877 s in the future
make[2]: warning:  Clock skew detected.  Your build may be incomplete.
make[2]: Warning: File 'CMakeFiles/controller_msgs_generate_messages_py.dir/progress.make' has modification time 132741877 s in the future
make[2]: warning:  Clock skew detected.  Your build may be incomplete.
[  0%] Built target nav_msgs_generate_messages_eus
[  0%] Built target controller_msgs_generate_messages_py
[  0%] Built target controller_msgs_generate_messages_nodejs
make[2]: Warning: File 'CMakeFiles/controller_msgs_generate_messages_lisp.dir/progress.make' has modification time 132741877 s in the future
make[2]: Warning: File 'CMakeFiles/visualization_msgs_generate_messages_py.dir/progress.make' has modification time 132741877 s in the future
make[2]: Warning: File 'CMakeFiles/visualization_msgs_generate_messages_nodejs.dir/progress.make' has modification time 132741877 s in the future
make[2]: Warning: File 'CMakeFiles/visualization_msgs_generate_messages_lisp.dir/progress.make' has modification time 132741877 s in the future
make[2]: warning:  Clock skew detected.  Your build may be incomplete.
make[2]: warning:  Clock skew detected.  Your build may be incomplete.
make[2]: Warning: File 'CMakeFiles/visualization_msgs_generate_messages_py.dir/progress.make' has modification time 132741877 s in the future
make[2]: warning:  Clock skew detected.  Your build may be incomplete.
make[2]: warning:  Clock skew detected.  Your build may be incomplete.
make[2]: Warning: File 'CMakeFiles/controller_msgs_generate_messages_lisp.dir/progress.make' has modification time 132741877 s in the future
make[2]: warning:  Clock skew detected.  Your build may be incomplete.
make[2]: Warning: File 'CMakeFiles/visualization_msgs_generate_messages_nodejs.dir/progress.make' has modification time 132741877 s in the future
make[2]: warning:  Clock skew detected.  Your build may be incomplete.
make[2]: warning:  Clock skew detected.  Your build may be incomplete.
make[2]: Warning: File 'CMakeFiles/visualization_msgs_generate_messages_lisp.dir/progress.make' has modification time 132741877 s in the future
make[2]: warning:  Clock skew detected.  Your build may be incomplete.
[  0%] Built target controller_msgs_generate_messages_lisp
[  0%] Built target visualization_msgs_generate_messages_py
[  0%] Built target visualization_msgs_generate_messages_nodejs
make[2]: Warning: File 'CMakeFiles/trajectory_msgs_generate_messages_nodejs.dir/progress.make' has modification time 132741877 s in the future
make[2]: Warning: File 'CMakeFiles/trajectory_msgs_generate_messages_lisp.dir/progress.make' has modification time 132741877 s in the future
make[2]: Warning: File 'CMakeFiles/trajectory_msgs_generate_messages_eus.dir/progress.make' has modification time 132741877 s in the future
[  0%] Built target visualization_msgs_generate_messages_lisp
make[2]: Warning: File 'CMakeFiles/nav_msgs_generate_messages_py.dir/progress.make' has modification time 132741877 s in the future
make[2]: warning:  Clock skew detected.  Your build may be incomplete.
make[2]: warning:  Clock skew detected.  Your build may be incomplete.
make[2]: Warning: File 'CMakeFiles/trajectory_msgs_generate_messages_nodejs.dir/progress.make' has modification time 132741877 s in the future
make[2]: warning:  Clock skew detected.  Your build may be incomplete.
make[2]: Warning: File 'CMakeFiles/trajectory_msgs_generate_messages_lisp.dir/progress.make' has modification time 132741877 s in the future
make[2]: warning:  Clock skew detected.  Your build may be incomplete.
make[2]: warning:  Clock skew detected.  Your build may be incomplete.
make[2]: Warning: File 'CMakeFiles/trajectory_msgs_generate_messages_eus.dir/progress.make' has modification time 132741877 s in the future
make[2]: warning:  Clock skew detected.  Your build may be incomplete.
[  0%] Built target trajectory_msgs_generate_messages_nodejs
make[2]: warning:  Clock skew detected.  Your build may be incomplete.
[  0%] Built target trajectory_msgs_generate_messages_lisp
make[2]: Warning: File 'CMakeFiles/nav_msgs_generate_messages_nodejs.dir/progress.make' has modification time 132741877 s in the future
make[2]: Warning: File 'CMakeFiles/nav_msgs_generate_messages_py.dir/progress.make' has modification time 132741877 s in the future
make[2]: warning:  Clock skew detected.  Your build may be incomplete.
[  0%] Built target trajectory_msgs_generate_messages_eus
make[2]: Warning: File 'CMakeFiles/geometry_msgs_generate_messages_nodejs.dir/progress.make' has modification time 132741877 s in the future
make[2]: Warning: File 'CMakeFiles/visualization_msgs_generate_messages_eus.dir/progress.make' has modification time 132741877 s in the future
[  0%] Built target nav_msgs_generate_messages_py
make[2]: warning:  Clock skew detected.  Your build may be incomplete.
make[2]: Warning: File 'CMakeFiles/nav_msgs_generate_messages_nodejs.dir/progress.make' has modification time 132741877 s in the future
make[2]: warning:  Clock skew detected.  Your build may be incomplete.
make[2]: Warning: File 'CMakeFiles/tf_generate_messages_py.dir/progress.make' has modification time 132741877 s in the future
make[2]: warning:  Clock skew detected.  Your build may be incomplete.
make[2]: Warning: File 'CMakeFiles/geometry_msgs_generate_messages_nodejs.dir/progress.make' has modification time 132741877 s in the future
make[2]: warning:  Clock skew detected.  Your build may be incomplete.
make[2]: warning:  Clock skew detected.  Your build may be incomplete.
make[2]: Warning: File 'CMakeFiles/visualization_msgs_generate_messages_eus.dir/progress.make' has modification time 132741877 s in the future
make[2]: warning:  Clock skew detected.  Your build may be incomplete.
make[2]: warning:  Clock skew detected.  Your build may be incomplete.
make[2]: Warning: File 'CMakeFiles/tf_generate_messages_py.dir/progress.make' has modification time 132741877 s in the future
make[2]: warning:  Clock skew detected.  Your build may be incomplete.
[  0%] Built target nav_msgs_generate_messages_nodejs
[  0%] Built target geometry_msgs_generate_messages_nodejs
make[2]: Warning: File 'CMakeFiles/trajectory_msgs_generate_messages_cpp.dir/progress.make' has modification time 132741877 s in the future
make[2]: Warning: File 'CMakeFiles/tf_generate_messages_lisp.dir/progress.make' has modification time 132741877 s in the future
[  0%] Built target visualization_msgs_generate_messages_eus
make[2]: Warning: File 'CMakeFiles/geometry_msgs_generate_messages_eus.dir/progress.make' has modification time 132741877 s in the future
[  0%] Built target tf_generate_messages_py
make[2]: Warning: File 'CMakeFiles/std_msgs_generate_messages_py.dir/progress.make' has modification time 132741877 s in the future
make[2]: warning:  Clock skew detected.  Your build may be incomplete.
make[2]: warning:  Clock skew detected.  Your build may be incomplete.
make[2]: Warning: File 'CMakeFiles/tf_generate_messages_lisp.dir/progress.make' has modification time 132741877 s in the future
make[2]: warning:  Clock skew detected.  Your build may be incomplete.
make[2]: Warning: File 'CMakeFiles/trajectory_msgs_generate_messages_cpp.dir/progress.make' has modification time 132741876 s in the future
make[2]: warning:  Clock skew detected.  Your build may be incomplete.
make[2]: warning:  Clock skew detected.  Your build may be incomplete.
make[2]: Warning: File 'CMakeFiles/geometry_msgs_generate_messages_eus.dir/progress.make' has modification time 132741876 s in the future
make[2]: warning:  Clock skew detected.  Your build may be incomplete.
make[2]: warning:  Clock skew detected.  Your build may be incomplete.
[  0%] Built target tf_generate_messages_lisp
make[2]: Warning: File 'CMakeFiles/std_msgs_generate_messages_py.dir/progress.make' has modification time 132741876 s in the future
make[2]: warning:  Clock skew detected.  Your build may be incomplete.
[  0%] Built target trajectory_msgs_generate_messages_cpp
make[2]: Warning: File 'CMakeFiles/tf_generate_messages_cpp.dir/progress.make' has modification time 132741876 s in the future
make[2]: Warning: File 'CMakeFiles/dynamic_reconfigure_generate_messages_lisp.dir/progress.make' has modification time 132741876 s in the future
[  0%] Built target geometry_msgs_generate_messages_eus
make[2]: Warning: File 'CMakeFiles/geometry_msgs_generate_messages_lisp.dir/progress.make' has modification time 132741876 s in the future
[  0%] Built target std_msgs_generate_messages_py
make[2]: Warning: File 'CMakeFiles/dynamic_reconfigure_generate_messages_py.dir/progress.make' has modification time 132741876 s in the future
make[2]: warning:  Clock skew detected.  Your build may be incomplete.
make[2]: warning:  Clock skew detected.  Your build may be incomplete.
make[2]: Warning: File 'CMakeFiles/tf_generate_messages_cpp.dir/progress.make' has modification time 132741876 s in the future
make[2]: warning:  Clock skew detected.  Your build may be incomplete.
make[2]: Warning: File 'CMakeFiles/dynamic_reconfigure_generate_messages_lisp.dir/progress.make' has modification time 132741876 s in the future
make[2]: warning:  Clock skew detected.  Your build may be incomplete.
make[2]: warning:  Clock skew detected.  Your build may be incomplete.
make[2]: Warning: File 'CMakeFiles/geometry_msgs_generate_messages_lisp.dir/progress.make' has modification time 132741876 s in the future
make[2]: warning:  Clock skew detected.  Your build may be incomplete.
make[2]: warning:  Clock skew detected.  Your build may be incomplete.
make[2]: Warning: File 'CMakeFiles/dynamic_reconfigure_generate_messages_py.dir/progress.make' has modification time 132741876 s in the future
make[2]: warning:  Clock skew detected.  Your build may be incomplete.
[  0%] Built target tf_generate_messages_cpp
[  0%] Built target dynamic_reconfigure_generate_messages_lisp
make[2]: Warning: File 'CMakeFiles/actionlib_generate_messages_lisp.dir/progress.make' has modification time 132741876 s in the future
make[2]: Warning: File 'CMakeFiles/actionlib_msgs_generate_messages_py.dir/progress.make' has modification time 132741876 s in the future
[  0%] Built target geometry_msgs_generate_messages_lisp
[  0%] Built target dynamic_reconfigure_generate_messages_py
make[2]: Warning: File 'CMakeFiles/dynamic_reconfigure_generate_messages_nodejs.dir/progress.make' has modification time 132741876 s in the future
make[2]: Warning: File 'CMakeFiles/dynamic_reconfigure_generate_messages_eus.dir/progress.make' has modification time 132741876 s in the future
make[2]: warning:  Clock skew detected.  Your build may be incomplete.
make[2]: warning:  Clock skew detected.  Your build may be incomplete.
make[2]: Warning: File 'CMakeFiles/actionlib_msgs_generate_messages_py.dir/progress.make' has modification time 132741876 s in the future
make[2]: warning:  Clock skew detected.  Your build may be incomplete.
make[2]: Warning: File 'CMakeFiles/actionlib_generate_messages_lisp.dir/progress.make' has modification time 132741876 s in the future
make[2]: warning:  Clock skew detected.  Your build may be incomplete.
make[2]: warning:  Clock skew detected.  Your build may be incomplete.
make[2]: Warning: File 'CMakeFiles/dynamic_reconfigure_generate_messages_nodejs.dir/progress.make' has modification time 132741876 s in the future
make[2]: warning:  Clock skew detected.  Your build may be incomplete.
make[2]: warning:  Clock skew detected.  Your build may be incomplete.
make[2]: Warning: File 'CMakeFiles/dynamic_reconfigure_generate_messages_eus.dir/progress.make' has modification time 132741876 s in the future
make[2]: warning:  Clock skew detected.  Your build may be incomplete.
[  0%] Built target actionlib_msgs_generate_messages_py
[  0%] Built target actionlib_generate_messages_lisp
make[2]: Warning: File 'CMakeFiles/dynamic_reconfigure_generate_messages_cpp.dir/progress.make' has modification time 132741876 s in the future
make[2]: Warning: File 'CMakeFiles/sensor_msgs_generate_messages_lisp.dir/progress.make' has modification time 132741876 s in the future
[  0%] Built target dynamic_reconfigure_generate_messages_nodejs
[  0%] Built target dynamic_reconfigure_generate_messages_eus
make[2]: Warning: File 'CMakeFiles/rosgraph_msgs_generate_messages_py.dir/progress.make' has modification time 132741876 s in the future
make[2]: Warning: File 'CMakeFiles/dynamic_reconfigure_gencfg.dir/progress.make' has modification time 132741876 s in the future
make[2]: warning:  Clock skew detected.  Your build may be incomplete.
make[2]: warning:  Clock skew detected.  Your build may be incomplete.
make[2]: Warning: File 'CMakeFiles/sensor_msgs_generate_messages_lisp.dir/progress.make' has modification time 132741876 s in the future
make[2]: warning:  Clock skew detected.  Your build may be incomplete.
make[2]: Warning: File 'CMakeFiles/dynamic_reconfigure_generate_messages_cpp.dir/progress.make' has modification time 132741876 s in the future
make[2]: warning:  Clock skew detected.  Your build may be incomplete.
make[2]: warning:  Clock skew detected.  Your build may be incomplete.
make[2]: Warning: File 'CMakeFiles/rosgraph_msgs_generate_messages_py.dir/progress.make' has modification time 132741876 s in the future
make[2]: warning:  Clock skew detected.  Your build may be incomplete.
make[2]: warning:  Clock skew detected.  Your build may be incomplete.
make[2]: Warning: File 'CMakeFiles/dynamic_reconfigure_gencfg.dir/progress.make' has modification time 132741876 s in the future
make[2]: warning:  Clock skew detected.  Your build may be incomplete.
[  0%] Built target sensor_msgs_generate_messages_lisp
[  0%] Built target dynamic_reconfigure_generate_messages_cpp
make[2]: Warning: File 'CMakeFiles/std_msgs_generate_messages_cpp.dir/progress.make' has modification time 132741876 s in the future
make[2]: Warning: File 'CMakeFiles/tf2_msgs_generate_messages_nodejs.dir/progress.make' has modification time 132741876 s in the future
[  0%] Built target rosgraph_msgs_generate_messages_py
[  0%] Built target dynamic_reconfigure_gencfg
make[2]: Warning: File 'CMakeFiles/geographic_msgs_generate_messages_lisp.dir/progress.make' has modification time 132741876 s in the future
make[2]: Warning: File 'CMakeFiles/roscpp_generate_messages_eus.dir/progress.make' has modification time 132741876 s in the future
make[2]: warning:  Clock skew detected.  Your build may be incomplete.
make[2]: warning:  Clock skew detected.  Your build may be incomplete.
make[2]: Warning: File 'CMakeFiles/tf2_msgs_generate_messages_nodejs.dir/progress.make' has modification time 132741876 s in the future
make[2]: warning:  Clock skew detected.  Your build may be incomplete.
make[2]: Warning: File 'CMakeFiles/std_msgs_generate_messages_cpp.dir/progress.make' has modification time 132741876 s in the future
make[2]: warning:  Clock skew detected.  Your build may be incomplete.
make[2]: warning:  Clock skew detected.  Your build may be incomplete.
[  0%] Built target tf2_msgs_generate_messages_nodejs
make[2]: Warning: File 'CMakeFiles/roscpp_generate_messages_eus.dir/progress.make' has modification time 132741876 s in the future
make[2]: warning:  Clock skew detected.  Your build may be incomplete.
make[2]: Warning: File 'CMakeFiles/roscpp_generate_messages_lisp.dir/progress.make' has modification time 132741876 s in the future
[  0%] Built target std_msgs_generate_messages_cpp
make[2]: warning:  Clock skew detected.  Your build may be incomplete.
make[2]: Warning: File 'CMakeFiles/geographic_msgs_generate_messages_lisp.dir/progress.make' has modification time 132741876 s in the future
make[2]: warning:  Clock skew detected.  Your build may be incomplete.
make[2]: Warning: File 'CMakeFiles/tf2_msgs_generate_messages_eus.dir/progress.make' has modification time 132741876 s in the future
[  0%] Built target roscpp_generate_messages_eus
make[2]: warning:  Clock skew detected.  Your build may be incomplete.
make[2]: Warning: File 'CMakeFiles/roscpp_generate_messages_lisp.dir/progress.make' has modification time 132741876 s in the future
make[2]: warning:  Clock skew detected.  Your build may be incomplete.
make[2]: Warning: File 'CMakeFiles/diagnostic_msgs_generate_messages_eus.dir/progress.make' has modification time 132741876 s in the future
[  0%] Built target geographic_msgs_generate_messages_lisp
make[2]: warning:  Clock skew detected.  Your build may be incomplete.
make[2]: Warning: File 'CMakeFiles/tf2_msgs_generate_messages_eus.dir/progress.make' has modification time 132741876 s in the future
make[2]: warning:  Clock skew detected.  Your build may be incomplete.
make[2]: Warning: File 'CMakeFiles/std_msgs_generate_messages_eus.dir/progress.make' has modification time 132741876 s in the future
[  0%] Built target roscpp_generate_messages_lisp
make[2]: warning:  Clock skew detected.  Your build may be incomplete.
make[2]: Warning: File 'CMakeFiles/diagnostic_msgs_generate_messages_eus.dir/progress.make' has modification time 132741876 s in the future
make[2]: warning:  Clock skew detected.  Your build may be incomplete.
make[2]: Warning: File 'CMakeFiles/roscpp_generate_messages_nodejs.dir/progress.make' has modification time 132741876 s in the future
make[2]: warning:  Clock skew detected.  Your build may be incomplete.
make[2]: Warning: File 'CMakeFiles/std_msgs_generate_messages_eus.dir/progress.make' has modification time 132741876 s in the future
make[2]: warning:  Clock skew detected.  Your build may be incomplete.
[  0%] Built target tf2_msgs_generate_messages_eus
[  0%] Built target diagnostic_msgs_generate_messages_eus
make[2]: warning:  Clock skew detected.  Your build may be incomplete.
make[2]: Warning: File 'CMakeFiles/uuid_msgs_generate_messages_eus.dir/progress.make' has modification time 132741876 s in the future
make[2]: Warning: File 'CMakeFiles/rosgraph_msgs_generate_messages_cpp.dir/progress.make' has modification time 132741876 s in the future
make[2]: Warning: File 'CMakeFiles/roscpp_generate_messages_nodejs.dir/progress.make' has modification time 132741876 s in the future
make[2]: warning:  Clock skew detected.  Your build may be incomplete.
[  0%] Built target std_msgs_generate_messages_eus
make[2]: Warning: File 'CMakeFiles/geographic_msgs_generate_messages_eus.dir/progress.make' has modification time 132741876 s in the future
[  0%] Built target roscpp_generate_messages_nodejs
make[2]: warning:  Clock skew detected.  Your build may be incomplete.
make[2]: Warning: File 'CMakeFiles/rosgraph_msgs_generate_messages_cpp.dir/progress.make' has modification time 132741876 s in the future
make[2]: warning:  Clock skew detected.  Your build may be incomplete.
make[2]: warning:  Clock skew detected.  Your build may be incomplete.
make[2]: Warning: File 'CMakeFiles/roscpp_generate_messages_cpp.dir/progress.make' has modification time 132741876 s in the future
make[2]: Warning: File 'CMakeFiles/uuid_msgs_generate_messages_eus.dir/progress.make' has modification time 132741876 s in the future
make[2]: warning:  Clock skew detected.  Your build may be incomplete.
make[2]: warning:  Clock skew detected.  Your build may be incomplete.
make[2]: Warning: File 'CMakeFiles/geographic_msgs_generate_messages_eus.dir/progress.make' has modification time 132741876 s in the future
make[2]: warning:  Clock skew detected.  Your build may be incomplete.
[  0%] Built target rosgraph_msgs_generate_messages_cpp
make[2]: warning:  Clock skew detected.  Your build may be incomplete.
make[2]: Warning: File 'CMakeFiles/uuid_msgs_generate_messages_py.dir/progress.make' has modification time 132741876 s in the future
make[2]: Warning: File 'CMakeFiles/roscpp_generate_messages_cpp.dir/progress.make' has modification time 132741876 s in the future
make[2]: warning:  Clock skew detected.  Your build may be incomplete.
[  0%] Built target uuid_msgs_generate_messages_eus
make[2]: Warning: File 'CMakeFiles/controller_msgs_generate_messages_cpp.dir/progress.make' has modification time 132741876 s in the future
[  0%] Built target geographic_msgs_generate_messages_eus
[  0%] Built target roscpp_generate_messages_cpp
make[2]: Warning: File 'CMakeFiles/tf_generate_messages_eus.dir/progress.make' has modification time 132741875 s in the future
make[2]: Warning: File 'CMakeFiles/geometry_msgs_generate_messages_py.dir/progress.make' has modification time 132741875 s in the future
make[2]: warning:  Clock skew detected.  Your build may be incomplete.
make[2]: warning:  Clock skew detected.  Your build may be incomplete.
make[2]: Warning: File 'CMakeFiles/controller_msgs_generate_messages_cpp.dir/progress.make' has modification time 132741875 s in the future
make[2]: warning:  Clock skew detected.  Your build may be incomplete.
make[2]: Warning: File 'CMakeFiles/uuid_msgs_generate_messages_py.dir/progress.make' has modification time 132741875 s in the future
make[2]: warning:  Clock skew detected.  Your build may be incomplete.
make[2]: warning:  Clock skew detected.  Your build may be incomplete.
make[2]: Warning: File 'CMakeFiles/geometry_msgs_generate_messages_py.dir/progress.make' has modification time 132741875 s in the future
make[2]: warning:  Clock skew detected.  Your build may be incomplete.
make[2]: warning:  Clock skew detected.  Your build may be incomplete.
make[2]: Warning: File 'CMakeFiles/tf_generate_messages_eus.dir/progress.make' has modification time 132741875 s in the future
make[2]: warning:  Clock skew detected.  Your build may be incomplete.
[  0%] Built target uuid_msgs_generate_messages_py
[  0%] Built target controller_msgs_generate_messages_cpp
make[2]: Warning: File 'CMakeFiles/geometry_msgs_generate_messages_cpp.dir/progress.make' has modification time 132741875 s in the future
make[2]: Warning: File 'CMakeFiles/roscpp_generate_messages_py.dir/progress.make' has modification time 132741875 s in the future
[  0%] Built target geometry_msgs_generate_messages_py
make[2]: Warning: File 'CMakeFiles/sensor_msgs_generate_messages_cpp.dir/progress.make' has modification time 132741875 s in the future
[  0%] Built target tf_generate_messages_eus
make[2]: Warning: File 'CMakeFiles/std_msgs_generate_messages_nodejs.dir/progress.make' has modification time 132741875 s in the future
make[2]: warning:  Clock skew detected.  Your build may be incomplete.
make[2]: warning:  Clock skew detected.  Your build may be incomplete.
make[2]: Warning: File 'CMakeFiles/geometry_msgs_generate_messages_cpp.dir/progress.make' has modification time 132741875 s in the future
make[2]: warning:  Clock skew detected.  Your build may be incomplete.
make[2]: Warning: File 'CMakeFiles/roscpp_generate_messages_py.dir/progress.make' has modification time 132741875 s in the future
make[2]: warning:  Clock skew detected.  Your build may be incomplete.
make[2]: warning:  Clock skew detected.  Your build may be incomplete.
make[2]: Warning: File 'CMakeFiles/sensor_msgs_generate_messages_cpp.dir/progress.make' has modification time 132741875 s in the future
make[2]: warning:  Clock skew detected.  Your build may be incomplete.
[  0%] Built target geometry_msgs_generate_messages_cpp
make[2]: warning:  Clock skew detected.  Your build may be incomplete.
[  0%] Built target roscpp_generate_messages_py
make[2]: Warning: File 'CMakeFiles/sensor_msgs_generate_messages_eus.dir/progress.make' has modification time 132741875 s in the future
make[2]: Warning: File 'CMakeFiles/std_msgs_generate_messages_nodejs.dir/progress.make' has modification time 132741875 s in the future
make[2]: warning:  Clock skew detected.  Your build may be incomplete.
make[2]: Warning: File 'CMakeFiles/nav_msgs_generate_messages_lisp.dir/progress.make' has modification time 132741875 s in the future
[  0%] Built target sensor_msgs_generate_messages_cpp
make[2]: Warning: File 'CMakeFiles/actionlib_msgs_generate_messages_cpp.dir/progress.make' has modification time 132741875 s in the future
make[2]: warning:  Clock skew detected.  Your build may be incomplete.
[  0%] Built target std_msgs_generate_messages_nodejs
make[2]: Warning: File 'CMakeFiles/sensor_msgs_generate_messages_eus.dir/progress.make' has modification time 132741875 s in the future
make[2]: warning:  Clock skew detected.  Your build may be incomplete.
make[2]: Warning: File 'CMakeFiles/sensor_msgs_generate_messages_py.dir/progress.make' has modification time 132741875 s in the future
make[2]: warning:  Clock skew detected.  Your build may be incomplete.
make[2]: Warning: File 'CMakeFiles/nav_msgs_generate_messages_lisp.dir/progress.make' has modification time 132741875 s in the future
make[2]: warning:  Clock skew detected.  Your build may be incomplete.
make[2]: warning:  Clock skew detected.  Your build may be incomplete.
make[2]: Warning: File 'CMakeFiles/actionlib_msgs_generate_messages_cpp.dir/progress.make' has modification time 132741875 s in the future
make[2]: warning:  Clock skew detected.  Your build may be incomplete.
[  0%] Built target sensor_msgs_generate_messages_eus
[  0%] Built target nav_msgs_generate_messages_lisp
make[2]: Warning: File 'CMakeFiles/actionlib_generate_messages_cpp.dir/progress.make' has modification time 132741875 s in the future
make[2]: Warning: File 'CMakeFiles/tf_generate_messages_nodejs.dir/progress.make' has modification time 132741875 s in the future
[  0%] Built target actionlib_msgs_generate_messages_cpp
make[2]: warning:  Clock skew detected.  Your build may be incomplete.
make[2]: Warning: File 'CMakeFiles/sensor_msgs_generate_messages_py.dir/progress.make' has modification time 132741875 s in the future
make[2]: warning:  Clock skew detected.  Your build may be incomplete.
make[2]: Warning: File 'CMakeFiles/rosgraph_msgs_generate_messages_nodejs.dir/progress.make' has modification time 132741875 s in the future
make[2]: warning:  Clock skew detected.  Your build may be incomplete.
make[2]: warning:  Clock skew detected.  Your build may be incomplete.
make[2]: Warning: File 'CMakeFiles/tf_generate_messages_nodejs.dir/progress.make' has modification time 132741875 s in the future
make[2]: warning:  Clock skew detected.  Your build may be incomplete.
make[2]: Warning: File 'CMakeFiles/actionlib_generate_messages_cpp.dir/progress.make' has modification time 132741875 s in the future
make[2]: warning:  Clock skew detected.  Your build may be incomplete.
[  0%] Built target sensor_msgs_generate_messages_py
make[2]: warning:  Clock skew detected.  Your build may be incomplete.
make[2]: Warning: File 'CMakeFiles/rosgraph_msgs_generate_messages_nodejs.dir/progress.make' has modification time 132741875 s in the future
make[2]: warning:  Clock skew detected.  Your build may be incomplete.
make[2]: Warning: File 'CMakeFiles/rosgraph_msgs_generate_messages_eus.dir/progress.make' has modification time 132741875 s in the future
[  0%] Built target tf_generate_messages_nodejs
[  0%] Built target actionlib_generate_messages_cpp
make[2]: Warning: File 'CMakeFiles/actionlib_generate_messages_py.dir/progress.make' has modification time 132741875 s in the future
make[2]: Warning: File 'CMakeFiles/sensor_msgs_generate_messages_nodejs.dir/progress.make' has modification time 132741875 s in the future
[  0%] Built target rosgraph_msgs_generate_messages_nodejs
make[2]: warning:  Clock skew detected.  Your build may be incomplete.
make[2]: Warning: File 'CMakeFiles/rosgraph_msgs_generate_messages_eus.dir/progress.make' has modification time 132741875 s in the future
make[2]: warning:  Clock skew detected.  Your build may be incomplete.
make[2]: Warning: File 'CMakeFiles/mavros_msgs_generate_messages_cpp.dir/progress.make' has modification time 132741875 s in the future
make[2]: warning:  Clock skew detected.  Your build may be incomplete.
make[2]: warning:  Clock skew detected.  Your build may be incomplete.
make[2]: Warning: File 'CMakeFiles/actionlib_generate_messages_py.dir/progress.make' has modification time 132741875 s in the future
make[2]: warning:  Clock skew detected.  Your build may be incomplete.
make[2]: Warning: File 'CMakeFiles/sensor_msgs_generate_messages_nodejs.dir/progress.make' has modification time 132741875 s in the future
make[2]: warning:  Clock skew detected.  Your build may be incomplete.
[  0%] Built target rosgraph_msgs_generate_messages_eus
make[2]: Warning: File 'CMakeFiles/actionlib_generate_messages_eus.dir/progress.make' has modification time 132741875 s in the future
make[2]: warning:  Clock skew detected.  Your build may be incomplete.
make[2]: Warning: File 'CMakeFiles/mavros_msgs_generate_messages_cpp.dir/progress.make' has modification time 132741875 s in the future
make[2]: warning:  Clock skew detected.  Your build may be incomplete.
[  0%] Built target sensor_msgs_generate_messages_nodejs
[  0%] Built target actionlib_generate_messages_py
make[2]: Warning: File 'CMakeFiles/uuid_msgs_generate_messages_lisp.dir/progress.make' has modification time 132741875 s in the future
make[2]: warning:  Clock skew detected.  Your build may be incomplete.
make[2]: Warning: File 'CMakeFiles/std_msgs_generate_messages_lisp.dir/progress.make' has modification time 132741875 s in the future
make[2]: Warning: File 'CMakeFiles/actionlib_generate_messages_eus.dir/progress.make' has modification time 132741875 s in the future
make[2]: warning:  Clock skew detected.  Your build may be incomplete.
[  0%] Built target mavros_msgs_generate_messages_cpp
make[2]: Warning: File 'CMakeFiles/actionlib_generate_messages_nodejs.dir/progress.make' has modification time 132741875 s in the future
[  0%] Built target actionlib_generate_messages_eus
make[2]: warning:  Clock skew detected.  Your build may be incomplete.
make[2]: Warning: File 'CMakeFiles/uuid_msgs_generate_messages_lisp.dir/progress.make' has modification time 132741875 s in the future
make[2]: warning:  Clock skew detected.  Your build may be incomplete.
make[2]: Warning: File 'CMakeFiles/actionlib_msgs_generate_messages_eus.dir/progress.make' has modification time 132741875 s in the future
make[2]: warning:  Clock skew detected.  Your build may be incomplete.
make[2]: warning:  Clock skew detected.  Your build may be incomplete.
make[2]: Warning: File 'CMakeFiles/actionlib_generate_messages_nodejs.dir/progress.make' has modification time 132741875 s in the future
make[2]: warning:  Clock skew detected.  Your build may be incomplete.
make[2]: Warning: File 'CMakeFiles/std_msgs_generate_messages_lisp.dir/progress.make' has modification time 132741875 s in the future
make[2]: warning:  Clock skew detected.  Your build may be incomplete.
[  0%] Built target uuid_msgs_generate_messages_lisp
[  0%] Built target std_msgs_generate_messages_lisp
make[2]: warning:  Clock skew detected.  Your build may be incomplete.
make[2]: Warning: File 'CMakeFiles/diagnostic_msgs_generate_messages_py.dir/progress.make' has modification time 132741875 s in the future
make[2]: Warning: File 'CMakeFiles/actionlib_msgs_generate_messages_eus.dir/progress.make' has modification time 132741875 s in the future
make[2]: warning:  Clock skew detected.  Your build may be incomplete.
make[2]: Warning: File 'CMakeFiles/actionlib_msgs_generate_messages_lisp.dir/progress.make' has modification time 132741875 s in the future
[  0%] Built target actionlib_generate_messages_nodejs
make[2]: Warning: File 'CMakeFiles/actionlib_msgs_generate_messages_nodejs.dir/progress.make' has modification time 132741875 s in the future
make[2]: warning:  Clock skew detected.  Your build may be incomplete.
[  0%] Built target actionlib_msgs_generate_messages_eus
make[2]: Warning: File 'CMakeFiles/diagnostic_msgs_generate_messages_py.dir/progress.make' has modification time 132741875 s in the future
make[2]: warning:  Clock skew detected.  Your build may be incomplete.
make[2]: warning:  Clock skew detected.  Your build may be incomplete.
make[2]: Warning: File 'CMakeFiles/geometric_controller_gencfg.dir/progress.make' has modification time 132741875 s in the future
make[2]: Warning: File 'CMakeFiles/actionlib_msgs_generate_messages_lisp.dir/progress.make' has modification time 132741875 s in the future
make[2]: warning:  Clock skew detected.  Your build may be incomplete.
make[2]: warning:  Clock skew detected.  Your build may be incomplete.
make[2]: Warning: File 'CMakeFiles/actionlib_msgs_generate_messages_nodejs.dir/progress.make' has modification time 132741875 s in the future
make[2]: warning:  Clock skew detected.  Your build may be incomplete.
[  0%] Built target diagnostic_msgs_generate_messages_py
make[2]: Warning: File 'CMakeFiles/geographic_msgs_generate_messages_py.dir/progress.make' has modification time 132741874 s in the future
make[2]: warning:  Clock skew detected.  Your build may be incomplete.
[  0%] Built target actionlib_msgs_generate_messages_lisp
make[2]: Warning: File 'CMakeFiles/geometric_controller_gencfg.dir/progress.make' has modification time 132741874 s in the future
make[2]: warning:  Clock skew detected.  Your build may be incomplete.
make[2]: Warning: File 'CMakeFiles/tf2_msgs_generate_messages_cpp.dir/progress.make' has modification time 132741874 s in the future
[  0%] Built target actionlib_msgs_generate_messages_nodejs
make[2]: Warning: File 'CMakeFiles/controller_msgs_generate_messages_eus.dir/progress.make' has modification time 132741874 s in the future
[ 20%] Built target geometric_controller_gencfg
make[2]: warning:  Clock skew detected.  Your build may be incomplete.
make[2]: Warning: File 'CMakeFiles/geographic_msgs_generate_messages_py.dir/progress.make' has modification time 132741874 s in the future
make[2]: warning:  Clock skew detected.  Your build may be incomplete.
make[2]: Warning: File 'CMakeFiles/tf2_msgs_generate_messages_lisp.dir/progress.make' has modification time 132741874 s in the future
make[2]: warning:  Clock skew detected.  Your build may be incomplete.
make[2]: Warning: File 'CMakeFiles/tf2_msgs_generate_messages_cpp.dir/progress.make' has modification time 132741874 s in the future
make[2]: warning:  Clock skew detected.  Your build may be incomplete.
make[2]: warning:  Clock skew detected.  Your build may be incomplete.
make[2]: Warning: File 'CMakeFiles/controller_msgs_generate_messages_eus.dir/progress.make' has modification time 132741874 s in the future
make[2]: warning:  Clock skew detected.  Your build may be incomplete.
[ 20%] Built target geographic_msgs_generate_messages_py
make[2]: warning:  Clock skew detected.  Your build may be incomplete.
make[2]: Warning: File 'CMakeFiles/tf2_msgs_generate_messages_lisp.dir/progress.make' has modification time 132741874 s in the future
make[2]: warning:  Clock skew detected.  Your build may be incomplete.
make[2]: Warning: File 'CMakeFiles/uuid_msgs_generate_messages_nodejs.dir/progress.make' has modification time 132741874 s in the future
[ 20%] Built target tf2_msgs_generate_messages_cpp
make[2]: Warning: File 'CMakeFiles/diagnostic_msgs_generate_messages_cpp.dir/progress.make' has modification time 132741874 s in the future
[ 20%] Built target controller_msgs_generate_messages_eus
make[2]: Warning: File 'CMakeFiles/rosgraph_msgs_generate_messages_lisp.dir/progress.make' has modification time 132741874 s in the future
[ 20%] Built target tf2_msgs_generate_messages_lisp
make[2]: warning:  Clock skew detected.  Your build may be incomplete.
make[2]: Warning: File 'CMakeFiles/diagnostic_msgs_generate_messages_lisp.dir/progress.make' has modification time 132741874 s in the future
make[2]: Warning: File 'CMakeFiles/uuid_msgs_generate_messages_nodejs.dir/progress.make' has modification time 132741874 s in the future
make[2]: warning:  Clock skew detected.  Your build may be incomplete.
make[2]: warning:  Clock skew detected.  Your build may be incomplete.
make[2]: Warning: File 'CMakeFiles/diagnostic_msgs_generate_messages_cpp.dir/progress.make' has modification time 132741874 s in the future
make[2]: warning:  Clock skew detected.  Your build may be incomplete.
make[2]: warning:  Clock skew detected.  Your build may be incomplete.
make[2]: Warning: File 'CMakeFiles/rosgraph_msgs_generate_messages_lisp.dir/progress.make' has modification time 132741874 s in the future
make[2]: warning:  Clock skew detected.  Your build may be incomplete.
[ 20%] Built target uuid_msgs_generate_messages_nodejs
make[2]: warning:  Clock skew detected.  Your build may be incomplete.
make[2]: Warning: File 'CMakeFiles/visualization_msgs_generate_messages_cpp.dir/progress.make' has modification time 132741874 s in the future
make[2]: Warning: File 'CMakeFiles/diagnostic_msgs_generate_messages_lisp.dir/progress.make' has modification time 132741874 s in the future
make[2]: warning:  Clock skew detected.  Your build may be incomplete.
[ 20%] Built target diagnostic_msgs_generate_messages_cpp
[ 20%] Built target rosgraph_msgs_generate_messages_lisp
make[2]: Warning: File 'CMakeFiles/nav_msgs_generate_messages_cpp.dir/progress.make' has modification time 132741874 s in the future
make[2]: Warning: File 'CMakeFiles/geographic_msgs_generate_messages_cpp.dir/progress.make' has modification time 132741874 s in the future
[ 20%] Built target diagnostic_msgs_generate_messages_lisp
make[2]: Warning: File 'CMakeFiles/trajectory_msgs_generate_messages_py.dir/progress.make' has modification time 132741874 s in the future
make[2]: warning:  Clock skew detected.  Your build may be incomplete.
make[2]: Warning: File 'CMakeFiles/visualization_msgs_generate_messages_cpp.dir/progress.make' has modification time 132741874 s in the future
make[2]: warning:  Clock skew detected.  Your build may be incomplete.
make[2]: warning:  Clock skew detected.  Your build may be incomplete.
make[2]: Warning: File 'CMakeFiles/nav_msgs_generate_messages_cpp.dir/progress.make' has modification time 132741874 s in the future
make[2]: warning:  Clock skew detected.  Your build may be incomplete.
make[2]: warning:  Clock skew detected.  Your build may be incomplete.
make[2]: Warning: File 'CMakeFiles/geographic_msgs_generate_messages_cpp.dir/progress.make' has modification time 132741874 s in the future
make[2]: warning:  Clock skew detected.  Your build may be incomplete.
make[2]: warning:  Clock skew detected.  Your build may be incomplete.
make[2]: Warning: File 'CMakeFiles/trajectory_msgs_generate_messages_py.dir/progress.make' has modification time 132741874 s in the future
make[2]: warning:  Clock skew detected.  Your build may be incomplete.
[ 20%] Built target visualization_msgs_generate_messages_cpp
make[2]: Warning: File 'CMakeFiles/geographic_msgs_generate_messages_nodejs.dir/progress.make' has modification time 132741874 s in the future
[ 20%] Built target geographic_msgs_generate_messages_cpp
make[2]: Warning: File 'CMakeFiles/uuid_msgs_generate_messages_cpp.dir/progress.make' has modification time 132741874 s in the future
[ 20%] Built target nav_msgs_generate_messages_cpp
make[2]: Warning: File 'CMakeFiles/mavros_msgs_generate_messages_eus.dir/progress.make' has modification time 132741874 s in the future
[ 20%] Built target trajectory_msgs_generate_messages_py
make[2]: Warning: File 'CMakeFiles/mavros_msgs_generate_messages_lisp.dir/progress.make' has modification time 132741874 s in the future
make[2]: warning:  Clock skew detected.  Your build may be incomplete.
make[2]: Warning: File 'CMakeFiles/geographic_msgs_generate_messages_nodejs.dir/progress.make' has modification time 132741874 s in the future
make[2]: warning:  Clock skew detected.  Your build may be incomplete.
make[2]: warning:  Clock skew detected.  Your build may be incomplete.
make[2]: Warning: File 'CMakeFiles/uuid_msgs_generate_messages_cpp.dir/progress.make' has modification time 132741874 s in the future
make[2]: warning:  Clock skew detected.  Your build may be incomplete.
make[2]: warning:  Clock skew detected.  Your build may be incomplete.
make[2]: Warning: File 'CMakeFiles/mavros_msgs_generate_messages_eus.dir/progress.make' has modification time 132741874 s in the future
make[2]: warning:  Clock skew detected.  Your build may be incomplete.
make[2]: warning:  Clock skew detected.  Your build may be incomplete.
make[2]: Warning: File 'CMakeFiles/mavros_msgs_generate_messages_lisp.dir/progress.make' has modification time 132741874 s in the future
make[2]: warning:  Clock skew detected.  Your build may be incomplete.
[ 20%] Built target geographic_msgs_generate_messages_nodejs
[ 20%] Built target uuid_msgs_generate_messages_cpp
make[2]: Warning: File 'CMakeFiles/diagnostic_msgs_generate_messages_nodejs.dir/progress.make' has modification time 132741874 s in the future
make[2]: Warning: File 'CMakeFiles/mavros_msgs_generate_messages_nodejs.dir/progress.make' has modification time 132741874 s in the future
[ 20%] Built target mavros_msgs_generate_messages_eus
make[2]: Warning: File 'CMakeFiles/tf2_msgs_generate_messages_py.dir/progress.make' has modification time 132741874 s in the future
[ 20%] Built target mavros_msgs_generate_messages_lisp
make[2]: Warning: File 'CMakeFiles/mavros_msgs_generate_messages_py.dir/progress.make' has modification time 132741874 s in the future
make[2]: warning:  Clock skew detected.  Your build may be incomplete.
make[2]: Warning: File 'CMakeFiles/mavros_msgs_generate_messages_nodejs.dir/progress.make' has modification time 132741874 s in the future
make[2]: warning:  Clock skew detected.  Your build may be incomplete.
make[2]: warning:  Clock skew detected.  Your build may be incomplete.
make[2]: Warning: File 'CMakeFiles/diagnostic_msgs_generate_messages_nodejs.dir/progress.make' has modification time 132741874 s in the future
make[2]: warning:  Clock skew detected.  Your build may be incomplete.
make[2]: warning:  Clock skew detected.  Your build may be incomplete.
make[2]: Warning: File 'CMakeFiles/tf2_msgs_generate_messages_py.dir/progress.make' has modification time 132741874 s in the future
make[2]: warning:  Clock skew detected.  Your build may be incomplete.
make[2]: warning:  Clock skew detected.  Your build may be incomplete.
make[2]: Warning: File 'CMakeFiles/mavros_msgs_generate_messages_py.dir/progress.make' has modification time 132741874 s in the future
make[2]: warning:  Clock skew detected.  Your build may be incomplete.
[ 20%] Built target mavros_msgs_generate_messages_nodejs
[ 20%] Built target diagnostic_msgs_generate_messages_nodejs
[ 20%] Built target tf2_msgs_generate_messages_py
[ 20%] Built target mavros_msgs_generate_messages_py
make[2]: Warning: File 'CMakeFiles/geometric_controller.dir/flags.make' has modification time 132741874 s in the future
make[2]: warning:  Clock skew detected.  Your build may be incomplete.
make[2]: Warning: File 'CMakeFiles/geometric_controller.dir/flags.make' has modification time 132741874 s in the future
make[2]: warning:  Clock skew detected.  Your build may be incomplete.
[ 60%] Built target geometric_controller
make[2]: Warning: File 'CMakeFiles/geometric_controller_node.dir/flags.make' has modification time 132741873 s in the future
make[2]: warning:  Clock skew detected.  Your build may be incomplete.
make[2]: Warning: File 'CMakeFiles/geometric_controller_node.dir/flags.make' has modification time 132741873 s in the future
make[2]: warning:  Clock skew detected.  Your build may be incomplete.
[100%] Built target geometric_controller_node
make[1]: warning:  Clock skew detected.  Your build may be incomplete.
make: warning:  Clock skew detected.  Your build may be incomplete.
