make: Warning: File 'Makefile' has modification time 132739393 s in the future
make[1]: Warning: File 'CMakeFiles/Makefile2' has modification time 132739393 s in the future
make[2]: Warning: File 'CMakeFiles/_mav_planning_msgs_generate_messages_check_deps_PolynomialTrajectory.dir/progress.make' has modification time 132739393 s in the future
make[2]: warning:  Clock skew detected.  Your build may be incomplete.
make[2]: Warning: File 'CMakeFiles/_mav_planning_msgs_generate_messages_check_deps_PolynomialTrajectory.dir/progress.make' has modification time 132739393 s in the future
make[2]: warning:  Clock skew detected.  Your build may be incomplete.
[  0%] Built target _mav_planning_msgs_generate_messages_check_deps_PolynomialTrajectory
make[2]: Warning: File 'CMakeFiles/_mav_planning_msgs_generate_messages_check_deps_PolygonService.dir/progress.make' has modification time 132739392 s in the future
make[2]: warning:  Clock skew detected.  Your build may be incomplete.
make[2]: Warning: File 'CMakeFiles/_mav_planning_msgs_generate_messages_check_deps_PolygonService.dir/progress.make' has modification time 132739392 s in the future
make[2]: warning:  Clock skew detected.  Your build may be incomplete.
[  0%] Built target _mav_planning_msgs_generate_messages_check_deps_PolygonService
make[2]: Warning: File 'CMakeFiles/_mav_planning_msgs_generate_messages_check_deps_ChangeNameService.dir/progress.make' has modification time 132739392 s in the future
make[2]: warning:  Clock skew detected.  Your build may be incomplete.
make[2]: Warning: File 'CMakeFiles/_mav_planning_msgs_generate_messages_check_deps_ChangeNameService.dir/progress.make' has modification time 132739392 s in the future
make[2]: warning:  Clock skew detected.  Your build may be incomplete.
make[2]: Warning: File 'CMakeFiles/_mav_planning_msgs_generate_messages_check_deps_PolynomialSegment.dir/progress.make' has modification time 132739392 s in the future
[  0%] Built target _mav_planning_msgs_generate_messages_check_deps_ChangeNameService
make[2]: Warning: File 'CMakeFiles/_mav_planning_msgs_generate_messages_check_deps_PolynomialTrajectory4D.dir/progress.make' has modification time 132739392 s in the future
make[2]: warning:  Clock skew detected.  Your build may be incomplete.
make[2]: Warning: File 'CMakeFiles/_mav_planning_msgs_generate_messages_check_deps_PolynomialSegment.dir/progress.make' has modification time 132739392 s in the future
make[2]: warning:  Clock skew detected.  Your build may be incomplete.
make[2]: Warning: File 'CMakeFiles/_mav_planning_msgs_generate_messages_check_deps_PolynomialTrajectory4D.dir/progress.make' has modification time 132739392 s in the future
make[2]: warning:  Clock skew detected.  Your build may be incomplete.
make[2]: warning:  Clock skew detected.  Your build may be incomplete.
[  0%] Built target _mav_planning_msgs_generate_messages_check_deps_PolynomialSegment
make[2]: Warning: File 'CMakeFiles/_mav_planning_msgs_generate_messages_check_deps_PointCloudWithPose.dir/progress.make' has modification time 132739392 s in the future
[  0%] Built target _mav_planning_msgs_generate_messages_check_deps_PolynomialTrajectory4D
make[2]: Warning: File 'CMakeFiles/geometry_msgs_generate_messages_py.dir/progress.make' has modification time 132739392 s in the future
make[2]: Warning: File 'CMakeFiles/_mav_planning_msgs_generate_messages_check_deps_PolygonWithHolesStamped.dir/progress.make' has modification time 132739392 s in the future
make[2]: warning:  Clock skew detected.  Your build may be incomplete.
make[2]: Warning: File 'CMakeFiles/_mav_planning_msgs_generate_messages_check_deps_PointCloudWithPose.dir/progress.make' has modification time 132739392 s in the future
make[2]: warning:  Clock skew detected.  Your build may be incomplete.
make[2]: Warning: File 'CMakeFiles/geometry_msgs_generate_messages_py.dir/progress.make' has modification time 132739391 s in the future
make[2]: warning:  Clock skew detected.  Your build may be incomplete.
make[2]: warning:  Clock skew detected.  Your build may be incomplete.
make[2]: Warning: File 'CMakeFiles/_mav_planning_msgs_generate_messages_check_deps_PolygonWithHolesStamped.dir/progress.make' has modification time 132739391 s in the future
[  0%] Built target geometry_msgs_generate_messages_py
make[2]: warning:  Clock skew detected.  Your build may be incomplete.
make[2]: Warning: File 'CMakeFiles/mav_msgs_generate_messages_py.dir/progress.make' has modification time 132739391 s in the future
[  0%] Built target _mav_planning_msgs_generate_messages_check_deps_PointCloudWithPose
make[2]: warning:  Clock skew detected.  Your build may be incomplete.
make[2]: warning:  Clock skew detected.  Your build may be incomplete.
make[2]: Warning: File 'CMakeFiles/mav_msgs_generate_messages_py.dir/progress.make' has modification time 132739391 s in the future
make[2]: warning:  Clock skew detected.  Your build may be incomplete.
[  0%] Built target _mav_planning_msgs_generate_messages_check_deps_PolygonWithHolesStamped
[  0%] Built target mav_msgs_generate_messages_py
make[2]: Warning: File 'CMakeFiles/_mav_planning_msgs_generate_messages_check_deps_Polygon2D.dir/progress.make' has modification time 132739391 s in the future
make[2]: Warning: File 'CMakeFiles/sensor_msgs_generate_messages_py.dir/progress.make' has modification time 132739391 s in the future
make[2]: warning:  Clock skew detected.  Your build may be incomplete.
make[2]: Warning: File 'CMakeFiles/_mav_planning_msgs_generate_messages_check_deps_Polygon2D.dir/progress.make' has modification time 132739391 s in the future
make[2]: Warning: File 'CMakeFiles/_mav_planning_msgs_generate_messages_check_deps_PlannerService.dir/progress.make' has modification time 132739391 s in the future
make[2]: warning:  Clock skew detected.  Your build may be incomplete.
make[2]: Warning: File 'CMakeFiles/sensor_msgs_generate_messages_py.dir/progress.make' has modification time 132739391 s in the future
make[2]: warning:  Clock skew detected.  Your build may be incomplete.
make[2]: warning:  Clock skew detected.  Your build may be incomplete.
[  0%] Built target sensor_msgs_generate_messages_py
make[2]: Warning: File 'CMakeFiles/_mav_planning_msgs_generate_messages_check_deps_PlannerService.dir/progress.make' has modification time 132739391 s in the future
make[2]: warning:  Clock skew detected.  Your build may be incomplete.
make[2]: Warning: File 'CMakeFiles/std_msgs_generate_messages_py.dir/progress.make' has modification time 132739391 s in the future
[  0%] Built target _mav_planning_msgs_generate_messages_check_deps_Polygon2D
make[2]: warning:  Clock skew detected.  Your build may be incomplete.
make[2]: warning:  Clock skew detected.  Your build may be incomplete.
make[2]: Warning: File 'CMakeFiles/std_msgs_generate_messages_py.dir/progress.make' has modification time 132739391 s in the future
make[2]: warning:  Clock skew detected.  Your build may be incomplete.
make[2]: Warning: File 'CMakeFiles/trajectory_msgs_generate_messages_py.dir/progress.make' has modification time 132739391 s in the future
[  0%] Built target _mav_planning_msgs_generate_messages_check_deps_PlannerService
[  0%] Built target std_msgs_generate_messages_py
make[2]: warning:  Clock skew detected.  Your build may be incomplete.
make[2]: Warning: File 'CMakeFiles/trajectory_msgs_generate_messages_py.dir/progress.make' has modification time 132739391 s in the future
make[2]: warning:  Clock skew detected.  Your build may be incomplete.
[  0%] Built target trajectory_msgs_generate_messages_py
make[2]: Warning: File 'CMakeFiles/_mav_planning_msgs_generate_messages_check_deps_Point2D.dir/progress.make' has modification time 132739391 s in the future
make[2]: Warning: File 'CMakeFiles/_mav_planning_msgs_generate_messages_check_deps_PolygonWithHoles.dir/progress.make' has modification time 132739391 s in the future
make[2]: Warning: File 'CMakeFiles/_mav_planning_msgs_generate_messages_check_deps_PolynomialSegment4D.dir/progress.make' has modification time 132739391 s in the future
make[2]: warning:  Clock skew detected.  Your build may be incomplete.
make[2]: Warning: File 'CMakeFiles/_mav_planning_msgs_generate_messages_check_deps_PolygonWithHoles.dir/progress.make' has modification time 132739391 s in the future
make[2]: warning:  Clock skew detected.  Your build may be incomplete.
make[2]: Warning: File 'CMakeFiles/_mav_planning_msgs_generate_messages_check_deps_Point2D.dir/progress.make' has modification time 132739391 s in the future
make[2]: warning:  Clock skew detected.  Your build may be incomplete.
make[2]: Warning: File 'CMakeFiles/_mav_planning_msgs_generate_messages_check_deps_PolynomialSegment4D.dir/progress.make' has modification time 132739391 s in the future
make[2]: warning:  Clock skew detected.  Your build may be incomplete.
make[2]: warning:  Clock skew detected.  Your build may be incomplete.
make[2]: warning:  Clock skew detected.  Your build may be incomplete.
[  0%] Built target _mav_planning_msgs_generate_messages_check_deps_PolygonWithHoles
make[2]: Warning: File 'CMakeFiles/std_msgs_generate_messages_lisp.dir/progress.make' has modification time 132739390 s in the future
[  0%] Built target _mav_planning_msgs_generate_messages_check_deps_PolynomialSegment4D
make[2]: Warning: File 'CMakeFiles/geometry_msgs_generate_messages_lisp.dir/progress.make' has modification time 132739390 s in the future
[  0%] Built target _mav_planning_msgs_generate_messages_check_deps_Point2D
make[2]: Warning: File 'CMakeFiles/mav_msgs_generate_messages_lisp.dir/progress.make' has modification time 132739390 s in the future
make[2]: warning:  Clock skew detected.  Your build may be incomplete.
make[2]: warning:  Clock skew detected.  Your build may be incomplete.
make[2]: Warning: File 'CMakeFiles/geometry_msgs_generate_messages_lisp.dir/progress.make' has modification time 132739390 s in the future
make[2]: warning:  Clock skew detected.  Your build may be incomplete.
make[2]: Warning: File 'CMakeFiles/std_msgs_generate_messages_lisp.dir/progress.make' has modification time 132739390 s in the future
make[2]: warning:  Clock skew detected.  Your build may be incomplete.
make[2]: warning:  Clock skew detected.  Your build may be incomplete.
make[2]: Warning: File 'CMakeFiles/mav_msgs_generate_messages_lisp.dir/progress.make' has modification time 132739390 s in the future
make[2]: warning:  Clock skew detected.  Your build may be incomplete.
[  0%] Built target std_msgs_generate_messages_lisp
[  0%] Built target geometry_msgs_generate_messages_lisp
[  0%] Built target mav_msgs_generate_messages_lisp
make[2]: Warning: File 'CMakeFiles/sensor_msgs_generate_messages_lisp.dir/progress.make' has modification time 132739390 s in the future
make[2]: warning:  Clock skew detected.  Your build may be incomplete.
make[2]: Warning: File 'CMakeFiles/sensor_msgs_generate_messages_lisp.dir/progress.make' has modification time 132739390 s in the future
make[2]: warning:  Clock skew detected.  Your build may be incomplete.
[  0%] Built target sensor_msgs_generate_messages_lisp
make[2]: Warning: File 'CMakeFiles/trajectory_msgs_generate_messages_lisp.dir/progress.make' has modification time 132739390 s in the future
make[2]: Warning: File 'CMakeFiles/std_msgs_generate_messages_eus.dir/progress.make' has modification time 132739390 s in the future
make[2]: Warning: File 'CMakeFiles/mav_msgs_generate_messages_eus.dir/progress.make' has modification time 132739390 s in the future
make[2]: warning:  Clock skew detected.  Your build may be incomplete.
make[2]: Warning: File 'CMakeFiles/std_msgs_generate_messages_eus.dir/progress.make' has modification time 132739390 s in the future
make[2]: warning:  Clock skew detected.  Your build may be incomplete.
make[2]: warning:  Clock skew detected.  Your build may be incomplete.
make[2]: Warning: File 'CMakeFiles/trajectory_msgs_generate_messages_lisp.dir/progress.make' has modification time 132739390 s in the future
make[2]: warning:  Clock skew detected.  Your build may be incomplete.
make[2]: warning:  Clock skew detected.  Your build may be incomplete.
make[2]: Warning: File 'CMakeFiles/mav_msgs_generate_messages_eus.dir/progress.make' has modification time 132739390 s in the future
[  0%] Built target std_msgs_generate_messages_eus
make[2]: warning:  Clock skew detected.  Your build may be incomplete.
make[2]: Warning: File 'CMakeFiles/geometry_msgs_generate_messages_eus.dir/progress.make' has modification time 132739390 s in the future
[  0%] Built target trajectory_msgs_generate_messages_lisp
make[2]: Warning: File 'CMakeFiles/trajectory_msgs_generate_messages_eus.dir/progress.make' has modification time 132739390 s in the future
[  0%] Built target mav_msgs_generate_messages_eus
make[2]: Warning: File 'CMakeFiles/sensor_msgs_generate_messages_eus.dir/progress.make' has modification time 132739390 s in the future
make[2]: warning:  Clock skew detected.  Your build may be incomplete.
make[2]: Warning: File 'CMakeFiles/geometry_msgs_generate_messages_eus.dir/progress.make' has modification time 132739390 s in the future
make[2]: warning:  Clock skew detected.  Your build may be incomplete.
make[2]: warning:  Clock skew detected.  Your build may be incomplete.
make[2]: Warning: File 'CMakeFiles/trajectory_msgs_generate_messages_eus.dir/progress.make' has modification time 132739390 s in the future
make[2]: warning:  Clock skew detected.  Your build may be incomplete.
make[2]: warning:  Clock skew detected.  Your build may be incomplete.
[  0%] Built target geometry_msgs_generate_messages_eus
make[2]: Warning: File 'CMakeFiles/sensor_msgs_generate_messages_eus.dir/progress.make' has modification time 132739390 s in the future
make[2]: warning:  Clock skew detected.  Your build may be incomplete.
[  0%] Built target trajectory_msgs_generate_messages_eus
make[2]: Warning: File 'CMakeFiles/geometry_msgs_generate_messages_cpp.dir/progress.make' has modification time 132739390 s in the future
make[2]: Warning: File 'CMakeFiles/sensor_msgs_generate_messages_cpp.dir/progress.make' has modification time 132739390 s in the future
[  0%] Built target sensor_msgs_generate_messages_eus
make[2]: Warning: File 'CMakeFiles/mav_msgs_generate_messages_cpp.dir/progress.make' has modification time 132739390 s in the future
make[2]: Warning: File 'CMakeFiles/std_msgs_generate_messages_cpp.dir/progress.make' has modification time 132739390 s in the future
make[2]: warning:  Clock skew detected.  Your build may be incomplete.
make[2]: warning:  Clock skew detected.  Your build may be incomplete.
make[2]: Warning: File 'CMakeFiles/geometry_msgs_generate_messages_cpp.dir/progress.make' has modification time 132739390 s in the future
make[2]: warning:  Clock skew detected.  Your build may be incomplete.
make[2]: Warning: File 'CMakeFiles/sensor_msgs_generate_messages_cpp.dir/progress.make' has modification time 132739390 s in the future
make[2]: warning:  Clock skew detected.  Your build may be incomplete.
make[2]: warning:  Clock skew detected.  Your build may be incomplete.
make[2]: Warning: File 'CMakeFiles/mav_msgs_generate_messages_cpp.dir/progress.make' has modification time 132739390 s in the future
make[2]: warning:  Clock skew detected.  Your build may be incomplete.
[  0%] Built target geometry_msgs_generate_messages_cpp
make[2]: warning:  Clock skew detected.  Your build may be incomplete.
[  0%] Built target sensor_msgs_generate_messages_cpp
make[2]: Warning: File 'CMakeFiles/std_msgs_generate_messages_cpp.dir/progress.make' has modification time 132739390 s in the future
make[2]: warning:  Clock skew detected.  Your build may be incomplete.
[  0%] Built target mav_msgs_generate_messages_cpp
make[2]: Warning: File 'CMakeFiles/trajectory_msgs_generate_messages_cpp.dir/progress.make' has modification time 132739390 s in the future
make[2]: Warning: File 'CMakeFiles/std_msgs_generate_messages_nodejs.dir/progress.make' has modification time 132739390 s in the future
make[2]: Warning: File 'CMakeFiles/geometry_msgs_generate_messages_nodejs.dir/progress.make' has modification time 132739390 s in the future
[  0%] Built target std_msgs_generate_messages_cpp
make[2]: Warning: File 'CMakeFiles/mav_msgs_generate_messages_nodejs.dir/progress.make' has modification time 132739390 s in the future
make[2]: warning:  Clock skew detected.  Your build may be incomplete.
make[2]: warning:  Clock skew detected.  Your build may be incomplete.
make[2]: warning:  Clock skew detected.  Your build may be incomplete.
make[2]: Warning: File 'CMakeFiles/std_msgs_generate_messages_nodejs.dir/progress.make' has modification time 132739389 s in the future
make[2]: warning:  Clock skew detected.  Your build may be incomplete.
make[2]: Warning: File 'CMakeFiles/geometry_msgs_generate_messages_nodejs.dir/progress.make' has modification time 132739389 s in the future
make[2]: warning:  Clock skew detected.  Your build may be incomplete.
make[2]: Warning: File 'CMakeFiles/trajectory_msgs_generate_messages_cpp.dir/progress.make' has modification time 132739389 s in the future
make[2]: warning:  Clock skew detected.  Your build may be incomplete.
[  0%] Built target std_msgs_generate_messages_nodejs
make[2]: warning:  Clock skew detected.  Your build may be incomplete.
make[2]: Warning: File 'CMakeFiles/mav_msgs_generate_messages_nodejs.dir/progress.make' has modification time 132739389 s in the future
make[2]: warning:  Clock skew detected.  Your build may be incomplete.
[  0%] Built target geometry_msgs_generate_messages_nodejs
make[2]: Warning: File 'CMakeFiles/sensor_msgs_generate_messages_nodejs.dir/progress.make' has modification time 132739389 s in the future
make[2]: Warning: File 'CMakeFiles/trajectory_msgs_generate_messages_nodejs.dir/progress.make' has modification time 132739389 s in the future
[  0%] Built target trajectory_msgs_generate_messages_cpp
make[2]: Warning: File 'CMakeFiles/mav_planning_msgs_generate_messages_py.dir/progress.make' has modification time 132739389 s in the future
[  0%] Built target mav_msgs_generate_messages_nodejs
make[2]: warning:  Clock skew detected.  Your build may be incomplete.
make[2]: Warning: File 'CMakeFiles/sensor_msgs_generate_messages_nodejs.dir/progress.make' has modification time 132739389 s in the future
make[2]: warning:  Clock skew detected.  Your build may be incomplete.
make[2]: Warning: File 'CMakeFiles/mav_planning_msgs_generate_messages_lisp.dir/progress.make' has modification time 132739389 s in the future
make[2]: warning:  Clock skew detected.  Your build may be incomplete.
make[2]: Warning: File 'CMakeFiles/trajectory_msgs_generate_messages_nodejs.dir/progress.make' has modification time 132739389 s in the future
make[2]: warning:  Clock skew detected.  Your build may be incomplete.
make[2]: warning:  Clock skew detected.  Your build may be incomplete.
[  0%] Built target sensor_msgs_generate_messages_nodejs
make[2]: Warning: File 'CMakeFiles/mav_planning_msgs_generate_messages_py.dir/progress.make' has modification time 132739389 s in the future
make[2]: Warning: File 'CMakeFiles/mav_planning_msgs_generate_messages_eus.dir/progress.make' has modification time 132739389 s in the future
make[2]: warning:  Clock skew detected.  Your build may be incomplete.
make[2]: warning:  Clock skew detected.  Your build may be incomplete.
[  0%] Built target trajectory_msgs_generate_messages_nodejs
make[2]: Warning: File 'CMakeFiles/mav_planning_msgs_generate_messages_lisp.dir/progress.make' has modification time 132739389 s in the future
make[2]: warning:  Clock skew detected.  Your build may be incomplete.
make[2]: Warning: File 'CMakeFiles/mav_planning_msgs_generate_messages_cpp.dir/progress.make' has modification time 132739389 s in the future
make[2]: warning:  Clock skew detected.  Your build may be incomplete.
[ 22%] Built target mav_planning_msgs_generate_messages_py
make[2]: Warning: File 'CMakeFiles/mav_planning_msgs_generate_messages_eus.dir/progress.make' has modification time 132739389 s in the future
make[2]: Warning: File 'CMakeFiles/mav_planning_msgs_generate_messages_nodejs.dir/progress.make' has modification time 132739389 s in the future
make[2]: warning:  Clock skew detected.  Your build may be incomplete.
[ 41%] Built target mav_planning_msgs_generate_messages_lisp
make[2]: warning:  Clock skew detected.  Your build may be incomplete.
make[2]: Warning: File 'CMakeFiles/mav_planning_msgs_generate_messages_cpp.dir/progress.make' has modification time 132739389 s in the future
make[2]: warning:  Clock skew detected.  Your build may be incomplete.
[ 61%] Built target mav_planning_msgs_generate_messages_eus
make[2]: warning:  Clock skew detected.  Your build may be incomplete.
make[2]: Warning: File 'CMakeFiles/mav_planning_msgs_generate_messages_nodejs.dir/progress.make' has modification time 132739389 s in the future
make[2]: warning:  Clock skew detected.  Your build may be incomplete.
[ 80%] Built target mav_planning_msgs_generate_messages_cpp
[100%] Built target mav_planning_msgs_generate_messages_nodejs
make[2]: Warning: File 'CMakeFiles/mav_planning_msgs_generate_messages.dir/progress.make' has modification time 132739389 s in the future
make[2]: warning:  Clock skew detected.  Your build may be incomplete.
make[2]: Warning: File 'CMakeFiles/mav_planning_msgs_generate_messages.dir/progress.make' has modification time 132739389 s in the future
make[2]: warning:  Clock skew detected.  Your build may be incomplete.
[100%] Built target mav_planning_msgs_generate_messages
make[1]: warning:  Clock skew detected.  Your build may be incomplete.
make: warning:  Clock skew detected.  Your build may be incomplete.
