make: Warning: File 'Makefile' has modification time 132740290 s in the future
make[1]: Warning: File 'CMakeFiles/Makefile2' has modification time 132740290 s in the future
make[2]: Warning: File 'CMakeFiles/rosbag.dir/flags.make' has modification time 132740290 s in the future
make[2]: warning:  Clock skew detected.  Your build may be incomplete.
make[2]: Warning: File 'CMakeFiles/rosbag.dir/flags.make' has modification time 132740290 s in the future
make[2]: warning:  Clock skew detected.  Your build may be incomplete.
make[2]: Warning: File 'CMakeFiles/encrypt.dir/flags.make' has modification time 132740290 s in the future
make[2]: warning:  Clock skew detected.  Your build may be incomplete.
make[2]: Warning: File 'CMakeFiles/encrypt.dir/flags.make' has modification time 132740290 s in the future
make[2]: warning:  Clock skew detected.  Your build may be incomplete.
make[2]: Warning: File 'CMakeFiles/record.dir/flags.make' has modification time 132740289 s in the future
make[2]: warning:  Clock skew detected.  Your build may be incomplete.
make[2]: Warning: File 'CMakeFiles/record.dir/flags.make' has modification time 132740289 s in the future
make[2]: warning:  Clock skew detected.  Your build may be incomplete.
make[2]: Warning: File 'CMakeFiles/play.dir/flags.make' has modification time 132740289 s in the future
make[2]: warning:  Clock skew detected.  Your build may be incomplete.
make[2]: Warning: File 'CMakeFiles/play.dir/flags.make' has modification time 132740289 s in the future
make[2]: warning:  Clock skew detected.  Your build may be incomplete.
make[1]: warning:  Clock skew detected.  Your build may be incomplete.
make: warning:  Clock skew detected.  Your build may be incomplete.
