make: Warning: File 'Makefile' has modification time 132740245 s in the future
make[1]: Warning: File 'CMakeFiles/Makefile2' has modification time 132740245 s in the future
make[2]: Warning: File 'CMakeFiles/control_toolbox_gencfg.dir/progress.make' has modification time 132740245 s in the future
make[2]: warning:  Clock skew detected.  Your build may be incomplete.
make[2]: Warning: File 'CMakeFiles/control_toolbox_gencfg.dir/progress.make' has modification time 132740245 s in the future
make[2]: warning:  Clock skew detected.  Your build may be incomplete.
[  6%] Built target control_toolbox_gencfg
make[2]: Warning: File 'CMakeFiles/_control_toolbox_generate_messages_check_deps_SetPidGains.dir/progress.make' has modification time 132740245 s in the future
make[2]: Warning: File 'CMakeFiles/std_msgs_generate_messages_eus.dir/progress.make' has modification time 132740245 s in the future
make[2]: warning:  Clock skew detected.  Your build may be incomplete.
make[2]: Warning: File 'CMakeFiles/_control_toolbox_generate_messages_check_deps_SetPidGains.dir/progress.make' has modification time 132740245 s in the future
make[2]: warning:  Clock skew detected.  Your build may be incomplete.
make[2]: Warning: File 'CMakeFiles/std_msgs_generate_messages_eus.dir/progress.make' has modification time 132740245 s in the future
make[2]: warning:  Clock skew detected.  Your build may be incomplete.
[  6%] Built target std_msgs_generate_messages_eus
make[2]: Warning: File 'CMakeFiles/std_msgs_generate_messages_cpp.dir/progress.make' has modification time 132740245 s in the future
make[2]: warning:  Clock skew detected.  Your build may be incomplete.
make[2]: warning:  Clock skew detected.  Your build may be incomplete.
make[2]: Warning: File 'CMakeFiles/std_msgs_generate_messages_cpp.dir/progress.make' has modification time 132740245 s in the future
make[2]: warning:  Clock skew detected.  Your build may be incomplete.
[  6%] Built target _control_toolbox_generate_messages_check_deps_SetPidGains
make[2]: Warning: File 'CMakeFiles/std_msgs_generate_messages_py.dir/progress.make' has modification time 132740245 s in the future
[  6%] Built target std_msgs_generate_messages_cpp
make[2]: Warning: File 'CMakeFiles/std_msgs_generate_messages_nodejs.dir/progress.make' has modification time 132740245 s in the future
make[2]: warning:  Clock skew detected.  Your build may be incomplete.
make[2]: Warning: File 'CMakeFiles/std_msgs_generate_messages_py.dir/progress.make' has modification time 132740244 s in the future
make[2]: warning:  Clock skew detected.  Your build may be incomplete.
make[2]: warning:  Clock skew detected.  Your build may be incomplete.
make[2]: Warning: File 'CMakeFiles/std_msgs_generate_messages_nodejs.dir/progress.make' has modification time 132740244 s in the future
make[2]: warning:  Clock skew detected.  Your build may be incomplete.
[  6%] Built target std_msgs_generate_messages_py
[  6%] Built target std_msgs_generate_messages_nodejs
make[2]: Warning: File 'CMakeFiles/std_msgs_generate_messages_lisp.dir/progress.make' has modification time 132740244 s in the future
make[2]: warning:  Clock skew detected.  Your build may be incomplete.
make[2]: Warning: File 'CMakeFiles/std_msgs_generate_messages_lisp.dir/progress.make' has modification time 132740244 s in the future
make[2]: warning:  Clock skew detected.  Your build may be incomplete.
[  6%] Built target std_msgs_generate_messages_lisp
make[2]: Warning: File 'CMakeFiles/rosgraph_msgs_generate_messages_nodejs.dir/progress.make' has modification time 132740244 s in the future
make[2]: warning:  Clock skew detected.  Your build may be incomplete.
make[2]: Warning: File 'CMakeFiles/rosgraph_msgs_generate_messages_nodejs.dir/progress.make' has modification time 132740244 s in the future
make[2]: warning:  Clock skew detected.  Your build may be incomplete.
[  6%] Built target rosgraph_msgs_generate_messages_nodejs
make[2]: Warning: File 'CMakeFiles/control_msgs_generate_messages_cpp.dir/progress.make' has modification time 132740244 s in the future
make[2]: warning:  Clock skew detected.  Your build may be incomplete.
make[2]: Warning: File 'CMakeFiles/control_msgs_generate_messages_cpp.dir/progress.make' has modification time 132740244 s in the future
make[2]: warning:  Clock skew detected.  Your build may be incomplete.
make[2]: Warning: File 'CMakeFiles/actionlib_msgs_generate_messages_nodejs.dir/progress.make' has modification time 132740244 s in the future
[  6%] Built target control_msgs_generate_messages_cpp
make[2]: warning:  Clock skew detected.  Your build may be incomplete.
make[2]: Warning: File 'CMakeFiles/actionlib_msgs_generate_messages_nodejs.dir/progress.make' has modification time 132740244 s in the future
make[2]: warning:  Clock skew detected.  Your build may be incomplete.
[  6%] Built target actionlib_msgs_generate_messages_nodejs
make[2]: Warning: File 'CMakeFiles/trajectory_msgs_generate_messages_lisp.dir/progress.make' has modification time 132740244 s in the future
make[2]: warning:  Clock skew detected.  Your build may be incomplete.
make[2]: Warning: File 'CMakeFiles/trajectory_msgs_generate_messages_lisp.dir/progress.make' has modification time 132740244 s in the future
make[2]: warning:  Clock skew detected.  Your build may be incomplete.
make[2]: Warning: File 'CMakeFiles/actionlib_msgs_generate_messages_lisp.dir/progress.make' has modification time 132740244 s in the future
[  6%] Built target trajectory_msgs_generate_messages_lisp
make[2]: warning:  Clock skew detected.  Your build may be incomplete.
make[2]: Warning: File 'CMakeFiles/actionlib_msgs_generate_messages_lisp.dir/progress.make' has modification time 132740244 s in the future
make[2]: warning:  Clock skew detected.  Your build may be incomplete.
make[2]: Warning: File 'CMakeFiles/actionlib_msgs_generate_messages_eus.dir/progress.make' has modification time 132740244 s in the future
[  6%] Built target actionlib_msgs_generate_messages_lisp
make[2]: Warning: File 'CMakeFiles/actionlib_msgs_generate_messages_cpp.dir/progress.make' has modification time 132740243 s in the future
make[2]: warning:  Clock skew detected.  Your build may be incomplete.
make[2]: Warning: File 'CMakeFiles/actionlib_msgs_generate_messages_eus.dir/progress.make' has modification time 132740243 s in the future
make[2]: warning:  Clock skew detected.  Your build may be incomplete.
make[2]: warning:  Clock skew detected.  Your build may be incomplete.
make[2]: Warning: File 'CMakeFiles/actionlib_msgs_generate_messages_cpp.dir/progress.make' has modification time 132740243 s in the future
make[2]: warning:  Clock skew detected.  Your build may be incomplete.
[  6%] Built target actionlib_msgs_generate_messages_eus
[  6%] Built target actionlib_msgs_generate_messages_cpp
make[2]: Warning: File 'CMakeFiles/control_msgs_generate_messages_py.dir/progress.make' has modification time 132740243 s in the future
make[2]: Warning: File 'CMakeFiles/control_msgs_generate_messages_nodejs.dir/progress.make' has modification time 132740243 s in the future
make[2]: warning:  Clock skew detected.  Your build may be incomplete.
make[2]: Warning: File 'CMakeFiles/control_msgs_generate_messages_py.dir/progress.make' has modification time 132740243 s in the future
make[2]: warning:  Clock skew detected.  Your build may be incomplete.
make[2]: warning:  Clock skew detected.  Your build may be incomplete.
make[2]: Warning: File 'CMakeFiles/control_msgs_generate_messages_nodejs.dir/progress.make' has modification time 132740243 s in the future
make[2]: warning:  Clock skew detected.  Your build may be incomplete.
[  6%] Built target control_msgs_generate_messages_py
[  6%] Built target control_msgs_generate_messages_nodejs
make[2]: Warning: File 'CMakeFiles/control_msgs_generate_messages_eus.dir/progress.make' has modification time 132740243 s in the future
make[2]: Warning: File 'CMakeFiles/control_msgs_generate_messages_lisp.dir/progress.make' has modification time 132740243 s in the future
make[2]: warning:  Clock skew detected.  Your build may be incomplete.
make[2]: Warning: File 'CMakeFiles/control_msgs_generate_messages_eus.dir/progress.make' has modification time 132740243 s in the future
make[2]: warning:  Clock skew detected.  Your build may be incomplete.
[  6%] Built target control_msgs_generate_messages_eus
make[2]: warning:  Clock skew detected.  Your build may be incomplete.
make[2]: Warning: File 'CMakeFiles/control_msgs_generate_messages_lisp.dir/progress.make' has modification time 132740243 s in the future
make[2]: warning:  Clock skew detected.  Your build may be incomplete.
[  6%] Built target control_msgs_generate_messages_lisp
make[2]: Warning: File 'CMakeFiles/rosgraph_msgs_generate_messages_py.dir/progress.make' has modification time 132740243 s in the future
make[2]: Warning: File 'CMakeFiles/trajectory_msgs_generate_messages_cpp.dir/progress.make' has modification time 132740243 s in the future
make[2]: warning:  Clock skew detected.  Your build may be incomplete.
make[2]: Warning: File 'CMakeFiles/rosgraph_msgs_generate_messages_py.dir/progress.make' has modification time 132740243 s in the future
make[2]: warning:  Clock skew detected.  Your build may be incomplete.
make[2]: warning:  Clock skew detected.  Your build may be incomplete.
make[2]: Warning: File 'CMakeFiles/trajectory_msgs_generate_messages_cpp.dir/progress.make' has modification time 132740243 s in the future
make[2]: warning:  Clock skew detected.  Your build may be incomplete.
[  6%] Built target rosgraph_msgs_generate_messages_py
[  6%] Built target trajectory_msgs_generate_messages_cpp
make[2]: Warning: File 'CMakeFiles/geometry_msgs_generate_messages_eus.dir/progress.make' has modification time 132740243 s in the future
make[2]: Warning: File 'CMakeFiles/geometry_msgs_generate_messages_cpp.dir/progress.make' has modification time 132740243 s in the future
make[2]: warning:  Clock skew detected.  Your build may be incomplete.
make[2]: Warning: File 'CMakeFiles/geometry_msgs_generate_messages_eus.dir/progress.make' has modification time 132740243 s in the future
make[2]: warning:  Clock skew detected.  Your build may be incomplete.
[  6%] Built target geometry_msgs_generate_messages_eus
make[2]: warning:  Clock skew detected.  Your build may be incomplete.
make[2]: Warning: File 'CMakeFiles/geometry_msgs_generate_messages_cpp.dir/progress.make' has modification time 132740243 s in the future
make[2]: warning:  Clock skew detected.  Your build may be incomplete.
make[2]: Warning: File 'CMakeFiles/geometry_msgs_generate_messages_py.dir/progress.make' has modification time 132740243 s in the future
[  6%] Built target geometry_msgs_generate_messages_cpp
make[2]: warning:  Clock skew detected.  Your build may be incomplete.
make[2]: Warning: File 'CMakeFiles/geometry_msgs_generate_messages_py.dir/progress.make' has modification time 132740243 s in the future
make[2]: warning:  Clock skew detected.  Your build may be incomplete.
make[2]: Warning: File 'CMakeFiles/_catkin_empty_exported_target.dir/progress.make' has modification time 132740242 s in the future
[  6%] Built target geometry_msgs_generate_messages_py
make[2]: Warning: File 'CMakeFiles/geometry_msgs_generate_messages_nodejs.dir/progress.make' has modification time 132740242 s in the future
make[2]: warning:  Clock skew detected.  Your build may be incomplete.
make[2]: Warning: File 'CMakeFiles/_catkin_empty_exported_target.dir/progress.make' has modification time 132740242 s in the future
make[2]: warning:  Clock skew detected.  Your build may be incomplete.
make[2]: warning:  Clock skew detected.  Your build may be incomplete.
make[2]: Warning: File 'CMakeFiles/geometry_msgs_generate_messages_nodejs.dir/progress.make' has modification time 132740242 s in the future
make[2]: warning:  Clock skew detected.  Your build may be incomplete.
[  6%] Built target _catkin_empty_exported_target
[  6%] Built target geometry_msgs_generate_messages_nodejs
make[2]: Warning: File 'CMakeFiles/trajectory_msgs_generate_messages_eus.dir/progress.make' has modification time 132740242 s in the future
make[2]: warning:  Clock skew detected.  Your build may be incomplete.
make[2]: Warning: File 'CMakeFiles/trajectory_msgs_generate_messages_eus.dir/progress.make' has modification time 132740242 s in the future
make[2]: warning:  Clock skew detected.  Your build may be incomplete.
make[2]: Warning: File 'CMakeFiles/trajectory_msgs_generate_messages_py.dir/progress.make' has modification time 132740242 s in the future
[  6%] Built target trajectory_msgs_generate_messages_eus
make[2]: warning:  Clock skew detected.  Your build may be incomplete.
make[2]: Warning: File 'CMakeFiles/trajectory_msgs_generate_messages_py.dir/progress.make' has modification time 132740242 s in the future
make[2]: warning:  Clock skew detected.  Your build may be incomplete.
[  6%] Built target trajectory_msgs_generate_messages_py
make[2]: Warning: File 'CMakeFiles/trajectory_msgs_generate_messages_nodejs.dir/progress.make' has modification time 132740242 s in the future
make[2]: warning:  Clock skew detected.  Your build may be incomplete.
make[2]: Warning: File 'CMakeFiles/trajectory_msgs_generate_messages_nodejs.dir/progress.make' has modification time 132740242 s in the future
make[2]: warning:  Clock skew detected.  Your build may be incomplete.
[  6%] Built target trajectory_msgs_generate_messages_nodejs
make[2]: Warning: File 'CMakeFiles/dynamic_reconfigure_generate_messages_cpp.dir/progress.make' has modification time 132740242 s in the future
make[2]: Warning: File 'CMakeFiles/dynamic_reconfigure_generate_messages_lisp.dir/progress.make' has modification time 132740242 s in the future
make[2]: warning:  Clock skew detected.  Your build may be incomplete.
make[2]: Warning: File 'CMakeFiles/dynamic_reconfigure_generate_messages_cpp.dir/progress.make' has modification time 132740242 s in the future
make[2]: warning:  Clock skew detected.  Your build may be incomplete.
make[2]: warning:  Clock skew detected.  Your build may be incomplete.
make[2]: Warning: File 'CMakeFiles/dynamic_reconfigure_generate_messages_lisp.dir/progress.make' has modification time 132740242 s in the future
make[2]: warning:  Clock skew detected.  Your build may be incomplete.
[  6%] Built target dynamic_reconfigure_generate_messages_cpp
[  6%] Built target dynamic_reconfigure_generate_messages_lisp
make[2]: Warning: File 'CMakeFiles/actionlib_msgs_generate_messages_py.dir/progress.make' has modification time 132740242 s in the future
make[2]: warning:  Clock skew detected.  Your build may be incomplete.
make[2]: Warning: File 'CMakeFiles/actionlib_msgs_generate_messages_py.dir/progress.make' has modification time 132740242 s in the future
make[2]: warning:  Clock skew detected.  Your build may be incomplete.
[  6%] Built target actionlib_msgs_generate_messages_py
make[2]: Warning: File 'CMakeFiles/geometry_msgs_generate_messages_lisp.dir/progress.make' has modification time 132740242 s in the future
make[2]: Warning: File 'CMakeFiles/dynamic_reconfigure_generate_messages_py.dir/progress.make' has modification time 132740242 s in the future
make[2]: warning:  Clock skew detected.  Your build may be incomplete.
make[2]: Warning: File 'CMakeFiles/geometry_msgs_generate_messages_lisp.dir/progress.make' has modification time 132740241 s in the future
make[2]: warning:  Clock skew detected.  Your build may be incomplete.
make[2]: warning:  Clock skew detected.  Your build may be incomplete.
make[2]: Warning: File 'CMakeFiles/dynamic_reconfigure_generate_messages_py.dir/progress.make' has modification time 132740241 s in the future
make[2]: warning:  Clock skew detected.  Your build may be incomplete.
[  6%] Built target geometry_msgs_generate_messages_lisp
[  6%] Built target dynamic_reconfigure_generate_messages_py
make[2]: Warning: File 'CMakeFiles/dynamic_reconfigure_generate_messages_eus.dir/progress.make' has modification time 132740241 s in the future
make[2]: warning:  Clock skew detected.  Your build may be incomplete.
make[2]: Warning: File 'CMakeFiles/dynamic_reconfigure_generate_messages_eus.dir/progress.make' has modification time 132740241 s in the future
make[2]: warning:  Clock skew detected.  Your build may be incomplete.
[  6%] Built target dynamic_reconfigure_generate_messages_eus
make[2]: Warning: File 'CMakeFiles/dynamic_reconfigure_generate_messages_nodejs.dir/progress.make' has modification time 132740241 s in the future
make[2]: warning:  Clock skew detected.  Your build may be incomplete.
make[2]: Warning: File 'CMakeFiles/dynamic_reconfigure_generate_messages_nodejs.dir/progress.make' has modification time 132740241 s in the future
make[2]: warning:  Clock skew detected.  Your build may be incomplete.
[  6%] Built target dynamic_reconfigure_generate_messages_nodejs
make[2]: Warning: File 'CMakeFiles/rosgraph_msgs_generate_messages_lisp.dir/progress.make' has modification time 132740241 s in the future
make[2]: warning:  Clock skew detected.  Your build may be incomplete.
make[2]: Warning: File 'CMakeFiles/rosgraph_msgs_generate_messages_lisp.dir/progress.make' has modification time 132740241 s in the future
make[2]: warning:  Clock skew detected.  Your build may be incomplete.
[  6%] Built target rosgraph_msgs_generate_messages_lisp
make[2]: Warning: File 'CMakeFiles/rosgraph_msgs_generate_messages_eus.dir/progress.make' has modification time 132740241 s in the future
make[2]: Warning: File 'CMakeFiles/rosgraph_msgs_generate_messages_cpp.dir/progress.make' has modification time 132740241 s in the future
make[2]: warning:  Clock skew detected.  Your build may be incomplete.
make[2]: Warning: File 'CMakeFiles/rosgraph_msgs_generate_messages_eus.dir/progress.make' has modification time 132740241 s in the future
make[2]: warning:  Clock skew detected.  Your build may be incomplete.
make[2]: warning:  Clock skew detected.  Your build may be incomplete.
make[2]: Warning: File 'CMakeFiles/rosgraph_msgs_generate_messages_cpp.dir/progress.make' has modification time 132740241 s in the future
make[2]: warning:  Clock skew detected.  Your build may be incomplete.
[  6%] Built target rosgraph_msgs_generate_messages_eus
[  6%] Built target rosgraph_msgs_generate_messages_cpp
make[2]: Warning: File 'CMakeFiles/roscpp_generate_messages_py.dir/progress.make' has modification time 132740241 s in the future
make[2]: warning:  Clock skew detected.  Your build may be incomplete.
make[2]: Warning: File 'CMakeFiles/roscpp_generate_messages_py.dir/progress.make' has modification time 132740241 s in the future
make[2]: warning:  Clock skew detected.  Your build may be incomplete.
make[2]: Warning: File 'CMakeFiles/roscpp_generate_messages_nodejs.dir/progress.make' has modification time 132740241 s in the future
[  6%] Built target roscpp_generate_messages_py
make[2]: warning:  Clock skew detected.  Your build may be incomplete.
make[2]: Warning: File 'CMakeFiles/roscpp_generate_messages_nodejs.dir/progress.make' has modification time 132740241 s in the future
make[2]: warning:  Clock skew detected.  Your build may be incomplete.
[  6%] Built target roscpp_generate_messages_nodejs
make[2]: Warning: File 'CMakeFiles/roscpp_generate_messages_lisp.dir/progress.make' has modification time 132740241 s in the future
make[2]: Warning: File 'CMakeFiles/roscpp_generate_messages_eus.dir/progress.make' has modification time 132740240 s in the future
make[2]: warning:  Clock skew detected.  Your build may be incomplete.
make[2]: Warning: File 'CMakeFiles/roscpp_generate_messages_lisp.dir/progress.make' has modification time 132740240 s in the future
make[2]: warning:  Clock skew detected.  Your build may be incomplete.
make[2]: warning:  Clock skew detected.  Your build may be incomplete.
make[2]: Warning: File 'CMakeFiles/roscpp_generate_messages_eus.dir/progress.make' has modification time 132740240 s in the future
make[2]: warning:  Clock skew detected.  Your build may be incomplete.
[  6%] Built target roscpp_generate_messages_lisp
[  6%] Built target roscpp_generate_messages_eus
make[2]: Warning: File 'CMakeFiles/roscpp_generate_messages_cpp.dir/progress.make' has modification time 132740240 s in the future
make[2]: Warning: File 'CMakeFiles/dynamic_reconfigure_gencfg.dir/progress.make' has modification time 132740240 s in the future
make[2]: warning:  Clock skew detected.  Your build may be incomplete.
make[2]: Warning: File 'CMakeFiles/roscpp_generate_messages_cpp.dir/progress.make' has modification time 132740240 s in the future
make[2]: warning:  Clock skew detected.  Your build may be incomplete.
make[2]: warning:  Clock skew detected.  Your build may be incomplete.
make[2]: Warning: File 'CMakeFiles/dynamic_reconfigure_gencfg.dir/progress.make' has modification time 132740240 s in the future
make[2]: warning:  Clock skew detected.  Your build may be incomplete.
[  6%] Built target roscpp_generate_messages_cpp
[  6%] Built target dynamic_reconfigure_gencfg
make[2]: Warning: File 'CMakeFiles/control_toolbox_generate_messages_eus.dir/progress.make' has modification time 132740240 s in the future
make[2]: warning:  Clock skew detected.  Your build may be incomplete.
make[2]: Warning: File 'CMakeFiles/control_toolbox_generate_messages_eus.dir/progress.make' has modification time 132740240 s in the future
make[2]: warning:  Clock skew detected.  Your build may be incomplete.
[ 20%] Built target control_toolbox_generate_messages_eus
make[2]: Warning: File 'CMakeFiles/control_toolbox_generate_messages_cpp.dir/progress.make' has modification time 132740240 s in the future
make[2]: Warning: File 'CMakeFiles/control_toolbox_generate_messages_py.dir/progress.make' has modification time 132740240 s in the future
make[2]: warning:  Clock skew detected.  Your build may be incomplete.
make[2]: Warning: File 'CMakeFiles/control_toolbox_generate_messages_cpp.dir/progress.make' has modification time 132740240 s in the future
make[2]: warning:  Clock skew detected.  Your build may be incomplete.
make[2]: warning:  Clock skew detected.  Your build may be incomplete.
make[2]: Warning: File 'CMakeFiles/control_toolbox_generate_messages_py.dir/progress.make' has modification time 132740240 s in the future
make[2]: warning:  Clock skew detected.  Your build may be incomplete.
[ 26%] Built target control_toolbox_generate_messages_cpp
[ 40%] Built target control_toolbox_generate_messages_py
make[2]: Warning: File 'CMakeFiles/control_toolbox_generate_messages_nodejs.dir/progress.make' has modification time 132740240 s in the future
make[2]: Warning: File 'CMakeFiles/control_toolbox_generate_messages_lisp.dir/progress.make' has modification time 132740240 s in the future
make[2]: warning:  Clock skew detected.  Your build may be incomplete.
make[2]: Warning: File 'CMakeFiles/control_toolbox_generate_messages_nodejs.dir/progress.make' has modification time 132740240 s in the future
make[2]: warning:  Clock skew detected.  Your build may be incomplete.
make[2]: warning:  Clock skew detected.  Your build may be incomplete.
make[2]: Warning: File 'CMakeFiles/control_toolbox_generate_messages_lisp.dir/progress.make' has modification time 132740240 s in the future
make[2]: warning:  Clock skew detected.  Your build may be incomplete.
[ 46%] Built target control_toolbox_generate_messages_nodejs
[ 53%] Built target control_toolbox_generate_messages_lisp
make[2]: Warning: File 'CMakeFiles/control_toolbox_generate_messages.dir/progress.make' has modification time 132740240 s in the future
make[2]: Warning: File 'CMakeFiles/control_toolbox.dir/flags.make' has modification time 132740240 s in the future
make[2]: warning:  Clock skew detected.  Your build may be incomplete.
make[2]: Warning: File 'CMakeFiles/control_toolbox_generate_messages.dir/progress.make' has modification time 132740240 s in the future
make[2]: warning:  Clock skew detected.  Your build may be incomplete.
make[2]: warning:  Clock skew detected.  Your build may be incomplete.
make[2]: Warning: File 'CMakeFiles/control_toolbox.dir/flags.make' has modification time 132740239 s in the future
make[2]: warning:  Clock skew detected.  Your build may be incomplete.
[ 53%] Built target control_toolbox_generate_messages
[100%] Built target control_toolbox
make[1]: warning:  Clock skew detected.  Your build may be incomplete.
make: warning:  Clock skew detected.  Your build may be incomplete.
