[35m[1mScanning dependencies of target control_toolbox_gencfg[0m
[  6%] [34m[1mGenerating dynamic reconfigure files from cfg/Parameters.cfg: /home/husarion/catkin_ws/devel/.private/control_toolbox/include/control_toolbox/ParametersConfig.h /home/husarion/catkin_ws/devel/.private/control_toolbox/lib/python2.7/dist-packages/control_toolbox/cfg/ParametersConfig.py[0m
Generating reconfiguration files for Parameters in control_toolbox
Wrote header file in /home/husarion/catkin_ws/devel/.private/control_toolbox/include/control_toolbox/ParametersConfig.h
[  6%] Built target control_toolbox_gencfg
[35m[1mScanning dependencies of target _control_toolbox_generate_messages_check_deps_SetPidGains[0m
[  6%] Built target _control_toolbox_generate_messages_check_deps_SetPidGains
[35m[1mScanning dependencies of target std_msgs_generate_messages_eus[0m
[  6%] Built target std_msgs_generate_messages_eus
[35m[1mScanning dependencies of target std_msgs_generate_messages_cpp[0m
[  6%] Built target std_msgs_generate_messages_cpp
[35m[1mScanning dependencies of target std_msgs_generate_messages_py[0m
[  6%] Built target std_msgs_generate_messages_py
[35m[1mScanning dependencies of target std_msgs_generate_messages_nodejs[0m
[  6%] Built target std_msgs_generate_messages_nodejs
[35m[1mScanning dependencies of target std_msgs_generate_messages_lisp[0m
[  6%] Built target std_msgs_generate_messages_lisp
[35m[1mScanning dependencies of target rosgraph_msgs_generate_messages_nodejs[0m
[  6%] Built target rosgraph_msgs_generate_messages_nodejs
[35m[1mScanning dependencies of target control_msgs_generate_messages_cpp[0m
[  6%] Built target control_msgs_generate_messages_cpp
[35m[1mScanning dependencies of target actionlib_msgs_generate_messages_nodejs[0m
[  6%] Built target actionlib_msgs_generate_messages_nodejs
[35m[1mScanning dependencies of target trajectory_msgs_generate_messages_lisp[0m
[  6%] Built target trajectory_msgs_generate_messages_lisp
[35m[1mScanning dependencies of target actionlib_msgs_generate_messages_lisp[0m
[  6%] Built target actionlib_msgs_generate_messages_lisp
[35m[1mScanning dependencies of target actionlib_msgs_generate_messages_eus[0m
[  6%] Built target actionlib_msgs_generate_messages_eus
[35m[1mScanning dependencies of target actionlib_msgs_generate_messages_cpp[0m
[  6%] Built target actionlib_msgs_generate_messages_cpp
[35m[1mScanning dependencies of target control_msgs_generate_messages_py[0m
[  6%] Built target control_msgs_generate_messages_py
[35m[1mScanning dependencies of target control_msgs_generate_messages_nodejs[0m
[  6%] Built target control_msgs_generate_messages_nodejs
[35m[1mScanning dependencies of target control_msgs_generate_messages_eus[0m
[  6%] Built target control_msgs_generate_messages_eus
[35m[1mScanning dependencies of target control_msgs_generate_messages_lisp[0m
[  6%] Built target control_msgs_generate_messages_lisp
[35m[1mScanning dependencies of target rosgraph_msgs_generate_messages_py[0m
[  6%] Built target rosgraph_msgs_generate_messages_py
[35m[1mScanning dependencies of target trajectory_msgs_generate_messages_cpp[0m
[  6%] Built target trajectory_msgs_generate_messages_cpp
[35m[1mScanning dependencies of target geometry_msgs_generate_messages_eus[0m
[  6%] Built target geometry_msgs_generate_messages_eus
[35m[1mScanning dependencies of target geometry_msgs_generate_messages_cpp[0m
[  6%] Built target geometry_msgs_generate_messages_cpp
[35m[1mScanning dependencies of target geometry_msgs_generate_messages_py[0m
[  6%] Built target geometry_msgs_generate_messages_py
[35m[1mScanning dependencies of target _catkin_empty_exported_target[0m
[  6%] Built target _catkin_empty_exported_target
[35m[1mScanning dependencies of target geometry_msgs_generate_messages_nodejs[0m
[  6%] Built target geometry_msgs_generate_messages_nodejs
[35m[1mScanning dependencies of target trajectory_msgs_generate_messages_eus[0m
[  6%] Built target trajectory_msgs_generate_messages_eus
[35m[1mScanning dependencies of target trajectory_msgs_generate_messages_py[0m
[  6%] Built target trajectory_msgs_generate_messages_py
[35m[1mScanning dependencies of target trajectory_msgs_generate_messages_nodejs[0m
[  6%] Built target trajectory_msgs_generate_messages_nodejs
[35m[1mScanning dependencies of target dynamic_reconfigure_generate_messages_cpp[0m
[  6%] Built target dynamic_reconfigure_generate_messages_cpp
[35m[1mScanning dependencies of target dynamic_reconfigure_generate_messages_lisp[0m
[  6%] Built target dynamic_reconfigure_generate_messages_lisp
[35m[1mScanning dependencies of target actionlib_msgs_generate_messages_py[0m
[  6%] Built target actionlib_msgs_generate_messages_py
[35m[1mScanning dependencies of target geometry_msgs_generate_messages_lisp[0m
[  6%] Built target geometry_msgs_generate_messages_lisp
[35m[1mScanning dependencies of target dynamic_reconfigure_generate_messages_py[0m
[  6%] Built target dynamic_reconfigure_generate_messages_py
[35m[1mScanning dependencies of target dynamic_reconfigure_generate_messages_eus[0m
[  6%] Built target dynamic_reconfigure_generate_messages_eus
[35m[1mScanning dependencies of target dynamic_reconfigure_generate_messages_nodejs[0m
[  6%] Built target dynamic_reconfigure_generate_messages_nodejs
[35m[1mScanning dependencies of target rosgraph_msgs_generate_messages_lisp[0m
[  6%] Built target rosgraph_msgs_generate_messages_lisp
[35m[1mScanning dependencies of target rosgraph_msgs_generate_messages_eus[0m
[  6%] Built target rosgraph_msgs_generate_messages_eus
[35m[1mScanning dependencies of target rosgraph_msgs_generate_messages_cpp[0m
[  6%] Built target rosgraph_msgs_generate_messages_cpp
[35m[1mScanning dependencies of target roscpp_generate_messages_py[0m
[  6%] Built target roscpp_generate_messages_py
[35m[1mScanning dependencies of target roscpp_generate_messages_nodejs[0m
[  6%] Built target roscpp_generate_messages_nodejs
[35m[1mScanning dependencies of target roscpp_generate_messages_lisp[0m
[  6%] Built target roscpp_generate_messages_lisp
[35m[1mScanning dependencies of target roscpp_generate_messages_eus[0m
[  6%] Built target roscpp_generate_messages_eus
[35m[1mScanning dependencies of target roscpp_generate_messages_cpp[0m
[  6%] Built target roscpp_generate_messages_cpp
[35m[1mScanning dependencies of target dynamic_reconfigure_gencfg[0m
[  6%] Built target dynamic_reconfigure_gencfg
[35m[1mScanning dependencies of target control_toolbox_generate_messages_eus[0m
[ 13%] [34m[1mGenerating EusLisp code from control_toolbox/SetPidGains.srv[0m
[ 20%] [34m[1mGenerating EusLisp manifest code for control_toolbox[0m
[ 20%] Built target control_toolbox_generate_messages_eus
[35m[1mScanning dependencies of target control_toolbox_generate_messages_cpp[0m
[ 26%] [34m[1mGenerating C++ code from control_toolbox/SetPidGains.srv[0m
[ 26%] Built target control_toolbox_generate_messages_cpp
[35m[1mScanning dependencies of target control_toolbox_generate_messages_py[0m
[ 33%] [34m[1mGenerating Python code from SRV control_toolbox/SetPidGains[0m
[ 40%] [34m[1mGenerating Python srv __init__.py for control_toolbox[0m
[ 40%] Built target control_toolbox_generate_messages_py
[35m[1mScanning dependencies of target control_toolbox_generate_messages_nodejs[0m
[ 46%] [34m[1mGenerating Javascript code from control_toolbox/SetPidGains.srv[0m
[ 46%] Built target control_toolbox_generate_messages_nodejs
[35m[1mScanning dependencies of target control_toolbox_generate_messages_lisp[0m
[ 53%] [34m[1mGenerating Lisp code from control_toolbox/SetPidGains.srv[0m
[ 53%] Built target control_toolbox_generate_messages_lisp
[35m[1mScanning dependencies of target control_toolbox_generate_messages[0m
[ 53%] Built target control_toolbox_generate_messages
[35m[1mScanning dependencies of target control_toolbox[0m
[ 60%] [32mBuilding CXX object CMakeFiles/control_toolbox.dir/src/dither.cpp.o[0m
[ 66%] [32mBuilding CXX object CMakeFiles/control_toolbox.dir/src/limited_proxy.cpp.o[0m
[ 73%] [32mBuilding CXX object CMakeFiles/control_toolbox.dir/src/pid.cpp.o[0m
[ 80%] [32mBuilding CXX object CMakeFiles/control_toolbox.dir/src/pid_gains_setter.cpp.o[0m
In file included from [01m[K/usr/include/boost/bind.hpp:22:0[m[K,
                 from [01m[K/home/husarion/catkin_ws/src/ros_comm/clients/roscpp/include/ros/publisher.h:35[m[K,
                 from [01m[K/home/husarion/catkin_ws/src/ros_comm/clients/roscpp/include/ros/node_handle.h:32[m[K,
                 from [01m[K/home/husarion/catkin_ws/src/ros_comm/clients/roscpp/include/ros/ros.h:45[m[K,
                 from [01m[K/home/husarion/catkin_ws/src/control_toolbox/include/control_toolbox/pid.h:39[m[K,
                 from [01m[K/home/husarion/catkin_ws/src/control_toolbox/src/pid.cpp:41[m[K:
[01m[K/usr/include/boost/bind/bind_cc.hpp:[m[K In function '[01m[Kboost::_bi::bind_t<R, R (*)(B1), typename boost::_bi::list_av_1<A1>::type> boost::bind(R (*)(B1), A1) [with R = ros::SerializedMessage; B1 = const control_msgs::PidState_<std::allocator<void> >&; A1 = boost::reference_wrapper<const control_msgs::PidState_<std::allocator<void> > >][m[K':
[01m[K/usr/include/boost/bind/bind_cc.hpp:26:5:[m[K [01;36m[Knote: [m[Kparameter passing for argument of type '[01m[Kboost::reference_wrapper<const control_msgs::PidState_<std::allocator<void> > >[m[K' changed in GCC 7.1
     [01;36m[KB[m[KOOST_BIND(BOOST_BIND_ST R (BOOST_BIND_CC *f) (B1), A1 a1)
     [01;36m[K^[m[K
In file included from [01m[K/usr/include/boost/bind/bind.hpp:2126:0[m[K,
                 from [01m[K/usr/include/boost/bind.hpp:22[m[K,
                 from [01m[K/home/husarion/catkin_ws/src/ros_comm/clients/roscpp/include/ros/publisher.h:35[m[K,
                 from [01m[K/home/husarion/catkin_ws/src/ros_comm/clients/roscpp/include/ros/node_handle.h:32[m[K,
                 from [01m[K/home/husarion/catkin_ws/src/ros_comm/clients/roscpp/include/ros/ros.h:45[m[K,
                 from [01m[K/home/husarion/catkin_ws/src/control_toolbox/include/control_toolbox/pid.h:39[m[K,
                 from [01m[K/home/husarion/catkin_ws/src/control_toolbox/src/pid.cpp:41[m[K:
[01m[K/usr/include/boost/bind/bind_cc.hpp:30:58:[m[K [01;36m[Knote: [m[Kparameter passing for argument of type '[01m[Kboost::reference_wrapper<const control_msgs::PidState_<std::allocator<void> > >[m[K' changed in GCC 7.1
     return _bi::bind_t<R, F, list_type> (f, list_type(a1)[01;36m[K)[m[K;
                                                          [01;36m[K^[m[K
[ 86%] [32mBuilding CXX object CMakeFiles/control_toolbox.dir/src/sine_sweep.cpp.o[0m
In file included from [01m[K/usr/include/boost/bind.hpp:22:0[m[K,
                 from [01m[K/home/husarion/catkin_ws/src/ros_comm/clients/roscpp/include/ros/publisher.h:35[m[K,
                 from [01m[K/home/husarion/catkin_ws/src/ros_comm/clients/roscpp/include/ros/node_handle.h:32[m[K,
                 from [01m[K/home/husarion/catkin_ws/src/ros_comm/clients/roscpp/include/ros/ros.h:45[m[K,
                 from [01m[K/home/husarion/catkin_ws/src/control_toolbox/include/control_toolbox/pid.h:39[m[K,
                 from [01m[K/home/husarion/catkin_ws/src/control_toolbox/src/pid.cpp:41[m[K:
[01m[K/usr/include/boost/bind/bind.hpp:[m[K In constructor '[01m[Kboost::_bi::list1<A1>::list1(A1) [with A1 = boost::reference_wrapper<const control_msgs::PidState_<std::allocator<void> > >][m[K':
[01m[K/usr/include/boost/bind/bind.hpp:231:14:[m[K [01;36m[Knote: [m[Kparameter passing for argument of type '[01m[Kboost::reference_wrapper<const control_msgs::PidState_<std::allocator<void> > >[m[K' changed in GCC 7.1
     explicit [01;36m[Klist1[m[K( A1 a1 ): base_type( a1 ) {}
              [01;36m[K^~~~~[m[K
[01m[K/usr/include/boost/bind/bind.hpp:231:44:[m[K [01;36m[Knote: [m[Kparameter passing for argument of type '[01m[Kboost::reference_wrapper<const control_msgs::PidState_<std::allocator<void> > >[m[K' changed in GCC 7.1
     explicit list1( A1 a1 ): base_type( a1 [01;36m[K)[m[K {}
                                            [01;36m[K^[m[K
In file included from [01m[K/usr/include/boost/bind/bind.hpp:47:0[m[K,
                 from [01m[K/usr/include/boost/bind.hpp:22[m[K,
                 from [01m[K/home/husarion/catkin_ws/src/ros_comm/clients/roscpp/include/ros/publisher.h:35[m[K,
                 from [01m[K/home/husarion/catkin_ws/src/ros_comm/clients/roscpp/include/ros/node_handle.h:32[m[K,
                 from [01m[K/home/husarion/catkin_ws/src/ros_comm/clients/roscpp/include/ros/ros.h:45[m[K,
                 from [01m[K/home/husarion/catkin_ws/src/control_toolbox/include/control_toolbox/pid.h:39[m[K,
                 from [01m[K/home/husarion/catkin_ws/src/control_toolbox/src/pid.cpp:41[m[K:
[01m[K/usr/include/boost/bind/storage.hpp:[m[K In constructor '[01m[Kboost::_bi::storage1<A1>::storage1(A1) [with A1 = boost::reference_wrapper<const control_msgs::PidState_<std::allocator<void> > >][m[K':
[01m[K/usr/include/boost/bind/storage.hpp:42:14:[m[K [01;36m[Knote: [m[Kparameter passing for argument of type '[01m[Kboost::reference_wrapper<const control_msgs::PidState_<std::allocator<void> > >[m[K' changed in GCC 7.1
     explicit [01;36m[Kstorage1[m[K( A1 a1 ): a1_( a1 ) {}
              [01;36m[K^~~~~~~~[m[K
In file included from [01m[K/usr/include/c++/7/vector:69:0[m[K,
                 from [01m[K/usr/include/boost/math/special_functions/math_fwd.hpp:26[m[K,
                 from [01m[K/usr/include/boost/math/special_functions/round.hpp:15[m[K,
                 from [01m[K/opt/ros/melodic/include/ros/time.h:58[m[K,
                 from [01m[K/home/husarion/catkin_ws/src/ros_comm/clients/roscpp/include/ros/ros.h:38[m[K,
                 from [01m[K/home/husarion/catkin_ws/src/control_toolbox/include/control_toolbox/pid.h:39[m[K,
                 from [01m[K/home/husarion/catkin_ws/src/control_toolbox/src/pid.cpp:41[m[K:
[01m[K/usr/include/c++/7/bits/vector.tcc:[m[K In member function '[01m[Kvoid std::vector<_Tp, _Alloc>::emplace_back(_Args&& ...) [with _Args = {dynamic_reconfigure::DoubleParameter_<std::allocator<void> >}; _Tp = dynamic_reconfigure::DoubleParameter_<std::allocator<void> >; _Alloc = std::allocator<dynamic_reconfigure::DoubleParameter_<std::allocator<void> > >][m[K':
[01m[K/usr/include/c++/7/bits/vector.tcc:105:21:[m[K [01;36m[Knote: [m[Kparameter passing for argument of type '[01m[K__gnu_cxx::__normal_iterator<dynamic_reconfigure::DoubleParameter_<std::allocator<void> >*, std::vector<dynamic_reconfigure::DoubleParameter_<std::allocator<void> >, std::allocator<dynamic_reconfigure::DoubleParameter_<std::allocator<void> > > > >[m[K' changed in GCC 7.1
    [01;36m[K_M_realloc_insert(end(), std::forward<_Args>(__args)...)[m[K;
    [01;36m[K~~~~~~~~~~~~~~~~~^~~~~~~~~~~~~~~~~~~~~~~~~~~~~~~~~~~~~~~[m[K
[01m[K/usr/include/c++/7/bits/vector.tcc:[m[K In member function '[01m[Kvoid std::vector<_Tp, _Alloc>::_M_realloc_insert(std::vector<_Tp, _Alloc>::iterator, _Args&& ...) [with _Args = {dynamic_reconfigure::DoubleParameter_<std::allocator<void> >}; _Tp = dynamic_reconfigure::DoubleParameter_<std::allocator<void> >; _Alloc = std::allocator<dynamic_reconfigure::DoubleParameter_<std::allocator<void> > >][m[K':
[01m[K/usr/include/c++/7/bits/vector.tcc:394:7:[m[K [01;36m[Knote: [m[Kparameter passing for argument of type '[01m[Kstd::vector<dynamic_reconfigure::DoubleParameter_<std::allocator<void> >, std::allocator<dynamic_reconfigure::DoubleParameter_<std::allocator<void> > > >::iterator {aka __gnu_cxx::__normal_iterator<dynamic_reconfigure::DoubleParameter_<std::allocator<void> >*, std::vector<dynamic_reconfigure::DoubleParameter_<std::allocator<void> >, std::allocator<dynamic_reconfigure::DoubleParameter_<std::allocator<void> > > > >}[m[K' changed in GCC 7.1
       [01;36m[Kvector<_Tp, _Alloc>[m[K::
       [01;36m[K^~~~~~~~~~~~~~~~~~~[m[K
In file included from [01m[K/usr/include/c++/7/vector:63:0[m[K,
                 from [01m[K/usr/include/boost/math/special_functions/math_fwd.hpp:26[m[K,
                 from [01m[K/usr/include/boost/math/special_functions/round.hpp:15[m[K,
                 from [01m[K/opt/ros/melodic/include/ros/time.h:58[m[K,
                 from [01m[K/home/husarion/catkin_ws/src/ros_comm/clients/roscpp/include/ros/ros.h:38[m[K,
                 from [01m[K/home/husarion/catkin_ws/src/control_toolbox/include/control_toolbox/pid.h:39[m[K,
                 from [01m[K/home/husarion/catkin_ws/src/control_toolbox/src/pid.cpp:41[m[K:
[01m[K/usr/include/c++/7/bits/stl_uninitialized.h:[m[K In function '[01m[K_ForwardIterator std::__uninitialized_move_if_noexcept_a(_InputIterator, _InputIterator, _ForwardIterator, _Allocator&) [with _InputIterator = dynamic_reconfigure::DoubleParameter_<std::allocator<void> >*; _ForwardIterator = dynamic_reconfigure::DoubleParameter_<std::allocator<void> >*; _Allocator = std::allocator<dynamic_reconfigure::DoubleParameter_<std::allocator<void> > >][m[K':
[01m[K/usr/include/c++/7/bits/stl_uninitialized.h:312:69:[m[K [01;36m[Knote: [m[Kparameter passing for argument of type '[01m[Kstd::move_iterator<dynamic_reconfigure::DoubleParameter_<std::allocator<void> >*>[m[K' changed in GCC 7.1
   _GLIBCXX_MAKE_MOVE_IF_NOEXCEPT_ITERATOR(__last), __result, __alloc[01;36m[K)[m[K;
                                                                     [01;36m[K^[m[K
[01m[K/usr/include/c++/7/bits/stl_uninitialized.h:[m[K In function '[01m[K_ForwardIterator std::__uninitialized_copy_a(_InputIterator, _InputIterator, _ForwardIterator, std::allocator<_Tp>&) [with _InputIterator = std::move_iterator<dynamic_reconfigure::DoubleParameter_<std::allocator<void> >*>; _ForwardIterator = dynamic_reconfigure::DoubleParameter_<std::allocator<void> >*; _Tp = dynamic_reconfigure::DoubleParameter_<std::allocator<void> >][m[K':
[01m[K/usr/include/c++/7/bits/stl_uninitialized.h:287:5:[m[K [01;36m[Knote: [m[Kparameter passing for argument of type '[01m[Kstd::move_iterator<dynamic_reconfigure::DoubleParameter_<std::allocator<void> >*>[m[K' changed in GCC 7.1
     [01;36m[K__uninitialized_copy_a[m[K(_InputIterator __first, _InputIterator __last,
     [01;36m[K^~~~~~~~~~~~~~~~~~~~~~[m[K
[01m[K/usr/include/c++/7/bits/stl_uninitialized.h:287:5:[m[K [01;36m[Knote: [m[Kparameter passing for argument of type '[01m[Kstd::move_iterator<dynamic_reconfigure::DoubleParameter_<std::allocator<void> >*>[m[K' changed in GCC 7.1
[01m[K/usr/include/c++/7/bits/stl_uninitialized.h:289:63:[m[K [01;36m[Knote: [m[Kparameter passing for argument of type '[01m[Kstd::move_iterator<dynamic_reconfigure::DoubleParameter_<std::allocator<void> >*>[m[K' changed in GCC 7.1
     { return std::uninitialized_copy(__first, __last, __result[01;36m[K)[m[K; }
                                                               [01;36m[K^[m[K
[01m[K/usr/include/c++/7/bits/stl_uninitialized.h:[m[K In function '[01m[K_ForwardIterator std::uninitialized_copy(_InputIterator, _InputIterator, _ForwardIterator) [with _InputIterator = std::move_iterator<dynamic_reconfigure::DoubleParameter_<std::allocator<void> >*>; _ForwardIterator = dynamic_reconfigure::DoubleParameter_<std::allocator<void> >*][m[K':
[01m[K/usr/include/c++/7/bits/stl_uninitialized.h:115:5:[m[K [01;36m[Knote: [m[Kparameter passing for argument of type '[01m[Kstd::move_iterator<dynamic_reconfigure::DoubleParameter_<std::allocator<void> >*>[m[K' changed in GCC 7.1
     [01;36m[Kuninitialized_copy[m[K(_InputIterator __first, _InputIterator __last,
     [01;36m[K^~~~~~~~~~~~~~~~~~[m[K
[01m[K/usr/include/c++/7/bits/stl_uninitialized.h:115:5:[m[K [01;36m[Knote: [m[Kparameter passing for argument of type '[01m[Kstd::move_iterator<dynamic_reconfigure::DoubleParameter_<std::allocator<void> >*>[m[K' changed in GCC 7.1
[01m[K/usr/include/c++/7/bits/stl_uninitialized.h:134:41:[m[K [01;36m[Knote: [m[Kparameter passing for argument of type '[01m[Kstd::move_iterator<dynamic_reconfigure::DoubleParameter_<std::allocator<void> >*>[m[K' changed in GCC 7.1
  __uninit_copy(__first, __last, __result[01;36m[K)[m[K;
                                         [01;36m[K^[m[K
[01m[K/usr/include/c++/7/bits/stl_uninitialized.h:[m[K In static member function '[01m[Kstatic _ForwardIterator std::__uninitialized_copy<_TrivialValueTypes>::__uninit_copy(_InputIterator, _InputIterator, _ForwardIterator) [with _InputIterator = std::move_iterator<dynamic_reconfigure::DoubleParameter_<std::allocator<void> >*>; _ForwardIterator = dynamic_reconfigure::DoubleParameter_<std::allocator<void> >*; bool _TrivialValueTypes = false][m[K':
[01m[K/usr/include/c++/7/bits/stl_uninitialized.h:76:9:[m[K [01;36m[Knote: [m[Kparameter passing for argument of type '[01m[Kstd::move_iterator<dynamic_reconfigure::DoubleParameter_<std::allocator<void> >*>[m[K' changed in GCC 7.1
         [01;36m[K__uninit_copy[m[K(_InputIterator __first, _InputIterator __last,
         [01;36m[K^~~~~~~~~~~~~[m[K
[01m[K/usr/include/c++/7/bits/stl_uninitialized.h:76:9:[m[K [01;36m[Knote: [m[Kparameter passing for argument of type '[01m[Kstd::move_iterator<dynamic_reconfigure::DoubleParameter_<std::allocator<void> >*>[m[K' changed in GCC 7.1
[ 93%] [32mBuilding CXX object CMakeFiles/control_toolbox.dir/src/sinusoid.cpp.o[0m
[100%] [32m[1mLinking CXX shared library /home/husarion/catkin_ws/devel/.private/control_toolbox/lib/libcontrol_toolbox.so[0m
[100%] Built target control_toolbox
