Determining if the pthread_create exist failed with the following output:
Change Dir: /home/husarion/catkin_ws/build/libmavconn/CMakeFiles/CMakeTmp

Run Build Command:"/usr/bin/make" "cmTC_bc57f/fast"
/usr/bin/make -f CMakeFiles/cmTC_bc57f.dir/build.make CMakeFiles/cmTC_bc57f.dir/build
make[1]: Entering directory '/home/husarion/catkin_ws/build/libmavconn/CMakeFiles/CMakeTmp'
Building C object CMakeFiles/cmTC_bc57f.dir/CheckSymbolExists.c.o
/usr/bin/cc    -o CMakeFiles/cmTC_bc57f.dir/CheckSymbolExists.c.o   -c /home/husarion/catkin_ws/build/libmavconn/CMakeFiles/CMakeTmp/CheckSymbolExists.c
Linking C executable cmTC_bc57f
/usr/bin/cmake -E cmake_link_script CMakeFiles/cmTC_bc57f.dir/link.txt --verbose=1
/usr/bin/cc      -rdynamic CMakeFiles/cmTC_bc57f.dir/CheckSymbolExists.c.o  -o cmTC_bc57f 
CMakeFiles/cmTC_bc57f.dir/CheckSymbolExists.c.o: In function `main':
CheckSymbolExists.c:(.text+0x2c): undefined reference to `pthread_create'
collect2: error: ld returned 1 exit status
CMakeFiles/cmTC_bc57f.dir/build.make:97: recipe for target 'cmTC_bc57f' failed
make[1]: *** [cmTC_bc57f] Error 1
make[1]: Leaving directory '/home/husarion/catkin_ws/build/libmavconn/CMakeFiles/CMakeTmp'
Makefile:126: recipe for target 'cmTC_bc57f/fast' failed
make: *** [cmTC_bc57f/fast] Error 2

File /home/husarion/catkin_ws/build/libmavconn/CMakeFiles/CMakeTmp/CheckSymbolExists.c:
/* */
#include <pthread.h>

int main(int argc, char** argv)
{
  (void)argv;
#ifndef pthread_create
  return ((int*)(&pthread_create))[argc];
#else
  (void)argc;
  return 0;
#endif
}

Determining if the function pthread_create exists in the pthreads failed with the following output:
Change Dir: /home/husarion/catkin_ws/build/libmavconn/CMakeFiles/CMakeTmp

Run Build Command:"/usr/bin/make" "cmTC_0df45/fast"
/usr/bin/make -f CMakeFiles/cmTC_0df45.dir/build.make CMakeFiles/cmTC_0df45.dir/build
make[1]: Entering directory '/home/husarion/catkin_ws/build/libmavconn/CMakeFiles/CMakeTmp'
Building C object CMakeFiles/cmTC_0df45.dir/CheckFunctionExists.c.o
/usr/bin/cc   -DCHECK_FUNCTION_EXISTS=pthread_create   -o CMakeFiles/cmTC_0df45.dir/CheckFunctionExists.c.o   -c /usr/share/cmake-3.10/Modules/CheckFunctionExists.c
Linking C executable cmTC_0df45
/usr/bin/cmake -E cmake_link_script CMakeFiles/cmTC_0df45.dir/link.txt --verbose=1
/usr/bin/cc  -DCHECK_FUNCTION_EXISTS=pthread_create    -rdynamic CMakeFiles/cmTC_0df45.dir/CheckFunctionExists.c.o  -o cmTC_0df45 -lpthreads 
/usr/bin/ld: cannot find -lpthreads
collect2: error: ld returned 1 exit status
CMakeFiles/cmTC_0df45.dir/build.make:97: recipe for target 'cmTC_0df45' failed
make[1]: *** [cmTC_0df45] Error 1
make[1]: Leaving directory '/home/husarion/catkin_ws/build/libmavconn/CMakeFiles/CMakeTmp'
Makefile:126: recipe for target 'cmTC_0df45/fast' failed
make: *** [cmTC_0df45/fast] Error 2


