-- Using CATKIN_DEVEL_PREFIX: /home/husarion/catkin_ws/devel/.private/nlopt
-- Using CMAKE_PREFIX_PATH: /home/husarion/catkin_ws/devel;/opt/ros/melodic
-- This workspace overlays: /home/husarion/catkin_ws/devel;/opt/ros/melodic
-- Found PythonInterp: /usr/bin/python2 (found suitable version "2.7.17", minimum required is "2") 
-- Using PYTHON_EXECUTABLE: /usr/bin/python2
-- Using Debian Python package layout
-- Using empy: /usr/bin/empy
-- Using CATKIN_ENABLE_TESTING: ON
-- Call enable_testing()
-- Using CATKIN_TEST_RESULTS_DIR: /home/husarion/catkin_ws/build/nlopt/test_results
-- Found gtest sources under '/usr/src/googletest': gtests will be built
-- Found gmock sources under '/usr/src/googletest': gmock will be built
-- Found PythonInterp: /usr/bin/python2 (found version "2.7.17") 
-- Using Python nosetests: /usr/bin/nosetests-2.7
-- catkin 0.7.26
-- BUILD_SHARED_LIBS is on
-- Configuring done
-- Generating done
-- Build files have been written to: /home/husarion/catkin_ws/build/nlopt
[35m[1mScanning dependencies of target nlopt_src[0m
[ 10%] [34m[1mCreating directories for 'nlopt_src'[0m
[ 20%] [34m[1mPerforming download step for 'nlopt_src'[0m
--2018-01-28 16:13:16--  https://github.com/ethz-asl/thirdparty_library_binaries/raw/master/nlopt-2.4.2.tar.gz
Resolving github.com (github.com)... 10.0.0.1
Connecting to github.com (github.com)|10.0.0.1|:443... failed: Network is unreachable.
CMakeFiles/nlopt_src.dir/build.make:88: recipe for target 'nlopt_src-prefix/src/nlopt_src-stamp/nlopt_src-download' failed
make[2]: *** [nlopt_src-prefix/src/nlopt_src-stamp/nlopt_src-download] Error 4
CMakeFiles/Makefile2:104: recipe for target 'CMakeFiles/nlopt_src.dir/all' failed
make[1]: *** [CMakeFiles/nlopt_src.dir/all] Error 2
Makefile:140: recipe for target 'all' failed
make: *** [all] Error 2
