In file included from [01m[K/usr/include/c++/7/vector:64:0[m[K,
                 from [01m[K/home/husarion/catkin_ws/src/ros_comm/utilities/xmlrpcpp/include/xmlrpcpp/XmlRpcValue.h:16[m[K,
                 from [01m[K/home/husarion/catkin_ws/src/ros_comm/utilities/xmlrpcpp/src/XmlRpcValue.cpp:2[m[K:
[01m[K/usr/include/c++/7/bits/stl_vector.h:[m[K In copy constructor '[01m[Kstd::vector<_Tp, _Alloc>::vector(const std::vector<_Tp, _Alloc>&) [with _Tp = XmlRpc::XmlRpcValue; _Alloc = std::allocator<XmlRpc::XmlRpcValue>][m[K':
[01m[K/usr/include/c++/7/bits/stl_vector.h:331:31:[m[K [01;36m[Knote: [m[Kparameter passing for argument of type '[01m[K__gnu_cxx::__normal_iterator<const XmlRpc::XmlRpcValue*, std::vector<XmlRpc::XmlRpcValue> >[m[K' changed in GCC 7.1
    [01;36m[Kstd::__uninitialized_copy_a(__x.begin(), __x.end(),[m[K
    [01;36m[K~~~~~~~~~~~~~~~~~~~~~~~~~~~^~~~~~~~~~~~~~~~~~~~~~~~[m[K
 [01;36m[K          this->_M_impl._M_start,[m[K
           [01;36m[K~~~~~~~~~~~~~~~~~~~~~~~[m[K
 [01;36m[K          _M_get_Tp_allocator())[m[K;
           [01;36m[K~~~~~~~~~~~~~~~~~~~~~~[m[K
[01m[K/usr/include/c++/7/bits/stl_vector.h:[m[K In function '[01m[Kbool std::operator==(const std::vector<_Tp, _Alloc>&, const std::vector<_Tp, _Alloc>&) [with _Tp = XmlRpc::XmlRpcValue; _Alloc = std::allocator<XmlRpc::XmlRpcValue>][m[K':
[01m[K/usr/include/c++/7/bits/stl_vector.h:1603:21:[m[K [01;36m[Knote: [m[Kparameter passing for argument of type '[01m[K__gnu_cxx::__normal_iterator<const XmlRpc::XmlRpcValue*, std::vector<XmlRpc::XmlRpcValue> >[m[K' changed in GCC 7.1
        && [01;36m[Kstd::equal(__x.begin(), __x.end(), __y.begin())[m[K); }
           [01;36m[K~~~~~~~~~~^~~~~~~~~~~~~~~~~~~~~~~~~~~~~~~~~~~~~[m[K
[01m[K/usr/include/c++/7/bits/stl_vector.h:[m[K In member function '[01m[Kvoid std::vector<_Tp, _Alloc>::push_back(const value_type&) [with _Tp = XmlRpc::XmlRpcValue; _Alloc = std::allocator<XmlRpc::XmlRpcValue>][m[K':
[01m[K/usr/include/c++/7/bits/stl_vector.h:948:21:[m[K [01;36m[Knote: [m[Kparameter passing for argument of type '[01m[K__gnu_cxx::__normal_iterator<XmlRpc::XmlRpcValue*, std::vector<XmlRpc::XmlRpcValue> >[m[K' changed in GCC 7.1
    [01;36m[K_M_realloc_insert(end(), __x)[m[K;
    [01;36m[K~~~~~~~~~~~~~~~~~^~~~~~~~~~~~[m[K
In file included from [01m[K/usr/include/c++/7/vector:63:0[m[K,
                 from [01m[K/home/husarion/catkin_ws/src/ros_comm/utilities/xmlrpcpp/include/xmlrpcpp/XmlRpcValue.h:16[m[K,
                 from [01m[K/home/husarion/catkin_ws/src/ros_comm/utilities/xmlrpcpp/src/XmlRpcValue.cpp:2[m[K:
[01m[K/usr/include/c++/7/bits/stl_uninitialized.h:[m[K In function '[01m[K_ForwardIterator std::__uninitialized_copy_a(_InputIterator, _InputIterator, _ForwardIterator, std::allocator<_Tp>&) [with _InputIterator = __gnu_cxx::__normal_iterator<const XmlRpc::XmlRpcValue*, std::vector<XmlRpc::XmlRpcValue> >; _ForwardIterator = XmlRpc::XmlRpcValue*; _Tp = XmlRpc::XmlRpcValue][m[K':
[01m[K/usr/include/c++/7/bits/stl_uninitialized.h:287:5:[m[K [01;36m[Knote: [m[Kparameter passing for argument of type '[01m[K__gnu_cxx::__normal_iterator<const XmlRpc::XmlRpcValue*, std::vector<XmlRpc::XmlRpcValue> >[m[K' changed in GCC 7.1
     [01;36m[K__uninitialized_copy_a[m[K(_InputIterator __first, _InputIterator __last,
     [01;36m[K^~~~~~~~~~~~~~~~~~~~~~[m[K
[01m[K/usr/include/c++/7/bits/stl_uninitialized.h:287:5:[m[K [01;36m[Knote: [m[Kparameter passing for argument of type '[01m[K__gnu_cxx::__normal_iterator<const XmlRpc::XmlRpcValue*, std::vector<XmlRpc::XmlRpcValue> >[m[K' changed in GCC 7.1
[01m[K/usr/include/c++/7/bits/stl_uninitialized.h:289:63:[m[K [01;36m[Knote: [m[Kparameter passing for argument of type '[01m[K__gnu_cxx::__normal_iterator<const XmlRpc::XmlRpcValue*, std::vector<XmlRpc::XmlRpcValue> >[m[K' changed in GCC 7.1
     { return std::uninitialized_copy(__first, __last, __result[01;36m[K)[m[K; }
                                                               [01;36m[K^[m[K
In file included from [01m[K/usr/include/c++/7/bits/stl_tree.h:63:0[m[K,
                 from [01m[K/usr/include/c++/7/map:60[m[K,
                 from [01m[K/home/husarion/catkin_ws/src/ros_comm/utilities/xmlrpcpp/include/xmlrpcpp/XmlRpcValue.h:14[m[K,
                 from [01m[K/home/husarion/catkin_ws/src/ros_comm/utilities/xmlrpcpp/src/XmlRpcValue.cpp:2[m[K:
[01m[K/usr/include/c++/7/bits/stl_algobase.h:[m[K In function '[01m[Kbool std::equal(_II1, _II1, _II2) [with _II1 = __gnu_cxx::__normal_iterator<const XmlRpc::XmlRpcValue*, std::vector<XmlRpc::XmlRpcValue> >; _II2 = __gnu_cxx::__normal_iterator<const XmlRpc::XmlRpcValue*, std::vector<XmlRpc::XmlRpcValue> >][m[K':
[01m[K/usr/include/c++/7/bits/stl_algobase.h:1041:5:[m[K [01;36m[Knote: [m[Kparameter passing for argument of type '[01m[K__gnu_cxx::__normal_iterator<const XmlRpc::XmlRpcValue*, std::vector<XmlRpc::XmlRpcValue> >[m[K' changed in GCC 7.1
     [01;36m[Kequal[m[K(_II1 __first1, _II1 __last1, _II2 __first2)
     [01;36m[K^~~~~[m[K
[01m[K/usr/include/c++/7/bits/stl_algobase.h:1041:5:[m[K [01;36m[Knote: [m[Kparameter passing for argument of type '[01m[K__gnu_cxx::__normal_iterator<const XmlRpc::XmlRpcValue*, std::vector<XmlRpc::XmlRpcValue> >[m[K' changed in GCC 7.1
[01m[K/usr/include/c++/7/bits/stl_algobase.h:1041:5:[m[K [01;36m[Knote: [m[Kparameter passing for argument of type '[01m[K__gnu_cxx::__normal_iterator<const XmlRpc::XmlRpcValue*, std::vector<XmlRpc::XmlRpcValue> >[m[K' changed in GCC 7.1
In file included from [01m[K/usr/include/c++/7/vector:69:0[m[K,
                 from [01m[K/home/husarion/catkin_ws/src/ros_comm/utilities/xmlrpcpp/include/xmlrpcpp/XmlRpcValue.h:16[m[K,
                 from [01m[K/home/husarion/catkin_ws/src/ros_comm/utilities/xmlrpcpp/src/XmlRpcValue.cpp:2[m[K:
[01m[K/usr/include/c++/7/bits/vector.tcc:[m[K In member function '[01m[Kvoid std::vector<_Tp, _Alloc>::_M_realloc_insert(std::vector<_Tp, _Alloc>::iterator, _Args&& ...) [with _Args = {const XmlRpc::XmlRpcValue&}; _Tp = XmlRpc::XmlRpcValue; _Alloc = std::allocator<XmlRpc::XmlRpcValue>][m[K':
[01m[K/usr/include/c++/7/bits/vector.tcc:394:7:[m[K [01;36m[Knote: [m[Kparameter passing for argument of type '[01m[Kstd::vector<XmlRpc::XmlRpcValue>::iterator {aka __gnu_cxx::__normal_iterator<XmlRpc::XmlRpcValue*, std::vector<XmlRpc::XmlRpcValue> >}[m[K' changed in GCC 7.1
       [01;36m[Kvector<_Tp, _Alloc>[m[K::
       [01;36m[K^~~~~~~~~~~~~~~~~~~[m[K
In file included from [01m[K/usr/include/c++/7/vector:63:0[m[K,
                 from [01m[K/home/husarion/catkin_ws/src/ros_comm/utilities/xmlrpcpp/include/xmlrpcpp/XmlRpcValue.h:16[m[K,
                 from [01m[K/home/husarion/catkin_ws/src/ros_comm/utilities/xmlrpcpp/src/XmlRpcValue.cpp:2[m[K:
[01m[K/usr/include/c++/7/bits/stl_uninitialized.h:[m[K In function '[01m[K_ForwardIterator std::uninitialized_copy(_InputIterator, _InputIterator, _ForwardIterator) [with _InputIterator = __gnu_cxx::__normal_iterator<const XmlRpc::XmlRpcValue*, std::vector<XmlRpc::XmlRpcValue> >; _ForwardIterator = XmlRpc::XmlRpcValue*][m[K':
[01m[K/usr/include/c++/7/bits/stl_uninitialized.h:115:5:[m[K [01;36m[Knote: [m[Kparameter passing for argument of type '[01m[K__gnu_cxx::__normal_iterator<const XmlRpc::XmlRpcValue*, std::vector<XmlRpc::XmlRpcValue> >[m[K' changed in GCC 7.1
     [01;36m[Kuninitialized_copy[m[K(_InputIterator __first, _InputIterator __last,
     [01;36m[K^~~~~~~~~~~~~~~~~~[m[K
[01m[K/usr/include/c++/7/bits/stl_uninitialized.h:115:5:[m[K [01;36m[Knote: [m[Kparameter passing for argument of type '[01m[K__gnu_cxx::__normal_iterator<const XmlRpc::XmlRpcValue*, std::vector<XmlRpc::XmlRpcValue> >[m[K' changed in GCC 7.1
[01m[K/usr/include/c++/7/bits/stl_uninitialized.h:134:41:[m[K [01;36m[Knote: [m[Kparameter passing for argument of type '[01m[K__gnu_cxx::__normal_iterator<const XmlRpc::XmlRpcValue*, std::vector<XmlRpc::XmlRpcValue> >[m[K' changed in GCC 7.1
  __uninit_copy(__first, __last, __result[01;36m[K)[m[K;
                                         [01;36m[K^[m[K
In file included from [01m[K/usr/include/c++/7/bits/stl_algobase.h:67:0[m[K,
                 from [01m[K/usr/include/c++/7/bits/stl_tree.h:63[m[K,
                 from [01m[K/usr/include/c++/7/map:60[m[K,
                 from [01m[K/home/husarion/catkin_ws/src/ros_comm/utilities/xmlrpcpp/include/xmlrpcpp/XmlRpcValue.h:14[m[K,
                 from [01m[K/home/husarion/catkin_ws/src/ros_comm/utilities/xmlrpcpp/src/XmlRpcValue.cpp:2[m[K:
[01m[K/usr/include/c++/7/bits/stl_iterator.h:[m[K In function '[01m[K_Iterator std::__niter_base(__gnu_cxx::__normal_iterator<_Iterator, _Container>) [with _Iterator = const XmlRpc::XmlRpcValue*; _Container = std::vector<XmlRpc::XmlRpcValue>][m[K':
[01m[K/usr/include/c++/7/bits/stl_iterator.h:986:5:[m[K [01;36m[Knote: [m[Kparameter passing for argument of type '[01m[K__gnu_cxx::__normal_iterator<const XmlRpc::XmlRpcValue*, std::vector<XmlRpc::XmlRpcValue> >[m[K' changed in GCC 7.1
     [01;36m[K__niter_base[m[K(__gnu_cxx::__normal_iterator<_Iterator, _Container> __it)
     [01;36m[K^~~~~~~~~~~~[m[K
In file included from [01m[K/usr/include/c++/7/vector:63:0[m[K,
                 from [01m[K/home/husarion/catkin_ws/src/ros_comm/utilities/xmlrpcpp/include/xmlrpcpp/XmlRpcValue.h:16[m[K,
                 from [01m[K/home/husarion/catkin_ws/src/ros_comm/utilities/xmlrpcpp/src/XmlRpcValue.cpp:2[m[K:
[01m[K/usr/include/c++/7/bits/stl_uninitialized.h:[m[K In static member function '[01m[Kstatic _ForwardIterator std::__uninitialized_copy<_TrivialValueTypes>::__uninit_copy(_InputIterator, _InputIterator, _ForwardIterator) [with _InputIterator = __gnu_cxx::__normal_iterator<const XmlRpc::XmlRpcValue*, std::vector<XmlRpc::XmlRpcValue> >; _ForwardIterator = XmlRpc::XmlRpcValue*; bool _TrivialValueTypes = false][m[K':
[01m[K/usr/include/c++/7/bits/stl_uninitialized.h:76:9:[m[K [01;36m[Knote: [m[Kparameter passing for argument of type '[01m[K__gnu_cxx::__normal_iterator<const XmlRpc::XmlRpcValue*, std::vector<XmlRpc::XmlRpcValue> >[m[K' changed in GCC 7.1
         [01;36m[K__uninit_copy[m[K(_InputIterator __first, _InputIterator __last,
         [01;36m[K^~~~~~~~~~~~~[m[K
[01m[K/usr/include/c++/7/bits/stl_uninitialized.h:76:9:[m[K [01;36m[Knote: [m[Kparameter passing for argument of type '[01m[K__gnu_cxx::__normal_iterator<const XmlRpc::XmlRpcValue*, std::vector<XmlRpc::XmlRpcValue> >[m[K' changed in GCC 7.1
