Determining if the pthread_create exist failed with the following output:
Change Dir: /home/husarion/catkin_ws/build/topic_tools/CMakeFiles/CMakeTmp

Run Build Command:"/usr/bin/make" "cmTC_22d0c/fast"
/usr/bin/make -f CMakeFiles/cmTC_22d0c.dir/build.make CMakeFiles/cmTC_22d0c.dir/build
make[1]: Entering directory '/home/husarion/catkin_ws/build/topic_tools/CMakeFiles/CMakeTmp'
Building C object CMakeFiles/cmTC_22d0c.dir/CheckSymbolExists.c.o
/usr/bin/cc    -o CMakeFiles/cmTC_22d0c.dir/CheckSymbolExists.c.o   -c /home/husarion/catkin_ws/build/topic_tools/CMakeFiles/CMakeTmp/CheckSymbolExists.c
Linking C executable cmTC_22d0c
/usr/bin/cmake -E cmake_link_script CMakeFiles/cmTC_22d0c.dir/link.txt --verbose=1
/usr/bin/cc      -rdynamic CMakeFiles/cmTC_22d0c.dir/CheckSymbolExists.c.o  -o cmTC_22d0c 
CMakeFiles/cmTC_22d0c.dir/CheckSymbolExists.c.o: In function `main':
CheckSymbolExists.c:(.text+0x2c): undefined reference to `pthread_create'
collect2: error: ld returned 1 exit status
CMakeFiles/cmTC_22d0c.dir/build.make:97: recipe for target 'cmTC_22d0c' failed
make[1]: *** [cmTC_22d0c] Error 1
make[1]: Leaving directory '/home/husarion/catkin_ws/build/topic_tools/CMakeFiles/CMakeTmp'
Makefile:126: recipe for target 'cmTC_22d0c/fast' failed
make: *** [cmTC_22d0c/fast] Error 2

File /home/husarion/catkin_ws/build/topic_tools/CMakeFiles/CMakeTmp/CheckSymbolExists.c:
/* */
#include <pthread.h>

int main(int argc, char** argv)
{
  (void)argv;
#ifndef pthread_create
  return ((int*)(&pthread_create))[argc];
#else
  (void)argc;
  return 0;
#endif
}

Determining if the function pthread_create exists in the pthreads failed with the following output:
Change Dir: /home/husarion/catkin_ws/build/topic_tools/CMakeFiles/CMakeTmp

Run Build Command:"/usr/bin/make" "cmTC_578d6/fast"
/usr/bin/make -f CMakeFiles/cmTC_578d6.dir/build.make CMakeFiles/cmTC_578d6.dir/build
make[1]: Entering directory '/home/husarion/catkin_ws/build/topic_tools/CMakeFiles/CMakeTmp'
Building C object CMakeFiles/cmTC_578d6.dir/CheckFunctionExists.c.o
/usr/bin/cc   -DCHECK_FUNCTION_EXISTS=pthread_create   -o CMakeFiles/cmTC_578d6.dir/CheckFunctionExists.c.o   -c /usr/share/cmake-3.10/Modules/CheckFunctionExists.c
Linking C executable cmTC_578d6
/usr/bin/cmake -E cmake_link_script CMakeFiles/cmTC_578d6.dir/link.txt --verbose=1
/usr/bin/cc  -DCHECK_FUNCTION_EXISTS=pthread_create    -rdynamic CMakeFiles/cmTC_578d6.dir/CheckFunctionExists.c.o  -o cmTC_578d6 -lpthreads 
/usr/bin/ld: cannot find -lpthreads
collect2: error: ld returned 1 exit status
CMakeFiles/cmTC_578d6.dir/build.make:97: recipe for target 'cmTC_578d6' failed
make[1]: *** [cmTC_578d6] Error 1
make[1]: Leaving directory '/home/husarion/catkin_ws/build/topic_tools/CMakeFiles/CMakeTmp'
Makefile:126: recipe for target 'cmTC_578d6/fast' failed
make: *** [cmTC_578d6/fast] Error 2


