Determining if the pthread_create exist failed with the following output:
Change Dir: /home/husarion/catkin_ws/build/mavros_msgs/CMakeFiles/CMakeTmp

Run Build Command:"/usr/bin/make" "cmTC_115de/fast"
/usr/bin/make -f CMakeFiles/cmTC_115de.dir/build.make CMakeFiles/cmTC_115de.dir/build
make[1]: Entering directory '/home/husarion/catkin_ws/build/mavros_msgs/CMakeFiles/CMakeTmp'
Building C object CMakeFiles/cmTC_115de.dir/CheckSymbolExists.c.o
/usr/bin/cc    -o CMakeFiles/cmTC_115de.dir/CheckSymbolExists.c.o   -c /home/husarion/catkin_ws/build/mavros_msgs/CMakeFiles/CMakeTmp/CheckSymbolExists.c
Linking C executable cmTC_115de
/usr/bin/cmake -E cmake_link_script CMakeFiles/cmTC_115de.dir/link.txt --verbose=1
/usr/bin/cc      -rdynamic CMakeFiles/cmTC_115de.dir/CheckSymbolExists.c.o  -o cmTC_115de 
CMakeFiles/cmTC_115de.dir/CheckSymbolExists.c.o: In function `main':
CheckSymbolExists.c:(.text+0x2c): undefined reference to `pthread_create'
collect2: error: ld returned 1 exit status
CMakeFiles/cmTC_115de.dir/build.make:97: recipe for target 'cmTC_115de' failed
make[1]: *** [cmTC_115de] Error 1
make[1]: Leaving directory '/home/husarion/catkin_ws/build/mavros_msgs/CMakeFiles/CMakeTmp'
Makefile:126: recipe for target 'cmTC_115de/fast' failed
make: *** [cmTC_115de/fast] Error 2

File /home/husarion/catkin_ws/build/mavros_msgs/CMakeFiles/CMakeTmp/CheckSymbolExists.c:
/* */
#include <pthread.h>

int main(int argc, char** argv)
{
  (void)argv;
#ifndef pthread_create
  return ((int*)(&pthread_create))[argc];
#else
  (void)argc;
  return 0;
#endif
}

Determining if the function pthread_create exists in the pthreads failed with the following output:
Change Dir: /home/husarion/catkin_ws/build/mavros_msgs/CMakeFiles/CMakeTmp

Run Build Command:"/usr/bin/make" "cmTC_2656c/fast"
/usr/bin/make -f CMakeFiles/cmTC_2656c.dir/build.make CMakeFiles/cmTC_2656c.dir/build
make[1]: Entering directory '/home/husarion/catkin_ws/build/mavros_msgs/CMakeFiles/CMakeTmp'
Building C object CMakeFiles/cmTC_2656c.dir/CheckFunctionExists.c.o
/usr/bin/cc   -DCHECK_FUNCTION_EXISTS=pthread_create   -o CMakeFiles/cmTC_2656c.dir/CheckFunctionExists.c.o   -c /usr/share/cmake-3.10/Modules/CheckFunctionExists.c
Linking C executable cmTC_2656c
/usr/bin/cmake -E cmake_link_script CMakeFiles/cmTC_2656c.dir/link.txt --verbose=1
/usr/bin/cc  -DCHECK_FUNCTION_EXISTS=pthread_create    -rdynamic CMakeFiles/cmTC_2656c.dir/CheckFunctionExists.c.o  -o cmTC_2656c -lpthreads 
/usr/bin/ld: cannot find -lpthreads
collect2: error: ld returned 1 exit status
CMakeFiles/cmTC_2656c.dir/build.make:97: recipe for target 'cmTC_2656c' failed
make[1]: *** [cmTC_2656c] Error 1
make[1]: Leaving directory '/home/husarion/catkin_ws/build/mavros_msgs/CMakeFiles/CMakeTmp'
Makefile:126: recipe for target 'cmTC_2656c/fast' failed
make: *** [cmTC_2656c/fast] Error 2


