Determining if the pthread_create exist failed with the following output:
Change Dir: /home/husarion/catkin_ws/build/glog_catkin/CMakeFiles/CMakeTmp

Run Build Command:"/usr/bin/make" "cmTC_30fec/fast"
/usr/bin/make -f CMakeFiles/cmTC_30fec.dir/build.make CMakeFiles/cmTC_30fec.dir/build
make[1]: Entering directory '/home/husarion/catkin_ws/build/glog_catkin/CMakeFiles/CMakeTmp'
Building C object CMakeFiles/cmTC_30fec.dir/CheckSymbolExists.c.o
/usr/bin/cc    -o CMakeFiles/cmTC_30fec.dir/CheckSymbolExists.c.o   -c /home/husarion/catkin_ws/build/glog_catkin/CMakeFiles/CMakeTmp/CheckSymbolExists.c
Linking C executable cmTC_30fec
/usr/bin/cmake -E cmake_link_script CMakeFiles/cmTC_30fec.dir/link.txt --verbose=1
/usr/bin/cc      -rdynamic CMakeFiles/cmTC_30fec.dir/CheckSymbolExists.c.o  -o cmTC_30fec 
CMakeFiles/cmTC_30fec.dir/CheckSymbolExists.c.o: In function `main':
CheckSymbolExists.c:(.text+0x2c): undefined reference to `pthread_create'
collect2: error: ld returned 1 exit status
CMakeFiles/cmTC_30fec.dir/build.make:97: recipe for target 'cmTC_30fec' failed
make[1]: *** [cmTC_30fec] Error 1
make[1]: Leaving directory '/home/husarion/catkin_ws/build/glog_catkin/CMakeFiles/CMakeTmp'
Makefile:126: recipe for target 'cmTC_30fec/fast' failed
make: *** [cmTC_30fec/fast] Error 2

File /home/husarion/catkin_ws/build/glog_catkin/CMakeFiles/CMakeTmp/CheckSymbolExists.c:
/* */
#include <pthread.h>

int main(int argc, char** argv)
{
  (void)argv;
#ifndef pthread_create
  return ((int*)(&pthread_create))[argc];
#else
  (void)argc;
  return 0;
#endif
}

Determining if the function pthread_create exists in the pthreads failed with the following output:
Change Dir: /home/husarion/catkin_ws/build/glog_catkin/CMakeFiles/CMakeTmp

Run Build Command:"/usr/bin/make" "cmTC_71798/fast"
/usr/bin/make -f CMakeFiles/cmTC_71798.dir/build.make CMakeFiles/cmTC_71798.dir/build
make[1]: Entering directory '/home/husarion/catkin_ws/build/glog_catkin/CMakeFiles/CMakeTmp'
Building C object CMakeFiles/cmTC_71798.dir/CheckFunctionExists.c.o
/usr/bin/cc   -DCHECK_FUNCTION_EXISTS=pthread_create   -o CMakeFiles/cmTC_71798.dir/CheckFunctionExists.c.o   -c /usr/share/cmake-3.10/Modules/CheckFunctionExists.c
Linking C executable cmTC_71798
/usr/bin/cmake -E cmake_link_script CMakeFiles/cmTC_71798.dir/link.txt --verbose=1
/usr/bin/cc  -DCHECK_FUNCTION_EXISTS=pthread_create    -rdynamic CMakeFiles/cmTC_71798.dir/CheckFunctionExists.c.o  -o cmTC_71798 -lpthreads 
/usr/bin/ld: cannot find -lpthreads
collect2: error: ld returned 1 exit status
CMakeFiles/cmTC_71798.dir/build.make:97: recipe for target 'cmTC_71798' failed
make[1]: *** [cmTC_71798] Error 1
make[1]: Leaving directory '/home/husarion/catkin_ws/build/glog_catkin/CMakeFiles/CMakeTmp'
Makefile:126: recipe for target 'cmTC_71798/fast' failed
make: *** [cmTC_71798/fast] Error 2


