-- Using CATKIN_DEVEL_PREFIX: /home/husarion/catkin_ws/devel/.private/pluginlib
-- Using CMAKE_PREFIX_PATH: /home/husarion/catkin_ws/devel;/opt/ros/melodic
-- This workspace overlays: /home/husarion/catkin_ws/devel;/opt/ros/melodic
-- Found PythonInterp: /usr/bin/python2 (found suitable version "2.7.17", minimum required is "2") 
-- Using PYTHON_EXECUTABLE: /usr/bin/python2
-- Using Debian Python package layout
-- Using empy: /usr/bin/empy
-- Using CATKIN_ENABLE_TESTING: ON
-- Call enable_testing()
-- Using CATKIN_TEST_RESULTS_DIR: /home/husarion/catkin_ws/build/pluginlib/test_results
-- Found gtest sources under '/usr/src/googletest': gtests will be built
-- Found gmock sources under '/usr/src/googletest': gmock will be built
-- Found PythonInterp: /usr/bin/python2 (found version "2.7.17") 
-- Using Python nosetests: /usr/bin/nosetests-2.7
-- catkin 0.7.26
-- BUILD_SHARED_LIBS is on
-- Boost version: 1.65.1
-- Found the following Boost libraries:
--   filesystem
--   system
-- Configuring done
-- Generating done
-- Build files have been written to: /home/husarion/catkin_ws/build/pluginlib
