make: Warning: File 'Makefile' has modification time 132740351 s in the future
make[1]: Warning: File 'CMakeFiles/Makefile2' has modification time 132740351 s in the future
make[2]: Warning: File 'CMakeFiles/std_srvs_generate_messages_lisp.dir/progress.make' has modification time 132740351 s in the future
make[2]: warning:  Clock skew detected.  Your build may be incomplete.
make[2]: Warning: File 'CMakeFiles/std_srvs_generate_messages_lisp.dir/progress.make' has modification time 132740351 s in the future
make[2]: warning:  Clock skew detected.  Your build may be incomplete.
[  0%] Built target std_srvs_generate_messages_lisp
make[2]: Warning: File 'CMakeFiles/trajectory_msgs_generate_messages_nodejs.dir/progress.make' has modification time 132740351 s in the future
make[2]: warning:  Clock skew detected.  Your build may be incomplete.
make[2]: Warning: File 'CMakeFiles/trajectory_msgs_generate_messages_nodejs.dir/progress.make' has modification time 132740351 s in the future
make[2]: warning:  Clock skew detected.  Your build may be incomplete.
[  0%] Built target trajectory_msgs_generate_messages_nodejs
make[2]: Warning: File 'CMakeFiles/uuid_msgs_generate_messages_cpp.dir/progress.make' has modification time 132740351 s in the future
make[2]: warning:  Clock skew detected.  Your build may be incomplete.
make[2]: Warning: File 'CMakeFiles/uuid_msgs_generate_messages_cpp.dir/progress.make' has modification time 132740351 s in the future
make[2]: warning:  Clock skew detected.  Your build may be incomplete.
make[2]: Warning: File 'CMakeFiles/rosgraph_msgs_generate_messages_py.dir/progress.make' has modification time 132740351 s in the future
[  0%] Built target uuid_msgs_generate_messages_cpp
make[2]: Warning: File 'CMakeFiles/nav_msgs_generate_messages_nodejs.dir/progress.make' has modification time 132740351 s in the future
make[2]: warning:  Clock skew detected.  Your build may be incomplete.
make[2]: Warning: File 'CMakeFiles/rosgraph_msgs_generate_messages_py.dir/progress.make' has modification time 132740351 s in the future
make[2]: warning:  Clock skew detected.  Your build may be incomplete.
make[2]: Warning: File 'CMakeFiles/geographic_msgs_generate_messages_eus.dir/progress.make' has modification time 132740351 s in the future
make[2]: warning:  Clock skew detected.  Your build may be incomplete.
make[2]: Warning: File 'CMakeFiles/nav_msgs_generate_messages_nodejs.dir/progress.make' has modification time 132740351 s in the future
make[2]: warning:  Clock skew detected.  Your build may be incomplete.
[  0%] Built target rosgraph_msgs_generate_messages_py
make[2]: Warning: File 'CMakeFiles/rosgraph_msgs_generate_messages_cpp.dir/progress.make' has modification time 132740351 s in the future
[  0%] Built target nav_msgs_generate_messages_nodejs
make[2]: warning:  Clock skew detected.  Your build may be incomplete.
make[2]: Warning: File 'CMakeFiles/geographic_msgs_generate_messages_eus.dir/progress.make' has modification time 132740351 s in the future
make[2]: warning:  Clock skew detected.  Your build may be incomplete.
make[2]: Warning: File 'CMakeFiles/diagnostic_msgs_generate_messages_cpp.dir/progress.make' has modification time 132740351 s in the future
make[2]: warning:  Clock skew detected.  Your build may be incomplete.
[  0%] Built target geographic_msgs_generate_messages_eus
make[2]: Warning: File 'CMakeFiles/rosgraph_msgs_generate_messages_cpp.dir/progress.make' has modification time 132740351 s in the future
make[2]: warning:  Clock skew detected.  Your build may be incomplete.
make[2]: Warning: File 'CMakeFiles/geometry_msgs_generate_messages_eus.dir/progress.make' has modification time 132740351 s in the future
make[2]: warning:  Clock skew detected.  Your build may be incomplete.
make[2]: Warning: File 'CMakeFiles/diagnostic_msgs_generate_messages_cpp.dir/progress.make' has modification time 132740351 s in the future
make[2]: warning:  Clock skew detected.  Your build may be incomplete.
[  0%] Built target rosgraph_msgs_generate_messages_cpp
make[2]: Warning: File 'CMakeFiles/std_msgs_generate_messages_py.dir/progress.make' has modification time 132740351 s in the future
make[2]: warning:  Clock skew detected.  Your build may be incomplete.
make[2]: Warning: File 'CMakeFiles/geometry_msgs_generate_messages_eus.dir/progress.make' has modification time 132740351 s in the future
make[2]: warning:  Clock skew detected.  Your build may be incomplete.
make[2]: Warning: File 'CMakeFiles/trajectory_msgs_generate_messages_cpp.dir/progress.make' has modification time 132740351 s in the future
[  0%] Built target diagnostic_msgs_generate_messages_cpp
make[2]: Warning: File 'CMakeFiles/geographic_msgs_generate_messages_py.dir/progress.make' has modification time 132740351 s in the future
[  0%] Built target geometry_msgs_generate_messages_eus
make[2]: warning:  Clock skew detected.  Your build may be incomplete.
make[2]: Warning: File 'CMakeFiles/std_msgs_generate_messages_py.dir/progress.make' has modification time 132740351 s in the future
make[2]: warning:  Clock skew detected.  Your build may be incomplete.
make[2]: Warning: File 'CMakeFiles/actionlib_msgs_generate_messages_nodejs.dir/progress.make' has modification time 132740351 s in the future
make[2]: warning:  Clock skew detected.  Your build may be incomplete.
make[2]: Warning: File 'CMakeFiles/trajectory_msgs_generate_messages_cpp.dir/progress.make' has modification time 132740351 s in the future
make[2]: warning:  Clock skew detected.  Your build may be incomplete.
make[2]: warning:  Clock skew detected.  Your build may be incomplete.
make[2]: Warning: File 'CMakeFiles/geographic_msgs_generate_messages_py.dir/progress.make' has modification time 132740351 s in the future
make[2]: warning:  Clock skew detected.  Your build may be incomplete.
[  0%] Built target std_msgs_generate_messages_py
make[2]: Warning: File 'CMakeFiles/roscpp_generate_messages_eus.dir/progress.make' has modification time 132740350 s in the future
make[2]: warning:  Clock skew detected.  Your build may be incomplete.
make[2]: Warning: File 'CMakeFiles/actionlib_msgs_generate_messages_nodejs.dir/progress.make' has modification time 132740350 s in the future
make[2]: warning:  Clock skew detected.  Your build may be incomplete.
[  0%] Built target trajectory_msgs_generate_messages_cpp
make[2]: Warning: File 'CMakeFiles/std_msgs_generate_messages_cpp.dir/progress.make' has modification time 132740350 s in the future
[  0%] Built target geographic_msgs_generate_messages_py
make[2]: Warning: File 'CMakeFiles/tf2_msgs_generate_messages_nodejs.dir/progress.make' has modification time 132740350 s in the future
make[2]: warning:  Clock skew detected.  Your build may be incomplete.
make[2]: Warning: File 'CMakeFiles/roscpp_generate_messages_eus.dir/progress.make' has modification time 132740350 s in the future
make[2]: warning:  Clock skew detected.  Your build may be incomplete.
[  0%] Built target actionlib_msgs_generate_messages_nodejs
make[2]: Warning: File 'CMakeFiles/geographic_msgs_generate_messages_lisp.dir/progress.make' has modification time 132740350 s in the future
make[2]: warning:  Clock skew detected.  Your build may be incomplete.
make[2]: Warning: File 'CMakeFiles/std_msgs_generate_messages_cpp.dir/progress.make' has modification time 132740350 s in the future
make[2]: warning:  Clock skew detected.  Your build may be incomplete.
make[2]: warning:  Clock skew detected.  Your build may be incomplete.
make[2]: Warning: File 'CMakeFiles/tf2_msgs_generate_messages_nodejs.dir/progress.make' has modification time 132740350 s in the future
make[2]: warning:  Clock skew detected.  Your build may be incomplete.
[  0%] Built target roscpp_generate_messages_eus
make[2]: Warning: File 'CMakeFiles/actionlib_generate_messages_cpp.dir/progress.make' has modification time 132740350 s in the future
[  0%] Built target std_msgs_generate_messages_cpp
make[2]: warning:  Clock skew detected.  Your build may be incomplete.
make[2]: Warning: File 'CMakeFiles/geographic_msgs_generate_messages_lisp.dir/progress.make' has modification time 132740350 s in the future
make[2]: warning:  Clock skew detected.  Your build may be incomplete.
make[2]: Warning: File 'CMakeFiles/rosgraph_msgs_generate_messages_eus.dir/progress.make' has modification time 132740350 s in the future
[  0%] Built target tf2_msgs_generate_messages_nodejs
make[2]: Warning: File 'CMakeFiles/rosgraph_msgs_generate_messages_nodejs.dir/progress.make' has modification time 132740350 s in the future
make[2]: warning:  Clock skew detected.  Your build may be incomplete.
make[2]: Warning: File 'CMakeFiles/actionlib_generate_messages_cpp.dir/progress.make' has modification time 132740350 s in the future
make[2]: warning:  Clock skew detected.  Your build may be incomplete.
make[2]: warning:  Clock skew detected.  Your build may be incomplete.
[  0%] Built target geographic_msgs_generate_messages_lisp
make[2]: Warning: File 'CMakeFiles/rosgraph_msgs_generate_messages_eus.dir/progress.make' has modification time 132740350 s in the future
make[2]: warning:  Clock skew detected.  Your build may be incomplete.
make[2]: Warning: File 'CMakeFiles/actionlib_generate_messages_py.dir/progress.make' has modification time 132740350 s in the future
make[2]: warning:  Clock skew detected.  Your build may be incomplete.
[  0%] Built target actionlib_generate_messages_cpp
make[2]: Warning: File 'CMakeFiles/rosgraph_msgs_generate_messages_nodejs.dir/progress.make' has modification time 132740350 s in the future
make[2]: warning:  Clock skew detected.  Your build may be incomplete.
make[2]: Warning: File 'CMakeFiles/mavros_msgs_generate_messages_eus.dir/progress.make' has modification time 132740350 s in the future
[  0%] Built target rosgraph_msgs_generate_messages_eus
make[2]: Warning: File 'CMakeFiles/mavros_msgs_generate_messages_lisp.dir/progress.make' has modification time 132740350 s in the future
make[2]: warning:  Clock skew detected.  Your build may be incomplete.
make[2]: Warning: File 'CMakeFiles/actionlib_generate_messages_py.dir/progress.make' has modification time 132740350 s in the future
make[2]: warning:  Clock skew detected.  Your build may be incomplete.
make[2]: warning:  Clock skew detected.  Your build may be incomplete.
make[2]: Warning: File 'CMakeFiles/mavros_msgs_generate_messages_eus.dir/progress.make' has modification time 132740350 s in the future
make[2]: warning:  Clock skew detected.  Your build may be incomplete.
[  0%] Built target rosgraph_msgs_generate_messages_nodejs
make[2]: Warning: File 'CMakeFiles/diagnostic_msgs_generate_messages_nodejs.dir/progress.make' has modification time 132740350 s in the future
[  0%] Built target actionlib_generate_messages_py
make[2]: warning:  Clock skew detected.  Your build may be incomplete.
make[2]: Warning: File 'CMakeFiles/mavros_msgs_generate_messages_nodejs.dir/progress.make' has modification time 132740350 s in the future
make[2]: Warning: File 'CMakeFiles/mavros_msgs_generate_messages_lisp.dir/progress.make' has modification time 132740350 s in the future
make[2]: warning:  Clock skew detected.  Your build may be incomplete.
[  0%] Built target mavros_msgs_generate_messages_eus
make[2]: Warning: File 'CMakeFiles/nav_msgs_generate_messages_eus.dir/progress.make' has modification time 132740350 s in the future
make[2]: warning:  Clock skew detected.  Your build may be incomplete.
make[2]: Warning: File 'CMakeFiles/diagnostic_msgs_generate_messages_nodejs.dir/progress.make' has modification time 132740350 s in the future
make[2]: warning:  Clock skew detected.  Your build may be incomplete.
make[2]: warning:  Clock skew detected.  Your build may be incomplete.
[  0%] Built target mavros_msgs_generate_messages_lisp
make[2]: Warning: File 'CMakeFiles/mavros_msgs_generate_messages_nodejs.dir/progress.make' has modification time 132740350 s in the future
make[2]: warning:  Clock skew detected.  Your build may be incomplete.
make[2]: Warning: File 'CMakeFiles/sensor_msgs_generate_messages_eus.dir/progress.make' has modification time 132740350 s in the future
[  0%] Built target diagnostic_msgs_generate_messages_nodejs
make[2]: warning:  Clock skew detected.  Your build may be incomplete.
[  0%] Built target mavros_msgs_generate_messages_nodejs
make[2]: Warning: File 'CMakeFiles/nav_msgs_generate_messages_eus.dir/progress.make' has modification time 132740350 s in the future
make[2]: warning:  Clock skew detected.  Your build may be incomplete.
make[2]: Warning: File 'CMakeFiles/nav_msgs_generate_messages_lisp.dir/progress.make' has modification time 132740350 s in the future
make[2]: Warning: File 'CMakeFiles/actionlib_msgs_generate_messages_cpp.dir/progress.make' has modification time 132740350 s in the future
make[2]: warning:  Clock skew detected.  Your build may be incomplete.
make[2]: Warning: File 'CMakeFiles/sensor_msgs_generate_messages_eus.dir/progress.make' has modification time 132740350 s in the future
make[2]: warning:  Clock skew detected.  Your build may be incomplete.
make[2]: warning:  Clock skew detected.  Your build may be incomplete.
[  0%] Built target nav_msgs_generate_messages_eus
make[2]: Warning: File 'CMakeFiles/nav_msgs_generate_messages_lisp.dir/progress.make' has modification time 132740350 s in the future
make[2]: warning:  Clock skew detected.  Your build may be incomplete.
make[2]: Warning: File 'CMakeFiles/sensor_msgs_generate_messages_lisp.dir/progress.make' has modification time 132740350 s in the future
[  0%] Built target sensor_msgs_generate_messages_eus
make[2]: Warning: File 'CMakeFiles/mavros_msgs_generate_messages_cpp.dir/progress.make' has modification time 132740350 s in the future
[  0%] Built target nav_msgs_generate_messages_lisp
make[2]: warning:  Clock skew detected.  Your build may be incomplete.
make[2]: Warning: File 'CMakeFiles/actionlib_msgs_generate_messages_cpp.dir/progress.make' has modification time 132740350 s in the future
make[2]: warning:  Clock skew detected.  Your build may be incomplete.
make[2]: Warning: File 'CMakeFiles/sensor_msgs_generate_messages_nodejs.dir/progress.make' has modification time 132740350 s in the future
make[2]: warning:  Clock skew detected.  Your build may be incomplete.
make[2]: Warning: File 'CMakeFiles/sensor_msgs_generate_messages_lisp.dir/progress.make' has modification time 132740350 s in the future
make[2]: warning:  Clock skew detected.  Your build may be incomplete.
make[2]: warning:  Clock skew detected.  Your build may be incomplete.
make[2]: Warning: File 'CMakeFiles/mavros_msgs_generate_messages_cpp.dir/progress.make' has modification time 132740350 s in the future
make[2]: warning:  Clock skew detected.  Your build may be incomplete.
[  0%] Built target actionlib_msgs_generate_messages_cpp
[  0%] Built target sensor_msgs_generate_messages_lisp
make[2]: Warning: File 'CMakeFiles/sensor_msgs_generate_messages_py.dir/progress.make' has modification time 132740350 s in the future
make[2]: warning:  Clock skew detected.  Your build may be incomplete.
make[2]: Warning: File 'CMakeFiles/mavros_msgs_generate_messages_py.dir/progress.make' has modification time 132740350 s in the future
make[2]: Warning: File 'CMakeFiles/sensor_msgs_generate_messages_nodejs.dir/progress.make' has modification time 132740350 s in the future
make[2]: warning:  Clock skew detected.  Your build may be incomplete.
[  0%] Built target mavros_msgs_generate_messages_cpp
make[2]: warning:  Clock skew detected.  Your build may be incomplete.
make[2]: Warning: File 'CMakeFiles/tf2_msgs_generate_messages_py.dir/progress.make' has modification time 132740350 s in the future
make[2]: warning:  Clock skew detected.  Your build may be incomplete.
make[2]: Warning: File 'CMakeFiles/sensor_msgs_generate_messages_py.dir/progress.make' has modification time 132740350 s in the future
make[2]: warning:  Clock skew detected.  Your build may be incomplete.
make[2]: Warning: File 'CMakeFiles/mavros_msgs_generate_messages_py.dir/progress.make' has modification time 132740350 s in the future
make[2]: warning:  Clock skew detected.  Your build may be incomplete.
[  0%] Built target sensor_msgs_generate_messages_nodejs
make[2]: Warning: File 'CMakeFiles/geographic_msgs_generate_messages_cpp.dir/progress.make' has modification time 132740350 s in the future
[  0%] Built target sensor_msgs_generate_messages_py
[  0%] Built target mavros_msgs_generate_messages_py
make[2]: Warning: File 'CMakeFiles/nav_msgs_generate_messages_cpp.dir/progress.make' has modification time 132740350 s in the future
make[2]: Warning: File 'CMakeFiles/nav_msgs_generate_messages_py.dir/progress.make' has modification time 132740350 s in the future
make[2]: warning:  Clock skew detected.  Your build may be incomplete.
make[2]: Warning: File 'CMakeFiles/tf2_msgs_generate_messages_py.dir/progress.make' has modification time 132740350 s in the future
make[2]: warning:  Clock skew detected.  Your build may be incomplete.
make[2]: warning:  Clock skew detected.  Your build may be incomplete.
make[2]: Warning: File 'CMakeFiles/geographic_msgs_generate_messages_cpp.dir/progress.make' has modification time 132740350 s in the future
make[2]: warning:  Clock skew detected.  Your build may be incomplete.
make[2]: warning:  Clock skew detected.  Your build may be incomplete.
make[2]: Warning: File 'CMakeFiles/nav_msgs_generate_messages_cpp.dir/progress.make' has modification time 132740350 s in the future
make[2]: warning:  Clock skew detected.  Your build may be incomplete.
make[2]: warning:  Clock skew detected.  Your build may be incomplete.
make[2]: Warning: File 'CMakeFiles/nav_msgs_generate_messages_py.dir/progress.make' has modification time 132740350 s in the future
make[2]: warning:  Clock skew detected.  Your build may be incomplete.
[  0%] Built target tf2_msgs_generate_messages_py
[  0%] Built target geographic_msgs_generate_messages_cpp
make[2]: Warning: File 'CMakeFiles/actionlib_msgs_generate_messages_lisp.dir/progress.make' has modification time 132740350 s in the future
make[2]: Warning: File 'CMakeFiles/std_srvs_generate_messages_cpp.dir/progress.make' has modification time 132740350 s in the future
[  0%] Built target nav_msgs_generate_messages_cpp
[  0%] Built target nav_msgs_generate_messages_py
make[2]: Warning: File 'CMakeFiles/std_srvs_generate_messages_eus.dir/progress.make' has modification time 132740350 s in the future
make[2]: Warning: File 'CMakeFiles/std_srvs_generate_messages_nodejs.dir/progress.make' has modification time 132740350 s in the future
make[2]: warning:  Clock skew detected.  Your build may be incomplete.
make[2]: Warning: File 'CMakeFiles/actionlib_msgs_generate_messages_lisp.dir/progress.make' has modification time 132740349 s in the future
make[2]: warning:  Clock skew detected.  Your build may be incomplete.
make[2]: warning:  Clock skew detected.  Your build may be incomplete.
make[2]: Warning: File 'CMakeFiles/std_srvs_generate_messages_cpp.dir/progress.make' has modification time 132740349 s in the future
make[2]: warning:  Clock skew detected.  Your build may be incomplete.
make[2]: warning:  Clock skew detected.  Your build may be incomplete.
make[2]: Warning: File 'CMakeFiles/std_srvs_generate_messages_eus.dir/progress.make' has modification time 132740349 s in the future
make[2]: warning:  Clock skew detected.  Your build may be incomplete.
make[2]: warning:  Clock skew detected.  Your build may be incomplete.
make[2]: Warning: File 'CMakeFiles/std_srvs_generate_messages_nodejs.dir/progress.make' has modification time 132740349 s in the future
make[2]: warning:  Clock skew detected.  Your build may be incomplete.
[  0%] Built target actionlib_msgs_generate_messages_lisp
[  0%] Built target std_srvs_generate_messages_cpp
[  0%] Built target std_srvs_generate_messages_eus
make[2]: Warning: File 'CMakeFiles/std_srvs_generate_messages_py.dir/progress.make' has modification time 132740349 s in the future
make[2]: Warning: File 'CMakeFiles/tf2_msgs_generate_messages_cpp.dir/progress.make' has modification time 132740349 s in the future
make[2]: Warning: File 'CMakeFiles/actionlib_generate_messages_nodejs.dir/progress.make' has modification time 132740349 s in the future
[  0%] Built target std_srvs_generate_messages_nodejs
make[2]: Warning: File 'CMakeFiles/trajectory_msgs_generate_messages_eus.dir/progress.make' has modification time 132740349 s in the future
make[2]: warning:  Clock skew detected.  Your build may be incomplete.
make[2]: warning:  Clock skew detected.  Your build may be incomplete.
make[2]: Warning: File 'CMakeFiles/tf2_msgs_generate_messages_cpp.dir/progress.make' has modification time 132740349 s in the future
make[2]: warning:  Clock skew detected.  Your build may be incomplete.
make[2]: Warning: File 'CMakeFiles/actionlib_generate_messages_nodejs.dir/progress.make' has modification time 132740349 s in the future
make[2]: warning:  Clock skew detected.  Your build may be incomplete.
make[2]: warning:  Clock skew detected.  Your build may be incomplete.
make[2]: Warning: File 'CMakeFiles/std_srvs_generate_messages_py.dir/progress.make' has modification time 132740349 s in the future
make[2]: warning:  Clock skew detected.  Your build may be incomplete.
make[2]: warning:  Clock skew detected.  Your build may be incomplete.
make[2]: Warning: File 'CMakeFiles/trajectory_msgs_generate_messages_eus.dir/progress.make' has modification time 132740349 s in the future
make[2]: warning:  Clock skew detected.  Your build may be incomplete.
[  0%] Built target actionlib_generate_messages_nodejs
[  0%] Built target tf2_msgs_generate_messages_cpp
make[2]: Warning: File 'CMakeFiles/trajectory_msgs_generate_messages_lisp.dir/progress.make' has modification time 132740349 s in the future
make[2]: Warning: File 'CMakeFiles/geometry_msgs_generate_messages_nodejs.dir/progress.make' has modification time 132740349 s in the future
[  0%] Built target std_srvs_generate_messages_py
make[2]: Warning: File 'CMakeFiles/diagnostic_msgs_generate_messages_eus.dir/progress.make' has modification time 132740349 s in the future
[  0%] Built target trajectory_msgs_generate_messages_eus
make[2]: Warning: File 'CMakeFiles/roscpp_generate_messages_lisp.dir/progress.make' has modification time 132740349 s in the future
make[2]: warning:  Clock skew detected.  Your build may be incomplete.
make[2]: Warning: File 'CMakeFiles/trajectory_msgs_generate_messages_lisp.dir/progress.make' has modification time 132740349 s in the future
make[2]: warning:  Clock skew detected.  Your build may be incomplete.
make[2]: warning:  Clock skew detected.  Your build may be incomplete.
make[2]: Warning: File 'CMakeFiles/geometry_msgs_generate_messages_nodejs.dir/progress.make' has modification time 132740349 s in the future
make[2]: warning:  Clock skew detected.  Your build may be incomplete.
make[2]: warning:  Clock skew detected.  Your build may be incomplete.
make[2]: Warning: File 'CMakeFiles/diagnostic_msgs_generate_messages_eus.dir/progress.make' has modification time 132740349 s in the future
make[2]: warning:  Clock skew detected.  Your build may be incomplete.
make[2]: warning:  Clock skew detected.  Your build may be incomplete.
[  0%] Built target trajectory_msgs_generate_messages_lisp
make[2]: Warning: File 'CMakeFiles/roscpp_generate_messages_lisp.dir/progress.make' has modification time 132740349 s in the future
make[2]: warning:  Clock skew detected.  Your build may be incomplete.
make[2]: Warning: File 'CMakeFiles/tf2_msgs_generate_messages_eus.dir/progress.make' has modification time 132740349 s in the future
[  0%] Built target diagnostic_msgs_generate_messages_eus
[  0%] Built target geometry_msgs_generate_messages_nodejs
make[2]: Warning: File 'CMakeFiles/geometry_msgs_generate_messages_lisp.dir/progress.make' has modification time 132740349 s in the future
make[2]: Warning: File 'CMakeFiles/actionlib_msgs_generate_messages_py.dir/progress.make' has modification time 132740349 s in the future
[  0%] Built target roscpp_generate_messages_lisp
make[2]: Warning: File 'CMakeFiles/actionlib_generate_messages_lisp.dir/progress.make' has modification time 132740349 s in the future
make[2]: warning:  Clock skew detected.  Your build may be incomplete.
make[2]: Warning: File 'CMakeFiles/tf2_msgs_generate_messages_eus.dir/progress.make' has modification time 132740349 s in the future
make[2]: warning:  Clock skew detected.  Your build may be incomplete.
make[2]: warning:  Clock skew detected.  Your build may be incomplete.
make[2]: warning:  Clock skew detected.  Your build may be incomplete.
make[2]: Warning: File 'CMakeFiles/geometry_msgs_generate_messages_lisp.dir/progress.make' has modification time 132740349 s in the future
make[2]: warning:  Clock skew detected.  Your build may be incomplete.
make[2]: Warning: File 'CMakeFiles/actionlib_msgs_generate_messages_py.dir/progress.make' has modification time 132740349 s in the future
make[2]: warning:  Clock skew detected.  Your build may be incomplete.
make[2]: warning:  Clock skew detected.  Your build may be incomplete.
make[2]: Warning: File 'CMakeFiles/actionlib_generate_messages_lisp.dir/progress.make' has modification time 132740349 s in the future
make[2]: warning:  Clock skew detected.  Your build may be incomplete.
[  0%] Built target tf2_msgs_generate_messages_eus
[  0%] Built target geometry_msgs_generate_messages_lisp
make[2]: Warning: File 'CMakeFiles/diagnostic_msgs_generate_messages_py.dir/progress.make' has modification time 132740349 s in the future
[  0%] Built target actionlib_msgs_generate_messages_py
make[2]: Warning: File 'CMakeFiles/actionlib_msgs_generate_messages_eus.dir/progress.make' has modification time 132740349 s in the future
make[2]: Warning: File 'CMakeFiles/rosgraph_msgs_generate_messages_lisp.dir/progress.make' has modification time 132740349 s in the future
[  0%] Built target actionlib_generate_messages_lisp
make[2]: warning:  Clock skew detected.  Your build may be incomplete.
make[2]: Warning: File 'CMakeFiles/diagnostic_msgs_generate_messages_lisp.dir/progress.make' has modification time 132740349 s in the future
make[2]: Warning: File 'CMakeFiles/diagnostic_msgs_generate_messages_py.dir/progress.make' has modification time 132740349 s in the future
make[2]: warning:  Clock skew detected.  Your build may be incomplete.
make[2]: warning:  Clock skew detected.  Your build may be incomplete.
make[2]: Warning: File 'CMakeFiles/actionlib_msgs_generate_messages_eus.dir/progress.make' has modification time 132740349 s in the future
make[2]: warning:  Clock skew detected.  Your build may be incomplete.
make[2]: warning:  Clock skew detected.  Your build may be incomplete.
make[2]: Warning: File 'CMakeFiles/rosgraph_msgs_generate_messages_lisp.dir/progress.make' has modification time 132740349 s in the future
make[2]: warning:  Clock skew detected.  Your build may be incomplete.
[  0%] Built target diagnostic_msgs_generate_messages_py
make[2]: Warning: File 'CMakeFiles/std_msgs_generate_messages_eus.dir/progress.make' has modification time 132740349 s in the future
make[2]: warning:  Clock skew detected.  Your build may be incomplete.
make[2]: Warning: File 'CMakeFiles/diagnostic_msgs_generate_messages_lisp.dir/progress.make' has modification time 132740349 s in the future
[  0%] Built target actionlib_msgs_generate_messages_eus
make[2]: warning:  Clock skew detected.  Your build may be incomplete.
[  0%] Built target rosgraph_msgs_generate_messages_lisp
make[2]: Warning: File 'CMakeFiles/roscpp_generate_messages_nodejs.dir/progress.make' has modification time 132740349 s in the future
make[2]: Warning: File 'CMakeFiles/uuid_msgs_generate_messages_eus.dir/progress.make' has modification time 132740349 s in the future
[  0%] Built target diagnostic_msgs_generate_messages_lisp
make[2]: warning:  Clock skew detected.  Your build may be incomplete.
make[2]: Warning: File 'CMakeFiles/std_msgs_generate_messages_eus.dir/progress.make' has modification time 132740349 s in the future
make[2]: warning:  Clock skew detected.  Your build may be incomplete.
make[2]: Warning: File 'CMakeFiles/geometry_msgs_generate_messages_py.dir/progress.make' has modification time 132740349 s in the future
make[2]: warning:  Clock skew detected.  Your build may be incomplete.
make[2]: warning:  Clock skew detected.  Your build may be incomplete.
make[2]: Warning: File 'CMakeFiles/roscpp_generate_messages_nodejs.dir/progress.make' has modification time 132740349 s in the future
make[2]: warning:  Clock skew detected.  Your build may be incomplete.
make[2]: Warning: File 'CMakeFiles/uuid_msgs_generate_messages_eus.dir/progress.make' has modification time 132740349 s in the future
make[2]: warning:  Clock skew detected.  Your build may be incomplete.
[  0%] Built target std_msgs_generate_messages_eus
make[2]: warning:  Clock skew detected.  Your build may be incomplete.
make[2]: Warning: File 'CMakeFiles/geometry_msgs_generate_messages_py.dir/progress.make' has modification time 132740349 s in the future
make[2]: warning:  Clock skew detected.  Your build may be incomplete.
make[2]: Warning: File 'CMakeFiles/geometry_msgs_generate_messages_cpp.dir/progress.make' has modification time 132740349 s in the future
[  0%] Built target roscpp_generate_messages_nodejs
[  0%] Built target uuid_msgs_generate_messages_eus
make[2]: Warning: File 'CMakeFiles/roscpp_generate_messages_py.dir/progress.make' has modification time 132740349 s in the future
make[2]: Warning: File 'CMakeFiles/sensor_msgs_generate_messages_cpp.dir/progress.make' has modification time 132740349 s in the future
[  0%] Built target geometry_msgs_generate_messages_py
make[2]: warning:  Clock skew detected.  Your build may be incomplete.
make[2]: Warning: File 'CMakeFiles/std_msgs_generate_messages_nodejs.dir/progress.make' has modification time 132740349 s in the future
make[2]: Warning: File 'CMakeFiles/geometry_msgs_generate_messages_cpp.dir/progress.make' has modification time 132740349 s in the future
make[2]: warning:  Clock skew detected.  Your build may be incomplete.
make[2]: warning:  Clock skew detected.  Your build may be incomplete.
make[2]: warning:  Clock skew detected.  Your build may be incomplete.
make[2]: Warning: File 'CMakeFiles/roscpp_generate_messages_py.dir/progress.make' has modification time 132740349 s in the future
make[2]: warning:  Clock skew detected.  Your build may be incomplete.
make[2]: Warning: File 'CMakeFiles/sensor_msgs_generate_messages_cpp.dir/progress.make' has modification time 132740349 s in the future
make[2]: warning:  Clock skew detected.  Your build may be incomplete.
[  0%] Built target geometry_msgs_generate_messages_cpp
make[2]: warning:  Clock skew detected.  Your build may be incomplete.
make[2]: Warning: File 'CMakeFiles/std_msgs_generate_messages_nodejs.dir/progress.make' has modification time 132740349 s in the future
make[2]: warning:  Clock skew detected.  Your build may be incomplete.
make[2]: Warning: File 'CMakeFiles/uuid_msgs_generate_messages_py.dir/progress.make' has modification time 132740349 s in the future
[  0%] Built target roscpp_generate_messages_py
[  0%] Built target sensor_msgs_generate_messages_cpp
make[2]: Warning: File 'CMakeFiles/roscpp_generate_messages_cpp.dir/progress.make' has modification time 132740349 s in the future
make[2]: Warning: File 'CMakeFiles/std_msgs_generate_messages_lisp.dir/progress.make' has modification time 132740349 s in the future
[  0%] Built target std_msgs_generate_messages_nodejs
make[2]: warning:  Clock skew detected.  Your build may be incomplete.
make[2]: Warning: File 'CMakeFiles/uuid_msgs_generate_messages_py.dir/progress.make' has modification time 132740348 s in the future
make[2]: warning:  Clock skew detected.  Your build may be incomplete.
make[2]: Warning: File 'CMakeFiles/uuid_msgs_generate_messages_lisp.dir/progress.make' has modification time 132740348 s in the future
make[2]: warning:  Clock skew detected.  Your build may be incomplete.
make[2]: Warning: File 'CMakeFiles/std_msgs_generate_messages_lisp.dir/progress.make' has modification time 132740348 s in the future
make[2]: warning:  Clock skew detected.  Your build may be incomplete.
make[2]: warning:  Clock skew detected.  Your build may be incomplete.
make[2]: Warning: File 'CMakeFiles/roscpp_generate_messages_cpp.dir/progress.make' has modification time 132740348 s in the future
make[2]: warning:  Clock skew detected.  Your build may be incomplete.
[  0%] Built target uuid_msgs_generate_messages_py
make[2]: warning:  Clock skew detected.  Your build may be incomplete.
make[2]: Warning: File 'CMakeFiles/actionlib_generate_messages_eus.dir/progress.make' has modification time 132740348 s in the future
make[2]: Warning: File 'CMakeFiles/uuid_msgs_generate_messages_lisp.dir/progress.make' has modification time 132740348 s in the future
make[2]: warning:  Clock skew detected.  Your build may be incomplete.
[  0%] Built target std_msgs_generate_messages_lisp
[  0%] Built target roscpp_generate_messages_cpp
make[2]: Warning: File 'CMakeFiles/uuid_msgs_generate_messages_nodejs.dir/progress.make' has modification time 132740348 s in the future
make[2]: Warning: File 'CMakeFiles/tf2_msgs_generate_messages_lisp.dir/progress.make' has modification time 132740348 s in the future
[  0%] Built target uuid_msgs_generate_messages_lisp
make[2]: Warning: File 'CMakeFiles/trajectory_msgs_generate_messages_py.dir/progress.make' has modification time 132740348 s in the future
make[2]: warning:  Clock skew detected.  Your build may be incomplete.
make[2]: Warning: File 'CMakeFiles/actionlib_generate_messages_eus.dir/progress.make' has modification time 132740348 s in the future
make[2]: warning:  Clock skew detected.  Your build may be incomplete.
make[2]: warning:  Clock skew detected.  Your build may be incomplete.
make[2]: Warning: File 'CMakeFiles/uuid_msgs_generate_messages_nodejs.dir/progress.make' has modification time 132740348 s in the future
make[2]: warning:  Clock skew detected.  Your build may be incomplete.
make[2]: warning:  Clock skew detected.  Your build may be incomplete.
make[2]: Warning: File 'CMakeFiles/tf2_msgs_generate_messages_lisp.dir/progress.make' has modification time 132740348 s in the future
make[2]: warning:  Clock skew detected.  Your build may be incomplete.
make[2]: warning:  Clock skew detected.  Your build may be incomplete.
make[2]: Warning: File 'CMakeFiles/trajectory_msgs_generate_messages_py.dir/progress.make' has modification time 132740348 s in the future
make[2]: warning:  Clock skew detected.  Your build may be incomplete.
[  0%] Built target actionlib_generate_messages_eus
[  0%] Built target uuid_msgs_generate_messages_nodejs
make[2]: Warning: File 'CMakeFiles/geographic_msgs_generate_messages_nodejs.dir/progress.make' has modification time 132740348 s in the future
[  0%] Built target tf2_msgs_generate_messages_lisp
[  0%] Built target trajectory_msgs_generate_messages_py
make[2]: warning:  Clock skew detected.  Your build may be incomplete.
make[2]: Warning: File 'CMakeFiles/geographic_msgs_generate_messages_nodejs.dir/progress.make' has modification time 132740348 s in the future
make[2]: warning:  Clock skew detected.  Your build may be incomplete.
[  0%] Built target geographic_msgs_generate_messages_nodejs
make[2]: Warning: File 'CMakeFiles/mavros.dir/flags.make' has modification time 132740348 s in the future
make[2]: warning:  Clock skew detected.  Your build may be incomplete.
make[2]: Warning: File 'CMakeFiles/mavros.dir/flags.make' has modification time 132740348 s in the future
make[2]: warning:  Clock skew detected.  Your build may be incomplete.
[ 23%] Built target mavros
make[2]: Warning: File 'CMakeFiles/gcs_bridge.dir/flags.make' has modification time 132740347 s in the future
make[2]: warning:  Clock skew detected.  Your build may be incomplete.
make[2]: Warning: File 'CMakeFiles/gcs_bridge.dir/flags.make' has modification time 132740347 s in the future
make[2]: warning:  Clock skew detected.  Your build may be incomplete.
[ 28%] Built target gcs_bridge
make[2]: Warning: File 'CMakeFiles/mavros_node.dir/flags.make' has modification time 132740347 s in the future
make[2]: warning:  Clock skew detected.  Your build may be incomplete.
make[2]: Warning: File 'CMakeFiles/mavros_node.dir/flags.make' has modification time 132740347 s in the future
make[2]: warning:  Clock skew detected.  Your build may be incomplete.
[ 32%] Built target mavros_node
make[2]: Warning: File 'CMakeFiles/mavros_plugins.dir/flags.make' has modification time 132740347 s in the future
make[2]: warning:  Clock skew detected.  Your build may be incomplete.
make[2]: Warning: File 'CMakeFiles/mavros_plugins.dir/flags.make' has modification time 132740346 s in the future
make[2]: warning:  Clock skew detected.  Your build may be incomplete.
[100%] Built target mavros_plugins
make[1]: warning:  Clock skew detected.  Your build may be incomplete.
make: warning:  Clock skew detected.  Your build may be incomplete.
