Determining if the pthread_create exist failed with the following output:
Change Dir: /home/husarion/catkin_ws/build/rosgraph/CMakeFiles/CMakeTmp

Run Build Command:"/usr/bin/make" "cmTC_4ee1e/fast"
/usr/bin/make -f CMakeFiles/cmTC_4ee1e.dir/build.make CMakeFiles/cmTC_4ee1e.dir/build
make[1]: Entering directory '/home/husarion/catkin_ws/build/rosgraph/CMakeFiles/CMakeTmp'
Building C object CMakeFiles/cmTC_4ee1e.dir/CheckSymbolExists.c.o
/usr/bin/cc    -o CMakeFiles/cmTC_4ee1e.dir/CheckSymbolExists.c.o   -c /home/husarion/catkin_ws/build/rosgraph/CMakeFiles/CMakeTmp/CheckSymbolExists.c
Linking C executable cmTC_4ee1e
/usr/bin/cmake -E cmake_link_script CMakeFiles/cmTC_4ee1e.dir/link.txt --verbose=1
/usr/bin/cc      -rdynamic CMakeFiles/cmTC_4ee1e.dir/CheckSymbolExists.c.o  -o cmTC_4ee1e 
CMakeFiles/cmTC_4ee1e.dir/CheckSymbolExists.c.o: In function `main':
CheckSymbolExists.c:(.text+0x2c): undefined reference to `pthread_create'
collect2: error: ld returned 1 exit status
CMakeFiles/cmTC_4ee1e.dir/build.make:97: recipe for target 'cmTC_4ee1e' failed
make[1]: *** [cmTC_4ee1e] Error 1
make[1]: Leaving directory '/home/husarion/catkin_ws/build/rosgraph/CMakeFiles/CMakeTmp'
Makefile:126: recipe for target 'cmTC_4ee1e/fast' failed
make: *** [cmTC_4ee1e/fast] Error 2

File /home/husarion/catkin_ws/build/rosgraph/CMakeFiles/CMakeTmp/CheckSymbolExists.c:
/* */
#include <pthread.h>

int main(int argc, char** argv)
{
  (void)argv;
#ifndef pthread_create
  return ((int*)(&pthread_create))[argc];
#else
  (void)argc;
  return 0;
#endif
}

Determining if the function pthread_create exists in the pthreads failed with the following output:
Change Dir: /home/husarion/catkin_ws/build/rosgraph/CMakeFiles/CMakeTmp

Run Build Command:"/usr/bin/make" "cmTC_2a4fa/fast"
/usr/bin/make -f CMakeFiles/cmTC_2a4fa.dir/build.make CMakeFiles/cmTC_2a4fa.dir/build
make[1]: Entering directory '/home/husarion/catkin_ws/build/rosgraph/CMakeFiles/CMakeTmp'
Building C object CMakeFiles/cmTC_2a4fa.dir/CheckFunctionExists.c.o
/usr/bin/cc   -DCHECK_FUNCTION_EXISTS=pthread_create   -o CMakeFiles/cmTC_2a4fa.dir/CheckFunctionExists.c.o   -c /usr/share/cmake-3.10/Modules/CheckFunctionExists.c
Linking C executable cmTC_2a4fa
/usr/bin/cmake -E cmake_link_script CMakeFiles/cmTC_2a4fa.dir/link.txt --verbose=1
/usr/bin/cc  -DCHECK_FUNCTION_EXISTS=pthread_create    -rdynamic CMakeFiles/cmTC_2a4fa.dir/CheckFunctionExists.c.o  -o cmTC_2a4fa -lpthreads 
/usr/bin/ld: cannot find -lpthreads
collect2: error: ld returned 1 exit status
CMakeFiles/cmTC_2a4fa.dir/build.make:97: recipe for target 'cmTC_2a4fa' failed
make[1]: *** [cmTC_2a4fa] Error 1
make[1]: Leaving directory '/home/husarion/catkin_ws/build/rosgraph/CMakeFiles/CMakeTmp'
Makefile:126: recipe for target 'cmTC_2a4fa/fast' failed
make: *** [cmTC_2a4fa/fast] Error 2


