-- Using CATKIN_DEVEL_PREFIX: /home/husarion/catkin_ws/devel/.private/mav_system_msgs
-- Using CMAKE_PREFIX_PATH: /home/husarion/catkin_ws/devel;/opt/ros/melodic
-- This workspace overlays: /home/husarion/catkin_ws/devel;/opt/ros/melodic
-- Found PythonInterp: /usr/bin/python2 (found suitable version "2.7.17", minimum required is "2") 
-- Using PYTHON_EXECUTABLE: /usr/bin/python2
-- Using Debian Python package layout
-- Using empy: /usr/bin/empy
-- Using CATKIN_ENABLE_TESTING: ON
-- Call enable_testing()
-- Using CATKIN_TEST_RESULTS_DIR: /home/husarion/catkin_ws/build/mav_system_msgs/test_results
-- Found gtest sources under '/usr/src/googletest': gtests will be built
-- Found gmock sources under '/usr/src/googletest': gmock will be built
-- Found PythonInterp: /usr/bin/python2 (found version "2.7.17") 
-- Using Python nosetests: /usr/bin/nosetests-2.7
-- catkin 0.7.26
-- BUILD_SHARED_LIBS is on
-- Using these message generators: gencpp;geneus;genlisp;gennodejs;genpy
-- mav_system_msgs: 2 messages, 0 services
-- Configuring done
-- Generating done
-- Build files have been written to: /home/husarion/catkin_ws/build/mav_system_msgs
[35m[1mScanning dependencies of target _mav_system_msgs_generate_messages_check_deps_CpuInfo[0m
[  0%] Built target _mav_system_msgs_generate_messages_check_deps_CpuInfo
[35m[1mScanning dependencies of target _mav_system_msgs_generate_messages_check_deps_ProcessInfo[0m
[  0%] Built target _mav_system_msgs_generate_messages_check_deps_ProcessInfo
[35m[1mScanning dependencies of target std_msgs_generate_messages_eus[0m
[  0%] Built target std_msgs_generate_messages_eus
[35m[1mScanning dependencies of target std_msgs_generate_messages_lisp[0m
[  0%] Built target std_msgs_generate_messages_lisp
[35m[1mScanning dependencies of target std_msgs_generate_messages_nodejs[0m
[  0%] Built target std_msgs_generate_messages_nodejs
[35m[1mScanning dependencies of target std_msgs_generate_messages_cpp[0m
[  0%] Built target std_msgs_generate_messages_cpp
[35m[1mScanning dependencies of target std_msgs_generate_messages_py[0m
[  0%] Built target std_msgs_generate_messages_py
[35m[1mScanning dependencies of target mav_system_msgs_generate_messages_eus[0m
make[2]: Warning: File '/opt/ros/melodic/share/std_msgs/msg/Header.msg' has modification time 34588843 s in the future
[  8%] [34m[1mGenerating EusLisp code from mav_system_msgs/CpuInfo.msg[0m
[ 16%] [34m[1mGenerating EusLisp code from mav_system_msgs/ProcessInfo.msg[0m
[ 25%] [34m[1mGenerating EusLisp manifest code for mav_system_msgs[0m
make[2]: warning:  Clock skew detected.  Your build may be incomplete.
[ 25%] Built target mav_system_msgs_generate_messages_eus
[35m[1mScanning dependencies of target mav_system_msgs_generate_messages_lisp[0m
make[2]: Warning: File '/opt/ros/melodic/share/std_msgs/msg/Header.msg' has modification time 34588838 s in the future
[ 33%] [34m[1mGenerating Lisp code from mav_system_msgs/CpuInfo.msg[0m
[ 41%] [34m[1mGenerating Lisp code from mav_system_msgs/ProcessInfo.msg[0m
make[2]: warning:  Clock skew detected.  Your build may be incomplete.
[ 41%] Built target mav_system_msgs_generate_messages_lisp
[35m[1mScanning dependencies of target mav_system_msgs_generate_messages_nodejs[0m
make[2]: Warning: File '/opt/ros/melodic/share/std_msgs/msg/Header.msg' has modification time 34588838 s in the future
[ 50%] [34m[1mGenerating Javascript code from mav_system_msgs/CpuInfo.msg[0m
[ 58%] [34m[1mGenerating Javascript code from mav_system_msgs/ProcessInfo.msg[0m
make[2]: warning:  Clock skew detected.  Your build may be incomplete.
[ 58%] Built target mav_system_msgs_generate_messages_nodejs
[35m[1mScanning dependencies of target mav_system_msgs_generate_messages_cpp[0m
make[2]: Warning: File '/opt/ros/melodic/share/gencpp/msg.h.template' has modification time 66120766 s in the future
[ 66%] [34m[1mGenerating C++ code from mav_system_msgs/CpuInfo.msg[0m
[ 75%] [34m[1mGenerating C++ code from mav_system_msgs/ProcessInfo.msg[0m
make[2]: warning:  Clock skew detected.  Your build may be incomplete.
[ 75%] Built target mav_system_msgs_generate_messages_cpp
[35m[1mScanning dependencies of target mav_system_msgs_generate_messages_py[0m
make[2]: Warning: File '/opt/ros/melodic/share/std_msgs/msg/Header.msg' has modification time 34588835 s in the future
[ 83%] [34m[1mGenerating Python from MSG mav_system_msgs/CpuInfo[0m
[ 91%] [34m[1mGenerating Python from MSG mav_system_msgs/ProcessInfo[0m
[100%] [34m[1mGenerating Python msg __init__.py for mav_system_msgs[0m
make[2]: warning:  Clock skew detected.  Your build may be incomplete.
[100%] Built target mav_system_msgs_generate_messages_py
[35m[1mScanning dependencies of target mav_system_msgs_generate_messages[0m
[100%] Built target mav_system_msgs_generate_messages
