make: Warning: File 'Makefile' has modification time 132739156 s in the future
make[1]: Warning: File 'CMakeFiles/Makefile2' has modification time 132739156 s in the future
make[2]: Warning: File 'CMakeFiles/_mav_system_msgs_generate_messages_check_deps_CpuInfo.dir/progress.make' has modification time 132739156 s in the future
make[2]: Warning: File 'CMakeFiles/_mav_system_msgs_generate_messages_check_deps_ProcessInfo.dir/progress.make' has modification time 132739156 s in the future
make[2]: warning:  Clock skew detected.  Your build may be incomplete.
make[2]: Warning: File 'CMakeFiles/_mav_system_msgs_generate_messages_check_deps_CpuInfo.dir/progress.make' has modification time 132739156 s in the future
make[2]: warning:  Clock skew detected.  Your build may be incomplete.
make[2]: Warning: File 'CMakeFiles/_mav_system_msgs_generate_messages_check_deps_ProcessInfo.dir/progress.make' has modification time 132739155 s in the future
make[2]: warning:  Clock skew detected.  Your build may be incomplete.
make[2]: warning:  Clock skew detected.  Your build may be incomplete.
[  0%] Built target _mav_system_msgs_generate_messages_check_deps_CpuInfo
[  0%] Built target _mav_system_msgs_generate_messages_check_deps_ProcessInfo
make[2]: Warning: File 'CMakeFiles/std_msgs_generate_messages_eus.dir/progress.make' has modification time 132739155 s in the future
make[2]: Warning: File 'CMakeFiles/std_msgs_generate_messages_lisp.dir/progress.make' has modification time 132739155 s in the future
make[2]: warning:  Clock skew detected.  Your build may be incomplete.
make[2]: Warning: File 'CMakeFiles/std_msgs_generate_messages_eus.dir/progress.make' has modification time 132739155 s in the future
make[2]: warning:  Clock skew detected.  Your build may be incomplete.
make[2]: warning:  Clock skew detected.  Your build may be incomplete.
make[2]: Warning: File 'CMakeFiles/std_msgs_generate_messages_lisp.dir/progress.make' has modification time 132739155 s in the future
make[2]: warning:  Clock skew detected.  Your build may be incomplete.
[  0%] Built target std_msgs_generate_messages_eus
[  0%] Built target std_msgs_generate_messages_lisp
make[2]: Warning: File 'CMakeFiles/std_msgs_generate_messages_nodejs.dir/progress.make' has modification time 132739155 s in the future
make[2]: warning:  Clock skew detected.  Your build may be incomplete.
make[2]: Warning: File 'CMakeFiles/std_msgs_generate_messages_nodejs.dir/progress.make' has modification time 132739155 s in the future
make[2]: warning:  Clock skew detected.  Your build may be incomplete.
make[2]: Warning: File 'CMakeFiles/std_msgs_generate_messages_cpp.dir/progress.make' has modification time 132739155 s in the future
[  0%] Built target std_msgs_generate_messages_nodejs
make[2]: warning:  Clock skew detected.  Your build may be incomplete.
make[2]: Warning: File 'CMakeFiles/std_msgs_generate_messages_cpp.dir/progress.make' has modification time 132739155 s in the future
make[2]: warning:  Clock skew detected.  Your build may be incomplete.
[  0%] Built target std_msgs_generate_messages_cpp
make[2]: Warning: File 'CMakeFiles/std_msgs_generate_messages_py.dir/progress.make' has modification time 132739155 s in the future
make[2]: warning:  Clock skew detected.  Your build may be incomplete.
make[2]: Warning: File 'CMakeFiles/std_msgs_generate_messages_py.dir/progress.make' has modification time 132739155 s in the future
make[2]: warning:  Clock skew detected.  Your build may be incomplete.
[  0%] Built target std_msgs_generate_messages_py
make[2]: Warning: File 'CMakeFiles/mav_system_msgs_generate_messages_eus.dir/progress.make' has modification time 132739155 s in the future
make[2]: warning:  Clock skew detected.  Your build may be incomplete.
make[2]: Warning: File 'CMakeFiles/mav_system_msgs_generate_messages_eus.dir/progress.make' has modification time 132739155 s in the future
make[2]: Warning: File 'CMakeFiles/mav_system_msgs_generate_messages_lisp.dir/progress.make' has modification time 132739155 s in the future
make[2]: warning:  Clock skew detected.  Your build may be incomplete.
make[2]: warning:  Clock skew detected.  Your build may be incomplete.
[ 25%] Built target mav_system_msgs_generate_messages_eus
make[2]: Warning: File 'CMakeFiles/mav_system_msgs_generate_messages_lisp.dir/progress.make' has modification time 132739155 s in the future
make[2]: warning:  Clock skew detected.  Your build may be incomplete.
make[2]: Warning: File 'CMakeFiles/mav_system_msgs_generate_messages_nodejs.dir/progress.make' has modification time 132739155 s in the future
make[2]: warning:  Clock skew detected.  Your build may be incomplete.
make[2]: Warning: File 'CMakeFiles/mav_system_msgs_generate_messages_nodejs.dir/progress.make' has modification time 132739154 s in the future
[ 41%] Built target mav_system_msgs_generate_messages_lisp
make[2]: warning:  Clock skew detected.  Your build may be incomplete.
make[2]: Warning: File 'CMakeFiles/mav_system_msgs_generate_messages_cpp.dir/progress.make' has modification time 132739154 s in the future
[ 58%] Built target mav_system_msgs_generate_messages_nodejs
make[2]: warning:  Clock skew detected.  Your build may be incomplete.
make[2]: Warning: File 'CMakeFiles/mav_system_msgs_generate_messages_cpp.dir/progress.make' has modification time 132739154 s in the future
make[2]: warning:  Clock skew detected.  Your build may be incomplete.
make[2]: Warning: File 'CMakeFiles/mav_system_msgs_generate_messages_py.dir/progress.make' has modification time 132739154 s in the future
[ 75%] Built target mav_system_msgs_generate_messages_cpp
make[2]: warning:  Clock skew detected.  Your build may be incomplete.
make[2]: Warning: File 'CMakeFiles/mav_system_msgs_generate_messages_py.dir/progress.make' has modification time 132739154 s in the future
make[2]: warning:  Clock skew detected.  Your build may be incomplete.
[100%] Built target mav_system_msgs_generate_messages_py
make[2]: Warning: File 'CMakeFiles/mav_system_msgs_generate_messages.dir/progress.make' has modification time 132739154 s in the future
make[2]: warning:  Clock skew detected.  Your build may be incomplete.
make[2]: Warning: File 'CMakeFiles/mav_system_msgs_generate_messages.dir/progress.make' has modification time 132739154 s in the future
make[2]: warning:  Clock skew detected.  Your build may be incomplete.
[100%] Built target mav_system_msgs_generate_messages
make[1]: warning:  Clock skew detected.  Your build may be incomplete.
make: warning:  Clock skew detected.  Your build may be incomplete.
